#
# There is insufficient memory for the Java Runtime Environment to continue.
# Native memory allocation (malloc) failed to allocate 32744 bytes for ChunkPool::allocate
# Possible reasons:
#   The system is out of physical RAM or swap space
#   The process is running with CompressedOops enabled, and the Java Heap may be blocking the growth of the native heap
# Possible solutions:
#   Reduce memory load on the system
#   Increase physical memory or swap space
#   Check if swap backing store is full
#   Decrease Java heap size (-Xmx/-Xms)
#   Decrease number of Java threads
#   Decrease Java thread stack sizes (-Xss)
#   Set larger code cache with -XX:ReservedCodeCacheSize=
#   JVM is running with Unscaled Compressed Oops mode in which the Java heap is
#     placed in the first 4GB address space. The Java Heap base address is the
#     maximum limit for the native heap growth. Please use -XX:HeapBaseMinAddress
#     to set the Java Heap base and to place the Java Heap above 4GB virtual address.
# This output file may be truncated or incomplete.
#
#  Out of Memory Error (arena.cpp:78), pid=17048, tid=8800
#
# JRE version: Java(TM) SE Runtime Environment (17.0+35) (build 17+35-LTS-2724)
# Java VM: Java HotSpot(TM) 64-Bit Server VM (17+35-LTS-2724, mixed mode, sharing, tiered, compressed oops, compressed class ptrs, g1 gc, windows-amd64)
# No core dump will be written. Minidumps are not enabled by default on client versions of Windows
#

---------------  S U M M A R Y ------------

Command Line: -Xmx64m -Xms64m -Dorg.gradle.appname=gradlew org.gradle.wrapper.GradleWrapperMain app:installDebug -PreactNativeDevServerPort=8081

Host: AMD Athlon Silver 7120U with Radeon Graphics   , 2 cores, 5G,  Windows 10 , 64 bit Build 22621 (10.0.22621.4391)
Time: Mon May  5 19:04:52 2025 Malay Peninsula Standard Time elapsed time: 54.939976 seconds (0d 0h 0m 54s)

---------------  T H R E A D  ---------------

Current thread (0x0000021a7a029500):  JavaThread "C1 CompilerThread0" daemon [_thread_in_native, id=8800, stack(0x000000bb0ea00000,0x000000bb0eb00000)]


Current CompileTask:
C1:  54940 1847       3       java.net.URLStreamHandler::parseURL (1201 bytes)

Stack: [0x000000bb0ea00000,0x000000bb0eb00000]
Native frames: (J=compiled Java code, j=interpreted, Vv=VM code, C=native code)
V  [jvm.dll+0x66f8ea]
V  [jvm.dll+0x7ce224]
V  [jvm.dll+0x7cf9ce]
V  [jvm.dll+0x7d0033]
V  [jvm.dll+0x242bb5]
V  [jvm.dll+0xaa2a0]
V  [jvm.dll+0xaa5ec]
V  [jvm.dll+0x11a145]
V  [jvm.dll+0x17e836]
V  [jvm.dll+0x18be4e]
V  [jvm.dll+0x1319cd]
V  [jvm.dll+0x131c30]
V  [jvm.dll+0x131ef6]
V  [jvm.dll+0x13138a]
V  [jvm.dll+0x133051]
V  [jvm.dll+0x2248f8]
V  [jvm.dll+0x222a5c]
V  [jvm.dll+0x78422b]
V  [jvm.dll+0x77e7ea]
V  [jvm.dll+0x66e715]
C  [ucrtbase.dll+0x29333]
C  [KERNEL32.DLL+0x1259d]
C  [ntdll.dll+0x5af38]


---------------  P R O C E S S  ---------------

Threads class SMR info:
_java_thread_list=0x0000021a7b708f50, length=13, elements={
0x0000021a5f6a5c60, 0x0000021a79fa3580, 0x0000021a79fa4300, 0x0000021a79fb2d90,
0x0000021a79fb6b80, 0x0000021a79fb7440, 0x0000021a79fb8d10, 0x0000021a79fb9900,
0x0000021a7a029500, 0x0000021a7a02e1d0, 0x0000021a7ac23ec0, 0x0000021a7ac28640,
0x0000021a7bbc84b0
}

Java Threads: ( => current thread )
  0x0000021a5f6a5c60 JavaThread "main" [_thread_in_Java, id=4076, stack(0x000000bb0dc00000,0x000000bb0dd00000)]
  0x0000021a79fa3580 JavaThread "Reference Handler" daemon [_thread_blocked, id=13140, stack(0x000000bb0e300000,0x000000bb0e400000)]
  0x0000021a79fa4300 JavaThread "Finalizer" daemon [_thread_blocked, id=8500, stack(0x000000bb0e400000,0x000000bb0e500000)]
  0x0000021a79fb2d90 JavaThread "Signal Dispatcher" daemon [_thread_blocked, id=19880, stack(0x000000bb0e500000,0x000000bb0e600000)]
  0x0000021a79fb6b80 JavaThread "Attach Listener" daemon [_thread_blocked, id=18076, stack(0x000000bb0e600000,0x000000bb0e700000)]
  0x0000021a79fb7440 JavaThread "Service Thread" daemon [_thread_blocked, id=2172, stack(0x000000bb0e700000,0x000000bb0e800000)]
  0x0000021a79fb8d10 JavaThread "Monitor Deflation Thread" daemon [_thread_blocked, id=16032, stack(0x000000bb0e800000,0x000000bb0e900000)]
  0x0000021a79fb9900 JavaThread "C2 CompilerThread0" daemon [_thread_blocked, id=5632, stack(0x000000bb0e900000,0x000000bb0ea00000)]
=>0x0000021a7a029500 JavaThread "C1 CompilerThread0" daemon [_thread_in_native, id=8800, stack(0x000000bb0ea00000,0x000000bb0eb00000)]
  0x0000021a7a02e1d0 JavaThread "Sweeper thread" daemon [_thread_blocked, id=20124, stack(0x000000bb0eb00000,0x000000bb0ec00000)]
  0x0000021a7ac23ec0 JavaThread "Notification Thread" daemon [_thread_blocked, id=14608, stack(0x000000bb0ec00000,0x000000bb0ed00000)]
  0x0000021a7ac28640 JavaThread "Common-Cleaner" daemon [_thread_blocked, id=19476, stack(0x000000bb0ee00000,0x000000bb0ef00000)]
  0x0000021a7bbc84b0 JavaThread "pool-1-thread-1" [_thread_blocked, id=16112, stack(0x000000bb0f000000,0x000000bb0f100000)]

Other Threads:
  0x0000021a5f767ef0 VMThread "VM Thread" [stack: 0x000000bb0e200000,0x000000bb0e300000] [id=4124]
  0x0000021a7ac283b0 WatcherThread [stack: 0x000000bb0ed00000,0x000000bb0ee00000] [id=16204]
  0x0000021a5f6c32c0 GCTaskThread "GC Thread#0" [stack: 0x000000bb0dd00000,0x000000bb0de00000] [id=13460]
  0x0000021a7ae6e660 GCTaskThread "GC Thread#1" [stack: 0x000000bb0ef00000,0x000000bb0f000000] [id=7376]
  0x0000021a5f6c4910 ConcurrentGCThread "G1 Main Marker" [stack: 0x000000bb0de00000,0x000000bb0df00000] [id=4824]
  0x0000021a5f6c6240 ConcurrentGCThread "G1 Conc#0" [stack: 0x000000bb0df00000,0x000000bb0e000000] [id=12920]
  0x0000021a5f709740 ConcurrentGCThread "G1 Refine#0" [stack: 0x000000bb0e000000,0x000000bb0e100000] [id=15264]
  0x0000021a5f70a070 ConcurrentGCThread "G1 Service" [stack: 0x000000bb0e100000,0x000000bb0e200000] [id=15724]

Threads with active compile tasks:
C1 CompilerThread0    54974 1847       3       java.net.URLStreamHandler::parseURL (1201 bytes)

VM state: not at safepoint (normal execution)

VM Mutex/Monitor currently owned by a thread: None

Heap address: 0x00000000fc000000, size: 64 MB, Compressed Oops mode: 32-bit

CDS archive(s) mapped at: [0x0000000800000000-0x0000000800bc0000-0x0000000800bc0000), size 12320768, SharedBaseAddress: 0x0000000800000000, ArchiveRelocationMode: 0.
Compressed class space mapped at: 0x0000000800c00000-0x0000000840c00000, reserved size: 1073741824
Narrow klass base: 0x0000000800000000, Narrow klass shift: 0, Narrow klass range: 0x100000000

GC Precious Log:
 CPUs: 2 total, 2 available
 Memory: 5965M
 Large Page Support: Disabled
 NUMA Support: Disabled
 Compressed Oops: Enabled (32-bit)
 Heap Region Size: 1M
 Heap Min Capacity: 64M
 Heap Initial Capacity: 64M
 Heap Max Capacity: 64M
 Pre-touch: Disabled
 Parallel Workers: 2
 Concurrent Workers: 1
 Concurrent Refinement Workers: 2
 Periodic GC: Disabled

Heap:
 garbage-first heap   total 65536K, used 40427K [0x00000000fc000000, 0x0000000100000000)
  region size 1024K, 35 young (35840K), 2 survivors (2048K)
 Metaspace       used 10322K, committed 10496K, reserved 1064960K
  class space    used 1343K, committed 1408K, reserved 1048576K

Heap Regions: E=young(eden), S=young(survivor), O=old, HS=humongous(starts), HC=humongous(continues), CS=collection set, F=free, OA=open archive, CA=closed archive, TAMS=top-at-mark-start (previous, next)
|   0|0x00000000fc000000, 0x00000000fc100000, 0x00000000fc100000|100%| O|  |TAMS 0x00000000fc000000, 0x00000000fc000000| Untracked 
|   1|0x00000000fc100000, 0x00000000fc200000, 0x00000000fc200000|100%| O|  |TAMS 0x00000000fc100000, 0x00000000fc100000| Untracked 
|   2|0x00000000fc200000, 0x00000000fc27ae00, 0x00000000fc300000| 47%| O|  |TAMS 0x00000000fc200000, 0x00000000fc200000| Untracked 
|   3|0x00000000fc300000, 0x00000000fc400000, 0x00000000fc400000|100%|HS|  |TAMS 0x00000000fc300000, 0x00000000fc300000| Complete 
|   4|0x00000000fc400000, 0x00000000fc500000, 0x00000000fc500000|100%|HC|  |TAMS 0x00000000fc400000, 0x00000000fc400000| Complete 
|   5|0x00000000fc500000, 0x00000000fc600000, 0x00000000fc600000|100%|HC|  |TAMS 0x00000000fc500000, 0x00000000fc500000| Complete 
|   6|0x00000000fc600000, 0x00000000fc700000, 0x00000000fc700000|100%|HC|  |TAMS 0x00000000fc600000, 0x00000000fc600000| Complete 
|   7|0x00000000fc700000, 0x00000000fc700000, 0x00000000fc800000|  0%| F|  |TAMS 0x00000000fc700000, 0x00000000fc700000| Untracked 
|   8|0x00000000fc800000, 0x00000000fc800000, 0x00000000fc900000|  0%| F|  |TAMS 0x00000000fc800000, 0x00000000fc800000| Untracked 
|   9|0x00000000fc900000, 0x00000000fc900000, 0x00000000fca00000|  0%| F|  |TAMS 0x00000000fc900000, 0x00000000fc900000| Untracked 
|  10|0x00000000fca00000, 0x00000000fca00000, 0x00000000fcb00000|  0%| F|  |TAMS 0x00000000fca00000, 0x00000000fca00000| Untracked 
|  11|0x00000000fcb00000, 0x00000000fcb00000, 0x00000000fcc00000|  0%| F|  |TAMS 0x00000000fcb00000, 0x00000000fcb00000| Untracked 
|  12|0x00000000fcc00000, 0x00000000fcc00000, 0x00000000fcd00000|  0%| F|  |TAMS 0x00000000fcc00000, 0x00000000fcc00000| Untracked 
|  13|0x00000000fcd00000, 0x00000000fcd00000, 0x00000000fce00000|  0%| F|  |TAMS 0x00000000fcd00000, 0x00000000fcd00000| Untracked 
|  14|0x00000000fce00000, 0x00000000fce00000, 0x00000000fcf00000|  0%| F|  |TAMS 0x00000000fce00000, 0x00000000fce00000| Untracked 
|  15|0x00000000fcf00000, 0x00000000fcf00000, 0x00000000fd000000|  0%| F|  |TAMS 0x00000000fcf00000, 0x00000000fcf00000| Untracked 
|  16|0x00000000fd000000, 0x00000000fd000000, 0x00000000fd100000|  0%| F|  |TAMS 0x00000000fd000000, 0x00000000fd000000| Untracked 
|  17|0x00000000fd100000, 0x00000000fd100000, 0x00000000fd200000|  0%| F|  |TAMS 0x00000000fd100000, 0x00000000fd100000| Untracked 
|  18|0x00000000fd200000, 0x00000000fd200000, 0x00000000fd300000|  0%| F|  |TAMS 0x00000000fd200000, 0x00000000fd200000| Untracked 
|  19|0x00000000fd300000, 0x00000000fd300000, 0x00000000fd400000|  0%| F|  |TAMS 0x00000000fd300000, 0x00000000fd300000| Untracked 
|  20|0x00000000fd400000, 0x00000000fd400000, 0x00000000fd500000|  0%| F|  |TAMS 0x00000000fd400000, 0x00000000fd400000| Untracked 
|  21|0x00000000fd500000, 0x00000000fd500000, 0x00000000fd600000|  0%| F|  |TAMS 0x00000000fd500000, 0x00000000fd500000| Untracked 
|  22|0x00000000fd600000, 0x00000000fd600000, 0x00000000fd700000|  0%| F|  |TAMS 0x00000000fd600000, 0x00000000fd600000| Untracked 
|  23|0x00000000fd700000, 0x00000000fd700000, 0x00000000fd800000|  0%| F|  |TAMS 0x00000000fd700000, 0x00000000fd700000| Untracked 
|  24|0x00000000fd800000, 0x00000000fd800000, 0x00000000fd900000|  0%| F|  |TAMS 0x00000000fd800000, 0x00000000fd800000| Untracked 
|  25|0x00000000fd900000, 0x00000000fd900000, 0x00000000fda00000|  0%| F|  |TAMS 0x00000000fd900000, 0x00000000fd900000| Untracked 
|  26|0x00000000fda00000, 0x00000000fda00000, 0x00000000fdb00000|  0%| F|  |TAMS 0x00000000fda00000, 0x00000000fda00000| Untracked 
|  27|0x00000000fdb00000, 0x00000000fdb00000, 0x00000000fdc00000|  0%| F|  |TAMS 0x00000000fdb00000, 0x00000000fdb00000| Untracked 
|  28|0x00000000fdc00000, 0x00000000fdc00000, 0x00000000fdd00000|  0%| F|  |TAMS 0x00000000fdc00000, 0x00000000fdc00000| Untracked 
|  29|0x00000000fdd00000, 0x00000000fde00000, 0x00000000fde00000|100%| E|  |TAMS 0x00000000fdd00000, 0x00000000fdd00000| Complete 
|  30|0x00000000fde00000, 0x00000000fdf00000, 0x00000000fdf00000|100%| E|CS|TAMS 0x00000000fde00000, 0x00000000fde00000| Complete 
|  31|0x00000000fdf00000, 0x00000000fe000000, 0x00000000fe000000|100%| E|CS|TAMS 0x00000000fdf00000, 0x00000000fdf00000| Complete 
|  32|0x00000000fe000000, 0x00000000fe100000, 0x00000000fe100000|100%| E|CS|TAMS 0x00000000fe000000, 0x00000000fe000000| Complete 
|  33|0x00000000fe100000, 0x00000000fe200000, 0x00000000fe200000|100%| E|CS|TAMS 0x00000000fe100000, 0x00000000fe100000| Complete 
|  34|0x00000000fe200000, 0x00000000fe300000, 0x00000000fe300000|100%| E|CS|TAMS 0x00000000fe200000, 0x00000000fe200000| Complete 
|  35|0x00000000fe300000, 0x00000000fe400000, 0x00000000fe400000|100%| E|CS|TAMS 0x00000000fe300000, 0x00000000fe300000| Complete 
|  36|0x00000000fe400000, 0x00000000fe500000, 0x00000000fe500000|100%| E|CS|TAMS 0x00000000fe400000, 0x00000000fe400000| Complete 
|  37|0x00000000fe500000, 0x00000000fe600000, 0x00000000fe600000|100%| E|CS|TAMS 0x00000000fe500000, 0x00000000fe500000| Complete 
|  38|0x00000000fe600000, 0x00000000fe700000, 0x00000000fe700000|100%| E|CS|TAMS 0x00000000fe600000, 0x00000000fe600000| Complete 
|  39|0x00000000fe700000, 0x00000000fe800000, 0x00000000fe800000|100%| E|CS|TAMS 0x00000000fe700000, 0x00000000fe700000| Complete 
|  40|0x00000000fe800000, 0x00000000fe900000, 0x00000000fe900000|100%| E|CS|TAMS 0x00000000fe800000, 0x00000000fe800000| Complete 
|  41|0x00000000fe900000, 0x00000000fea00000, 0x00000000fea00000|100%| E|CS|TAMS 0x00000000fe900000, 0x00000000fe900000| Complete 
|  42|0x00000000fea00000, 0x00000000feb00000, 0x00000000feb00000|100%| E|CS|TAMS 0x00000000fea00000, 0x00000000fea00000| Complete 
|  43|0x00000000feb00000, 0x00000000fec00000, 0x00000000fec00000|100%| E|CS|TAMS 0x00000000feb00000, 0x00000000feb00000| Complete 
|  44|0x00000000fec00000, 0x00000000fed00000, 0x00000000fed00000|100%| E|CS|TAMS 0x00000000fec00000, 0x00000000fec00000| Complete 
|  45|0x00000000fed00000, 0x00000000fee00000, 0x00000000fee00000|100%| E|CS|TAMS 0x00000000fed00000, 0x00000000fed00000| Complete 
|  46|0x00000000fee00000, 0x00000000fef00000, 0x00000000fef00000|100%| E|CS|TAMS 0x00000000fee00000, 0x00000000fee00000| Complete 
|  47|0x00000000fef00000, 0x00000000ff000000, 0x00000000ff000000|100%| E|CS|TAMS 0x00000000fef00000, 0x00000000fef00000| Complete 
|  48|0x00000000ff000000, 0x00000000ff100000, 0x00000000ff100000|100%| S|CS|TAMS 0x00000000ff000000, 0x00000000ff000000| Complete 
|  49|0x00000000ff100000, 0x00000000ff200000, 0x00000000ff200000|100%| S|CS|TAMS 0x00000000ff100000, 0x00000000ff100000| Complete 
|  50|0x00000000ff200000, 0x00000000ff300000, 0x00000000ff300000|100%| E|CS|TAMS 0x00000000ff200000, 0x00000000ff200000| Complete 
|  51|0x00000000ff300000, 0x00000000ff400000, 0x00000000ff400000|100%| E|CS|TAMS 0x00000000ff300000, 0x00000000ff300000| Complete 
|  52|0x00000000ff400000, 0x00000000ff500000, 0x00000000ff500000|100%| E|CS|TAMS 0x00000000ff400000, 0x00000000ff400000| Complete 
|  53|0x00000000ff500000, 0x00000000ff600000, 0x00000000ff600000|100%| E|CS|TAMS 0x00000000ff500000, 0x00000000ff500000| Complete 
|  54|0x00000000ff600000, 0x00000000ff700000, 0x00000000ff700000|100%| E|CS|TAMS 0x00000000ff600000, 0x00000000ff600000| Complete 
|  55|0x00000000ff700000, 0x00000000ff800000, 0x00000000ff800000|100%| E|CS|TAMS 0x00000000ff700000, 0x00000000ff700000| Complete 
|  56|0x00000000ff800000, 0x00000000ff900000, 0x00000000ff900000|100%| E|CS|TAMS 0x00000000ff800000, 0x00000000ff800000| Complete 
|  57|0x00000000ff900000, 0x00000000ffa00000, 0x00000000ffa00000|100%| E|CS|TAMS 0x00000000ff900000, 0x00000000ff900000| Complete 
|  58|0x00000000ffa00000, 0x00000000ffb00000, 0x00000000ffb00000|100%| E|CS|TAMS 0x00000000ffa00000, 0x00000000ffa00000| Complete 
|  59|0x00000000ffb00000, 0x00000000ffc00000, 0x00000000ffc00000|100%| E|CS|TAMS 0x00000000ffb00000, 0x00000000ffb00000| Complete 
|  60|0x00000000ffc00000, 0x00000000ffd00000, 0x00000000ffd00000|100%| E|CS|TAMS 0x00000000ffc00000, 0x00000000ffc00000| Complete 
|  61|0x00000000ffd00000, 0x00000000ffe00000, 0x00000000ffe00000|100%| E|CS|TAMS 0x00000000ffd00000, 0x00000000ffd00000| Complete 
|  62|0x00000000ffe00000, 0x00000000fff00000, 0x00000000fff00000|100%| E|  |TAMS 0x00000000ffe00000, 0x00000000ffe00000| Complete 
|  63|0x00000000fff00000, 0x0000000100000000, 0x0000000100000000|100%| E|CS|TAMS 0x00000000fff00000, 0x00000000fff00000| Complete 

Card table byte_map: [0x0000021a5f770000,0x0000021a5f790000] _byte_map_base: 0x0000021a5ef90000

Marking Bits (Prev, Next): (CMBitMap*) 0x0000021a5f6c37e0, (CMBitMap*) 0x0000021a5f6c3820
 Prev Bits: [0x0000021a77aa0000, 0x0000021a77ba0000)
 Next Bits: [0x0000021a77ba0000, 0x0000021a77ca0000)

Polling page: 0x0000021a5f520000

Metaspace:

Usage:
  Non-class:      8.77 MB used.
      Class:      1.31 MB used.
       Both:     10.08 MB used.

Virtual space:
  Non-class space:       16.00 MB reserved,       8.88 MB ( 55%) committed,  2 nodes.
      Class space:        1.00 GB reserved,       1.38 MB ( <1%) committed,  1 nodes.
             Both:        1.02 GB reserved,      10.25 MB ( <1%) committed. 

Chunk freelists:
   Non-Class:  2.24 MB
       Class:  2.44 MB
        Both:  4.68 MB

MaxMetaspaceSize: unlimited
CompressedClassSpaceSize: 1.00 GB
Initial GC threshold: 21.00 MB
Current GC threshold: 21.00 MB
CDS: on
MetaspaceReclaimPolicy: balanced
 - commit_granule_bytes: 65536.
 - commit_granule_words: 8192.
 - virtual_space_node_default_size: 1048576.
 - enlarge_chunks_in_place: 1.
 - new_chunks_are_fully_committed: 0.
 - uncommit_free_chunks: 1.
 - use_allocation_guard: 0.
 - handle_deallocations: 1.


Internal statistics:

num_allocs_failed_limit: 0.
num_arena_births: 102.
num_arena_deaths: 0.
num_vsnodes_births: 3.
num_vsnodes_deaths: 0.
num_space_committed: 164.
num_space_uncommitted: 0.
num_chunks_returned_to_freelist: 0.
num_chunks_taken_from_freelist: 394.
num_chunk_merges: 0.
num_chunk_splits: 256.
num_chunks_enlarged: 201.
num_purges: 0.
num_inconsistent_stats: 0.

CodeHeap 'non-profiled nmethods': size=120064Kb used=700Kb max_used=700Kb free=119363Kb
 bounds [0x0000021a70160000, 0x0000021a703d0000, 0x0000021a776a0000]
CodeHeap 'profiled nmethods': size=120000Kb used=3643Kb max_used=3643Kb free=116356Kb
 bounds [0x0000021a68c30000, 0x0000021a68fc0000, 0x0000021a70160000]
CodeHeap 'non-nmethods': size=5696Kb used=1171Kb max_used=1185Kb free=4524Kb
 bounds [0x0000021a686a0000, 0x0000021a68910000, 0x0000021a68c30000]
 total_blobs=2313 nmethods=1844 adapters=382
 compilation: enabled
              stopped_count=0, restarted_count=0
 full_count=0

Compilation events (20 events):
Event: 54.926 Thread 0x0000021a7a029500 nmethod 1837 0x0000021a68fbbe10 code [0x0000021a68fbbfc0, 0x0000021a68fbc1b8]
Event: 54.927 Thread 0x0000021a7a029500 1838       1       java.net.UrlDeserializedState::getProtocol (5 bytes)
Event: 54.927 Thread 0x0000021a7a029500 nmethod 1838 0x0000021a7020e490 code [0x0000021a7020e620, 0x0000021a7020e6f8]
Event: 54.927 Thread 0x0000021a7a029500 1839       1       java.net.UrlDeserializedState::getHashCode (5 bytes)
Event: 54.927 Thread 0x0000021a7a029500 nmethod 1839 0x0000021a7020e790 code [0x0000021a7020e920, 0x0000021a7020e9f8]
Event: 54.927 Thread 0x0000021a7a029500 1840       1       java.net.URL::setSerializedHashCode (6 bytes)
Event: 54.927 Thread 0x0000021a7a029500 nmethod 1840 0x0000021a7020ea90 code [0x0000021a7020ec20, 0x0000021a7020ecf8]
Event: 54.930 Thread 0x0000021a7a029500 1841       3       java.io.ObjectInputStream$BlockDataInputStream::readInt (73 bytes)
Event: 54.930 Thread 0x0000021a7a029500 nmethod 1841 0x0000021a68fbc290 code [0x0000021a68fbc460, 0x0000021a68fbc708]
Event: 54.930 Thread 0x0000021a7a029500 1842       3       java.io.ObjectInputStream$BlockDataInputStream::readUnsignedShort (76 bytes)
Event: 54.931 Thread 0x0000021a7a029500 nmethod 1842 0x0000021a68fbc810 code [0x0000021a68fbc9e0, 0x0000021a68fbcd18]
Event: 54.931 Thread 0x0000021a7a029500 1843       3       java.io.ObjectInputStream$BlockDataInputStream::readUTFBody (192 bytes)
Event: 54.931 Thread 0x0000021a7a029500 nmethod 1843 0x0000021a68fbce90 code [0x0000021a68fbd100, 0x0000021a68fbdc98]
Event: 54.932 Thread 0x0000021a7a029500 1844       1       java.lang.reflect.Field::getModifiers (5 bytes)
Event: 54.932 Thread 0x0000021a7a029500 nmethod 1844 0x0000021a7020ed90 code [0x0000021a7020ef20, 0x0000021a7020eff8]
Event: 54.932 Thread 0x0000021a7a029500 1845       1       java.lang.reflect.Constructor::getRoot (5 bytes)
Event: 54.932 Thread 0x0000021a7a029500 nmethod 1845 0x0000021a7020f090 code [0x0000021a7020f220, 0x0000021a7020f2f8]
Event: 54.933 Thread 0x0000021a7a029500 1846       3       java.lang.Class::privateGetDeclaredMethods (64 bytes)
Event: 54.933 Thread 0x0000021a7a029500 nmethod 1846 0x0000021a68fbe010 code [0x0000021a68fbe240, 0x0000021a68fbea38]
Event: 54.934 Thread 0x0000021a7a029500 1847       3       java.net.URLStreamHandler::parseURL (1201 bytes)

GC Heap History (6 events):
Event: 0.778 GC heap before
{Heap before GC invocations=0 (full 0):
 garbage-first heap   total 65536K, used 6144K [0x00000000fc000000, 0x0000000100000000)
  region size 1024K, 6 young (6144K), 0 survivors (0K)
 Metaspace       used 1603K, committed 1664K, reserved 1056768K
  class space    used 152K, committed 192K, reserved 1048576K
}
Event: 0.784 GC heap after
{Heap after GC invocations=1 (full 0):
 garbage-first heap   total 65536K, used 1173K [0x00000000fc000000, 0x0000000100000000)
  region size 1024K, 1 young (1024K), 1 survivors (1024K)
 Metaspace       used 1603K, committed 1664K, reserved 1056768K
  class space    used 152K, committed 192K, reserved 1048576K
}
Event: 1.004 GC heap before
{Heap before GC invocations=1 (full 0):
 garbage-first heap   total 65536K, used 7317K [0x00000000fc000000, 0x0000000100000000)
  region size 1024K, 7 young (7168K), 1 survivors (1024K)
 Metaspace       used 1642K, committed 1792K, reserved 1056768K
  class space    used 152K, committed 192K, reserved 1048576K
}
Event: 1.006 GC heap after
{Heap after GC invocations=2 (full 0):
 garbage-first heap   total 65536K, used 1561K [0x00000000fc000000, 0x0000000100000000)
  region size 1024K, 1 young (1024K), 1 survivors (1024K)
 Metaspace       used 1642K, committed 1792K, reserved 1056768K
  class space    used 152K, committed 192K, reserved 1048576K
}
Event: 1.651 GC heap before
{Heap before GC invocations=2 (full 0):
 garbage-first heap   total 65536K, used 13849K [0x00000000fc000000, 0x0000000100000000)
  region size 1024K, 14 young (14336K), 1 survivors (1024K)
 Metaspace       used 1832K, committed 1920K, reserved 1056768K
  class space    used 156K, committed 192K, reserved 1048576K
}
Event: 1.653 GC heap after
{Heap after GC invocations=3 (full 0):
 garbage-first heap   total 65536K, used 4587K [0x00000000fc000000, 0x0000000100000000)
  region size 1024K, 2 young (2048K), 2 survivors (2048K)
 Metaspace       used 1832K, committed 1920K, reserved 1056768K
  class space    used 156K, committed 192K, reserved 1048576K
}

Deoptimization events (20 events):
Event: 3.217 Thread 0x0000021a5f6a5c60 Uncommon trap: trap_request=0xffffff45 fr.pc=0x0000021a7019fa8c relative=0x0000000000000a6c
Event: 3.217 Thread 0x0000021a5f6a5c60 Uncommon trap: reason=unstable_if action=reinterpret pc=0x0000021a7019fa8c method=java.util.HashMap.putVal(ILjava/lang/Object;Ljava/lang/Object;ZZ)Ljava/lang/Object; @ 236 c2
Event: 3.217 Thread 0x0000021a5f6a5c60 DEOPT PACKING pc=0x0000021a7019fa8c sp=0x000000bb0dcfcbf0
Event: 3.217 Thread 0x0000021a5f6a5c60 DEOPT UNPACKING pc=0x0000021a686f23a3 sp=0x000000bb0dcfcbb8 mode 2
Event: 3.231 Thread 0x0000021a5f6a5c60 Uncommon trap: trap_request=0xffffff45 fr.pc=0x0000021a701d95b4 relative=0x0000000000000214
Event: 3.231 Thread 0x0000021a5f6a5c60 Uncommon trap: reason=unstable_if action=reinterpret pc=0x0000021a701d95b4 method=java.lang.String.startsWith(Ljava/lang/String;I)Z @ 14 c2
Event: 3.231 Thread 0x0000021a5f6a5c60 DEOPT PACKING pc=0x0000021a701d95b4 sp=0x000000bb0dcfd3f0
Event: 3.231 Thread 0x0000021a5f6a5c60 DEOPT UNPACKING pc=0x0000021a686f23a3 sp=0x000000bb0dcfd350 mode 2
Event: 3.547 Thread 0x0000021a5f6a5c60 Uncommon trap: trap_request=0xffffff45 fr.pc=0x0000021a701e6c50 relative=0x0000000000001b90
Event: 3.547 Thread 0x0000021a5f6a5c60 Uncommon trap: reason=unstable_if action=reinterpret pc=0x0000021a701e6c50 method=java.io.WinNTFileSystem.normalize(Ljava/lang/String;)Ljava/lang/String; @ 128 c2
Event: 3.547 Thread 0x0000021a5f6a5c60 DEOPT PACKING pc=0x0000021a701e6c50 sp=0x000000bb0dcfc590
Event: 3.547 Thread 0x0000021a5f6a5c60 DEOPT UNPACKING pc=0x0000021a686f23a3 sp=0x000000bb0dcfc578 mode 2
Event: 3.905 Thread 0x0000021a5f6a5c60 Uncommon trap: trap_request=0xffffff45 fr.pc=0x0000021a701a0fd8 relative=0x0000000000000618
Event: 3.905 Thread 0x0000021a5f6a5c60 Uncommon trap: reason=unstable_if action=reinterpret pc=0x0000021a701a0fd8 method=java.lang.AbstractStringBuilder.append(Ljava/lang/String;)Ljava/lang/AbstractStringBuilder; @ 1 c2
Event: 3.905 Thread 0x0000021a5f6a5c60 DEOPT PACKING pc=0x0000021a701a0fd8 sp=0x000000bb0dcfd2f0
Event: 3.905 Thread 0x0000021a5f6a5c60 DEOPT UNPACKING pc=0x0000021a686f23a3 sp=0x000000bb0dcfd270 mode 2
Event: 54.849 Thread 0x0000021a5f6a5c60 Uncommon trap: trap_request=0xffffff45 fr.pc=0x0000021a701d67cc relative=0x000000000000118c
Event: 54.849 Thread 0x0000021a5f6a5c60 Uncommon trap: reason=unstable_if action=reinterpret pc=0x0000021a701d67cc method=java.util.concurrent.ConcurrentHashMap.putVal(Ljava/lang/Object;Ljava/lang/Object;Z)Ljava/lang/Object; @ 231 c2
Event: 54.849 Thread 0x0000021a5f6a5c60 DEOPT PACKING pc=0x0000021a701d67cc sp=0x000000bb0dcfcb60
Event: 54.849 Thread 0x0000021a5f6a5c60 DEOPT UNPACKING pc=0x0000021a686f23a3 sp=0x000000bb0dcfcad0 mode 2

Classes unloaded (0 events):
No events

Classes redefined (0 events):
No events

Internal exceptions (20 events):
Event: 2.849 Thread 0x0000021a5f6a5c60 Exception <a 'java/lang/NoSuchMethodError'{0x00000000ff5e8598}: 'void java.lang.invoke.DelegatingMethodHandle$Holder.delegate(java.lang.Object, java.lang.Object, int, java.lang.Object)'> (0x00000000ff5e8598) 
thrown [t:\workspace\open\src\hotspot\share\interpreter\linkResolver.cpp, line 766]
Event: 2.849 Thread 0x0000021a5f6a5c60 Exception <a 'java/lang/NoSuchMethodError'{0x00000000ff5ec5d0}: 'int java.lang.invoke.DirectMethodHandle$Holder.invokeSpecial(java.lang.Object, java.lang.Object, java.lang.Object)'> (0x00000000ff5ec5d0) 
thrown [t:\workspace\open\src\hotspot\share\interpreter\linkResolver.cpp, line 766]
Event: 2.854 Thread 0x0000021a5f6a5c60 Exception <a 'java/lang/NoSuchMethodError'{0x00000000ff5ff6e0}: 'java.lang.Object java.lang.invoke.Invokers$Holder.invokeExact_MT(java.lang.Object, java.lang.Object, java.lang.Object, java.lang.Object)'> (0x00000000ff5ff6e0) 
thrown [t:\workspace\open\src\hotspot\share\interpreter\linkResolver.cpp, line 766]
Event: 2.860 Thread 0x0000021a5f6a5c60 Exception <a 'java/lang/NoSuchMethodError'{0x00000000ff431e50}: 'java.lang.Object java.lang.invoke.DirectMethodHandle$Holder.invokeVirtual(java.lang.Object, java.lang.Object, java.lang.Object)'> (0x00000000ff431e50) 
thrown [t:\workspace\open\src\hotspot\share\interpreter\linkResolver.cpp, line 766]
Event: 3.048 Thread 0x0000021a5f6a5c60 Exception <a 'java/lang/NoSuchMethodError'{0x00000000fee9fbc8}: 'java.lang.Object java.lang.invoke.DirectMethodHandle$Holder.newInvokeSpecial(java.lang.Object, java.lang.Object, java.lang.Object, java.lang.Object, java.lang.Object)'> (0x00000000fee9fbc8) 
thrown [t:\workspace\open\src\hotspot\share\interpreter\linkResolver.cpp, line 766]
Event: 3.153 Thread 0x0000021a5f6a5c60 Exception <a 'java/lang/NoSuchMethodError'{0x00000000febdd340}: 'void java.lang.invoke.DirectMethodHandle$Holder.invokeSpecial(java.lang.Object, java.lang.Object, java.lang.Object)'> (0x00000000febdd340) 
thrown [t:\workspace\open\src\hotspot\share\interpreter\linkResolver.cpp, line 766]
Event: 3.166 Thread 0x0000021a5f6a5c60 Implicit null exception at 0x0000021a701b900f to 0x0000021a701b9550
Event: 3.166 Thread 0x0000021a5f6a5c60 Implicit null exception at 0x0000021a701b450f to 0x0000021a701b4a5c
Event: 3.198 Thread 0x0000021a5f6a5c60 Exception <a 'java/lang/NoSuchMethodError'{0x00000000fe953080}: 'java.lang.Object java.lang.invoke.DirectMethodHandle$Holder.invokeStaticInit(java.lang.Object)'> (0x00000000fe953080) 
thrown [t:\workspace\open\src\hotspot\share\interpreter\linkResolver.cpp, line 766]
Event: 3.269 Thread 0x0000021a5f6a5c60 Exception <a 'java/lang/NoSuchMethodError'{0x00000000fe804d90}: 'int java.lang.invoke.DirectMethodHandle$Holder.invokeVirtual(java.lang.Object, java.lang.Object, java.lang.Object)'> (0x00000000fe804d90) 
thrown [t:\workspace\open\src\hotspot\share\interpreter\linkResolver.cpp, line 766]
Event: 3.353 Thread 0x0000021a5f6a5c60 Exception <a 'java/lang/NoSuchMethodError'{0x00000000fe659158}: 'java.lang.Object java.lang.invoke.DirectMethodHandle$Holder.invokeSpecialIFC(java.lang.Object, java.lang.Object, java.lang.Object, java.lang.Object)'> (0x00000000fe659158) 
thrown [t:\workspace\open\src\hotspot\share\interpreter\linkResolver.cpp, line 766]
Event: 3.451 Thread 0x0000021a5f6a5c60 Exception <a 'java/lang/NoSuchMethodError'{0x00000000fe321848}: 'java.lang.Object java.lang.invoke.DirectMethodHandle$Holder.invokeStaticInit(java.lang.Object, int, int, int, int)'> (0x00000000fe321848) 
thrown [t:\workspace\open\src\hotspot\share\interpreter\linkResolver.cpp, line 766]
Event: 3.560 Thread 0x0000021a5f6a5c60 Exception <a 'java/lang/NoSuchMethodError'{0x00000000fe349d80}: 'java.lang.Object java.lang.invoke.DirectMethodHandle$Holder.invokeStaticInit(java.lang.Object, java.lang.Object, int, int, int, int)'> (0x00000000fe349d80) 
thrown [t:\workspace\open\src\hotspot\share\interpreter\linkResolver.cpp, line 766]
Event: 3.866 Thread 0x0000021a5f6a5c60 Exception <a 'java/lang/NoSuchMethodError'{0x00000000fe37d688}: 'void java.lang.invoke.DirectMethodHandle$Holder.invokeStatic(java.lang.Object, java.lang.Object, java.lang.Object)'> (0x00000000fe37d688) 
thrown [t:\workspace\open\src\hotspot\share\interpreter\linkResolver.cpp, line 766]
Event: 3.905 Thread 0x0000021a5f6a5c60 Implicit null exception at 0x0000021a701a09f2 to 0x0000021a701a0fc0
Event: 54.859 Thread 0x0000021a5f6a5c60 Exception <a 'java/lang/NoSuchMethodError'{0x00000000fdefb070}: static Lorg/gradle/tooling/internal/provider/serialization/ClassLoaderDetails;.<clinit>()V> (0x00000000fdefb070) 
thrown [t:\workspace\open\src\hotspot\share\prims\jni.cpp, line 1107]
Event: 54.867 Thread 0x0000021a5f6a5c60 Exception <a 'java/lang/NoSuchMethodError'{0x00000000fdd169b0}: static Lorg/gradle/internal/classloader/ClassLoaderSpec;.<clinit>()V> (0x00000000fdd169b0) 
thrown [t:\workspace\open\src\hotspot\share\prims\jni.cpp, line 1107]
Event: 54.870 Thread 0x0000021a5f6a5c60 Exception <a 'java/lang/NoSuchMethodError'{0x00000000fdd219a8}: static Lorg/gradle/tooling/internal/provider/serialization/WellKnownClassLoaderRegistry$KnownClassLoaderSpec;.<clinit>()V> (0x00000000fdd219a8) 
thrown [t:\workspace\open\src\hotspot\share\prims\jni.cpp, line 1107]
Event: 54.875 Thread 0x0000021a5f6a5c60 Exception <a 'java/lang/NoSuchMethodError'{0x00000000fdd3b4c8}: static Lorg/gradle/internal/classloader/ClassLoaderSpec;.<clinit>()V> (0x00000000fdd3b4c8) 
thrown [t:\workspace\open\src\hotspot\share\prims\jni.cpp, line 1107]
Event: 54.880 Thread 0x0000021a5f6a5c60 Exception <a 'java/lang/NoSuchMethodError'{0x00000000fdd4b088}: static Lorg/gradle/internal/classloader/VisitableURLClassLoader$Spec;.<clinit>()V> (0x00000000fdd4b088) 
thrown [t:\workspace\open\src\hotspot\share\prims\jni.cpp, line 1107]

VM Operations (20 events):
Event: 28.772 Executing VM operation: Cleanup
Event: 28.772 Executing VM operation: Cleanup done
Event: 29.772 Executing VM operation: Cleanup
Event: 29.772 Executing VM operation: Cleanup done
Event: 33.813 Executing VM operation: Cleanup
Event: 33.813 Executing VM operation: Cleanup done
Event: 36.831 Executing VM operation: Cleanup
Event: 36.831 Executing VM operation: Cleanup done
Event: 37.838 Executing VM operation: Cleanup
Event: 37.838 Executing VM operation: Cleanup done
Event: 38.850 Executing VM operation: Cleanup
Event: 38.850 Executing VM operation: Cleanup done
Event: 40.865 Executing VM operation: Cleanup
Event: 40.865 Executing VM operation: Cleanup done
Event: 41.877 Executing VM operation: Cleanup
Event: 41.877 Executing VM operation: Cleanup done
Event: 44.904 Executing VM operation: Cleanup
Event: 44.904 Executing VM operation: Cleanup done
Event: 48.921 Executing VM operation: Cleanup
Event: 48.921 Executing VM operation: Cleanup done

Events (20 events):
Event: 54.858 loading class java/io/DataOutputStream
Event: 54.859 loading class java/io/DataOutputStream done
Event: 54.859 loading class java/io/ObjectStreamClass$MemberSignature
Event: 54.859 loading class java/io/ObjectStreamClass$MemberSignature done
Event: 54.859 loading class java/io/ObjectStreamClass$3
Event: 54.859 loading class java/io/ObjectStreamClass$3 done
Event: 54.860 loading class java/io/ObjectStreamClass$4
Event: 54.860 loading class java/io/ObjectStreamClass$4 done
Event: 54.860 loading class java/io/ObjectStreamClass$5
Event: 54.860 loading class java/io/ObjectStreamClass$5 done
Event: 54.862 loading class java/util/function/UnaryOperator
Event: 54.866 loading class java/util/function/UnaryOperator done
Event: 54.881 loading class java/net/UrlDeserializedState
Event: 54.881 loading class java/net/UrlDeserializedState done
Event: 54.881 loading class jdk/internal/reflect/UnsafeQualifiedStaticObjectFieldAccessorImpl
Event: 54.882 loading class jdk/internal/reflect/UnsafeQualifiedStaticObjectFieldAccessorImpl done
Event: 54.883 loading class java/net/Proxy
Event: 54.883 loading class java/net/Proxy done
Event: 54.933 loading class java/io/ObjectStreamClass$ExceptionInfo
Event: 54.934 loading class java/io/ObjectStreamClass$ExceptionInfo done


Dynamic libraries:
0x00007ff6fc290000 - 0x00007ff6fc2a0000 	C:\Program Files\Java\jdk-17\bin\java.exe
0x00007ffc59fd0000 - 0x00007ffc5a1e7000 	C:\WINDOWS\SYSTEM32\ntdll.dll
0x00007ffc58d70000 - 0x00007ffc58e34000 	C:\WINDOWS\System32\KERNEL32.DLL
0x00007ffc575f0000 - 0x00007ffc579a9000 	C:\WINDOWS\System32\KERNELBASE.dll
0x00007ffc574d0000 - 0x00007ffc575e1000 	C:\WINDOWS\System32\ucrtbase.dll
0x00007ffc351e0000 - 0x00007ffc351f8000 	C:\Program Files\Java\jdk-17\bin\jli.dll
0x00007ffc58c70000 - 0x00007ffc58d22000 	C:\WINDOWS\System32\ADVAPI32.dll
0x00007ffc59990000 - 0x00007ffc59a37000 	C:\WINDOWS\System32\msvcrt.dll
0x00007ffc59e00000 - 0x00007ffc59ea7000 	C:\WINDOWS\System32\sechost.dll
0x00007ffc572d0000 - 0x00007ffc572f8000 	C:\WINDOWS\System32\bcrypt.dll
0x00007ffc59820000 - 0x00007ffc59934000 	C:\WINDOWS\System32\RPCRT4.dll
0x00007ffc58510000 - 0x00007ffc586be000 	C:\WINDOWS\System32\USER32.dll
0x00007ffc579b0000 - 0x00007ffc579d6000 	C:\WINDOWS\System32\win32u.dll
0x00007ffc57e50000 - 0x00007ffc57e79000 	C:\WINDOWS\System32\GDI32.dll
0x00007ffc57bd0000 - 0x00007ffc57ceb000 	C:\WINDOWS\System32\gdi32full.dll
0x00007ffc57370000 - 0x00007ffc5740a000 	C:\WINDOWS\System32\msvcp_win.dll
0x00007ffc34f00000 - 0x00007ffc34f1a000 	C:\Program Files\Java\jdk-17\bin\VCRUNTIME140.dll
0x00007ffc3dd50000 - 0x00007ffc3dfe2000 	C:\WINDOWS\WinSxS\amd64_microsoft.windows.common-controls_6595b64144ccf1df_6.0.22621.4391_none_2715d37f73803e96\COMCTL32.dll
0x00007ffc4dbc0000 - 0x00007ffc4dbca000 	C:\WINDOWS\SYSTEM32\VERSION.dll
0x00007ffc59760000 - 0x00007ffc59791000 	C:\WINDOWS\System32\IMM32.DLL
0x00007ffc42590000 - 0x00007ffc4259c000 	C:\Program Files\Java\jdk-17\bin\vcruntime140_1.dll
0x00007ffc1e9e0000 - 0x00007ffc1ea6d000 	C:\Program Files\Java\jdk-17\bin\msvcp140.dll
0x00007ffb78b30000 - 0x00007ffb796ee000 	C:\Program Files\Java\jdk-17\bin\server\jvm.dll
0x00007ffc59750000 - 0x00007ffc59758000 	C:\WINDOWS\System32\PSAPI.DLL
0x00007ffc40e00000 - 0x00007ffc40e09000 	C:\WINDOWS\SYSTEM32\WSOCK32.dll
0x00007ffc59f10000 - 0x00007ffc59f81000 	C:\WINDOWS\System32\WS2_32.dll
0x00007ffc4e090000 - 0x00007ffc4e0c4000 	C:\WINDOWS\SYSTEM32\WINMM.dll
0x00007ffc56310000 - 0x00007ffc56328000 	C:\WINDOWS\SYSTEM32\kernel.appcore.dll
0x00007ffc42570000 - 0x00007ffc4257a000 	C:\Program Files\Java\jdk-17\bin\jimage.dll
0x00007ffc54e20000 - 0x00007ffc55052000 	C:\WINDOWS\SYSTEM32\DBGHELP.DLL
0x00007ffc588e0000 - 0x00007ffc58c6f000 	C:\WINDOWS\System32\combase.dll
0x00007ffc59d20000 - 0x00007ffc59df7000 	C:\WINDOWS\System32\OLEAUT32.dll
0x00007ffc389d0000 - 0x00007ffc38a02000 	C:\WINDOWS\SYSTEM32\dbgcore.DLL
0x00007ffc579e0000 - 0x00007ffc57a5b000 	C:\WINDOWS\System32\bcryptPrimitives.dll
0x00007ffc34dd0000 - 0x00007ffc34df5000 	C:\Program Files\Java\jdk-17\bin\java.dll
0x00007ffbbe160000 - 0x00007ffbbe236000 	C:\Program Files\Java\jdk-17\bin\svml.dll
0x00007ffc58ed0000 - 0x00007ffc59746000 	C:\WINDOWS\System32\SHELL32.dll
0x00007ffc551c0000 - 0x00007ffc55ac3000 	C:\WINDOWS\SYSTEM32\windows.storage.dll
0x00007ffc55080000 - 0x00007ffc551bf000 	C:\WINDOWS\SYSTEM32\wintypes.dll
0x00007ffc59a40000 - 0x00007ffc59b39000 	C:\WINDOWS\System32\SHCORE.dll
0x00007ffc586c0000 - 0x00007ffc5871e000 	C:\WINDOWS\System32\shlwapi.dll
0x00007ffc57200000 - 0x00007ffc5722b000 	C:\WINDOWS\SYSTEM32\profapi.dll
0x00007ffc346d0000 - 0x00007ffc346e9000 	C:\Program Files\Java\jdk-17\bin\net.dll
0x00007ffc51130000 - 0x00007ffc51266000 	C:\WINDOWS\SYSTEM32\WINHTTP.dll
0x00007ffc56790000 - 0x00007ffc567f9000 	C:\WINDOWS\system32\mswsock.dll
0x00007ffc34470000 - 0x00007ffc34485000 	C:\Program Files\Java\jdk-17\bin\nio.dll
0x00007ffc317b0000 - 0x00007ffc317c8000 	C:\Program Files\Java\jdk-17\bin\zip.dll
0x00007ffc419f0000 - 0x00007ffc41a00000 	C:\Program Files\Java\jdk-17\bin\verify.dll
0x00007ffc35c10000 - 0x00007ffc35c37000 	C:\Users\Joshu\.gradle\native\c067742578af261105cb4f569cf0c3c89f3d7b1fecec35dd04571415982c5e48\windows-amd64\native-platform.dll
0x00007ffc44640000 - 0x00007ffc4464a000 	C:\Users\Joshu\.gradle\native\jansi\1.18\windows64\jansi.dll
0x00007ffc53ac0000 - 0x00007ffc53ac9000 	C:\Program Files\Java\jdk-17\bin\management.dll
0x00007ffc415d0000 - 0x00007ffc415db000 	C:\Program Files\Java\jdk-17\bin\management_ext.dll
0x00007ffc569f0000 - 0x00007ffc56a0b000 	C:\WINDOWS\SYSTEM32\CRYPTSP.dll
0x00007ffc56250000 - 0x00007ffc56285000 	C:\WINDOWS\system32\rsaenh.dll
0x00007ffc56880000 - 0x00007ffc568a8000 	C:\WINDOWS\SYSTEM32\USERENV.dll
0x00007ffc569e0000 - 0x00007ffc569ec000 	C:\WINDOWS\SYSTEM32\CRYPTBASE.dll
0x00007ffc55dc0000 - 0x00007ffc55ded000 	C:\WINDOWS\SYSTEM32\IPHLPAPI.DLL
0x00007ffc59b40000 - 0x00007ffc59b49000 	C:\WINDOWS\System32\NSI.dll
0x00007ffc4eb30000 - 0x00007ffc4eb49000 	C:\WINDOWS\SYSTEM32\dhcpcsvc6.DLL
0x00007ffc4eb10000 - 0x00007ffc4eb2f000 	C:\WINDOWS\SYSTEM32\dhcpcsvc.DLL
0x00007ffc55df0000 - 0x00007ffc55ef2000 	C:\WINDOWS\SYSTEM32\DNSAPI.dll
0x00007ffc402c0000 - 0x00007ffc402ce000 	C:\Program Files\Java\jdk-17\bin\sunmscapi.dll
0x00007ffc57a60000 - 0x00007ffc57bc6000 	C:\WINDOWS\System32\CRYPT32.dll
0x00007ffc56c40000 - 0x00007ffc56c6d000 	C:\WINDOWS\SYSTEM32\ncrypt.dll
0x00007ffc56c00000 - 0x00007ffc56c37000 	C:\WINDOWS\SYSTEM32\NTASN1.dll
0x00007ffc53690000 - 0x00007ffc53698000 	C:\WINDOWS\system32\wshunix.dll

dbghelp: loaded successfully - version: 4.0.5 - missing functions: none
symbol engine: initialized successfully - sym options: 0x614 - pdb path: .;C:\Program Files\Java\jdk-17\bin;C:\WINDOWS\SYSTEM32;C:\WINDOWS\WinSxS\amd64_microsoft.windows.common-controls_6595b64144ccf1df_6.0.22621.4391_none_2715d37f73803e96;C:\Program Files\Java\jdk-17\bin\server;C:\Users\Joshu\.gradle\native\c067742578af261105cb4f569cf0c3c89f3d7b1fecec35dd04571415982c5e48\windows-amd64;C:\Users\Joshu\.gradle\native\jansi\1.18\windows64

VM Arguments:
jvm_args: -Xmx64m -Xms64m -Dorg.gradle.appname=gradlew 
java_command: org.gradle.wrapper.GradleWrapperMain app:installDebug -PreactNativeDevServerPort=8081
java_class_path (initial): D:\TabungJo\android\\gradle\wrapper\gradle-wrapper.jar
Launcher Type: SUN_STANDARD

[Global flags]
     intx CICompilerCount                          = 2                                         {product} {ergonomic}
     uint ConcGCThreads                            = 1                                         {product} {ergonomic}
     uint G1ConcRefinementThreads                  = 2                                         {product} {ergonomic}
   size_t G1HeapRegionSize                         = 1048576                                   {product} {ergonomic}
    uintx GCDrainStackTargetSize                   = 64                                        {product} {ergonomic}
   size_t InitialHeapSize                          = 67108864                                  {product} {command line}
   size_t MarkStackSize                            = 4194304                                   {product} {ergonomic}
   size_t MaxHeapSize                              = 67108864                                  {product} {command line}
   size_t MaxNewSize                               = 39845888                                  {product} {ergonomic}
   size_t MinHeapDeltaBytes                        = 1048576                                   {product} {ergonomic}
   size_t MinHeapSize                              = 67108864                                  {product} {command line}
    uintx NonNMethodCodeHeapSize                   = 5826188                                {pd product} {ergonomic}
    uintx NonProfiledCodeHeapSize                  = 122916026                              {pd product} {ergonomic}
    uintx ProfiledCodeHeapSize                     = 122916026                              {pd product} {ergonomic}
    uintx ReservedCodeCacheSize                    = 251658240                              {pd product} {ergonomic}
     bool SegmentedCodeCache                       = true                                      {product} {ergonomic}
   size_t SoftMaxHeapSize                          = 67108864                               {manageable} {ergonomic}
     bool UseCompressedClassPointers               = true                           {product lp64_product} {ergonomic}
     bool UseCompressedOops                        = true                           {product lp64_product} {ergonomic}
     bool UseG1GC                                  = true                                      {product} {ergonomic}
     bool UseLargePagesIndividualAllocation        = false                                  {pd product} {ergonomic}

Logging:
Log output configuration:
 #0: stdout all=warning uptime,level,tags
 #1: stderr all=off uptime,level,tags

Environment Variables:
JAVA_HOME=C:\Program Files\Java\jdk-17
CLASSPATH=D:\TabungJo\android\\gradle\wrapper\gradle-wrapper.jar
PATH=D:\TabungJo\node_modules\.bin;D:\node_modules\.bin;C:\Program Files\nodejs\node_modules\npm\node_modules\@npmcli\run-script\lib\node-gyp-bin;C:\Program Files\Common Files\Oracle\Java\javapath;C:\WINDOWS\system32;C:\WINDOWS;C:\WINDOWS\System32\Wbem;C:\WINDOWS\System32\WindowsPowerShell\v1.0\;C:\WINDOWS\System32\OpenSSH\;C:\Program Files\nodejs\;C:\Program Files\Java\jdk-17\bin;C:\Program Files (x86)\Microsoft SQL Server\160\Tools\Binn\;C:\Program Files\Microsoft SQL Server\160\Tools\Binn\;C:\Program Files\Microsoft SQL Server\Client SDK\ODBC\170\Tools\Binn\;C:\Program Files\Microsoft SQL Server\160\DTS\Binn\;D:\Git\cmd;D:\Mobile_App_Dev_LocalHost\Android\Sdk\tools;D:\Mobile_App_Dev_LocalHost\Android\Sdk\platform-tools;C:\Users\Joshu\AppData\Local\Microsoft\WindowsApps;C:\Users\Joshu\AppData\Roaming\npm;C:\Users\Joshu\AppData\Local\Android\Sdk\platform-tools;D:\Microsoft VS Code\bin;D:\Mobile_App_Dev_LocalHost\Android\Sdk\emulator;D:\Mobile_App_Dev_LocalHost\Android\Sdk\platform_tools;D:\Mobile_App_Dev_LocalHost\Android\Sdk\tools;D:\Mobile_App_Dev_LocalHost\Android\Sdk\tools\bin;C:\Program Files\Java\jdk-17\bin;D:\Mobile_App_Dev_LocalHost\Android\Sdk\cmdline-tools\latest\bin;
USERNAME=Joshu
OS=Windows_NT
PROCESSOR_IDENTIFIER=AMD64 Family 23 Model 160 Stepping 0, AuthenticAMD



---------------  S Y S T E M  ---------------

OS:
 Windows 10 , 64 bit Build 22621 (10.0.22621.4391)
OS uptime: 0 days 20:24 hours
Hyper-V role detected

CPU: total 2 (initial active 2) (2 cores per cpu, 1 threads per core) family 23 model 160 stepping 0 microcode 0x0, cx8, cmov, fxsr, mmx, 3dnowpref, sse, sse2, sse3, ssse3, sse4a, sse4.1, sse4.2, popcnt, lzcnt, tsc, tscinvbit, avx, avx2, aes, clmul, bmi1, bmi2, adx, sha, fma, vzeroupper, clflush, clflushopt, hv

Memory: 4k page, system-wide physical 5965M (461M free)
TotalPageFile size 15427M (AvailPageFile size 4M)
current process WorkingSet (physical memory assigned to process): 99M, peak: 99M
current process commit charge ("private bytes"): 154M, peak: 156M

vm_info: Java HotSpot(TM) 64-Bit Server VM (17+35-LTS-2724) for windows-amd64 JRE (17+35-LTS-2724), built on Aug  5 2021 23:28:28 by "mach5one" with MS VC++ 16.8 (VS2019)

END.
