#
# There is insufficient memory for the Java Runtime Environment to continue.
# Native memory allocation (malloc) failed to allocate 148816 bytes for Chunk::new
# Possible reasons:
#   The system is out of physical RAM or swap space
#   The process is running with CompressedOops enabled, and the Java Heap may be blocking the growth of the native heap
# Possible solutions:
#   Reduce memory load on the system
#   Increase physical memory or swap space
#   Check if swap backing store is full
#   Decrease Java heap size (-Xmx/-Xms)
#   Decrease number of Java threads
#   Decrease Java thread stack sizes (-Xss)
#   Set larger code cache with -XX:ReservedCodeCacheSize=
#   JVM is running with Unscaled Compressed Oops mode in which the Java heap is
#     placed in the first 4GB address space. The Java Heap base address is the
#     maximum limit for the native heap growth. Please use -XX:HeapBaseMinAddress
#     to set the Java Heap base and to place the Java Heap above 4GB virtual address.
# This output file may be truncated or incomplete.
#
#  Out of Memory Error (arena.cpp:189), pid=14356, tid=13520
#
# JRE version: Java(TM) SE Runtime Environment (17.0+35) (build 17+35-LTS-2724)
# Java VM: Java HotSpot(TM) 64-Bit Server VM (17+35-LTS-2724, mixed mode, sharing, tiered, compressed oops, compressed class ptrs, g1 gc, windows-amd64)
# No core dump will be written. Minidumps are not enabled by default on client versions of Windows
#

---------------  S U M M A R Y ------------

Command Line: -Xmx64m -Xms64m -Dorg.gradle.appname=gradlew org.gradle.wrapper.GradleWrapperMain clean

Host: AMD Athlon Silver 7120U with Radeon Graphics   , 2 cores, 5G,  Windows 10 , 64 bit Build 22621 (10.0.22621.4391)
Time: Fri Apr 25 02:04:54 2025 Malay Peninsula Standard Time elapsed time: 31.005356 seconds (0d 0h 0m 31s)

---------------  T H R E A D  ---------------

Current thread (0x00000154fbc38030):  JavaThread "C2 CompilerThread0" daemon [_thread_in_native, id=13520, stack(0x0000002c3fb00000,0x0000002c3fc00000)]


Current CompileTask:
C2:  31005 1863       4       org.gradle.internal.logging.text.AbstractLineChoppingStyledTextOutput$1::execute (140 bytes)

Stack: [0x0000002c3fb00000,0x0000002c3fc00000]
Native frames: (J=compiled Java code, j=interpreted, Vv=VM code, C=native code)
V  [jvm.dll+0x66f8ea]
V  [jvm.dll+0x7ce224]
V  [jvm.dll+0x7cf9ce]
V  [jvm.dll+0x7d0033]
V  [jvm.dll+0x242bb5]
V  [jvm.dll+0xaa05b]
V  [jvm.dll+0xaa5ec]
V  [jvm.dll+0x2a954f]
V  [jvm.dll+0x5784b9]
V  [jvm.dll+0x21de2d]
V  [jvm.dll+0x217651]
V  [jvm.dll+0x214fb5]
V  [jvm.dll+0x1a168d]
V  [jvm.dll+0x2248f8]
V  [jvm.dll+0x222a5c]
V  [jvm.dll+0x78422b]
V  [jvm.dll+0x77e7ea]
V  [jvm.dll+0x66e715]
C  [ucrtbase.dll+0x29333]
C  [KERNEL32.DLL+0x1259d]
C  [ntdll.dll+0x5af38]


---------------  P R O C E S S  ---------------

Threads class SMR info:
_java_thread_list=0x00000154fd640050, length=13, elements={
0x00000154f995f790, 0x00000154f9a27890, 0x00000154fbc257d0, 0x00000154fbc32560,
0x00000154fbc33f30, 0x00000154fbc368f0, 0x00000154fbc372a0, 0x00000154fbc38030,
0x00000154fbc3d320, 0x00000154fbc53c00, 0x00000154fc831fb0, 0x00000154fc836640,
0x00000154fd52bdd0
}

Java Threads: ( => current thread )
  0x00000154f995f790 JavaThread "main" [_thread_in_Java, id=6768, stack(0x0000002c3ee00000,0x0000002c3ef00000)]
  0x00000154f9a27890 JavaThread "Reference Handler" daemon [_thread_blocked, id=15332, stack(0x0000002c3f500000,0x0000002c3f600000)]
  0x00000154fbc257d0 JavaThread "Finalizer" daemon [_thread_blocked, id=17188, stack(0x0000002c3f600000,0x0000002c3f700000)]
  0x00000154fbc32560 JavaThread "Signal Dispatcher" daemon [_thread_blocked, id=17208, stack(0x0000002c3f700000,0x0000002c3f800000)]
  0x00000154fbc33f30 JavaThread "Attach Listener" daemon [_thread_blocked, id=16992, stack(0x0000002c3f800000,0x0000002c3f900000)]
  0x00000154fbc368f0 JavaThread "Service Thread" daemon [_thread_blocked, id=3484, stack(0x0000002c3f900000,0x0000002c3fa00000)]
  0x00000154fbc372a0 JavaThread "Monitor Deflation Thread" daemon [_thread_blocked, id=4724, stack(0x0000002c3fa00000,0x0000002c3fb00000)]
=>0x00000154fbc38030 JavaThread "C2 CompilerThread0" daemon [_thread_in_native, id=13520, stack(0x0000002c3fb00000,0x0000002c3fc00000)]
  0x00000154fbc3d320 JavaThread "C1 CompilerThread0" daemon [_thread_blocked, id=12532, stack(0x0000002c3fc00000,0x0000002c3fd00000)]
  0x00000154fbc53c00 JavaThread "Sweeper thread" daemon [_thread_blocked, id=17220, stack(0x0000002c3fd00000,0x0000002c3fe00000)]
  0x00000154fc831fb0 JavaThread "Notification Thread" daemon [_thread_blocked, id=16836, stack(0x0000002c3fe00000,0x0000002c3ff00000)]
  0x00000154fc836640 JavaThread "Common-Cleaner" daemon [_thread_blocked, id=14556, stack(0x0000002c40000000,0x0000002c40100000)]
  0x00000154fd52bdd0 JavaThread "pool-1-thread-1" [_thread_blocked, id=17032, stack(0x0000002c40200000,0x0000002c40300000)]

Other Threads:
  0x00000154f9a26520 VMThread "VM Thread" [stack: 0x0000002c3f400000,0x0000002c3f500000] [id=6784]
  0x00000154f998a880 WatcherThread [stack: 0x0000002c3ff00000,0x0000002c40000000] [id=6996]
  0x00000154f997e290 GCTaskThread "GC Thread#0" [stack: 0x0000002c3ef00000,0x0000002c3f000000] [id=8876]
  0x00000154fca7db20 GCTaskThread "GC Thread#1" [stack: 0x0000002c40100000,0x0000002c40200000] [id=15400]
  0x00000154f99809e0 ConcurrentGCThread "G1 Main Marker" [stack: 0x0000002c3f000000,0x0000002c3f100000] [id=5900]
  0x00000154f9982400 ConcurrentGCThread "G1 Conc#0" [stack: 0x0000002c3f100000,0x0000002c3f200000] [id=12012]
  0x00000154f99caf70 ConcurrentGCThread "G1 Refine#0" [stack: 0x0000002c3f200000,0x0000002c3f300000] [id=12324]
  0x00000154f99cb990 ConcurrentGCThread "G1 Service" [stack: 0x0000002c3f300000,0x0000002c3f400000] [id=3664]

Threads with active compile tasks:
C2 CompilerThread0    31022 1863       4       org.gradle.internal.logging.text.AbstractLineChoppingStyledTextOutput$1::execute (140 bytes)

VM state: not at safepoint (normal execution)

VM Mutex/Monitor currently owned by a thread: None

Heap address: 0x00000000fc000000, size: 64 MB, Compressed Oops mode: 32-bit

CDS archive(s) mapped at: [0x0000000800000000-0x0000000800bc0000-0x0000000800bc0000), size 12320768, SharedBaseAddress: 0x0000000800000000, ArchiveRelocationMode: 0.
Compressed class space mapped at: 0x0000000800c00000-0x0000000840c00000, reserved size: 1073741824
Narrow klass base: 0x0000000800000000, Narrow klass shift: 0, Narrow klass range: 0x100000000

GC Precious Log:
 CPUs: 2 total, 2 available
 Memory: 5965M
 Large Page Support: Disabled
 NUMA Support: Disabled
 Compressed Oops: Enabled (32-bit)
 Heap Region Size: 1M
 Heap Min Capacity: 64M
 Heap Initial Capacity: 64M
 Heap Max Capacity: 64M
 Pre-touch: Disabled
 Parallel Workers: 2
 Concurrent Workers: 1
 Concurrent Refinement Workers: 2
 Periodic GC: Disabled

Heap:
 garbage-first heap   total 65536K, used 22061K [0x00000000fc000000, 0x0000000100000000)
  region size 1024K, 14 young (14336K), 5 survivors (5120K)
 Metaspace       used 10702K, committed 10880K, reserved 1064960K
  class space    used 1395K, committed 1472K, reserved 1048576K

Heap Regions: E=young(eden), S=young(survivor), O=old, HS=humongous(starts), HC=humongous(continues), CS=collection set, F=free, OA=open archive, CA=closed archive, TAMS=top-at-mark-start (previous, next)
|   0|0x00000000fc000000, 0x00000000fc100000, 0x00000000fc100000|100%| O|  |TAMS 0x00000000fc000000, 0x00000000fc000000| Untracked 
|   1|0x00000000fc100000, 0x00000000fc200000, 0x00000000fc200000|100%| O|  |TAMS 0x00000000fc100000, 0x00000000fc100000| Untracked 
|   2|0x00000000fc200000, 0x00000000fc300000, 0x00000000fc300000|100%|HS|  |TAMS 0x00000000fc200000, 0x00000000fc200000| Complete 
|   3|0x00000000fc300000, 0x00000000fc400000, 0x00000000fc400000|100%|HC|  |TAMS 0x00000000fc300000, 0x00000000fc300000| Complete 
|   4|0x00000000fc400000, 0x00000000fc500000, 0x00000000fc500000|100%|HC|  |TAMS 0x00000000fc400000, 0x00000000fc400000| Complete 
|   5|0x00000000fc500000, 0x00000000fc600000, 0x00000000fc600000|100%|HC|  |TAMS 0x00000000fc500000, 0x00000000fc500000| Complete 
|   6|0x00000000fc600000, 0x00000000fc700000, 0x00000000fc700000|100%| O|  |TAMS 0x00000000fc600000, 0x00000000fc600000| Untracked 
|   7|0x00000000fc700000, 0x00000000fc800000, 0x00000000fc800000|100%| O|  |TAMS 0x00000000fc700000, 0x00000000fc700000| Untracked 
|   8|0x00000000fc800000, 0x00000000fc88b400, 0x00000000fc900000| 54%| O|  |TAMS 0x00000000fc800000, 0x00000000fc800000| Untracked 
|   9|0x00000000fc900000, 0x00000000fc900000, 0x00000000fca00000|  0%| F|  |TAMS 0x00000000fc900000, 0x00000000fc900000| Untracked 
|  10|0x00000000fca00000, 0x00000000fca00000, 0x00000000fcb00000|  0%| F|  |TAMS 0x00000000fca00000, 0x00000000fca00000| Untracked 
|  11|0x00000000fcb00000, 0x00000000fcb00000, 0x00000000fcc00000|  0%| F|  |TAMS 0x00000000fcb00000, 0x00000000fcb00000| Untracked 
|  12|0x00000000fcc00000, 0x00000000fcc00000, 0x00000000fcd00000|  0%| F|  |TAMS 0x00000000fcc00000, 0x00000000fcc00000| Untracked 
|  13|0x00000000fcd00000, 0x00000000fcd00000, 0x00000000fce00000|  0%| F|  |TAMS 0x00000000fcd00000, 0x00000000fcd00000| Untracked 
|  14|0x00000000fce00000, 0x00000000fce00000, 0x00000000fcf00000|  0%| F|  |TAMS 0x00000000fce00000, 0x00000000fce00000| Untracked 
|  15|0x00000000fcf00000, 0x00000000fcf00000, 0x00000000fd000000|  0%| F|  |TAMS 0x00000000fcf00000, 0x00000000fcf00000| Untracked 
|  16|0x00000000fd000000, 0x00000000fd000000, 0x00000000fd100000|  0%| F|  |TAMS 0x00000000fd000000, 0x00000000fd000000| Untracked 
|  17|0x00000000fd100000, 0x00000000fd100000, 0x00000000fd200000|  0%| F|  |TAMS 0x00000000fd100000, 0x00000000fd100000| Untracked 
|  18|0x00000000fd200000, 0x00000000fd200000, 0x00000000fd300000|  0%| F|  |TAMS 0x00000000fd200000, 0x00000000fd200000| Untracked 
|  19|0x00000000fd300000, 0x00000000fd300000, 0x00000000fd400000|  0%| F|  |TAMS 0x00000000fd300000, 0x00000000fd300000| Untracked 
|  20|0x00000000fd400000, 0x00000000fd400000, 0x00000000fd500000|  0%| F|  |TAMS 0x00000000fd400000, 0x00000000fd400000| Untracked 
|  21|0x00000000fd500000, 0x00000000fd600000, 0x00000000fd600000|100%| S|CS|TAMS 0x00000000fd500000, 0x00000000fd500000| Complete 
|  22|0x00000000fd600000, 0x00000000fd700000, 0x00000000fd700000|100%| S|CS|TAMS 0x00000000fd600000, 0x00000000fd600000| Complete 
|  23|0x00000000fd700000, 0x00000000fd800000, 0x00000000fd800000|100%| S|CS|TAMS 0x00000000fd700000, 0x00000000fd700000| Complete 
|  24|0x00000000fd800000, 0x00000000fd900000, 0x00000000fd900000|100%| S|CS|TAMS 0x00000000fd800000, 0x00000000fd800000| Complete 
|  25|0x00000000fd900000, 0x00000000fda00000, 0x00000000fda00000|100%| S|CS|TAMS 0x00000000fd900000, 0x00000000fd900000| Complete 
|  26|0x00000000fda00000, 0x00000000fda00000, 0x00000000fdb00000|  0%| F|  |TAMS 0x00000000fda00000, 0x00000000fda00000| Untracked 
|  27|0x00000000fdb00000, 0x00000000fdb00000, 0x00000000fdc00000|  0%| F|  |TAMS 0x00000000fdb00000, 0x00000000fdb00000| Untracked 
|  28|0x00000000fdc00000, 0x00000000fdc00000, 0x00000000fdd00000|  0%| F|  |TAMS 0x00000000fdc00000, 0x00000000fdc00000| Untracked 
|  29|0x00000000fdd00000, 0x00000000fdd00000, 0x00000000fde00000|  0%| F|  |TAMS 0x00000000fdd00000, 0x00000000fdd00000| Untracked 
|  30|0x00000000fde00000, 0x00000000fde00000, 0x00000000fdf00000|  0%| F|  |TAMS 0x00000000fde00000, 0x00000000fde00000| Untracked 
|  31|0x00000000fdf00000, 0x00000000fdf00000, 0x00000000fe000000|  0%| F|  |TAMS 0x00000000fdf00000, 0x00000000fdf00000| Untracked 
|  32|0x00000000fe000000, 0x00000000fe000000, 0x00000000fe100000|  0%| F|  |TAMS 0x00000000fe000000, 0x00000000fe000000| Untracked 
|  33|0x00000000fe100000, 0x00000000fe100000, 0x00000000fe200000|  0%| F|  |TAMS 0x00000000fe100000, 0x00000000fe100000| Untracked 
|  34|0x00000000fe200000, 0x00000000fe200000, 0x00000000fe300000|  0%| F|  |TAMS 0x00000000fe200000, 0x00000000fe200000| Untracked 
|  35|0x00000000fe300000, 0x00000000fe300000, 0x00000000fe400000|  0%| F|  |TAMS 0x00000000fe300000, 0x00000000fe300000| Untracked 
|  36|0x00000000fe400000, 0x00000000fe400000, 0x00000000fe500000|  0%| F|  |TAMS 0x00000000fe400000, 0x00000000fe400000| Untracked 
|  37|0x00000000fe500000, 0x00000000fe500000, 0x00000000fe600000|  0%| F|  |TAMS 0x00000000fe500000, 0x00000000fe500000| Untracked 
|  38|0x00000000fe600000, 0x00000000fe600000, 0x00000000fe700000|  0%| F|  |TAMS 0x00000000fe600000, 0x00000000fe600000| Untracked 
|  39|0x00000000fe700000, 0x00000000fe700000, 0x00000000fe800000|  0%| F|  |TAMS 0x00000000fe700000, 0x00000000fe700000| Untracked 
|  40|0x00000000fe800000, 0x00000000fe800000, 0x00000000fe900000|  0%| F|  |TAMS 0x00000000fe800000, 0x00000000fe800000| Untracked 
|  41|0x00000000fe900000, 0x00000000fe900000, 0x00000000fea00000|  0%| F|  |TAMS 0x00000000fe900000, 0x00000000fe900000| Untracked 
|  42|0x00000000fea00000, 0x00000000fea00000, 0x00000000feb00000|  0%| F|  |TAMS 0x00000000fea00000, 0x00000000fea00000| Untracked 
|  43|0x00000000feb00000, 0x00000000feb00000, 0x00000000fec00000|  0%| F|  |TAMS 0x00000000feb00000, 0x00000000feb00000| Untracked 
|  44|0x00000000fec00000, 0x00000000fec00000, 0x00000000fed00000|  0%| F|  |TAMS 0x00000000fec00000, 0x00000000fec00000| Untracked 
|  45|0x00000000fed00000, 0x00000000fed00000, 0x00000000fee00000|  0%| F|  |TAMS 0x00000000fed00000, 0x00000000fed00000| Untracked 
|  46|0x00000000fee00000, 0x00000000fee00000, 0x00000000fef00000|  0%| F|  |TAMS 0x00000000fee00000, 0x00000000fee00000| Untracked 
|  47|0x00000000fef00000, 0x00000000fef00000, 0x00000000ff000000|  0%| F|  |TAMS 0x00000000fef00000, 0x00000000fef00000| Untracked 
|  48|0x00000000ff000000, 0x00000000ff000000, 0x00000000ff100000|  0%| F|  |TAMS 0x00000000ff000000, 0x00000000ff000000| Untracked 
|  49|0x00000000ff100000, 0x00000000ff100000, 0x00000000ff200000|  0%| F|  |TAMS 0x00000000ff100000, 0x00000000ff100000| Untracked 
|  50|0x00000000ff200000, 0x00000000ff200000, 0x00000000ff300000|  0%| F|  |TAMS 0x00000000ff200000, 0x00000000ff200000| Untracked 
|  51|0x00000000ff300000, 0x00000000ff300000, 0x00000000ff400000|  0%| F|  |TAMS 0x00000000ff300000, 0x00000000ff300000| Untracked 
|  52|0x00000000ff400000, 0x00000000ff400000, 0x00000000ff500000|  0%| F|  |TAMS 0x00000000ff400000, 0x00000000ff400000| Untracked 
|  53|0x00000000ff500000, 0x00000000ff500000, 0x00000000ff600000|  0%| F|  |TAMS 0x00000000ff500000, 0x00000000ff500000| Untracked 
|  54|0x00000000ff600000, 0x00000000ff600000, 0x00000000ff700000|  0%| F|  |TAMS 0x00000000ff600000, 0x00000000ff600000| Untracked 
|  55|0x00000000ff700000, 0x00000000ff780800, 0x00000000ff800000| 50%| E|  |TAMS 0x00000000ff700000, 0x00000000ff700000| Complete 
|  56|0x00000000ff800000, 0x00000000ff900000, 0x00000000ff900000|100%| E|CS|TAMS 0x00000000ff800000, 0x00000000ff800000| Complete 
|  57|0x00000000ff900000, 0x00000000ffa00000, 0x00000000ffa00000|100%| E|CS|TAMS 0x00000000ff900000, 0x00000000ff900000| Complete 
|  58|0x00000000ffa00000, 0x00000000ffb00000, 0x00000000ffb00000|100%| E|CS|TAMS 0x00000000ffa00000, 0x00000000ffa00000| Complete 
|  59|0x00000000ffb00000, 0x00000000ffc00000, 0x00000000ffc00000|100%| E|CS|TAMS 0x00000000ffb00000, 0x00000000ffb00000| Complete 
|  60|0x00000000ffc00000, 0x00000000ffd00000, 0x00000000ffd00000|100%| E|CS|TAMS 0x00000000ffc00000, 0x00000000ffc00000| Complete 
|  61|0x00000000ffd00000, 0x00000000ffe00000, 0x00000000ffe00000|100%| E|CS|TAMS 0x00000000ffd00000, 0x00000000ffd00000| Complete 
|  62|0x00000000ffe00000, 0x00000000fff00000, 0x00000000fff00000|100%| E|CS|TAMS 0x00000000ffe00000, 0x00000000ffe00000| Complete 
|  63|0x00000000fff00000, 0x0000000100000000, 0x0000000100000000|100%| E|CS|TAMS 0x00000000fff00000, 0x00000000fff00000| Complete 

Card table byte_map: [0x00000154f78f0000,0x00000154f7910000] _byte_map_base: 0x00000154f7110000

Marking Bits (Prev, Next): (CMBitMap*) 0x00000154f997f8b0, (CMBitMap*) 0x00000154f997f8f0
 Prev Bits: [0x00000154f9530000, 0x00000154f9630000)
 Next Bits: [0x00000154f9630000, 0x00000154f9730000)

Polling page: 0x00000154f78a0000

Metaspace:

Usage:
  Non-class:      9.09 MB used.
      Class:      1.36 MB used.
       Both:     10.45 MB used.

Virtual space:
  Non-class space:       16.00 MB reserved,       9.19 MB ( 57%) committed,  2 nodes.
      Class space:        1.00 GB reserved,       1.44 MB ( <1%) committed,  1 nodes.
             Both:        1.02 GB reserved,      10.62 MB (  1%) committed. 

Chunk freelists:
   Non-Class:  2.02 MB
       Class:  2.53 MB
        Both:  4.55 MB

MaxMetaspaceSize: unlimited
CompressedClassSpaceSize: 1.00 GB
Initial GC threshold: 21.00 MB
Current GC threshold: 21.00 MB
CDS: on
MetaspaceReclaimPolicy: balanced
 - commit_granule_bytes: 65536.
 - commit_granule_words: 8192.
 - virtual_space_node_default_size: 1048576.
 - enlarge_chunks_in_place: 1.
 - new_chunks_are_fully_committed: 0.
 - uncommit_free_chunks: 1.
 - use_allocation_guard: 0.
 - handle_deallocations: 1.


Internal statistics:

num_allocs_failed_limit: 0.
num_arena_births: 88.
num_arena_deaths: 0.
num_vsnodes_births: 3.
num_vsnodes_deaths: 0.
num_space_committed: 170.
num_space_uncommitted: 0.
num_chunks_returned_to_freelist: 0.
num_chunks_taken_from_freelist: 380.
num_chunk_merges: 0.
num_chunk_splits: 255.
num_chunks_enlarged: 208.
num_purges: 0.
num_inconsistent_stats: 0.

CodeHeap 'non-profiled nmethods': size=120064Kb used=789Kb max_used=789Kb free=119274Kb
 bounds [0x000001548f1f0000, 0x000001548f460000, 0x0000015496730000]
CodeHeap 'profiled nmethods': size=120000Kb used=3613Kb max_used=3613Kb free=116386Kb
 bounds [0x0000015487cc0000, 0x0000015488050000, 0x000001548f1f0000]
CodeHeap 'non-nmethods': size=5696Kb used=1187Kb max_used=1202Kb free=4508Kb
 bounds [0x0000015487730000, 0x00000154879a0000, 0x0000015487cc0000]
 total_blobs=2353 nmethods=1865 adapters=401
 compilation: enabled
              stopped_count=0, restarted_count=0
 full_count=0

Compilation events (20 events):
Event: 30.995 Thread 0x00000154fbc3d320 nmethod 1854 0x0000015488041990 code [0x0000015488041c20, 0x00000154880426a8]
Event: 30.995 Thread 0x00000154fbc38030 nmethod 1856 0x000001548f2b4090 code [0x000001548f2b4200, 0x000001548f2b4258]
Event: 30.995 Thread 0x00000154fbc3d320 1855       3       java.nio.CharBuffer::position (6 bytes)
Event: 30.995 Thread 0x00000154fbc38030 1857       4       org.gradle.internal.logging.text.AbstractLineChoppingStyledTextOutput$StateContext::next (11 bytes)
Event: 30.995 Thread 0x00000154fbc3d320 nmethod 1855 0x0000015488042b10 code [0x0000015488042cc0, 0x0000015488042e68]
Event: 30.995 Thread 0x00000154fbc38030 nmethod 1857 0x000001548f2b4390 code [0x000001548f2b4500, 0x000001548f2b4578]
Event: 30.995 Thread 0x00000154fbc3d320 1858       3       java.nio.ByteBuffer::array (35 bytes)
Event: 30.996 Thread 0x00000154fbc3d320 nmethod 1858 0x0000015488042f10 code [0x00000154880430e0, 0x00000154880433b8]
Event: 30.996 Thread 0x00000154fbc38030 1859       4       sun.nio.cs.SingleByte$Encoder::encode (32 bytes)
Event: 30.997 Thread 0x00000154fbc38030 nmethod 1859 0x000001548f2b4690 code [0x000001548f2b4820, 0x000001548f2b4938]
Event: 30.997 Thread 0x00000154fbc38030 1860       4       org.gradle.internal.logging.text.AbstractLineChoppingStyledTextOutput$StateContext::isCurrentCharEquals (70 bytes)
Event: 30.997 Thread 0x00000154fbc3d320 1861       1       org.gradle.internal.logging.console.DefaultAnsiExecutor::access$000 (5 bytes)
Event: 30.997 Thread 0x00000154fbc3d320 nmethod 1861 0x000001548f2b4a90 code [0x000001548f2b4c20, 0x000001548f2b4cd8]
Event: 30.998 Thread 0x00000154fbc38030 nmethod 1860 0x000001548f2b4d90 code [0x000001548f2b4f20, 0x000001548f2b5068]
Event: 30.998 Thread 0x00000154fbc38030 1862       4       org.gradle.internal.logging.text.AbstractLineChoppingStyledTextOutput$StateContext::hasChar (25 bytes)
Event: 30.998 Thread 0x00000154fbc3d320 1864       3       sun.nio.cs.SingleByte$Encoder::encodeArrayLoop (233 bytes)
Event: 30.998 Thread 0x00000154fbc38030 nmethod 1862 0x000001548f2b5210 code [0x000001548f2b5380, 0x000001548f2b5418]
Event: 30.998 Thread 0x00000154fbc38030 1863       4       org.gradle.internal.logging.text.AbstractLineChoppingStyledTextOutput$1::execute (140 bytes)
Event: 30.999 Thread 0x00000154fbc3d320 nmethod 1864 0x0000015488043510 code [0x0000015488043a20, 0x0000015488046158]
Event: 31.000 Thread 0x00000154fbc3d320 1867       3       org.gradle.internal.logging.console.Cursor::copyFrom (23 bytes)

GC Heap History (8 events):
Event: 0.396 GC heap before
{Heap before GC invocations=0 (full 0):
 garbage-first heap   total 65536K, used 6144K [0x00000000fc000000, 0x0000000100000000)
  region size 1024K, 6 young (6144K), 0 survivors (0K)
 Metaspace       used 1601K, committed 1728K, reserved 1056768K
  class space    used 152K, committed 192K, reserved 1048576K
}
Event: 0.399 GC heap after
{Heap after GC invocations=1 (full 0):
 garbage-first heap   total 65536K, used 1188K [0x00000000fc000000, 0x0000000100000000)
  region size 1024K, 1 young (1024K), 1 survivors (1024K)
 Metaspace       used 1601K, committed 1728K, reserved 1056768K
  class space    used 152K, committed 192K, reserved 1048576K
}
Event: 0.547 GC heap before
{Heap before GC invocations=1 (full 0):
 garbage-first heap   total 65536K, used 7332K [0x00000000fc000000, 0x0000000100000000)
  region size 1024K, 7 young (7168K), 1 survivors (1024K)
 Metaspace       used 1633K, committed 1792K, reserved 1056768K
  class space    used 152K, committed 192K, reserved 1048576K
}
Event: 0.549 GC heap after
{Heap after GC invocations=2 (full 0):
 garbage-first heap   total 65536K, used 1546K [0x00000000fc000000, 0x0000000100000000)
  region size 1024K, 1 young (1024K), 1 survivors (1024K)
 Metaspace       used 1633K, committed 1792K, reserved 1056768K
  class space    used 152K, committed 192K, reserved 1048576K
}
Event: 0.925 GC heap before
{Heap before GC invocations=2 (full 0):
 garbage-first heap   total 65536K, used 12810K [0x00000000fc000000, 0x0000000100000000)
  region size 1024K, 13 young (13312K), 1 survivors (1024K)
 Metaspace       used 1832K, committed 1920K, reserved 1056768K
  class space    used 156K, committed 192K, reserved 1048576K
}
Event: 0.929 GC heap after
{Heap after GC invocations=3 (full 0):
 garbage-first heap   total 65536K, used 3786K [0x00000000fc000000, 0x0000000100000000)
  region size 1024K, 2 young (2048K), 2 survivors (2048K)
 Metaspace       used 1832K, committed 1920K, reserved 1056768K
  class space    used 156K, committed 192K, reserved 1048576K
}
Event: 2.403 GC heap before
{Heap before GC invocations=3 (full 0):
 garbage-first heap   total 65536K, used 44746K [0x00000000fc000000, 0x0000000100000000)
  region size 1024K, 38 young (38912K), 2 survivors (2048K)
 Metaspace       used 8866K, committed 9024K, reserved 1064960K
  class space    used 1180K, committed 1280K, reserved 1048576K
}
Event: 2.413 GC heap after
{Heap after GC invocations=4 (full 0):
 garbage-first heap   total 65536K, used 13869K [0x00000000fc000000, 0x0000000100000000)
  region size 1024K, 5 young (5120K), 5 survivors (5120K)
 Metaspace       used 8866K, committed 9024K, reserved 1064960K
  class space    used 1180K, committed 1280K, reserved 1048576K
}

Deoptimization events (20 events):
Event: 2.590 Thread 0x00000154fd61b450 Uncommon trap: trap_request=0xffffff45 fr.pc=0x000001548f2338a4 relative=0x00000000000004e4
Event: 2.590 Thread 0x00000154fd61b450 Uncommon trap: reason=unstable_if action=reinterpret pc=0x000001548f2338a4 method=java.lang.AbstractStringBuilder.putStringAt(ILjava/lang/String;II)V @ 8 c2
Event: 2.590 Thread 0x00000154fd61b450 DEOPT PACKING pc=0x000001548f2338a4 sp=0x0000002c403fee80
Event: 2.590 Thread 0x00000154fd61b450 DEOPT UNPACKING pc=0x00000154877823a3 sp=0x0000002c403fed08 mode 2
Event: 2.590 Thread 0x00000154fd61b450 Uncommon trap: trap_request=0xffffff45 fr.pc=0x000001548f234518 relative=0x00000000000004d8
Event: 2.590 Thread 0x00000154fd61b450 Uncommon trap: reason=unstable_if action=reinterpret pc=0x000001548f234518 method=java.lang.AbstractStringBuilder.putStringAt(ILjava/lang/String;II)V @ 8 c2
Event: 2.590 Thread 0x00000154fd61b450 DEOPT PACKING pc=0x000001548f234518 sp=0x0000002c403fee10
Event: 2.590 Thread 0x00000154fd61b450 DEOPT UNPACKING pc=0x00000154877823a3 sp=0x0000002c403fed00 mode 2
Event: 2.590 Thread 0x00000154fd61b450 Uncommon trap: trap_request=0xffffff45 fr.pc=0x000001548f2564ec relative=0x00000000000003cc
Event: 2.590 Thread 0x00000154fd61b450 Uncommon trap: reason=unstable_if action=reinterpret pc=0x000001548f2564ec method=java.lang.AbstractStringBuilder.isLatin1()Z @ 10 c2
Event: 2.590 Thread 0x00000154fd61b450 DEOPT PACKING pc=0x000001548f2564ec sp=0x0000002c403fee90
Event: 2.590 Thread 0x00000154fd61b450 DEOPT UNPACKING pc=0x00000154877823a3 sp=0x0000002c403fee10 mode 2
Event: 6.377 Thread 0x00000154fd61b450 Uncommon trap: trap_request=0xffffff45 fr.pc=0x000001548f1fd580 relative=0x0000000000000080
Event: 6.377 Thread 0x00000154fd61b450 Uncommon trap: reason=unstable_if action=reinterpret pc=0x000001548f1fd580 method=java.lang.String.codePointAt(I)I @ 4 c2
Event: 6.377 Thread 0x00000154fd61b450 DEOPT PACKING pc=0x000001548f1fd580 sp=0x0000002c403fee00
Event: 6.377 Thread 0x00000154fd61b450 DEOPT UNPACKING pc=0x00000154877823a3 sp=0x0000002c403fed98 mode 2
Event: 30.988 Thread 0x00000154f995f790 Uncommon trap: trap_request=0xffffff45 fr.pc=0x000001548f28eae4 relative=0x00000000000001c4
Event: 30.988 Thread 0x00000154f995f790 Uncommon trap: reason=unstable_if action=reinterpret pc=0x000001548f28eae4 method=java.net.URI$Parser.scan(IILjava/lang/String;)I @ 26 c2
Event: 30.988 Thread 0x00000154f995f790 DEOPT PACKING pc=0x000001548f28eae4 sp=0x0000002c3eefd2c0
Event: 30.988 Thread 0x00000154f995f790 DEOPT UNPACKING pc=0x00000154877823a3 sp=0x0000002c3eefd250 mode 2

Classes unloaded (0 events):
No events

Classes redefined (0 events):
No events

Internal exceptions (20 events):
Event: 1.438 Thread 0x00000154f995f790 Exception <a 'java/lang/NoSuchMethodError'{0x00000000ff305c48}: 'java.lang.Object java.lang.invoke.Invokers$Holder.invokeExact_MT(java.lang.Object, java.lang.Object, java.lang.Object, java.lang.Object)'> (0x00000000ff305c48) 
thrown [t:\workspace\open\src\hotspot\share\interpreter\linkResolver.cpp, line 766]
Event: 1.454 Thread 0x00000154f995f790 Exception <a 'java/lang/NoSuchMethodError'{0x00000000ff33fad8}: 'java.lang.Object java.lang.invoke.DirectMethodHandle$Holder.invokeVirtual(java.lang.Object, java.lang.Object, java.lang.Object)'> (0x00000000ff33fad8) 
thrown [t:\workspace\open\src\hotspot\share\interpreter\linkResolver.cpp, line 766]
Event: 1.577 Thread 0x00000154f995f790 Exception <a 'java/lang/NoSuchMethodError'{0x00000000fed99e28}: 'java.lang.Object java.lang.invoke.DirectMethodHandle$Holder.newInvokeSpecial(java.lang.Object, java.lang.Object, java.lang.Object, java.lang.Object, java.lang.Object)'> (0x00000000fed99e28) 
thrown [t:\workspace\open\src\hotspot\share\interpreter\linkResolver.cpp, line 766]
Event: 1.649 Thread 0x00000154f995f790 Exception <a 'java/lang/NoSuchMethodError'{0x00000000feab53c0}: 'void java.lang.invoke.DirectMethodHandle$Holder.invokeSpecial(java.lang.Object, java.lang.Object, java.lang.Object)'> (0x00000000feab53c0) 
thrown [t:\workspace\open\src\hotspot\share\interpreter\linkResolver.cpp, line 766]
Event: 1.662 Thread 0x00000154f995f790 Implicit null exception at 0x000001548f25230a to 0x000001548f25284c
Event: 1.662 Thread 0x00000154f995f790 Implicit null exception at 0x000001548f24d18f to 0x000001548f24d6d4
Event: 1.704 Thread 0x00000154f995f790 Exception <a 'java/lang/NoSuchMethodError'{0x00000000fe825888}: 'java.lang.Object java.lang.invoke.DirectMethodHandle$Holder.invokeStaticInit(java.lang.Object)'> (0x00000000fe825888) 
thrown [t:\workspace\open\src\hotspot\share\interpreter\linkResolver.cpp, line 766]
Event: 1.737 Thread 0x00000154f995f790 Exception <a 'java/lang/NoSuchMethodError'{0x00000000fe8d6dc0}: 'int java.lang.invoke.DirectMethodHandle$Holder.invokeVirtual(java.lang.Object, java.lang.Object, java.lang.Object)'> (0x00000000fe8d6dc0) 
thrown [t:\workspace\open\src\hotspot\share\interpreter\linkResolver.cpp, line 766]
Event: 1.807 Thread 0x00000154f995f790 Exception <a 'java/lang/NoSuchMethodError'{0x00000000fe529a70}: 'java.lang.Object java.lang.invoke.DirectMethodHandle$Holder.invokeSpecialIFC(java.lang.Object, java.lang.Object, java.lang.Object, java.lang.Object)'> (0x00000000fe529a70) 
thrown [t:\workspace\open\src\hotspot\share\interpreter\linkResolver.cpp, line 766]
Event: 1.882 Thread 0x00000154f995f790 Exception <a 'java/lang/NoSuchMethodError'{0x00000000fe3f13e0}: 'java.lang.Object java.lang.invoke.DirectMethodHandle$Holder.invokeStaticInit(java.lang.Object, int, int, int, int)'> (0x00000000fe3f13e0) 
thrown [t:\workspace\open\src\hotspot\share\interpreter\linkResolver.cpp, line 766]
Event: 1.949 Thread 0x00000154f995f790 Exception <a 'java/lang/NoSuchMethodError'{0x00000000fe27e0a0}: 'java.lang.Object java.lang.invoke.DirectMethodHandle$Holder.invokeStaticInit(java.lang.Object, java.lang.Object, int, int, int, int)'> (0x00000000fe27e0a0) 
thrown [t:\workspace\open\src\hotspot\share\interpreter\linkResolver.cpp, line 766]
Event: 2.150 Thread 0x00000154f995f790 Exception <a 'java/lang/NoSuchMethodError'{0x00000000fe2d8c18}: 'void java.lang.invoke.DirectMethodHandle$Holder.invokeStatic(java.lang.Object, java.lang.Object, java.lang.Object)'> (0x00000000fe2d8c18) 
thrown [t:\workspace\open\src\hotspot\share\interpreter\linkResolver.cpp, line 766]
Event: 2.561 Thread 0x00000154fd61b450 Exception <a 'java/lang/NoSuchMethodError'{0x00000000ffb0bc08}: 'void java.lang.invoke.DirectMethodHandle$Holder.invokeStatic(java.lang.Object, long)'> (0x00000000ffb0bc08) 
thrown [t:\workspace\open\src\hotspot\share\interpreter\linkResolver.cpp, line 766]
Event: 2.562 Thread 0x00000154fd61b450 Exception <a 'java/lang/NoSuchMethodError'{0x00000000ffb11560}: 'java.lang.Object java.lang.invoke.DirectMethodHandle$Holder.newInvokeSpecial(java.lang.Object, long)'> (0x00000000ffb11560) 
thrown [t:\workspace\open\src\hotspot\share\interpreter\linkResolver.cpp, line 766]
Event: 2.565 Thread 0x00000154fd61b450 Exception <a 'java/lang/NoSuchMethodError'{0x00000000ffb1c118}: 'java.lang.Object java.lang.invoke.DirectMethodHandle$Holder.invokeStaticInit(java.lang.Object, java.lang.Object, long, java.lang.Object)'> (0x00000000ffb1c118) 
thrown [t:\workspace\open\src\hotspot\share\interpreter\linkResolver.cpp, line 766]
Event: 2.566 Thread 0x00000154fd61b450 Exception <a 'java/lang/NoSuchMethodError'{0x00000000ffb227e0}: 'java.lang.Object java.lang.invoke.DirectMethodHandle$Holder.newInvokeSpecial(java.lang.Object, java.lang.Object, long)'> (0x00000000ffb227e0) 
thrown [t:\workspace\open\src\hotspot\share\interpreter\linkResolver.cpp, line 766]
Event: 2.567 Thread 0x00000154fd61b450 Exception <a 'java/lang/NoSuchMethodError'{0x00000000ffb26ad0}: 'java.lang.Object java.lang.invoke.Invokers$Holder.linkToTargetMethod(java.lang.Object, long, java.lang.Object)'> (0x00000000ffb26ad0) 
thrown [t:\workspace\open\src\hotspot\share\interpreter\linkResolver.cpp, line 766]
Event: 30.973 Thread 0x00000154f995f790 Exception <a 'sun/net/ConnectionResetException'{0x00000000ff814b98}: Connection reset> (0x00000000ff814b98) 
thrown [t:\workspace\open\src\hotspot\share\prims\jni.cpp, line 535]
Event: 30.986 Thread 0x00000154f995f790 Exception <a 'java/lang/NoSuchMethodError'{0x00000000ff866c58}: 'int java.lang.invoke.DirectMethodHandle$Holder.invokeVirtual(java.lang.Object, java.lang.Object)'> (0x00000000ff866c58) 
thrown [t:\workspace\open\src\hotspot\share\interpreter\linkResolver.cpp, line 766]
Event: 30.989 Thread 0x00000154f995f790 Exception <a 'java/io/IOException'{0x00000000ff876a60}: Connection reset by peer> (0x00000000ff876a60) 
thrown [t:\workspace\open\src\hotspot\share\prims\jni.cpp, line 535]

VM Operations (20 events):
Event: 10.630 Executing VM operation: Cleanup
Event: 10.630 Executing VM operation: Cleanup done
Event: 13.663 Executing VM operation: Cleanup
Event: 13.663 Executing VM operation: Cleanup done
Event: 14.670 Executing VM operation: Cleanup
Event: 14.670 Executing VM operation: Cleanup done
Event: 17.706 Executing VM operation: Cleanup
Event: 17.706 Executing VM operation: Cleanup done
Event: 18.714 Executing VM operation: Cleanup
Event: 18.714 Executing VM operation: Cleanup done
Event: 22.750 Executing VM operation: Cleanup
Event: 22.750 Executing VM operation: Cleanup done
Event: 24.761 Executing VM operation: Cleanup
Event: 24.761 Executing VM operation: Cleanup done
Event: 26.830 Executing VM operation: Cleanup
Event: 26.830 Executing VM operation: Cleanup done
Event: 27.830 Executing VM operation: Cleanup
Event: 27.830 Executing VM operation: Cleanup done
Event: 30.855 Executing VM operation: Cleanup
Event: 30.855 Executing VM operation: Cleanup done

Events (20 events):
Event: 30.977 loading class sun/nio/fs/WindowsChannelFactory
Event: 30.977 loading class sun/nio/fs/WindowsChannelFactory done
Event: 30.977 loading class sun/nio/fs/WindowsChannelFactory$1
Event: 30.977 loading class sun/nio/fs/WindowsChannelFactory$1 done
Event: 30.977 loading class sun/nio/fs/WindowsChannelFactory$Flags
Event: 30.977 loading class sun/nio/fs/WindowsChannelFactory$Flags done
Event: 30.977 loading class sun/nio/fs/WindowsChannelFactory$2
Event: 30.977 loading class sun/nio/fs/WindowsChannelFactory$2 done
Event: 30.978 loading class sun/nio/ch/FileChannelImpl$Closer
Event: 30.978 loading class sun/nio/ch/FileChannelImpl$Closer done
Event: 30.980 loading class java/util/stream/Streams$1
Event: 30.980 loading class java/util/stream/Streams$1 done
Event: 30.984 loading class java/nio/file/FileChannelLinesSpliterator$1
Event: 30.984 loading class java/nio/file/FileChannelLinesSpliterator$1 done
Event: 30.984 loading class java/nio/channels/Channels
Event: 30.984 loading class java/nio/channels/Channels done
Event: 30.986 loading class java/lang/invoke/MethodHandle$1
Event: 30.986 loading class java/lang/invoke/MethodHandle$1 done
Event: 30.990 loading class java/util/concurrent/ConcurrentLinkedQueue$Itr
Event: 30.990 loading class java/util/concurrent/ConcurrentLinkedQueue$Itr done


Dynamic libraries:
0x00007ff6cd990000 - 0x00007ff6cd9a0000 	C:\Program Files\Java\jdk-17\bin\java.exe
0x00007ffbe6fb0000 - 0x00007ffbe71c7000 	C:\WINDOWS\SYSTEM32\ntdll.dll
0x00007ffbe5a20000 - 0x00007ffbe5ae4000 	C:\WINDOWS\System32\KERNEL32.DLL
0x00007ffbe4350000 - 0x00007ffbe4709000 	C:\WINDOWS\System32\KERNELBASE.dll
0x00007ffbe47b0000 - 0x00007ffbe48c1000 	C:\WINDOWS\System32\ucrtbase.dll
0x00007ffbcf670000 - 0x00007ffbcf688000 	C:\Program Files\Java\jdk-17\bin\jli.dll
0x00007ffbcf650000 - 0x00007ffbcf66a000 	C:\Program Files\Java\jdk-17\bin\VCRUNTIME140.dll
0x00007ffbe6770000 - 0x00007ffbe6822000 	C:\WINDOWS\System32\ADVAPI32.dll
0x00007ffbe6ec0000 - 0x00007ffbe6f67000 	C:\WINDOWS\System32\msvcrt.dll
0x00007ffbe6180000 - 0x00007ffbe6227000 	C:\WINDOWS\System32\sechost.dll
0x00007ffbe4780000 - 0x00007ffbe47a8000 	C:\WINDOWS\System32\bcrypt.dll
0x00007ffbe4ce0000 - 0x00007ffbe4df4000 	C:\WINDOWS\System32\RPCRT4.dll
0x00007ffbe4f20000 - 0x00007ffbe50ce000 	C:\WINDOWS\System32\USER32.dll
0x00007ffbe48d0000 - 0x00007ffbe48f6000 	C:\WINDOWS\System32\win32u.dll
0x00007ffbe6830000 - 0x00007ffbe6859000 	C:\WINDOWS\System32\GDI32.dll
0x00007ffbcb530000 - 0x00007ffbcb7c2000 	C:\WINDOWS\WinSxS\amd64_microsoft.windows.common-controls_6595b64144ccf1df_6.0.22621.4391_none_2715d37f73803e96\COMCTL32.dll
0x00007ffbe4af0000 - 0x00007ffbe4c0b000 	C:\WINDOWS\System32\gdi32full.dll
0x00007ffbe42b0000 - 0x00007ffbe434a000 	C:\WINDOWS\System32\msvcp_win.dll
0x00007ffbdd2d0000 - 0x00007ffbdd2da000 	C:\WINDOWS\SYSTEM32\VERSION.dll
0x00007ffbe4ee0000 - 0x00007ffbe4f11000 	C:\WINDOWS\System32\IMM32.DLL
0x00007ffbdc0d0000 - 0x00007ffbdc0dc000 	C:\Program Files\Java\jdk-17\bin\vcruntime140_1.dll
0x00007ffbbffc0000 - 0x00007ffbc004d000 	C:\Program Files\Java\jdk-17\bin\msvcp140.dll
0x00007ffb3ce10000 - 0x00007ffb3d9ce000 	C:\Program Files\Java\jdk-17\bin\server\jvm.dll
0x00007ffbe4cd0000 - 0x00007ffbe4cd8000 	C:\WINDOWS\System32\PSAPI.DLL
0x00007ffbcd600000 - 0x00007ffbcd609000 	C:\WINDOWS\SYSTEM32\WSOCK32.dll
0x00007ffbe6100000 - 0x00007ffbe6171000 	C:\WINDOWS\System32\WS2_32.dll
0x00007ffbdb160000 - 0x00007ffbdb194000 	C:\WINDOWS\SYSTEM32\WINMM.dll
0x00007ffbe32d0000 - 0x00007ffbe32e8000 	C:\WINDOWS\SYSTEM32\kernel.appcore.dll
0x00007ffbd5060000 - 0x00007ffbd506a000 	C:\Program Files\Java\jdk-17\bin\jimage.dll
0x00007ffbe1de0000 - 0x00007ffbe2012000 	C:\WINDOWS\SYSTEM32\DBGHELP.DLL
0x00007ffbe68e0000 - 0x00007ffbe6c6f000 	C:\WINDOWS\System32\combase.dll
0x00007ffbe4e00000 - 0x00007ffbe4ed7000 	C:\WINDOWS\System32\OLEAUT32.dll
0x00007ffbc6270000 - 0x00007ffbc62a2000 	C:\WINDOWS\SYSTEM32\dbgcore.DLL
0x00007ffbe4900000 - 0x00007ffbe497b000 	C:\WINDOWS\System32\bcryptPrimitives.dll
0x00007ffbcdfc0000 - 0x00007ffbcdfe5000 	C:\Program Files\Java\jdk-17\bin\java.dll
0x00007ffbbfee0000 - 0x00007ffbbffb6000 	C:\Program Files\Java\jdk-17\bin\svml.dll
0x00007ffbe5180000 - 0x00007ffbe59f6000 	C:\WINDOWS\System32\SHELL32.dll
0x00007ffbe21a0000 - 0x00007ffbe2aa3000 	C:\WINDOWS\SYSTEM32\windows.storage.dll
0x00007ffbe2060000 - 0x00007ffbe219f000 	C:\WINDOWS\SYSTEM32\wintypes.dll
0x00007ffbe5f70000 - 0x00007ffbe6069000 	C:\WINDOWS\System32\SHCORE.dll
0x00007ffbe6230000 - 0x00007ffbe628e000 	C:\WINDOWS\System32\shlwapi.dll
0x00007ffbe41e0000 - 0x00007ffbe420b000 	C:\WINDOWS\SYSTEM32\profapi.dll
0x00007ffbce8d0000 - 0x00007ffbce8e9000 	C:\Program Files\Java\jdk-17\bin\net.dll
0x00007ffbdc5c0000 - 0x00007ffbdc6f6000 	C:\WINDOWS\SYSTEM32\WINHTTP.dll
0x00007ffbe3770000 - 0x00007ffbe37d9000 	C:\WINDOWS\system32\mswsock.dll
0x00007ffbc1270000 - 0x00007ffbc1285000 	C:\Program Files\Java\jdk-17\bin\nio.dll
0x00007ffbbfec0000 - 0x00007ffbbfed8000 	C:\Program Files\Java\jdk-17\bin\zip.dll
0x00007ffbcf610000 - 0x00007ffbcf620000 	C:\Program Files\Java\jdk-17\bin\verify.dll
0x00007ffbd0fe0000 - 0x00007ffbd1007000 	C:\Users\Joshu\.gradle\native\c067742578af261105cb4f569cf0c3c89f3d7b1fecec35dd04571415982c5e48\windows-amd64\native-platform.dll
0x00007ffbdf520000 - 0x00007ffbdf52a000 	C:\Users\Joshu\.gradle\native\jansi\1.18\windows64\jansi.dll
0x00007ffbcf640000 - 0x00007ffbcf649000 	C:\Program Files\Java\jdk-17\bin\management.dll
0x00007ffbceb90000 - 0x00007ffbceb9b000 	C:\Program Files\Java\jdk-17\bin\management_ext.dll
0x00007ffbe39d0000 - 0x00007ffbe39eb000 	C:\WINDOWS\SYSTEM32\CRYPTSP.dll
0x00007ffbe3230000 - 0x00007ffbe3265000 	C:\WINDOWS\system32\rsaenh.dll
0x00007ffbe3860000 - 0x00007ffbe3888000 	C:\WINDOWS\SYSTEM32\USERENV.dll
0x00007ffbe39c0000 - 0x00007ffbe39cc000 	C:\WINDOWS\SYSTEM32\CRYPTBASE.dll
0x00007ffbe2db0000 - 0x00007ffbe2ddd000 	C:\WINDOWS\SYSTEM32\IPHLPAPI.DLL
0x00007ffbe6440000 - 0x00007ffbe6449000 	C:\WINDOWS\System32\NSI.dll
0x00007ffbdb670000 - 0x00007ffbdb689000 	C:\WINDOWS\SYSTEM32\dhcpcsvc6.DLL
0x00007ffbdb650000 - 0x00007ffbdb66f000 	C:\WINDOWS\SYSTEM32\dhcpcsvc.DLL
0x00007ffbe2de0000 - 0x00007ffbe2ee2000 	C:\WINDOWS\SYSTEM32\DNSAPI.dll
0x00007ffbcdfb0000 - 0x00007ffbcdfbe000 	C:\Program Files\Java\jdk-17\bin\sunmscapi.dll
0x00007ffbe4980000 - 0x00007ffbe4ae6000 	C:\WINDOWS\System32\CRYPT32.dll
0x00007ffbe3c70000 - 0x00007ffbe3c9d000 	C:\WINDOWS\SYSTEM32\ncrypt.dll
0x00007ffbe3c30000 - 0x00007ffbe3c67000 	C:\WINDOWS\SYSTEM32\NTASN1.dll
0x00007ffbcdf80000 - 0x00007ffbcdf88000 	C:\WINDOWS\system32\wshunix.dll

dbghelp: loaded successfully - version: 4.0.5 - missing functions: none
symbol engine: initialized successfully - sym options: 0x614 - pdb path: .;C:\Program Files\Java\jdk-17\bin;C:\WINDOWS\SYSTEM32;C:\WINDOWS\WinSxS\amd64_microsoft.windows.common-controls_6595b64144ccf1df_6.0.22621.4391_none_2715d37f73803e96;C:\Program Files\Java\jdk-17\bin\server;C:\Users\Joshu\.gradle\native\c067742578af261105cb4f569cf0c3c89f3d7b1fecec35dd04571415982c5e48\windows-amd64;C:\Users\Joshu\.gradle\native\jansi\1.18\windows64

VM Arguments:
jvm_args: -Xmx64m -Xms64m -Dorg.gradle.appname=gradlew 
java_command: org.gradle.wrapper.GradleWrapperMain clean
java_class_path (initial): D:\TabungJo\android\\gradle\wrapper\gradle-wrapper.jar
Launcher Type: SUN_STANDARD

[Global flags]
     intx CICompilerCount                          = 2                                         {product} {ergonomic}
     uint ConcGCThreads                            = 1                                         {product} {ergonomic}
     uint G1ConcRefinementThreads                  = 2                                         {product} {ergonomic}
   size_t G1HeapRegionSize                         = 1048576                                   {product} {ergonomic}
    uintx GCDrainStackTargetSize                   = 64                                        {product} {ergonomic}
   size_t InitialHeapSize                          = 67108864                                  {product} {command line}
   size_t MarkStackSize                            = 4194304                                   {product} {ergonomic}
   size_t MaxHeapSize                              = 67108864                                  {product} {command line}
   size_t MaxNewSize                               = 39845888                                  {product} {ergonomic}
   size_t MinHeapDeltaBytes                        = 1048576                                   {product} {ergonomic}
   size_t MinHeapSize                              = 67108864                                  {product} {command line}
    uintx NonNMethodCodeHeapSize                   = 5826188                                {pd product} {ergonomic}
    uintx NonProfiledCodeHeapSize                  = 122916026                              {pd product} {ergonomic}
    uintx ProfiledCodeHeapSize                     = 122916026                              {pd product} {ergonomic}
    uintx ReservedCodeCacheSize                    = 251658240                              {pd product} {ergonomic}
     bool SegmentedCodeCache                       = true                                      {product} {ergonomic}
   size_t SoftMaxHeapSize                          = 67108864                               {manageable} {ergonomic}
     bool UseCompressedClassPointers               = true                           {product lp64_product} {ergonomic}
     bool UseCompressedOops                        = true                           {product lp64_product} {ergonomic}
     bool UseG1GC                                  = true                                      {product} {ergonomic}
     bool UseLargePagesIndividualAllocation        = false                                  {pd product} {ergonomic}

Logging:
Log output configuration:
 #0: stdout all=warning uptime,level,tags
 #1: stderr all=off uptime,level,tags

Environment Variables:
JAVA_HOME=C:\Program Files\Java\jdk-17
CLASSPATH=D:\TabungJo\android\\gradle\wrapper\gradle-wrapper.jar
PATH=C:\Program Files\Common Files\Oracle\Java\javapath;C:\WINDOWS\system32;C:\WINDOWS;C:\WINDOWS\System32\Wbem;C:\WINDOWS\System32\WindowsPowerShell\v1.0\;C:\WINDOWS\System32\OpenSSH\;C:\Program Files\nodejs\;C:\Program Files\Java\jdk-17\bin;C:\Program Files (x86)\Microsoft SQL Server\160\Tools\Binn\;C:\Program Files\Microsoft SQL Server\160\Tools\Binn\;C:\Program Files\Microsoft SQL Server\Client SDK\ODBC\170\Tools\Binn\;C:\Program Files\Microsoft SQL Server\160\DTS\Binn\;C:\Program Files (x86)\Microsoft SQL Server\160\DTS\Binn\;D:\Git\cmd;D:\Mobile_App_Dev_LocalHost\Android\Sdk\tools;D:\Mobile_App_Dev_LocalHost\Android\Sdk\platform-tools;C:\Users\Joshu\AppData\Local\Microsoft\WindowsApps;C:\Users\Joshu\AppData\Roaming\npm;C:\Users\Joshu\AppData\Local\Android\Sdk\platform-tools;D:\Microsoft VS Code\bin;D:\Mobile_App_Dev_LocalHost\Android\Sdk\emulator;D:\Mobile_App_Dev_LocalHost\Android\Sdk\platform_tools;D:\Mobile_App_Dev_LocalHost\Android\Sdk\tools;D:\Mobile_App_Dev_LocalHost\Android\Sdk\tools\bin;C:\Program Files\Java\jdk-17\bin;D:\Mobile_App_Dev_LocalHost\Android\Sdk\cmdline-tools\latest\bin;
USERNAME=Joshu
OS=Windows_NT
PROCESSOR_IDENTIFIER=AMD64 Family 23 Model 160 Stepping 0, AuthenticAMD



---------------  S Y S T E M  ---------------

OS:
 Windows 10 , 64 bit Build 22621 (10.0.22621.4391)
OS uptime: 0 days 2:02 hours
Hyper-V role detected

CPU: total 2 (initial active 2) (2 cores per cpu, 1 threads per core) family 23 model 160 stepping 0 microcode 0x0, cx8, cmov, fxsr, mmx, 3dnowpref, sse, sse2, sse3, ssse3, sse4a, sse4.1, sse4.2, popcnt, lzcnt, tsc, tscinvbit, avx, avx2, aes, clmul, bmi1, bmi2, adx, sha, fma, vzeroupper, clflush, clflushopt, hv

Memory: 4k page, system-wide physical 5965M (461M free)
TotalPageFile size 15820M (AvailPageFile size 2M)
current process WorkingSet (physical memory assigned to process): 110M, peak: 114M
current process commit charge ("private bytes"): 154M, peak: 158M

vm_info: Java HotSpot(TM) 64-Bit Server VM (17+35-LTS-2724) for windows-amd64 JRE (17+35-LTS-2724), built on Aug  5 2021 23:28:28 by "mach5one" with MS VC++ 16.8 (VS2019)

END.
