#
# There is insufficient memory for the Java Runtime Environment to continue.
# Native memory allocation (malloc) failed to allocate 295056 bytes for Chunk::new
# Possible reasons:
#   The system is out of physical RAM or swap space
#   The process is running with CompressedOops enabled, and the Java Heap may be blocking the growth of the native heap
# Possible solutions:
#   Reduce memory load on the system
#   Increase physical memory or swap space
#   Check if swap backing store is full
#   Decrease Java heap size (-Xmx/-Xms)
#   Decrease number of Java threads
#   Decrease Java thread stack sizes (-Xss)
#   Set larger code cache with -XX:ReservedCodeCacheSize=
#   JVM is running with Unscaled Compressed Oops mode in which the Java heap is
#     placed in the first 4GB address space. The Java Heap base address is the
#     maximum limit for the native heap growth. Please use -XX:HeapBaseMinAddress
#     to set the Java Heap base and to place the Java Heap above 4GB virtual address.
# This output file may be truncated or incomplete.
#
#  Out of Memory Error (arena.cpp:189), pid=17248, tid=3548
#
# JRE version: Java(TM) SE Runtime Environment (17.0+35) (build 17+35-LTS-2724)
# Java VM: Java HotSpot(TM) 64-Bit Server VM (17+35-LTS-2724, mixed mode, sharing, tiered, compressed oops, compressed class ptrs, g1 gc, windows-amd64)
# No core dump will be written. Minidumps are not enabled by default on client versions of Windows
#

---------------  S U M M A R Y ------------

Command Line: -XX:MaxMetaspaceSize=512m --add-opens=java.base/java.util=ALL-UNNAMED --add-opens=java.base/java.lang=ALL-UNNAMED --add-opens=java.base/java.lang.invoke=ALL-UNNAMED --add-opens=java.prefs/java.util.prefs=ALL-UNNAMED --add-exports=jdk.compiler/com.sun.tools.javac.api=ALL-UNNAMED --add-exports=jdk.compiler/com.sun.tools.javac.util=ALL-UNNAMED --add-opens=java.base/java.nio.charset=ALL-UNNAMED --add-opens=java.base/java.net=ALL-UNNAMED --add-opens=java.base/java.util.concurrent.atomic=ALL-UNNAMED -Xmx2048m -Dfile.encoding=windows-1252 -Duser.country=ID -Duser.language=en -Duser.variant -javaagent:C:\Users\Joshu\.gradle\wrapper\dists\gradle-8.10.2-all\7iv73wktx1xtkvlq19urqw1wm\gradle-8.10.2\lib\agents\gradle-instrumentation-agent-8.10.2.jar org.gradle.launcher.daemon.bootstrap.GradleDaemon 8.10.2

Host: AMD Athlon Silver 7120U with Radeon Graphics   , 2 cores, 5G,  Windows 10 , 64 bit Build 22621 (10.0.22621.4391)
Time: Fri Apr 25 01:59:45 2025 Malay Peninsula Standard Time elapsed time: 93.464552 seconds (0d 0h 1m 33s)

---------------  T H R E A D  ---------------

Current thread (0x00000185ff24c0a0):  JavaThread "C2 CompilerThread0" daemon [_thread_in_native, id=3548, stack(0x0000006fb1300000,0x0000006fb1400000)]


Current CompileTask:
C2:  93464 14296       4       org.objectweb.asm.ClassReader::readCode (5117 bytes)

Stack: [0x0000006fb1300000,0x0000006fb1400000]
Native frames: (J=compiled Java code, j=interpreted, Vv=VM code, C=native code)
V  [jvm.dll+0x66f8ea]
V  [jvm.dll+0x7ce224]
V  [jvm.dll+0x7cf9ce]
V  [jvm.dll+0x7d0033]
V  [jvm.dll+0x242bb5]
V  [jvm.dll+0xaa05b]
V  [jvm.dll+0xaa5ec]
V  [jvm.dll+0x55ab09]
V  [jvm.dll+0x329f90]
V  [jvm.dll+0x32940a]
V  [jvm.dll+0x215ca1]
V  [jvm.dll+0x2150c1]
V  [jvm.dll+0x1a168d]
V  [jvm.dll+0x2248f8]
V  [jvm.dll+0x222a5c]
V  [jvm.dll+0x78422b]
V  [jvm.dll+0x77e7ea]
V  [jvm.dll+0x66e715]
C  [ucrtbase.dll+0x29333]
C  [KERNEL32.DLL+0x1259d]
C  [ntdll.dll+0x5af38]


---------------  P R O C E S S  ---------------

Threads class SMR info:
_java_thread_list=0x00000185a012d170, length=70, elements={
0x00000185f6d08040, 0x00000185ff22d4e0, 0x00000185ff22e260, 0x00000185ff2464e0,
0x00000185ff247260, 0x00000185ff24ab40, 0x00000185ff24b400, 0x00000185ff24c0a0,
0x00000185ff2ac180, 0x00000185ff2b9fa0, 0x00000185ffc203f0, 0x00000185ffcc8f70,
0x0000018596696450, 0x000001859619cd10, 0x0000018596891170, 0x000001859684b040,
0x000001859684b510, 0x000001859680af10, 0x0000018596888fd0, 0x0000018595c83c00,
0x0000018595c80be0, 0x0000018595c828c0, 0x0000018595c810b0, 0x0000018595c81f20,
0x0000018595c81580, 0x0000018595c83260, 0x0000018595c840d0, 0x0000018595c845a0,
0x0000018595c83730, 0x0000018597638fb0, 0x000001859763dcb0, 0x0000018597639950,
0x000001859763eff0, 0x000001859763e180, 0x000001859763ce40, 0x000001859763a7c0,
0x000001859763eb20, 0x000001859763c970, 0x0000018597639e20, 0x000001859763bb00,
0x0000018597638ae0, 0x000001859763b160, 0x0000018597638610, 0x000001859729ad60,
0x000001859729dd80, 0x000001859729b230, 0x0000018597298210, 0x0000018597298bb0,
0x000001859729c0a0, 0x000001859729cf10, 0x0000018597296ed0, 0x0000018597299a20,
0x00000185972973a0, 0x0000018597299ef0, 0x000001859729a890, 0x0000018597401210,
0x00000185974016e0, 0x00000185973ffed0, 0x0000018597402550, 0x00000185974003a0,
0x0000018597402a20, 0x0000018597400870, 0x00000185973ff060, 0x00000185973ff530,
0x00000185973ffa00, 0x000001859be07880, 0x000001859be08220, 0x000001859be07d50,
0x000001859be09560, 0x000001859be09a30
}

Java Threads: ( => current thread )
  0x00000185f6d08040 JavaThread "main" [_thread_blocked, id=11832, stack(0x0000006fb0600000,0x0000006fb0700000)]
  0x00000185ff22d4e0 JavaThread "Reference Handler" daemon [_thread_blocked, id=17300, stack(0x0000006fb0d00000,0x0000006fb0e00000)]
  0x00000185ff22e260 JavaThread "Finalizer" daemon [_thread_blocked, id=7756, stack(0x0000006fb0e00000,0x0000006fb0f00000)]
  0x00000185ff2464e0 JavaThread "Signal Dispatcher" daemon [_thread_blocked, id=7440, stack(0x0000006fb0f00000,0x0000006fb1000000)]
  0x00000185ff247260 JavaThread "Attach Listener" daemon [_thread_blocked, id=16436, stack(0x0000006fb1000000,0x0000006fb1100000)]
  0x00000185ff24ab40 JavaThread "Service Thread" daemon [_thread_blocked, id=1136, stack(0x0000006fb1100000,0x0000006fb1200000)]
  0x00000185ff24b400 JavaThread "Monitor Deflation Thread" daemon [_thread_blocked, id=16412, stack(0x0000006fb1200000,0x0000006fb1300000)]
=>0x00000185ff24c0a0 JavaThread "C2 CompilerThread0" daemon [_thread_in_native, id=3548, stack(0x0000006fb1300000,0x0000006fb1400000)]
  0x00000185ff2ac180 JavaThread "C1 CompilerThread0" daemon [_thread_blocked, id=16092, stack(0x0000006fb1400000,0x0000006fb1500000)]
  0x00000185ff2b9fa0 JavaThread "Sweeper thread" daemon [_thread_blocked, id=12644, stack(0x0000006fb1500000,0x0000006fb1600000)]
  0x00000185ffc203f0 JavaThread "Common-Cleaner" daemon [_thread_blocked, id=876, stack(0x0000006fb1600000,0x0000006fb1700000)]
  0x00000185ffcc8f70 JavaThread "Notification Thread" daemon [_thread_blocked, id=16128, stack(0x0000006fb1700000,0x0000006fb1800000)]
  0x0000018596696450 JavaThread "Daemon health stats" [_thread_blocked, id=16768, stack(0x0000006fb1a00000,0x0000006fb1b00000)]
  0x000001859619cd10 JavaThread "Incoming local TCP Connector on port 52478" [_thread_in_native, id=8120, stack(0x0000006fb1b00000,0x0000006fb1c00000)]
  0x0000018596891170 JavaThread "Daemon periodic checks" [_thread_blocked, id=16764, stack(0x0000006fb1c00000,0x0000006fb1d00000)]
  0x000001859684b040 JavaThread "Daemon" [_thread_blocked, id=15780, stack(0x0000006fb1d00000,0x0000006fb1e00000)]
  0x000001859684b510 JavaThread "Handler for socket connection from /127.0.0.1:52478 to /127.0.0.1:52480" [_thread_in_native, id=2284, stack(0x0000006fb1e00000,0x0000006fb1f00000)]
  0x000001859680af10 JavaThread "Cancel handler" [_thread_blocked, id=2968, stack(0x0000006fb1f00000,0x0000006fb2000000)]
  0x0000018596888fd0 JavaThread "Daemon worker" [_thread_in_Java, id=12572, stack(0x0000006fb2000000,0x0000006fb2100000)]
  0x0000018595c83c00 JavaThread "Asynchronous log dispatcher for DefaultDaemonConnection: socket connection from /127.0.0.1:52478 to /127.0.0.1:52480" [_thread_blocked, id=9852, stack(0x0000006fb2100000,0x0000006fb2200000)]
  0x0000018595c80be0 JavaThread "Stdin handler" [_thread_blocked, id=7948, stack(0x0000006fb2200000,0x0000006fb2300000)]
  0x0000018595c828c0 JavaThread "Daemon client event forwarder" [_thread_blocked, id=15884, stack(0x0000006fb2300000,0x0000006fb2400000)]
  0x0000018595c810b0 JavaThread "Cache worker for journal cache (C:\Users\Joshu\.gradle\caches\journal-1)" [_thread_blocked, id=6320, stack(0x0000006fb2400000,0x0000006fb2500000)]
  0x0000018595c81f20 JavaThread "File lock request listener" [_thread_in_native, id=17120, stack(0x0000006fb2500000,0x0000006fb2600000)]
  0x0000018595c81580 JavaThread "Cache worker for file hash cache (C:\Users\Joshu\.gradle\caches\8.10.2\fileHashes)" [_thread_blocked, id=10368, stack(0x0000006fb2600000,0x0000006fb2700000)]
  0x0000018595c83260 JavaThread "Cache worker for file hash cache (D:\TabungJo\android\.gradle\8.10.2\fileHashes)" [_thread_blocked, id=5852, stack(0x0000006fb2700000,0x0000006fb2800000)]
  0x0000018595c840d0 JavaThread "Cache worker for Build Output Cleanup Cache (D:\TabungJo\android\.gradle\buildOutputCleanup)" [_thread_blocked, id=17244, stack(0x0000006fb2800000,0x0000006fb2900000)]
  0x0000018595c845a0 JavaThread "File watcher server" daemon [_thread_in_native, id=1460, stack(0x0000006fb2900000,0x0000006fb2a00000)]
  0x0000018595c83730 JavaThread "File watcher consumer" daemon [_thread_blocked, id=11668, stack(0x0000006fb2a00000,0x0000006fb2b00000)]
  0x0000018597638fb0 JavaThread "Cache worker for checksums cache (D:\TabungJo\android\.gradle\8.10.2\checksums)" [_thread_blocked, id=16568, stack(0x0000006fb2b00000,0x0000006fb2c00000)]
  0x000001859763dcb0 JavaThread "Cache worker for file content cache (C:\Users\Joshu\.gradle\caches\8.10.2\fileContent)" [_thread_blocked, id=17236, stack(0x0000006fb2c00000,0x0000006fb2d00000)]
  0x0000018597639950 JavaThread "Cache worker for cache directory md-rule (C:\Users\Joshu\.gradle\caches\8.10.2\md-rule)" [_thread_blocked, id=10592, stack(0x0000006fb2d00000,0x0000006fb2e00000)]
  0x000001859763eff0 JavaThread "Cache worker for cache directory md-supplier (C:\Users\Joshu\.gradle\caches\8.10.2\md-supplier)" [_thread_blocked, id=16888, stack(0x0000006fb2e00000,0x0000006fb2f00000)]
  0x000001859763e180 JavaThread "jar transforms" [_thread_blocked, id=14828, stack(0x0000006fb3000000,0x0000006fb3100000)]
  0x000001859763ce40 JavaThread "Cache worker for Build Output Cleanup Cache (D:\TabungJo\node_modules\@react-native\gradle-plugin\.gradle\buildOutputCleanup)" [_thread_blocked, id=10624, stack(0x0000006fb3100000,0x0000006fb3200000)]
  0x000001859763a7c0 JavaThread "Unconstrained build operations" [_thread_blocked, id=16080, stack(0x0000006fb3200000,0x0000006fb3300000)]
  0x000001859763eb20 JavaThread "Unconstrained build operations Thread 2" [_thread_blocked, id=13092, stack(0x0000006fb3300000,0x0000006fb3400000)]
  0x000001859763c970 JavaThread "Unconstrained build operations Thread 3" [_thread_blocked, id=3564, stack(0x0000006fb3400000,0x0000006fb3500000)]
  0x0000018597639e20 JavaThread "Unconstrained build operations Thread 4" [_thread_blocked, id=16572, stack(0x0000006fb3500000,0x0000006fb3600000)]
  0x000001859763bb00 JavaThread "Unconstrained build operations Thread 5" [_thread_blocked, id=17268, stack(0x0000006fb3600000,0x0000006fb3700000)]
  0x0000018597638ae0 JavaThread "Unconstrained build operations Thread 6" [_thread_blocked, id=17332, stack(0x0000006fb3700000,0x0000006fb3800000)]
  0x000001859763b160 JavaThread "build event listener" [_thread_blocked, id=4328, stack(0x0000006fb3800000,0x0000006fb3900000)]
  0x0000018597638610 JavaThread "Memory manager" [_thread_blocked, id=7916, stack(0x0000006fb3900000,0x0000006fb3a00000)]
  0x000001859729ad60 JavaThread "included builds" [_thread_blocked, id=12672, stack(0x0000006fb3b00000,0x0000006fb3c00000)]
  0x000001859729dd80 JavaThread "Execution worker" [_thread_blocked, id=16592, stack(0x0000006fb3c00000,0x0000006fb3d00000)]
  0x000001859729b230 JavaThread "Cache worker for execution history cache (D:\TabungJo\node_modules\@react-native\gradle-plugin\.gradle\8.10.2\executionHistory)" [_thread_blocked, id=17308, stack(0x0000006fb3d00000,0x0000006fb3e00000)]
  0x0000018597298210 JavaThread "Unconstrained build operations Thread 7" [_thread_blocked, id=10336, stack(0x0000006fb3e00000,0x0000006fb3f00000)]
  0x0000018597298bb0 JavaThread "Unconstrained build operations Thread 8" [_thread_blocked, id=15688, stack(0x0000006fb3f00000,0x0000006fb4000000)]
  0x000001859729c0a0 JavaThread "Unconstrained build operations Thread 9" [_thread_blocked, id=5732, stack(0x0000006fb4000000,0x0000006fb4100000)]
  0x000001859729cf10 JavaThread "WorkerExecutor Queue" [_thread_blocked, id=9932, stack(0x0000006fb4100000,0x0000006fb4200000)]
  0x0000018597296ed0 JavaThread "RMI Scheduler(0)" daemon [_thread_blocked, id=4256, stack(0x0000006fb4200000,0x0000006fb4300000)]
  0x0000018597299a20 JavaThread "RMI GC Daemon" daemon [_thread_blocked, id=14008, stack(0x0000006fb4400000,0x0000006fb4500000)]
  0x00000185972973a0 JavaThread "RMI TCP Accept-0" daemon [_thread_in_native, id=14308, stack(0x0000006fb4500000,0x0000006fb4600000)]
  0x0000018597299ef0 JavaThread "RMI Reaper" [_thread_blocked, id=8980, stack(0x0000006fb4600000,0x0000006fb4700000)]
  0x000001859729a890 JavaThread "RMI TCP Connection(idle)" daemon [_thread_blocked, id=5284, stack(0x0000006fb4700000,0x0000006fb4800000)]
  0x0000018597401210 JavaThread "Unconstrained build operations Thread 10" [_thread_blocked, id=14932, stack(0x0000006fb4800000,0x0000006fb4900000)]
  0x00000185974016e0 JavaThread "Unconstrained build operations Thread 11" [_thread_blocked, id=2580, stack(0x0000006fb4900000,0x0000006fb4a00000)]
  0x00000185973ffed0 JavaThread "WorkerExecutor Queue Thread 2" [_thread_blocked, id=14012, stack(0x0000006fb4b00000,0x0000006fb4c00000)]
  0x0000018597402550 JavaThread "RMI TCP Connection(idle)" daemon [_thread_blocked, id=17088, stack(0x0000006fb4d00000,0x0000006fb4e00000)]
  0x00000185974003a0 JavaThread "Unconstrained build operations Thread 12" [_thread_blocked, id=5144, stack(0x0000006fb4e00000,0x0000006fb4f00000)]
  0x0000018597402a20 JavaThread "Unconstrained build operations Thread 13" [_thread_blocked, id=6376, stack(0x0000006fb4f00000,0x0000006fb5000000)]
  0x0000018597400870 JavaThread "Unconstrained build operations Thread 14" [_thread_blocked, id=6864, stack(0x0000006fb5000000,0x0000006fb5100000)]
  0x00000185973ff060 JavaThread "jar transforms Thread 2" [_thread_blocked, id=10312, stack(0x0000006fb5100000,0x0000006fb5200000)]
  0x00000185973ff530 JavaThread "Unconstrained build operations Thread 15" [_thread_blocked, id=848, stack(0x0000006fb4c00000,0x0000006fb4d00000)]
  0x00000185973ffa00 JavaThread "Unconstrained build operations Thread 16" [_thread_blocked, id=17224, stack(0x0000006fb5200000,0x0000006fb5300000)]
  0x000001859be07880 JavaThread "Unconstrained build operations Thread 17" [_thread_blocked, id=3960, stack(0x0000006fb0400000,0x0000006fb0500000)]
  0x000001859be08220 JavaThread "Unconstrained build operations Thread 18" [_thread_blocked, id=5364, stack(0x0000006fb0500000,0x0000006fb0600000)]
  0x000001859be07d50 JavaThread "Unconstrained build operations Thread 19" [_thread_blocked, id=12600, stack(0x0000006fb5300000,0x0000006fb5400000)]
  0x000001859be09560 JavaThread "build event listener" [_thread_blocked, id=14880, stack(0x0000006fb5400000,0x0000006fb5500000)]
  0x000001859be09a30 JavaThread "Unconstrained build operations Thread 20" [_thread_blocked, id=9752, stack(0x0000006fb3a00000,0x0000006fb3b00000)]

Other Threads:
  0x00000185ff225ff0 VMThread "VM Thread" [stack: 0x0000006fb0c00000,0x0000006fb0d00000] [id=17368]
  0x00000185f6d08dc0 WatcherThread [stack: 0x0000006fb1800000,0x0000006fb1900000] [id=5892]
  0x00000185f6d45300 GCTaskThread "GC Thread#0" [stack: 0x0000006fb0700000,0x0000006fb0800000] [id=16404]
  0x00000185ffdc2290 GCTaskThread "GC Thread#1" [stack: 0x0000006fb1900000,0x0000006fb1a00000] [id=12472]
  0x00000185f6d56150 ConcurrentGCThread "G1 Main Marker" [stack: 0x0000006fb0800000,0x0000006fb0900000] [id=16460]
  0x00000185f6d56a70 ConcurrentGCThread "G1 Conc#0" [stack: 0x0000006fb0900000,0x0000006fb0a00000] [id=2656]
  0x00000185f6db2930 ConcurrentGCThread "G1 Refine#0" [stack: 0x0000006fb0a00000,0x0000006fb0b00000] [id=4700]
  0x0000018598ee2060 ConcurrentGCThread "G1 Refine#1" [stack: 0x0000006fb2f00000,0x0000006fb3000000] [id=6728]
  0x00000185f6db3260 ConcurrentGCThread "G1 Service" [stack: 0x0000006fb0b00000,0x0000006fb0c00000] [id=17192]

Threads with active compile tasks:
C2 CompilerThread0    93528 14296       4       org.objectweb.asm.ClassReader::readCode (5117 bytes)
C1 CompilerThread0    93528 14324       3       org.gradle.internal.extensibility.ExtensibleDynamicObject$1::<init> (35 bytes)

VM state: not at safepoint (normal execution)

VM Mutex/Monitor currently owned by a thread: None

Heap address: 0x0000000080000000, size: 2048 MB, Compressed Oops mode: 32-bit

CDS archive(s) mapped at: [0x0000000800000000-0x0000000800bc0000-0x0000000800bc0000), size 12320768, SharedBaseAddress: 0x0000000800000000, ArchiveRelocationMode: 0.
Compressed class space mapped at: 0x0000000800c00000-0x000000081a800000, reserved size: 432013312
Narrow klass base: 0x0000000800000000, Narrow klass shift: 0, Narrow klass range: 0x100000000

GC Precious Log:
 CPUs: 2 total, 2 available
 Memory: 5965M
 Large Page Support: Disabled
 NUMA Support: Disabled
 Compressed Oops: Enabled (32-bit)
 Heap Region Size: 1M
 Heap Min Capacity: 8M
 Heap Initial Capacity: 94M
 Heap Max Capacity: 2G
 Pre-touch: Disabled
 Parallel Workers: 2
 Concurrent Workers: 1
 Concurrent Refinement Workers: 2
 Periodic GC: Disabled

Heap:
 garbage-first heap   total 208896K, used 126568K [0x0000000080000000, 0x0000000100000000)
  region size 1024K, 10 young (10240K), 4 survivors (4096K)
 Metaspace       used 106980K, committed 108032K, reserved 520192K
  class space    used 14649K, committed 15168K, reserved 421888K

Heap Regions: E=young(eden), S=young(survivor), O=old, HS=humongous(starts), HC=humongous(continues), CS=collection set, F=free, OA=open archive, CA=closed archive, TAMS=top-at-mark-start (previous, next)
|   0|0x0000000080000000, 0x0000000080100000, 0x0000000080100000|100%| O|  |TAMS 0x0000000080100000, 0x0000000080000000| Untracked 
|   1|0x0000000080100000, 0x0000000080200000, 0x0000000080200000|100%| O|  |TAMS 0x0000000080200000, 0x0000000080100000| Untracked 
|   2|0x0000000080200000, 0x0000000080300000, 0x0000000080300000|100%| O|  |TAMS 0x0000000080300000, 0x0000000080200000| Untracked 
|   3|0x0000000080300000, 0x0000000080400000, 0x0000000080400000|100%| O|  |TAMS 0x0000000080400000, 0x0000000080300000| Untracked 
|   4|0x0000000080400000, 0x0000000080500000, 0x0000000080500000|100%|HS|  |TAMS 0x0000000080500000, 0x0000000080400000| Complete 
|   5|0x0000000080500000, 0x0000000080600000, 0x0000000080600000|100%|HC|  |TAMS 0x0000000080600000, 0x0000000080500000| Complete 
|   6|0x0000000080600000, 0x0000000080700000, 0x0000000080700000|100%|HC|  |TAMS 0x0000000080700000, 0x0000000080600000| Complete 
|   7|0x0000000080700000, 0x0000000080800000, 0x0000000080800000|100%|HC|  |TAMS 0x0000000080800000, 0x0000000080700000| Complete 
|   8|0x0000000080800000, 0x0000000080900000, 0x0000000080900000|100%|HS|  |TAMS 0x0000000080900000, 0x0000000080800000| Complete 
|   9|0x0000000080900000, 0x0000000080a00000, 0x0000000080a00000|100%| O|  |TAMS 0x0000000080a00000, 0x0000000080900000| Untracked 
|  10|0x0000000080a00000, 0x0000000080b00000, 0x0000000080b00000|100%| O|  |TAMS 0x0000000080b00000, 0x0000000080a00000| Untracked 
|  11|0x0000000080b00000, 0x0000000080c00000, 0x0000000080c00000|100%| O|  |TAMS 0x0000000080c00000, 0x0000000080b00000| Untracked 
|  12|0x0000000080c00000, 0x0000000080d00000, 0x0000000080d00000|100%| O|  |TAMS 0x0000000080d00000, 0x0000000080c00000| Untracked 
|  13|0x0000000080d00000, 0x0000000080e00000, 0x0000000080e00000|100%| O|  |TAMS 0x0000000080e00000, 0x0000000080d00000| Untracked 
|  14|0x0000000080e00000, 0x0000000080f00000, 0x0000000080f00000|100%| O|  |TAMS 0x0000000080f00000, 0x0000000080e00000| Untracked 
|  15|0x0000000080f00000, 0x0000000081000000, 0x0000000081000000|100%| O|  |TAMS 0x0000000081000000, 0x0000000080f00000| Untracked 
|  16|0x0000000081000000, 0x0000000081100000, 0x0000000081100000|100%| O|  |TAMS 0x0000000081100000, 0x0000000081000000| Untracked 
|  17|0x0000000081100000, 0x0000000081200000, 0x0000000081200000|100%| O|  |TAMS 0x0000000081200000, 0x0000000081100000| Untracked 
|  18|0x0000000081200000, 0x0000000081300000, 0x0000000081300000|100%| O|  |TAMS 0x0000000081300000, 0x0000000081200000| Untracked 
|  19|0x0000000081300000, 0x0000000081400000, 0x0000000081400000|100%| O|  |TAMS 0x0000000081400000, 0x0000000081300000| Untracked 
|  20|0x0000000081400000, 0x0000000081500000, 0x0000000081500000|100%| O|  |TAMS 0x0000000081500000, 0x0000000081400000| Untracked 
|  21|0x0000000081500000, 0x0000000081600000, 0x0000000081600000|100%| O|  |TAMS 0x0000000081600000, 0x0000000081500000| Untracked 
|  22|0x0000000081600000, 0x0000000081700000, 0x0000000081700000|100%| O|  |TAMS 0x0000000081700000, 0x0000000081600000| Untracked 
|  23|0x0000000081700000, 0x0000000081800000, 0x0000000081800000|100%| O|  |TAMS 0x0000000081800000, 0x0000000081700000| Untracked 
|  24|0x0000000081800000, 0x0000000081900000, 0x0000000081900000|100%| O|  |TAMS 0x0000000081900000, 0x0000000081800000| Untracked 
|  25|0x0000000081900000, 0x0000000081a00000, 0x0000000081a00000|100%| O|  |TAMS 0x0000000081900000, 0x0000000081900000| Untracked 
|  26|0x0000000081a00000, 0x0000000081b00000, 0x0000000081b00000|100%| O|  |TAMS 0x0000000081b00000, 0x0000000081a00000| Untracked 
|  27|0x0000000081b00000, 0x0000000081c00000, 0x0000000081c00000|100%| O|  |TAMS 0x0000000081c00000, 0x0000000081b00000| Untracked 
|  28|0x0000000081c00000, 0x0000000081d00000, 0x0000000081d00000|100%| O|  |TAMS 0x0000000081d00000, 0x0000000081c00000| Untracked 
|  29|0x0000000081d00000, 0x0000000081e00000, 0x0000000081e00000|100%| O|  |TAMS 0x0000000081e00000, 0x0000000081d00000| Untracked 
|  30|0x0000000081e00000, 0x0000000081f00000, 0x0000000081f00000|100%| O|  |TAMS 0x0000000081f00000, 0x0000000081e00000| Untracked 
|  31|0x0000000081f00000, 0x0000000082000000, 0x0000000082000000|100%| O|  |TAMS 0x0000000082000000, 0x0000000081f00000| Untracked 
|  32|0x0000000082000000, 0x0000000082100000, 0x0000000082100000|100%| O|  |TAMS 0x0000000082100000, 0x0000000082000000| Untracked 
|  33|0x0000000082100000, 0x0000000082200000, 0x0000000082200000|100%| O|  |TAMS 0x0000000082200000, 0x0000000082100000| Untracked 
|  34|0x0000000082200000, 0x0000000082300000, 0x0000000082300000|100%| O|  |TAMS 0x0000000082300000, 0x0000000082200000| Untracked 
|  35|0x0000000082300000, 0x0000000082400000, 0x0000000082400000|100%| O|  |TAMS 0x0000000082400000, 0x0000000082300000| Untracked 
|  36|0x0000000082400000, 0x0000000082500000, 0x0000000082500000|100%| O|  |TAMS 0x0000000082500000, 0x0000000082400000| Untracked 
|  37|0x0000000082500000, 0x0000000082600000, 0x0000000082600000|100%|HS|  |TAMS 0x0000000082600000, 0x0000000082500000| Complete 
|  38|0x0000000082600000, 0x0000000082700000, 0x0000000082700000|100%|HC|  |TAMS 0x0000000082700000, 0x0000000082600000| Complete 
|  39|0x0000000082700000, 0x0000000082800000, 0x0000000082800000|100%|HS|  |TAMS 0x0000000082800000, 0x0000000082700000| Complete 
|  40|0x0000000082800000, 0x0000000082900000, 0x0000000082900000|100%|HC|  |TAMS 0x0000000082900000, 0x0000000082800000| Complete 
|  41|0x0000000082900000, 0x0000000082a00000, 0x0000000082a00000|100%|HC|  |TAMS 0x0000000082a00000, 0x0000000082900000| Complete 
|  42|0x0000000082a00000, 0x0000000082b00000, 0x0000000082b00000|100%|HS|  |TAMS 0x0000000082b00000, 0x0000000082a00000| Complete 
|  43|0x0000000082b00000, 0x0000000082c00000, 0x0000000082c00000|100%|HC|  |TAMS 0x0000000082c00000, 0x0000000082b00000| Complete 
|  44|0x0000000082c00000, 0x0000000082d00000, 0x0000000082d00000|100%| O|  |TAMS 0x0000000082d00000, 0x0000000082c00000| Untracked 
|  45|0x0000000082d00000, 0x0000000082e00000, 0x0000000082e00000|100%| O|  |TAMS 0x0000000082e00000, 0x0000000082d00000| Untracked 
|  46|0x0000000082e00000, 0x0000000082f00000, 0x0000000082f00000|100%| O|  |TAMS 0x0000000082f00000, 0x0000000082e00000| Untracked 
|  47|0x0000000082f00000, 0x0000000083000000, 0x0000000083000000|100%| O|  |TAMS 0x0000000083000000, 0x0000000082f00000| Untracked 
|  48|0x0000000083000000, 0x0000000083100000, 0x0000000083100000|100%| O|  |TAMS 0x0000000083100000, 0x0000000083000000| Untracked 
|  49|0x0000000083100000, 0x0000000083200000, 0x0000000083200000|100%| O|  |TAMS 0x0000000083200000, 0x0000000083100000| Untracked 
|  50|0x0000000083200000, 0x0000000083300000, 0x0000000083300000|100%| O|  |TAMS 0x0000000083300000, 0x0000000083200000| Untracked 
|  51|0x0000000083300000, 0x0000000083400000, 0x0000000083400000|100%| O|  |TAMS 0x0000000083400000, 0x0000000083300000| Untracked 
|  52|0x0000000083400000, 0x0000000083500000, 0x0000000083500000|100%| O|  |TAMS 0x0000000083500000, 0x0000000083400000| Untracked 
|  53|0x0000000083500000, 0x0000000083600000, 0x0000000083600000|100%| O|  |TAMS 0x0000000083600000, 0x0000000083500000| Untracked 
|  54|0x0000000083600000, 0x0000000083700000, 0x0000000083700000|100%| O|  |TAMS 0x0000000083700000, 0x0000000083600000| Untracked 
|  55|0x0000000083700000, 0x0000000083800000, 0x0000000083800000|100%|HS|  |TAMS 0x0000000083800000, 0x0000000083700000| Complete 
|  56|0x0000000083800000, 0x0000000083900000, 0x0000000083900000|100%|HC|  |TAMS 0x0000000083900000, 0x0000000083800000| Complete 
|  57|0x0000000083900000, 0x0000000083a00000, 0x0000000083a00000|100%|HC|  |TAMS 0x0000000083a00000, 0x0000000083900000| Complete 
|  58|0x0000000083a00000, 0x0000000083b00000, 0x0000000083b00000|100%| O|  |TAMS 0x0000000083b00000, 0x0000000083a00000| Untracked 
|  59|0x0000000083b00000, 0x0000000083c00000, 0x0000000083c00000|100%| O|  |TAMS 0x0000000083c00000, 0x0000000083b00000| Untracked 
|  60|0x0000000083c00000, 0x0000000083d00000, 0x0000000083d00000|100%| O|  |TAMS 0x0000000083d00000, 0x0000000083c00000| Untracked 
|  61|0x0000000083d00000, 0x0000000083e00000, 0x0000000083e00000|100%| O|  |TAMS 0x0000000083e00000, 0x0000000083d00000| Untracked 
|  62|0x0000000083e00000, 0x0000000083f00000, 0x0000000083f00000|100%| O|  |TAMS 0x0000000083f00000, 0x0000000083e00000| Untracked 
|  63|0x0000000083f00000, 0x0000000084000000, 0x0000000084000000|100%| O|  |TAMS 0x0000000084000000, 0x0000000083f00000| Untracked 
|  64|0x0000000084000000, 0x0000000084100000, 0x0000000084100000|100%| O|  |TAMS 0x0000000084100000, 0x0000000084000000| Untracked 
|  65|0x0000000084100000, 0x0000000084200000, 0x0000000084200000|100%| O|  |TAMS 0x0000000084200000, 0x0000000084100000| Untracked 
|  66|0x0000000084200000, 0x0000000084300000, 0x0000000084300000|100%| O|  |TAMS 0x0000000084300000, 0x0000000084200000| Untracked 
|  67|0x0000000084300000, 0x0000000084400000, 0x0000000084400000|100%| O|  |TAMS 0x0000000084400000, 0x0000000084300000| Untracked 
|  68|0x0000000084400000, 0x0000000084500000, 0x0000000084500000|100%|HS|  |TAMS 0x0000000084400000, 0x0000000084400000| Complete 
|  69|0x0000000084500000, 0x0000000084600000, 0x0000000084600000|100%| O|  |TAMS 0x0000000084600000, 0x0000000084500000| Untracked 
|  70|0x0000000084600000, 0x0000000084700000, 0x0000000084700000|100%| O|  |TAMS 0x0000000084700000, 0x0000000084600000| Untracked 
|  71|0x0000000084700000, 0x0000000084800000, 0x0000000084800000|100%| O|  |TAMS 0x0000000084800000, 0x0000000084700000| Untracked 
|  72|0x0000000084800000, 0x0000000084900000, 0x0000000084900000|100%| O|  |TAMS 0x0000000084900000, 0x0000000084800000| Untracked 
|  73|0x0000000084900000, 0x0000000084a00000, 0x0000000084a00000|100%| O|  |TAMS 0x0000000084900000, 0x0000000084900000| Untracked 
|  74|0x0000000084a00000, 0x0000000084b00000, 0x0000000084b00000|100%| O|  |TAMS 0x0000000084a00000, 0x0000000084a00000| Untracked 
|  75|0x0000000084b00000, 0x0000000084c00000, 0x0000000084c00000|100%| O|  |TAMS 0x0000000084b00000, 0x0000000084b00000| Untracked 
|  76|0x0000000084c00000, 0x0000000084d00000, 0x0000000084d00000|100%| O|  |TAMS 0x0000000084c00000, 0x0000000084c00000| Untracked 
|  77|0x0000000084d00000, 0x0000000084e00000, 0x0000000084e00000|100%| O|  |TAMS 0x0000000084d00000, 0x0000000084d00000| Untracked 
|  78|0x0000000084e00000, 0x0000000084f00000, 0x0000000084f00000|100%|HS|  |TAMS 0x0000000084e00000, 0x0000000084e00000| Complete 
|  79|0x0000000084f00000, 0x0000000085000000, 0x0000000085000000|100%|HS|  |TAMS 0x0000000084f00000, 0x0000000084f00000| Complete 
|  80|0x0000000085000000, 0x0000000085100000, 0x0000000085100000|100%|HS|  |TAMS 0x0000000085000000, 0x0000000085000000| Complete 
|  81|0x0000000085100000, 0x0000000085200000, 0x0000000085200000|100%| O|  |TAMS 0x0000000085100000, 0x0000000085100000| Untracked 
|  82|0x0000000085200000, 0x0000000085300000, 0x0000000085300000|100%|HS|  |TAMS 0x0000000085200000, 0x0000000085200000| Complete 
|  83|0x0000000085300000, 0x0000000085400000, 0x0000000085400000|100%|HS|  |TAMS 0x0000000085300000, 0x0000000085300000| Complete 
|  84|0x0000000085400000, 0x0000000085500000, 0x0000000085500000|100%|HS|  |TAMS 0x0000000085400000, 0x0000000085400000| Complete 
|  85|0x0000000085500000, 0x0000000085600000, 0x0000000085600000|100%|HC|  |TAMS 0x0000000085500000, 0x0000000085500000| Complete 
|  86|0x0000000085600000, 0x0000000085700000, 0x0000000085700000|100%| O|  |TAMS 0x0000000085600000, 0x0000000085600000| Untracked 
|  87|0x0000000085700000, 0x0000000085800000, 0x0000000085800000|100%|HS|  |TAMS 0x0000000085700000, 0x0000000085700000| Complete 
|  88|0x0000000085800000, 0x0000000085900000, 0x0000000085900000|100%| O|  |TAMS 0x0000000085800000, 0x0000000085800000| Untracked 
|  89|0x0000000085900000, 0x0000000085a00000, 0x0000000085a00000|100%| O|  |TAMS 0x0000000085900000, 0x0000000085900000| Untracked 
|  90|0x0000000085a00000, 0x0000000085b00000, 0x0000000085b00000|100%| O|  |TAMS 0x0000000085a00000, 0x0000000085a00000| Untracked 
|  91|0x0000000085b00000, 0x0000000085c00000, 0x0000000085c00000|100%| O|  |TAMS 0x0000000085b00000, 0x0000000085b00000| Untracked 
|  92|0x0000000085c00000, 0x0000000085d00000, 0x0000000085d00000|100%| O|  |TAMS 0x0000000085c00000, 0x0000000085c00000| Untracked 
|  93|0x0000000085d00000, 0x0000000085e00000, 0x0000000085e00000|100%| O|  |TAMS 0x0000000085d00000, 0x0000000085d00000| Untracked 
|  94|0x0000000085e00000, 0x0000000085f00000, 0x0000000085f00000|100%| O|  |TAMS 0x0000000085e00000, 0x0000000085e00000| Untracked 
|  95|0x0000000085f00000, 0x0000000086000000, 0x0000000086000000|100%| O|  |TAMS 0x0000000085f00000, 0x0000000085f00000| Untracked 
|  96|0x0000000086000000, 0x0000000086100000, 0x0000000086100000|100%| O|  |TAMS 0x0000000086000000, 0x0000000086000000| Untracked 
|  97|0x0000000086100000, 0x0000000086200000, 0x0000000086200000|100%| O|  |TAMS 0x0000000086100000, 0x0000000086100000| Untracked 
|  98|0x0000000086200000, 0x0000000086300000, 0x0000000086300000|100%| O|  |TAMS 0x0000000086200000, 0x0000000086200000| Untracked 
|  99|0x0000000086300000, 0x0000000086400000, 0x0000000086400000|100%| O|  |TAMS 0x0000000086300000, 0x0000000086300000| Untracked 
| 100|0x0000000086400000, 0x0000000086500000, 0x0000000086500000|100%| O|  |TAMS 0x0000000086400000, 0x0000000086400000| Untracked 
| 101|0x0000000086500000, 0x0000000086600000, 0x0000000086600000|100%| O|  |TAMS 0x0000000086500000, 0x0000000086500000| Untracked 
| 102|0x0000000086600000, 0x0000000086700000, 0x0000000086700000|100%| O|  |TAMS 0x0000000086600000, 0x0000000086600000| Untracked 
| 103|0x0000000086700000, 0x0000000086800000, 0x0000000086800000|100%| O|  |TAMS 0x0000000086700000, 0x0000000086700000| Untracked 
| 104|0x0000000086800000, 0x0000000086900000, 0x0000000086900000|100%| O|  |TAMS 0x0000000086800000, 0x0000000086800000| Untracked 
| 105|0x0000000086900000, 0x0000000086a00000, 0x0000000086a00000|100%| O|  |TAMS 0x0000000086900000, 0x0000000086900000| Untracked 
| 106|0x0000000086a00000, 0x0000000086b00000, 0x0000000086b00000|100%| O|  |TAMS 0x0000000086a00000, 0x0000000086a00000| Untracked 
| 107|0x0000000086b00000, 0x0000000086c00000, 0x0000000086c00000|100%| O|  |TAMS 0x0000000086b00000, 0x0000000086b00000| Untracked 
| 108|0x0000000086c00000, 0x0000000086d00000, 0x0000000086d00000|100%| O|  |TAMS 0x0000000086c00000, 0x0000000086c00000| Untracked 
| 109|0x0000000086d00000, 0x0000000086e00000, 0x0000000086e00000|100%| O|  |TAMS 0x0000000086d00000, 0x0000000086d00000| Untracked 
| 110|0x0000000086e00000, 0x0000000086f00000, 0x0000000086f00000|100%| O|  |TAMS 0x0000000086e00000, 0x0000000086e00000| Untracked 
| 111|0x0000000086f00000, 0x0000000087000000, 0x0000000087000000|100%| O|  |TAMS 0x0000000086f00000, 0x0000000086f00000| Untracked 
| 112|0x0000000087000000, 0x0000000087100000, 0x0000000087100000|100%| O|  |TAMS 0x0000000087000000, 0x0000000087000000| Untracked 
| 113|0x0000000087100000, 0x0000000087200000, 0x0000000087200000|100%| O|  |TAMS 0x0000000087100000, 0x0000000087100000| Untracked 
| 114|0x0000000087200000, 0x000000008729a200, 0x0000000087300000| 60%| O|  |TAMS 0x0000000087200000, 0x0000000087200000| Untracked 
| 115|0x0000000087300000, 0x0000000087300000, 0x0000000087400000|  0%| F|  |TAMS 0x0000000087300000, 0x0000000087300000| Untracked 
| 116|0x0000000087400000, 0x0000000087400000, 0x0000000087500000|  0%| F|  |TAMS 0x0000000087400000, 0x0000000087400000| Untracked 
| 117|0x0000000087500000, 0x0000000087500000, 0x0000000087600000|  0%| F|  |TAMS 0x0000000087500000, 0x0000000087500000| Untracked 
| 118|0x0000000087600000, 0x0000000087600000, 0x0000000087700000|  0%| F|  |TAMS 0x0000000087600000, 0x0000000087600000| Untracked 
| 119|0x0000000087700000, 0x0000000087700000, 0x0000000087800000|  0%| F|  |TAMS 0x0000000087700000, 0x0000000087700000| Untracked 
| 120|0x0000000087800000, 0x0000000087800000, 0x0000000087900000|  0%| F|  |TAMS 0x0000000087800000, 0x0000000087800000| Untracked 
| 121|0x0000000087900000, 0x0000000087900000, 0x0000000087a00000|  0%| F|  |TAMS 0x0000000087900000, 0x0000000087900000| Untracked 
| 122|0x0000000087a00000, 0x0000000087a00000, 0x0000000087b00000|  0%| F|  |TAMS 0x0000000087a00000, 0x0000000087a00000| Untracked 
| 123|0x0000000087b00000, 0x0000000087b00000, 0x0000000087c00000|  0%| F|  |TAMS 0x0000000087b00000, 0x0000000087b00000| Untracked 
| 124|0x0000000087c00000, 0x0000000087c00000, 0x0000000087d00000|  0%| F|  |TAMS 0x0000000087c00000, 0x0000000087c00000| Untracked 
| 125|0x0000000087d00000, 0x0000000087d00000, 0x0000000087e00000|  0%| F|  |TAMS 0x0000000087d00000, 0x0000000087d00000| Untracked 
| 126|0x0000000087e00000, 0x0000000087e00000, 0x0000000087f00000|  0%| F|  |TAMS 0x0000000087e00000, 0x0000000087e00000| Untracked 
| 127|0x0000000087f00000, 0x0000000087f00000, 0x0000000088000000|  0%| F|  |TAMS 0x0000000087f00000, 0x0000000087f00000| Untracked 
| 128|0x0000000088000000, 0x0000000088000000, 0x0000000088100000|  0%| F|  |TAMS 0x0000000088000000, 0x0000000088000000| Untracked 
| 129|0x0000000088100000, 0x0000000088100000, 0x0000000088200000|  0%| F|  |TAMS 0x0000000088100000, 0x0000000088100000| Untracked 
| 130|0x0000000088200000, 0x0000000088200000, 0x0000000088300000|  0%| F|  |TAMS 0x0000000088200000, 0x0000000088200000| Untracked 
| 131|0x0000000088300000, 0x0000000088300000, 0x0000000088400000|  0%| F|  |TAMS 0x0000000088300000, 0x0000000088300000| Untracked 
| 132|0x0000000088400000, 0x0000000088400000, 0x0000000088500000|  0%| F|  |TAMS 0x0000000088400000, 0x0000000088400000| Untracked 
| 133|0x0000000088500000, 0x0000000088500000, 0x0000000088600000|  0%| F|  |TAMS 0x0000000088500000, 0x0000000088500000| Untracked 
| 134|0x0000000088600000, 0x0000000088600000, 0x0000000088700000|  0%| F|  |TAMS 0x0000000088600000, 0x0000000088600000| Untracked 
| 135|0x0000000088700000, 0x0000000088700000, 0x0000000088800000|  0%| F|  |TAMS 0x0000000088700000, 0x0000000088700000| Untracked 
| 136|0x0000000088800000, 0x0000000088800000, 0x0000000088900000|  0%| F|  |TAMS 0x0000000088800000, 0x0000000088800000| Untracked 
| 137|0x0000000088900000, 0x0000000088a00000, 0x0000000088a00000|100%| S|CS|TAMS 0x0000000088900000, 0x0000000088900000| Complete 
| 138|0x0000000088a00000, 0x0000000088a00000, 0x0000000088b00000|  0%| F|  |TAMS 0x0000000088a00000, 0x0000000088a00000| Untracked 
| 139|0x0000000088b00000, 0x0000000088c00000, 0x0000000088c00000|100%| S|CS|TAMS 0x0000000088b00000, 0x0000000088b00000| Complete 
| 140|0x0000000088c00000, 0x0000000088d00000, 0x0000000088d00000|100%| S|CS|TAMS 0x0000000088c00000, 0x0000000088c00000| Complete 
| 141|0x0000000088d00000, 0x0000000088d00000, 0x0000000088e00000|  0%| F|  |TAMS 0x0000000088d00000, 0x0000000088d00000| Untracked 
| 142|0x0000000088e00000, 0x0000000088e00000, 0x0000000088f00000|  0%| F|  |TAMS 0x0000000088e00000, 0x0000000088e00000| Untracked 
| 143|0x0000000088f00000, 0x0000000088f00000, 0x0000000089000000|  0%| F|  |TAMS 0x0000000088f00000, 0x0000000088f00000| Untracked 
| 144|0x0000000089000000, 0x0000000089000000, 0x0000000089100000|  0%| F|  |TAMS 0x0000000089000000, 0x0000000089000000| Untracked 
| 145|0x0000000089100000, 0x0000000089100000, 0x0000000089200000|  0%| F|  |TAMS 0x0000000089100000, 0x0000000089100000| Untracked 
| 146|0x0000000089200000, 0x0000000089200000, 0x0000000089300000|  0%| F|  |TAMS 0x0000000089200000, 0x0000000089200000| Untracked 
| 147|0x0000000089300000, 0x0000000089400000, 0x0000000089400000|100%| S|CS|TAMS 0x0000000089300000, 0x0000000089300000| Complete 
| 148|0x0000000089400000, 0x0000000089400000, 0x0000000089500000|  0%| F|  |TAMS 0x0000000089400000, 0x0000000089400000| Untracked 
| 149|0x0000000089500000, 0x0000000089500000, 0x0000000089600000|  0%| F|  |TAMS 0x0000000089500000, 0x0000000089500000| Untracked 
| 150|0x0000000089600000, 0x0000000089600000, 0x0000000089700000|  0%| F|  |TAMS 0x0000000089600000, 0x0000000089600000| Untracked 
| 151|0x0000000089700000, 0x0000000089700000, 0x0000000089800000|  0%| F|  |TAMS 0x0000000089700000, 0x0000000089700000| Untracked 
| 152|0x0000000089800000, 0x0000000089800000, 0x0000000089900000|  0%| F|  |TAMS 0x0000000089800000, 0x0000000089800000| Untracked 
| 153|0x0000000089900000, 0x0000000089900000, 0x0000000089a00000|  0%| F|  |TAMS 0x0000000089900000, 0x0000000089900000| Untracked 
| 154|0x0000000089a00000, 0x0000000089a00000, 0x0000000089b00000|  0%| F|  |TAMS 0x0000000089a00000, 0x0000000089a00000| Untracked 
| 155|0x0000000089b00000, 0x0000000089b00000, 0x0000000089c00000|  0%| F|  |TAMS 0x0000000089b00000, 0x0000000089b00000| Untracked 
| 156|0x0000000089c00000, 0x0000000089c00000, 0x0000000089d00000|  0%| F|  |TAMS 0x0000000089c00000, 0x0000000089c00000| Untracked 
| 157|0x0000000089d00000, 0x0000000089d00000, 0x0000000089e00000|  0%| F|  |TAMS 0x0000000089d00000, 0x0000000089d00000| Untracked 
| 158|0x0000000089e00000, 0x0000000089e00000, 0x0000000089f00000|  0%| F|  |TAMS 0x0000000089e00000, 0x0000000089e00000| Untracked 
| 159|0x0000000089f00000, 0x0000000089f00000, 0x000000008a000000|  0%| F|  |TAMS 0x0000000089f00000, 0x0000000089f00000| Untracked 
| 160|0x000000008a000000, 0x000000008a000000, 0x000000008a100000|  0%| F|  |TAMS 0x000000008a000000, 0x000000008a000000| Untracked 
| 161|0x000000008a100000, 0x000000008a100000, 0x000000008a200000|  0%| F|  |TAMS 0x000000008a100000, 0x000000008a100000| Untracked 
| 162|0x000000008a200000, 0x000000008a200000, 0x000000008a300000|  0%| F|  |TAMS 0x000000008a200000, 0x000000008a200000| Untracked 
| 163|0x000000008a300000, 0x000000008a300000, 0x000000008a400000|  0%| F|  |TAMS 0x000000008a300000, 0x000000008a300000| Untracked 
| 164|0x000000008a400000, 0x000000008a400000, 0x000000008a500000|  0%| F|  |TAMS 0x000000008a400000, 0x000000008a400000| Untracked 
| 165|0x000000008a500000, 0x000000008a500000, 0x000000008a600000|  0%| F|  |TAMS 0x000000008a500000, 0x000000008a500000| Untracked 
| 166|0x000000008a600000, 0x000000008a600000, 0x000000008a700000|  0%| F|  |TAMS 0x000000008a600000, 0x000000008a600000| Untracked 
| 167|0x000000008a700000, 0x000000008a700000, 0x000000008a800000|  0%| F|  |TAMS 0x000000008a700000, 0x000000008a700000| Untracked 
| 168|0x000000008a800000, 0x000000008a800000, 0x000000008a900000|  0%| F|  |TAMS 0x000000008a800000, 0x000000008a800000| Untracked 
| 169|0x000000008a900000, 0x000000008a900000, 0x000000008aa00000|  0%| F|  |TAMS 0x000000008a900000, 0x000000008a900000| Untracked 
| 170|0x000000008aa00000, 0x000000008aa00000, 0x000000008ab00000|  0%| F|  |TAMS 0x000000008aa00000, 0x000000008aa00000| Untracked 
| 171|0x000000008ab00000, 0x000000008ab00000, 0x000000008ac00000|  0%| F|  |TAMS 0x000000008ab00000, 0x000000008ab00000| Untracked 
| 172|0x000000008ac00000, 0x000000008ac00000, 0x000000008ad00000|  0%| F|  |TAMS 0x000000008ac00000, 0x000000008ac00000| Untracked 
| 173|0x000000008ad00000, 0x000000008ad00000, 0x000000008ae00000|  0%| F|  |TAMS 0x000000008ad00000, 0x000000008ad00000| Untracked 
| 174|0x000000008ae00000, 0x000000008ae00000, 0x000000008af00000|  0%| F|  |TAMS 0x000000008ae00000, 0x000000008ae00000| Untracked 
| 175|0x000000008af00000, 0x000000008af00000, 0x000000008b000000|  0%| F|  |TAMS 0x000000008af00000, 0x000000008af00000| Untracked 
| 176|0x000000008b000000, 0x000000008b000000, 0x000000008b100000|  0%| F|  |TAMS 0x000000008b000000, 0x000000008b000000| Untracked 
| 177|0x000000008b100000, 0x000000008b100000, 0x000000008b200000|  0%| F|  |TAMS 0x000000008b100000, 0x000000008b100000| Untracked 
| 178|0x000000008b200000, 0x000000008b200000, 0x000000008b300000|  0%| F|  |TAMS 0x000000008b200000, 0x000000008b200000| Untracked 
| 179|0x000000008b300000, 0x000000008b300000, 0x000000008b400000|  0%| F|  |TAMS 0x000000008b300000, 0x000000008b300000| Untracked 
| 180|0x000000008b400000, 0x000000008b400000, 0x000000008b500000|  0%| F|  |TAMS 0x000000008b400000, 0x000000008b400000| Untracked 
| 181|0x000000008b500000, 0x000000008b500000, 0x000000008b600000|  0%| F|  |TAMS 0x000000008b500000, 0x000000008b500000| Untracked 
| 182|0x000000008b600000, 0x000000008b600000, 0x000000008b700000|  0%| F|  |TAMS 0x000000008b600000, 0x000000008b600000| Untracked 
| 183|0x000000008b700000, 0x000000008b700000, 0x000000008b800000|  0%| F|  |TAMS 0x000000008b700000, 0x000000008b700000| Untracked 
| 184|0x000000008b800000, 0x000000008b800000, 0x000000008b900000|  0%| F|  |TAMS 0x000000008b800000, 0x000000008b800000| Untracked 
| 185|0x000000008b900000, 0x000000008b900000, 0x000000008ba00000|  0%| F|  |TAMS 0x000000008b900000, 0x000000008b900000| Untracked 
| 186|0x000000008ba00000, 0x000000008ba00000, 0x000000008bb00000|  0%| F|  |TAMS 0x000000008ba00000, 0x000000008ba00000| Untracked 
| 187|0x000000008bb00000, 0x000000008bb00000, 0x000000008bc00000|  0%| F|  |TAMS 0x000000008bb00000, 0x000000008bb00000| Untracked 
| 188|0x000000008bc00000, 0x000000008bc00000, 0x000000008bd00000|  0%| F|  |TAMS 0x000000008bc00000, 0x000000008bc00000| Untracked 
| 189|0x000000008bd00000, 0x000000008bd00000, 0x000000008be00000|  0%| F|  |TAMS 0x000000008bd00000, 0x000000008bd00000| Untracked 
| 190|0x000000008be00000, 0x000000008be00000, 0x000000008bf00000|  0%| F|  |TAMS 0x000000008be00000, 0x000000008be00000| Untracked 
| 191|0x000000008bf00000, 0x000000008bf00000, 0x000000008c000000|  0%| F|  |TAMS 0x000000008bf00000, 0x000000008bf00000| Untracked 
| 192|0x000000008c000000, 0x000000008c000000, 0x000000008c100000|  0%| F|  |TAMS 0x000000008c000000, 0x000000008c000000| Untracked 
| 193|0x000000008c100000, 0x000000008c100000, 0x000000008c200000|  0%| F|  |TAMS 0x000000008c100000, 0x000000008c100000| Untracked 
| 194|0x000000008c200000, 0x000000008c200000, 0x000000008c300000|  0%| F|  |TAMS 0x000000008c200000, 0x000000008c200000| Untracked 
| 195|0x000000008c300000, 0x000000008c300000, 0x000000008c400000|  0%| F|  |TAMS 0x000000008c300000, 0x000000008c300000| Untracked 
| 196|0x000000008c400000, 0x000000008c400000, 0x000000008c500000|  0%| F|  |TAMS 0x000000008c400000, 0x000000008c400000| Untracked 
| 197|0x000000008c500000, 0x000000008c500000, 0x000000008c600000|  0%| F|  |TAMS 0x000000008c500000, 0x000000008c500000| Untracked 
| 198|0x000000008c600000, 0x000000008c683ee8, 0x000000008c700000| 51%| E|  |TAMS 0x000000008c600000, 0x000000008c600000| Complete 
| 199|0x000000008c700000, 0x000000008c800000, 0x000000008c800000|100%| E|CS|TAMS 0x000000008c700000, 0x000000008c700000| Complete 
| 200|0x000000008c800000, 0x000000008c900000, 0x000000008c900000|100%| E|CS|TAMS 0x000000008c800000, 0x000000008c800000| Complete 
| 201|0x000000008c900000, 0x000000008ca00000, 0x000000008ca00000|100%| E|CS|TAMS 0x000000008c900000, 0x000000008c900000| Complete 
| 202|0x000000008ca00000, 0x000000008cb00000, 0x000000008cb00000|100%| E|CS|TAMS 0x000000008ca00000, 0x000000008ca00000| Complete 
| 203|0x000000008cb00000, 0x000000008cc00000, 0x000000008cc00000|100%| E|CS|TAMS 0x000000008cb00000, 0x000000008cb00000| Complete 

Card table byte_map: [0x00000185fe900000,0x00000185fed00000] _byte_map_base: 0x00000185fe500000

Marking Bits (Prev, Next): (CMBitMap*) 0x00000185f6d45820, (CMBitMap*) 0x00000185f6d45860
 Prev Bits: [0x000001858f000000, 0x0000018591000000)
 Next Bits: [0x0000018591000000, 0x0000018593000000)

Polling page: 0x00000185f4e90000

Metaspace:

Usage:
  Non-class:     90.17 MB used.
      Class:     14.31 MB used.
       Both:    104.48 MB used.

Virtual space:
  Non-class space:       96.00 MB reserved,      90.69 MB ( 94%) committed,  12 nodes.
      Class space:      412.00 MB reserved,      14.81 MB (  4%) committed,  1 nodes.
             Both:      508.00 MB reserved,     105.50 MB ( 21%) committed. 

Chunk freelists:
   Non-Class:  973.00 KB
       Class:  1.22 MB
        Both:  2.17 MB

MaxMetaspaceSize: 512.00 MB
CompressedClassSpaceSize: 412.00 MB
Initial GC threshold: 21.00 MB
Current GC threshold: 134.00 MB
CDS: on
MetaspaceReclaimPolicy: balanced
 - commit_granule_bytes: 65536.
 - commit_granule_words: 8192.
 - virtual_space_node_default_size: 1048576.
 - enlarge_chunks_in_place: 1.
 - new_chunks_are_fully_committed: 0.
 - uncommit_free_chunks: 1.
 - use_allocation_guard: 0.
 - handle_deallocations: 1.


Internal statistics:

num_allocs_failed_limit: 6.
num_arena_births: 1526.
num_arena_deaths: 0.
num_vsnodes_births: 13.
num_vsnodes_deaths: 0.
num_space_committed: 1688.
num_space_uncommitted: 0.
num_chunks_returned_to_freelist: 6.
num_chunks_taken_from_freelist: 6260.
num_chunk_merges: 6.
num_chunk_splits: 4085.
num_chunks_enlarged: 2610.
num_purges: 0.
num_inconsistent_stats: 0.

CodeHeap 'non-profiled nmethods': size=120064Kb used=8345Kb max_used=8345Kb free=111718Kb
 bounds [0x0000018587ac0000, 0x00000185882f0000, 0x000001858f000000]
CodeHeap 'profiled nmethods': size=120000Kb used=25560Kb max_used=25560Kb free=94440Kb
 bounds [0x0000018580590000, 0x0000018581e90000, 0x0000018587ac0000]
CodeHeap 'non-nmethods': size=5696Kb used=2454Kb max_used=2504Kb free=3241Kb
 bounds [0x0000018580000000, 0x0000018580280000, 0x0000018580590000]
 total_blobs=13600 nmethods=12606 adapters=905
 compilation: enabled
              stopped_count=0, restarted_count=0
 full_count=0

Compilation events (20 events):
Event: 93.264 Thread 0x00000185ff2ac180 14306       3       groovyjarjarasm.asm.Frame::pop (44 bytes)
Event: 93.265 Thread 0x00000185ff2ac180 nmethod 14306 0x0000018581e75f10 code [0x0000018581e760a0, 0x0000018581e76238]
Event: 93.265 Thread 0x00000185ff2ac180 14307       3       groovyjarjarasm.asm.Frame::getLocal (46 bytes)
Event: 93.265 Thread 0x00000185ff2ac180 nmethod 14307 0x0000018581e76310 code [0x0000018581e764c0, 0x0000018581e766f8]
Event: 93.266 Thread 0x00000185ff2ac180 14308       3       groovyjarjarasm.asm.MethodWriter::visitVarInsn (302 bytes)
Event: 93.267 Thread 0x00000185ff2ac180 nmethod 14308 0x0000018581e76810 code [0x0000018581e76a60, 0x0000018581e77488]
Event: 93.268 Thread 0x00000185ff2ac180 14309       3       groovyjarjarasm.asm.Label::resolve (259 bytes)
Event: 93.268 Thread 0x00000185ff2ac180 nmethod 14309 0x0000018581e77710 code [0x0000018581e77900, 0x0000018581e77ef8]
Event: 93.279 Thread 0x00000185ff2ac180 14311       3       org.gradle.api.internal.project.DefaultProjectStateRegistry$ProjectStateImpl::getMutableModel (8 bytes)
Event: 93.279 Thread 0x00000185ff2ac180 nmethod 14311 0x0000018581e78290 code [0x0000018581e78440, 0x0000018581e78608]
Event: 93.279 Thread 0x00000185ff2ac180 14312       3       org.gradle.api.internal.project.ProjectLifecycleController::getMutableModel (15 bytes)
Event: 93.280 Thread 0x00000185ff2ac180 nmethod 14312 0x0000018581e78710 code [0x0000018581e788c0, 0x0000018581e78a28]
Event: 93.280 Thread 0x00000185ff2ac180 14313       3       org.gradle.internal.model.StateTransitionController::assertInStateOrLater (58 bytes)
Event: 93.281 Thread 0x00000185ff2ac180 nmethod 14313 0x0000018581e78b10 code [0x0000018581e78dc0, 0x0000018581e79908]
Event: 93.282 Thread 0x00000185ff2ac180 14314       3       org.gradle.api.internal.project.ProjectOrderingUtil::compare (12 bytes)
Event: 93.283 Thread 0x00000185ff2ac180 nmethod 14314 0x0000018581e79d10 code [0x0000018581e79fc0, 0x0000018581e7b228]
Event: 93.285 Thread 0x00000185ff2ac180 14315       3       org.gradle.internal.classloader.CachingClassLoader::getResource (59 bytes)
Event: 93.286 Thread 0x00000185ff2ac180 nmethod 14315 0x0000018581e7b790 code [0x0000018581e7b980, 0x0000018581e7bea8]
Event: 93.330 Thread 0x00000185ff2ac180 14316   !   2       java.util.concurrent.ConcurrentHashMap::putVal (432 bytes)
Event: 93.331 Thread 0x00000185ff2ac180 nmethod 14316 0x0000018581e7c010 code [0x0000018581e7c2c0, 0x0000018581e7d208]

GC Heap History (20 events):
Event: 71.550 GC heap before
{Heap before GC invocations=36 (full 0):
 garbage-first heap   total 137216K, used 114035K [0x0000000080000000, 0x0000000100000000)
  region size 1024K, 35 young (35840K), 1 survivors (1024K)
 Metaspace       used 81484K, committed 82368K, reserved 495616K
  class space    used 11182K, committed 11584K, reserved 421888K
}
Event: 71.556 GC heap after
{Heap after GC invocations=37 (full 0):
 garbage-first heap   total 208896K, used 80162K [0x0000000080000000, 0x0000000100000000)
  region size 1024K, 2 young (2048K), 2 survivors (2048K)
 Metaspace       used 81484K, committed 82368K, reserved 495616K
  class space    used 11182K, committed 11584K, reserved 421888K
}
Event: 76.428 GC heap before
{Heap before GC invocations=37 (full 0):
 garbage-first heap   total 208896K, used 173346K [0x0000000080000000, 0x0000000100000000)
  region size 1024K, 87 young (89088K), 2 survivors (2048K)
 Metaspace       used 84228K, committed 85184K, reserved 495616K
  class space    used 11507K, committed 11968K, reserved 421888K
}
Event: 76.447 GC heap after
{Heap after GC invocations=38 (full 0):
 garbage-first heap   total 208896K, used 94055K [0x0000000080000000, 0x0000000100000000)
  region size 1024K, 9 young (9216K), 9 survivors (9216K)
 Metaspace       used 84228K, committed 85184K, reserved 495616K
  class space    used 11507K, committed 11968K, reserved 421888K
}
Event: 78.667 GC heap before
{Heap before GC invocations=38 (full 0):
 garbage-first heap   total 208896K, used 172903K [0x0000000080000000, 0x0000000100000000)
  region size 1024K, 82 young (83968K), 9 survivors (9216K)
 Metaspace       used 89363K, committed 90368K, reserved 503808K
  class space    used 12117K, committed 12608K, reserved 421888K
}
Event: 78.681 GC heap after
{Heap after GC invocations=39 (full 0):
 garbage-first heap   total 208896K, used 100493K [0x0000000080000000, 0x0000000100000000)
  region size 1024K, 6 young (6144K), 6 survivors (6144K)
 Metaspace       used 89363K, committed 90368K, reserved 503808K
  class space    used 12117K, committed 12608K, reserved 421888K
}
Event: 80.369 GC heap before
{Heap before GC invocations=39 (full 0):
 garbage-first heap   total 208896K, used 171149K [0x0000000080000000, 0x0000000100000000)
  region size 1024K, 73 young (74752K), 6 survivors (6144K)
 Metaspace       used 94060K, committed 95040K, reserved 512000K
  class space    used 12744K, committed 13184K, reserved 421888K
}
Event: 80.382 GC heap after
{Heap after GC invocations=40 (full 0):
 garbage-first heap   total 208896K, used 104945K [0x0000000080000000, 0x0000000100000000)
  region size 1024K, 3 young (3072K), 3 survivors (3072K)
 Metaspace       used 94060K, committed 95040K, reserved 512000K
  class space    used 12744K, committed 13184K, reserved 421888K
}
Event: 81.327 GC heap before
{Heap before GC invocations=40 (full 0):
 garbage-first heap   total 208896K, used 171505K [0x0000000080000000, 0x0000000100000000)
  region size 1024K, 68 young (69632K), 3 survivors (3072K)
 Metaspace       used 96099K, committed 97152K, reserved 512000K
  class space    used 13068K, committed 13568K, reserved 421888K
}
Event: 81.337 GC heap after
{Heap after GC invocations=41 (full 0):
 garbage-first heap   total 208896K, used 108544K [0x0000000080000000, 0x0000000100000000)
  region size 1024K, 6 young (6144K), 6 survivors (6144K)
 Metaspace       used 96099K, committed 97152K, reserved 512000K
  class space    used 13068K, committed 13568K, reserved 421888K
}
Event: 83.407 GC heap before
{Heap before GC invocations=41 (full 0):
 garbage-first heap   total 208896K, used 173056K [0x0000000080000000, 0x0000000100000000)
  region size 1024K, 69 young (70656K), 6 survivors (6144K)
 Metaspace       used 99887K, committed 100864K, reserved 512000K
  class space    used 13612K, committed 14080K, reserved 421888K
}
Event: 83.418 GC heap after
{Heap after GC invocations=42 (full 0):
 garbage-first heap   total 208896K, used 111434K [0x0000000080000000, 0x0000000100000000)
  region size 1024K, 7 young (7168K), 7 survivors (7168K)
 Metaspace       used 99887K, committed 100864K, reserved 512000K
  class space    used 13612K, committed 14080K, reserved 421888K
}
Event: 84.668 GC heap before
{Heap before GC invocations=42 (full 0):
 garbage-first heap   total 208896K, used 173898K [0x0000000080000000, 0x0000000100000000)
  region size 1024K, 68 young (69632K), 7 survivors (7168K)
 Metaspace       used 103954K, committed 104960K, reserved 520192K
  class space    used 14253K, committed 14720K, reserved 421888K
}
Event: 84.680 GC heap after
{Heap after GC invocations=43 (full 0):
 garbage-first heap   total 208896K, used 113152K [0x0000000080000000, 0x0000000100000000)
  region size 1024K, 5 young (5120K), 5 survivors (5120K)
 Metaspace       used 103954K, committed 104960K, reserved 520192K
  class space    used 14253K, committed 14720K, reserved 421888K
}
Event: 87.021 GC heap before
{Heap before GC invocations=43 (full 0):
 garbage-first heap   total 208896K, used 175616K [0x0000000080000000, 0x0000000100000000)
  region size 1024K, 66 young (67584K), 5 survivors (5120K)
 Metaspace       used 106795K, committed 107904K, reserved 520192K
  class space    used 14630K, committed 15168K, reserved 421888K
}
Event: 87.036 GC heap after
{Heap after GC invocations=44 (full 0):
 garbage-first heap   total 208896K, used 117661K [0x0000000080000000, 0x0000000100000000)
  region size 1024K, 9 young (9216K), 9 survivors (9216K)
 Metaspace       used 106795K, committed 107904K, reserved 520192K
  class space    used 14630K, committed 15168K, reserved 421888K
}
Event: 89.496 GC heap before
{Heap before GC invocations=44 (full 0):
 garbage-first heap   total 208896K, used 175005K [0x0000000080000000, 0x0000000100000000)
  region size 1024K, 66 young (67584K), 9 survivors (9216K)
 Metaspace       used 106810K, committed 107904K, reserved 520192K
  class space    used 14630K, committed 15168K, reserved 421888K
}
Event: 89.513 GC heap after
{Heap after GC invocations=45 (full 0):
 garbage-first heap   total 208896K, used 119808K [0x0000000080000000, 0x0000000100000000)
  region size 1024K, 7 young (7168K), 7 survivors (7168K)
 Metaspace       used 106810K, committed 107904K, reserved 520192K
  class space    used 14630K, committed 15168K, reserved 421888K
}
Event: 92.674 GC heap before
{Heap before GC invocations=45 (full 0):
 garbage-first heap   total 208896K, used 177152K [0x0000000080000000, 0x0000000100000000)
  region size 1024K, 63 young (64512K), 7 survivors (7168K)
 Metaspace       used 106816K, committed 107904K, reserved 520192K
  class space    used 14630K, committed 15168K, reserved 421888K
}
Event: 92.700 GC heap after
{Heap after GC invocations=46 (full 0):
 garbage-first heap   total 208896K, used 121448K [0x0000000080000000, 0x0000000100000000)
  region size 1024K, 4 young (4096K), 4 survivors (4096K)
 Metaspace       used 106816K, committed 107904K, reserved 520192K
  class space    used 14630K, committed 15168K, reserved 421888K
}

Deoptimization events (20 events):
Event: 86.648 Thread 0x0000018596888fd0 DEOPT PACKING pc=0x0000018581c77be0 sp=0x0000006fb20f8120
Event: 86.648 Thread 0x0000018596888fd0 DEOPT UNPACKING pc=0x0000018580052b43 sp=0x0000006fb20f7628 mode 0
Event: 90.289 Thread 0x000001859763eb20 Uncommon trap: trap_request=0xffffffde fr.pc=0x0000018587b52090 relative=0x0000000000000270
Event: 90.289 Thread 0x000001859763eb20 Uncommon trap: reason=class_check action=maybe_recompile pc=0x0000018587b52090 method=java.util.concurrent.ConcurrentHashMap.get(Ljava/lang/Object;)Ljava/lang/Object; @ 93 c2
Event: 90.289 Thread 0x000001859763eb20 DEOPT PACKING pc=0x0000018587b52090 sp=0x0000006fb33fe660
Event: 90.289 Thread 0x000001859763eb20 DEOPT UNPACKING pc=0x00000185800523a3 sp=0x0000006fb33fe5b8 mode 2
Event: 92.765 Thread 0x00000185973ff060 Uncommon trap: trap_request=0xffffffd6 fr.pc=0x00000185882bac44 relative=0x0000000000002444
Event: 92.765 Thread 0x00000185973ff060 Uncommon trap: reason=array_check action=maybe_recompile pc=0x00000185882bac44 method=java.util.TimSort.binarySort([Ljava/lang/Object;IIILjava/util/Comparator;)V @ 193 c2
Event: 92.765 Thread 0x00000185973ff060 DEOPT PACKING pc=0x00000185882bac44 sp=0x0000006fb51fe520
Event: 92.765 Thread 0x00000185973ff060 DEOPT UNPACKING pc=0x00000185800523a3 sp=0x0000006fb51fe450 mode 2
Event: 93.217 Thread 0x0000018596888fd0 Uncommon trap: trap_request=0xffffff45 fr.pc=0x000001858825cae0 relative=0x0000000000000380
Event: 93.217 Thread 0x0000018596888fd0 Uncommon trap: reason=unstable_if action=reinterpret pc=0x000001858825cae0 method=org.gradle.internal.reflect.PropertyAccessorType.of(Ljava/lang/reflect/Method;)Lorg/gradle/internal/reflect/PropertyAccessorType; @ 74 c2
Event: 93.217 Thread 0x0000018596888fd0 DEOPT PACKING pc=0x000001858825cae0 sp=0x0000006fb20f9c30
Event: 93.217 Thread 0x0000018596888fd0 DEOPT UNPACKING pc=0x00000185800523a3 sp=0x0000006fb20f9bf0 mode 2
Event: 93.236 Thread 0x0000018596888fd0 DEOPT PACKING pc=0x0000018580e887d0 sp=0x0000006fb20f9100
Event: 93.236 Thread 0x0000018596888fd0 DEOPT UNPACKING pc=0x0000018580052b43 sp=0x0000006fb20f8560 mode 0
Event: 93.284 Thread 0x0000018596888fd0 Uncommon trap: trap_request=0xffffffde fr.pc=0x0000018587e039e4 relative=0x0000000000001244
Event: 93.284 Thread 0x0000018596888fd0 Uncommon trap: reason=class_check action=maybe_recompile pc=0x0000018587e039e4 method=java.util.concurrent.ConcurrentHashMap.putVal(Ljava/lang/Object;Ljava/lang/Object;Z)Ljava/lang/Object; @ 159 c2
Event: 93.284 Thread 0x0000018596888fd0 DEOPT PACKING pc=0x0000018587e039e4 sp=0x0000006fb20f87e0
Event: 93.284 Thread 0x0000018596888fd0 DEOPT UNPACKING pc=0x00000185800523a3 sp=0x0000006fb20f8790 mode 2

Classes unloaded (0 events):
No events

Classes redefined (0 events):
No events

Internal exceptions (20 events):
Event: 92.792 Thread 0x00000185973ff060 Exception <a 'sun/nio/fs/WindowsException'{0x000000008ca61be0}> (0x000000008ca61be0) 
thrown [t:\workspace\open\src\hotspot\share\prims\jni.cpp, line 516]
Event: 92.794 Thread 0x00000185973ff060 Exception <a 'sun/nio/fs/WindowsException'{0x000000008ca73400}> (0x000000008ca73400) 
thrown [t:\workspace\open\src\hotspot\share\prims\jni.cpp, line 516]
Event: 92.797 Thread 0x00000185973ff060 Exception <a 'sun/nio/fs/WindowsException'{0x000000008ca85b70}> (0x000000008ca85b70) 
thrown [t:\workspace\open\src\hotspot\share\prims\jni.cpp, line 516]
Event: 92.799 Thread 0x00000185973ff060 Exception <a 'sun/nio/fs/WindowsException'{0x000000008ca989d0}> (0x000000008ca989d0) 
thrown [t:\workspace\open\src\hotspot\share\prims\jni.cpp, line 516]
Event: 92.801 Thread 0x00000185973ff060 Exception <a 'sun/nio/fs/WindowsException'{0x000000008caa8768}> (0x000000008caa8768) 
thrown [t:\workspace\open\src\hotspot\share\prims\jni.cpp, line 516]
Event: 92.807 Thread 0x00000185973ff060 Exception <a 'sun/nio/fs/WindowsException'{0x000000008cab8a58}> (0x000000008cab8a58) 
thrown [t:\workspace\open\src\hotspot\share\prims\jni.cpp, line 516]
Event: 92.809 Thread 0x00000185973ff060 Exception <a 'sun/nio/fs/WindowsException'{0x000000008cacefa0}> (0x000000008cacefa0) 
thrown [t:\workspace\open\src\hotspot\share\prims\jni.cpp, line 516]
Event: 92.811 Thread 0x00000185973ff060 Exception <a 'sun/nio/fs/WindowsException'{0x000000008cae1878}> (0x000000008cae1878) 
thrown [t:\workspace\open\src\hotspot\share\prims\jni.cpp, line 516]
Event: 92.814 Thread 0x00000185973ff060 Exception <a 'sun/nio/fs/WindowsException'{0x000000008caf95f0}> (0x000000008caf95f0) 
thrown [t:\workspace\open\src\hotspot\share\prims\jni.cpp, line 516]
Event: 92.828 Thread 0x00000185973ff060 Exception <a 'sun/nio/fs/WindowsException'{0x000000008c908738}> (0x000000008c908738) 
thrown [t:\workspace\open\src\hotspot\share\prims\jni.cpp, line 516]
Event: 92.835 Thread 0x00000185973ff060 Exception <a 'sun/nio/fs/WindowsException'{0x000000008c97f778}> (0x000000008c97f778) 
thrown [t:\workspace\open\src\hotspot\share\prims\jni.cpp, line 516]
Event: 93.002 Thread 0x00000185973ff060 Exception <a 'sun/nio/fs/WindowsException'{0x000000008c98f848}> (0x000000008c98f848) 
thrown [t:\workspace\open\src\hotspot\share\prims\jni.cpp, line 516]
Event: 93.017 Thread 0x00000185973ff060 Exception <a 'sun/nio/fs/WindowsException'{0x000000008c99f6b8}> (0x000000008c99f6b8) 
thrown [t:\workspace\open\src\hotspot\share\prims\jni.cpp, line 516]
Event: 93.096 Thread 0x00000185973ff060 Exception <a 'sun/nio/fs/WindowsException'{0x000000008c9c5740}> (0x000000008c9c5740) 
thrown [t:\workspace\open\src\hotspot\share\prims\jni.cpp, line 516]
Event: 93.118 Thread 0x00000185973ff060 Exception <a 'sun/nio/fs/WindowsException'{0x000000008c9d8330}> (0x000000008c9d8330) 
thrown [t:\workspace\open\src\hotspot\share\prims\jni.cpp, line 516]
Event: 93.152 Thread 0x00000185973ff060 Exception <a 'sun/nio/fs/WindowsException'{0x000000008c9ebe68}> (0x000000008c9ebe68) 
thrown [t:\workspace\open\src\hotspot\share\prims\jni.cpp, line 516]
Event: 93.162 Thread 0x00000185973ff060 Exception <a 'sun/nio/fs/WindowsException'{0x000000008c9fb0c0}> (0x000000008c9fb0c0) 
thrown [t:\workspace\open\src\hotspot\share\prims\jni.cpp, line 516]
Event: 93.166 Thread 0x00000185973ff060 Exception <a 'sun/nio/fs/WindowsException'{0x000000008c823190}> (0x000000008c823190) 
thrown [t:\workspace\open\src\hotspot\share\prims\jni.cpp, line 516]
Event: 93.248 Thread 0x0000018596888fd0 Exception <a 'java/lang/ClassNotFoundException'{0x000000008c835658}: build_8zhpybiz9zteyrf422tpylh9eBeanInfo> (0x000000008c835658) 
thrown [t:\workspace\open\src\hotspot\share\classfile\systemDictionary.cpp, line 256]
Event: 93.248 Thread 0x0000018596888fd0 Exception <a 'java/lang/ClassNotFoundException'{0x000000008c83c790}: build_8zhpybiz9zteyrf422tpylh9eCustomizer> (0x000000008c83c790) 
thrown [t:\workspace\open\src\hotspot\share\classfile\systemDictionary.cpp, line 256]

VM Operations (20 events):
Event: 84.267 Executing VM operation: HandshakeAllThreads
Event: 84.268 Executing VM operation: HandshakeAllThreads done
Event: 84.273 Executing VM operation: HandshakeAllThreads
Event: 84.273 Executing VM operation: HandshakeAllThreads done
Event: 84.668 Executing VM operation: G1CollectForAllocation
Event: 84.680 Executing VM operation: G1CollectForAllocation done
Event: 85.699 Executing VM operation: Cleanup
Event: 85.700 Executing VM operation: Cleanup done
Event: 86.701 Executing VM operation: Cleanup
Event: 86.701 Executing VM operation: Cleanup done
Event: 87.021 Executing VM operation: G1CollectForAllocation
Event: 87.036 Executing VM operation: G1CollectForAllocation done
Event: 89.036 Executing VM operation: Cleanup
Event: 89.036 Executing VM operation: Cleanup done
Event: 89.496 Executing VM operation: G1CollectForAllocation
Event: 89.513 Executing VM operation: G1CollectForAllocation done
Event: 91.512 Executing VM operation: Cleanup
Event: 91.513 Executing VM operation: Cleanup done
Event: 92.674 Executing VM operation: G1CollectForAllocation
Event: 92.700 Executing VM operation: G1CollectForAllocation done

Events (20 events):
Event: 81.382 loading class java/lang/StringCustomizer done
Event: 81.382 loading class java/lang/StringCustomizer
Event: 81.382 loading class java/lang/StringCustomizer done
Event: 81.393 Thread 0x00000185ff2b9fa0 flushing nmethod 0x0000018587fa8790
Event: 81.396 Thread 0x00000185ff2b9fa0 flushing nmethod 0x00000185806bca90
Event: 81.400 Thread 0x00000185ff2b9fa0 flushing nmethod 0x0000018580d2aa90
Event: 81.400 Thread 0x00000185ff2b9fa0 flushing nmethod 0x0000018580d2b910
Event: 81.401 Thread 0x00000185ff2b9fa0 flushing nmethod 0x0000018580e7f810
Event: 81.401 Thread 0x00000185ff2b9fa0 flushing nmethod 0x0000018580e80890
Event: 82.979 loading class java/util/regex/Pattern$Caret
Event: 82.980 loading class java/util/regex/Pattern$Caret done
Event: 84.229 loading class sun/invoke/util/ValueConversions$1
Event: 84.233 loading class sun/invoke/util/ValueConversions$1 done
Event: 84.235 loading class java/lang/invoke/BoundMethodHandle$Species_LI
Event: 84.235 loading class java/lang/invoke/BoundMethodHandle$Species_LI done
Event: 84.271 loading class java/io/FileReader
Event: 84.271 loading class java/io/FileReader done
Event: 84.346 loading class jdk/internal/reflect/UnsafeQualifiedIntegerFieldAccessorImpl
Event: 84.347 loading class jdk/internal/reflect/UnsafeQualifiedIntegerFieldAccessorImpl done
Event: 86.877 Thread 0x000001859be09a30 Thread added: 0x000001859be09a30


Dynamic libraries:
0x00007ff6cd990000 - 0x00007ff6cd9a0000 	C:\Program Files\Java\jdk-17\bin\java.exe
0x00007ffbe6fb0000 - 0x00007ffbe71c7000 	C:\WINDOWS\SYSTEM32\ntdll.dll
0x00007ffbe5a20000 - 0x00007ffbe5ae4000 	C:\WINDOWS\System32\KERNEL32.DLL
0x00007ffbe4350000 - 0x00007ffbe4709000 	C:\WINDOWS\System32\KERNELBASE.dll
0x00007ffbe47b0000 - 0x00007ffbe48c1000 	C:\WINDOWS\System32\ucrtbase.dll
0x00007ffbcf670000 - 0x00007ffbcf688000 	C:\Program Files\Java\jdk-17\bin\jli.dll
0x00007ffbcf650000 - 0x00007ffbcf66a000 	C:\Program Files\Java\jdk-17\bin\VCRUNTIME140.dll
0x00007ffbe6770000 - 0x00007ffbe6822000 	C:\WINDOWS\System32\ADVAPI32.dll
0x00007ffbe6ec0000 - 0x00007ffbe6f67000 	C:\WINDOWS\System32\msvcrt.dll
0x00007ffbe6180000 - 0x00007ffbe6227000 	C:\WINDOWS\System32\sechost.dll
0x00007ffbe4780000 - 0x00007ffbe47a8000 	C:\WINDOWS\System32\bcrypt.dll
0x00007ffbe4ce0000 - 0x00007ffbe4df4000 	C:\WINDOWS\System32\RPCRT4.dll
0x00007ffbe4f20000 - 0x00007ffbe50ce000 	C:\WINDOWS\System32\USER32.dll
0x00007ffbe48d0000 - 0x00007ffbe48f6000 	C:\WINDOWS\System32\win32u.dll
0x00007ffbe6830000 - 0x00007ffbe6859000 	C:\WINDOWS\System32\GDI32.dll
0x00007ffbe4af0000 - 0x00007ffbe4c0b000 	C:\WINDOWS\System32\gdi32full.dll
0x00007ffbe42b0000 - 0x00007ffbe434a000 	C:\WINDOWS\System32\msvcp_win.dll
0x00007ffbcb530000 - 0x00007ffbcb7c2000 	C:\WINDOWS\WinSxS\amd64_microsoft.windows.common-controls_6595b64144ccf1df_6.0.22621.4391_none_2715d37f73803e96\COMCTL32.dll
0x00007ffbdd2d0000 - 0x00007ffbdd2da000 	C:\WINDOWS\SYSTEM32\VERSION.dll
0x00007ffbe4ee0000 - 0x00007ffbe4f11000 	C:\WINDOWS\System32\IMM32.DLL
0x00007ffbdc0d0000 - 0x00007ffbdc0dc000 	C:\Program Files\Java\jdk-17\bin\vcruntime140_1.dll
0x00007ffbbffc0000 - 0x00007ffbc004d000 	C:\Program Files\Java\jdk-17\bin\msvcp140.dll
0x00007ffb3ce10000 - 0x00007ffb3d9ce000 	C:\Program Files\Java\jdk-17\bin\server\jvm.dll
0x00007ffbe4cd0000 - 0x00007ffbe4cd8000 	C:\WINDOWS\System32\PSAPI.DLL
0x00007ffbcd600000 - 0x00007ffbcd609000 	C:\WINDOWS\SYSTEM32\WSOCK32.dll
0x00007ffbe6100000 - 0x00007ffbe6171000 	C:\WINDOWS\System32\WS2_32.dll
0x00007ffbdb160000 - 0x00007ffbdb194000 	C:\WINDOWS\SYSTEM32\WINMM.dll
0x00007ffbe32d0000 - 0x00007ffbe32e8000 	C:\WINDOWS\SYSTEM32\kernel.appcore.dll
0x00007ffbd5060000 - 0x00007ffbd506a000 	C:\Program Files\Java\jdk-17\bin\jimage.dll
0x00007ffbe1de0000 - 0x00007ffbe2012000 	C:\WINDOWS\SYSTEM32\DBGHELP.DLL
0x00007ffbe68e0000 - 0x00007ffbe6c6f000 	C:\WINDOWS\System32\combase.dll
0x00007ffbe4e00000 - 0x00007ffbe4ed7000 	C:\WINDOWS\System32\OLEAUT32.dll
0x00007ffbc6270000 - 0x00007ffbc62a2000 	C:\WINDOWS\SYSTEM32\dbgcore.DLL
0x00007ffbe4900000 - 0x00007ffbe497b000 	C:\WINDOWS\System32\bcryptPrimitives.dll
0x00007ffbceb70000 - 0x00007ffbceb7e000 	C:\Program Files\Java\jdk-17\bin\instrument.dll
0x00007ffbcdfc0000 - 0x00007ffbcdfe5000 	C:\Program Files\Java\jdk-17\bin\java.dll
0x00007ffbbfee0000 - 0x00007ffbbffb6000 	C:\Program Files\Java\jdk-17\bin\svml.dll
0x00007ffbe5180000 - 0x00007ffbe59f6000 	C:\WINDOWS\System32\SHELL32.dll
0x00007ffbe21a0000 - 0x00007ffbe2aa3000 	C:\WINDOWS\SYSTEM32\windows.storage.dll
0x00007ffbe2060000 - 0x00007ffbe219f000 	C:\WINDOWS\SYSTEM32\wintypes.dll
0x00007ffbe5f70000 - 0x00007ffbe6069000 	C:\WINDOWS\System32\SHCORE.dll
0x00007ffbe6230000 - 0x00007ffbe628e000 	C:\WINDOWS\System32\shlwapi.dll
0x00007ffbe41e0000 - 0x00007ffbe420b000 	C:\WINDOWS\SYSTEM32\profapi.dll
0x00007ffbbfec0000 - 0x00007ffbbfed8000 	C:\Program Files\Java\jdk-17\bin\zip.dll
0x00007ffbce8d0000 - 0x00007ffbce8e9000 	C:\Program Files\Java\jdk-17\bin\net.dll
0x00007ffbdc5c0000 - 0x00007ffbdc6f6000 	C:\WINDOWS\SYSTEM32\WINHTTP.dll
0x00007ffbe3770000 - 0x00007ffbe37d9000 	C:\WINDOWS\system32\mswsock.dll
0x00007ffbc1270000 - 0x00007ffbc1285000 	C:\Program Files\Java\jdk-17\bin\nio.dll
0x00007ffbcf610000 - 0x00007ffbcf620000 	C:\Program Files\Java\jdk-17\bin\verify.dll
0x00007ffbd0fe0000 - 0x00007ffbd1007000 	C:\Users\Joshu\.gradle\native\c067742578af261105cb4f569cf0c3c89f3d7b1fecec35dd04571415982c5e48\windows-amd64\native-platform.dll
0x00007ffb93390000 - 0x00007ffb934d4000 	C:\Users\Joshu\.gradle\native\100fb08df4bc3b14c8652ba06237920a3bd2aa13389f12d3474272988ae205f9\windows-amd64\native-platform-file-events.dll
0x00007ffbcf640000 - 0x00007ffbcf649000 	C:\Program Files\Java\jdk-17\bin\management.dll
0x00007ffbceb90000 - 0x00007ffbceb9b000 	C:\Program Files\Java\jdk-17\bin\management_ext.dll
0x00007ffbe39d0000 - 0x00007ffbe39eb000 	C:\WINDOWS\SYSTEM32\CRYPTSP.dll
0x00007ffbe3230000 - 0x00007ffbe3265000 	C:\WINDOWS\system32\rsaenh.dll
0x00007ffbe3860000 - 0x00007ffbe3888000 	C:\WINDOWS\SYSTEM32\USERENV.dll
0x00007ffbe39c0000 - 0x00007ffbe39cc000 	C:\WINDOWS\SYSTEM32\CRYPTBASE.dll
0x00007ffbe2db0000 - 0x00007ffbe2ddd000 	C:\WINDOWS\SYSTEM32\IPHLPAPI.DLL
0x00007ffbe6440000 - 0x00007ffbe6449000 	C:\WINDOWS\System32\NSI.dll
0x00007ffbdb670000 - 0x00007ffbdb689000 	C:\WINDOWS\SYSTEM32\dhcpcsvc6.DLL
0x00007ffbdb650000 - 0x00007ffbdb66f000 	C:\WINDOWS\SYSTEM32\dhcpcsvc.DLL
0x00007ffbe2de0000 - 0x00007ffbe2ee2000 	C:\WINDOWS\SYSTEM32\DNSAPI.dll
0x00007ffbcdfb0000 - 0x00007ffbcdfbe000 	C:\Program Files\Java\jdk-17\bin\sunmscapi.dll
0x00007ffbe4980000 - 0x00007ffbe4ae6000 	C:\WINDOWS\System32\CRYPT32.dll
0x00007ffbe3c70000 - 0x00007ffbe3c9d000 	C:\WINDOWS\SYSTEM32\ncrypt.dll
0x00007ffbe3c30000 - 0x00007ffbe3c67000 	C:\WINDOWS\SYSTEM32\NTASN1.dll
0x00007ffbcdf80000 - 0x00007ffbcdf88000 	C:\WINDOWS\system32\wshunix.dll
0x00007ffb96e80000 - 0x00007ffb96e97000 	C:\WINDOWS\system32\napinsp.dll
0x00007ffb96e60000 - 0x00007ffb96e7b000 	C:\WINDOWS\system32\pnrpnsp.dll
0x00007ffb96e40000 - 0x00007ffb96e51000 	C:\WINDOWS\System32\winrnr.dll
0x00007ffbd4c70000 - 0x00007ffbd4c85000 	C:\WINDOWS\system32\wshbth.dll
0x00007ffb96e10000 - 0x00007ffb96e37000 	C:\WINDOWS\system32\nlansp_c.dll
0x00000000682b0000 - 0x00000000682d6000 	C:\Program Files\Bonjour\mdnsNSP.dll
0x00007ffbd4b00000 - 0x00007ffbd4b0a000 	C:\Windows\System32\rasadhlp.dll
0x00007ffbd4b60000 - 0x00007ffbd4be3000 	C:\WINDOWS\System32\fwpuclnt.dll
0x00007ffbc1380000 - 0x00007ffbc1387000 	C:\Program Files\Java\jdk-17\bin\rmi.dll

dbghelp: loaded successfully - version: 4.0.5 - missing functions: none
symbol engine: initialized successfully - sym options: 0x614 - pdb path: .;C:\Program Files\Java\jdk-17\bin;C:\WINDOWS\SYSTEM32;C:\WINDOWS\WinSxS\amd64_microsoft.windows.common-controls_6595b64144ccf1df_6.0.22621.4391_none_2715d37f73803e96;C:\Program Files\Java\jdk-17\bin\server;C:\Users\Joshu\.gradle\native\c067742578af261105cb4f569cf0c3c89f3d7b1fecec35dd04571415982c5e48\windows-amd64;C:\Users\Joshu\.gradle\native\100fb08df4bc3b14c8652ba06237920a3bd2aa13389f12d3474272988ae205f9\windows-amd64;C:\Program Files\Bonjour

VM Arguments:
jvm_args: -XX:MaxMetaspaceSize=512m --add-opens=java.base/java.util=ALL-UNNAMED --add-opens=java.base/java.lang=ALL-UNNAMED --add-opens=java.base/java.lang.invoke=ALL-UNNAMED --add-opens=java.prefs/java.util.prefs=ALL-UNNAMED --add-exports=jdk.compiler/com.sun.tools.javac.api=ALL-UNNAMED --add-exports=jdk.compiler/com.sun.tools.javac.util=ALL-UNNAMED --add-opens=java.base/java.nio.charset=ALL-UNNAMED --add-opens=java.base/java.net=ALL-UNNAMED --add-opens=java.base/java.util.concurrent.atomic=ALL-UNNAMED -Xmx2048m -Dfile.encoding=windows-1252 -Duser.country=ID -Duser.language=en -Duser.variant -javaagent:C:\Users\Joshu\.gradle\wrapper\dists\gradle-8.10.2-all\7iv73wktx1xtkvlq19urqw1wm\gradle-8.10.2\lib\agents\gradle-instrumentation-agent-8.10.2.jar 
java_command: org.gradle.launcher.daemon.bootstrap.GradleDaemon 8.10.2
java_class_path (initial): C:\Users\Joshu\.gradle\wrapper\dists\gradle-8.10.2-all\7iv73wktx1xtkvlq19urqw1wm\gradle-8.10.2\lib\gradle-daemon-main-8.10.2.jar
Launcher Type: SUN_STANDARD

[Global flags]
     intx CICompilerCount                          = 2                                         {product} {ergonomic}
   size_t CompressedClassSpaceSize                 = 432013312                                 {product} {ergonomic}
     uint ConcGCThreads                            = 1                                         {product} {ergonomic}
     uint G1ConcRefinementThreads                  = 2                                         {product} {ergonomic}
   size_t G1HeapRegionSize                         = 1048576                                   {product} {ergonomic}
    uintx GCDrainStackTargetSize                   = 64                                        {product} {ergonomic}
   size_t InitialHeapSize                          = 98566144                                  {product} {ergonomic}
   size_t MarkStackSize                            = 4194304                                   {product} {ergonomic}
   size_t MaxHeapSize                              = 2147483648                                {product} {command line}
   size_t MaxMetaspaceSize                         = 536870912                                 {product} {command line}
   size_t MaxNewSize                               = 1287651328                                {product} {ergonomic}
   size_t MinHeapDeltaBytes                        = 1048576                                   {product} {ergonomic}
   size_t MinHeapSize                              = 8388608                                   {product} {ergonomic}
    uintx NonNMethodCodeHeapSize                   = 5826188                                {pd product} {ergonomic}
    uintx NonProfiledCodeHeapSize                  = 122916026                              {pd product} {ergonomic}
    uintx ProfiledCodeHeapSize                     = 122916026                              {pd product} {ergonomic}
    uintx ReservedCodeCacheSize                    = 251658240                              {pd product} {ergonomic}
     bool SegmentedCodeCache                       = true                                      {product} {ergonomic}
   size_t SoftMaxHeapSize                          = 2147483648                             {manageable} {ergonomic}
     bool UseCompressedClassPointers               = true                           {product lp64_product} {ergonomic}
     bool UseCompressedOops                        = true                           {product lp64_product} {ergonomic}
     bool UseG1GC                                  = true                                      {product} {ergonomic}
     bool UseLargePagesIndividualAllocation        = false                                  {pd product} {ergonomic}

Logging:
Log output configuration:
 #0: stdout all=warning uptime,level,tags
 #1: stderr all=off uptime,level,tags

Environment Variables:
JAVA_HOME=C:\Program Files\Java\jdk-17
CLASSPATH=D:\TabungJo\android\\gradle\wrapper\gradle-wrapper.jar
PATH=D:\TabungJo\node_modules\.bin;D:\TabungJo\node_modules\.bin;D:\node_modules\.bin;C:\Program Files\nodejs\node_modules\npm\node_modules\@npmcli\run-script\lib\node-gyp-bin;C:\Program Files\Common Files\Oracle\Java\javapath;C:\WINDOWS\system32;C:\WINDOWS;C:\WINDOWS\System32\Wbem;C:\WINDOWS\System32\WindowsPowerShell\v1.0\;C:\WINDOWS\System32\OpenSSH\;C:\Program Files\nodejs\;C:\Program Files\Java\jdk-17\bin;C:\Program Files (x86)\Microsoft SQL Server\160\Tools\Binn\;C:\Program Files\Microsoft SQL Server\160\Tools\Binn\;C:\Program Files\Microsoft SQL Server\Client SDK\ODBC\170\Tools\Binn\;C:\Program Files\Microsoft SQL Server\160\DTS\Binn\;C:\Program Files (x86)\Microsoft SQL Server\160\DTS\Binn\;D:\Git\cmd;D:\Mobile_App_Dev_LocalHost\Android\Sdk\tools;D:\Mobile_App_Dev_LocalHost\Android\Sdk\platform-tools;C:\Users\Joshu\AppData\Local\Microsoft\WindowsApps;C:\Users\Joshu\AppData\Roaming\npm;C:\Users\Joshu\AppData\Local\Android\Sdk\platform-tools;D:\Microsoft VS Code\bin;D:\Mobile_App_Dev_LocalHost\Android\Sdk\emulator;D:\Mobile_App_Dev_LocalHost\Android\Sdk\platform_tools;D:\Mobile_App_Dev_LocalHost\Android\Sdk\tools;D:\Mobile_App_Dev_LocalHost\Android\Sdk\tools\bin;C:\Program Files\Java\jdk-17\bin;D:\Mobile_App_Dev_LocalHost\Android\Sdk\cmdline-tools\latest\bin;
USERNAME=Joshu
OS=Windows_NT
PROCESSOR_IDENTIFIER=AMD64 Family 23 Model 160 Stepping 0, AuthenticAMD



---------------  S Y S T E M  ---------------

OS:
 Windows 10 , 64 bit Build 22621 (10.0.22621.4391)
OS uptime: 0 days 1:57 hours
Hyper-V role detected

CPU: total 2 (initial active 2) (2 cores per cpu, 1 threads per core) family 23 model 160 stepping 0 microcode 0x0, cx8, cmov, fxsr, mmx, 3dnowpref, sse, sse2, sse3, ssse3, sse4a, sse4.1, sse4.2, popcnt, lzcnt, tsc, tscinvbit, avx, avx2, aes, clmul, bmi1, bmi2, adx, sha, fma, vzeroupper, clflush, clflushopt, hv

Memory: 4k page, system-wide physical 5965M (488M free)
TotalPageFile size 15820M (AvailPageFile size 4M)
current process WorkingSet (physical memory assigned to process): 434M, peak: 439M
current process commit charge ("private bytes"): 514M, peak: 518M

vm_info: Java HotSpot(TM) 64-Bit Server VM (17+35-LTS-2724) for windows-amd64 JRE (17+35-LTS-2724), built on Aug  5 2021 23:28:28 by "mach5one" with MS VC++ 16.8 (VS2019)

END.
