#
# There is insufficient memory for the Java Runtime Environment to continue.
# Native memory allocation (malloc) failed to allocate 1007696 bytes for Chunk::new
# Possible reasons:
#   The system is out of physical RAM or swap space
#   The process is running with CompressedOops enabled, and the Java Heap may be blocking the growth of the native heap
# Possible solutions:
#   Reduce memory load on the system
#   Increase physical memory or swap space
#   Check if swap backing store is full
#   Decrease Java heap size (-Xmx/-Xms)
#   Decrease number of Java threads
#   Decrease Java thread stack sizes (-Xss)
#   Set larger code cache with -XX:ReservedCodeCacheSize=
#   JVM is running with Unscaled Compressed Oops mode in which the Java heap is
#     placed in the first 4GB address space. The Java Heap base address is the
#     maximum limit for the native heap growth. Please use -XX:HeapBaseMinAddress
#     to set the Java Heap base and to place the Java Heap above 4GB virtual address.
# This output file may be truncated or incomplete.
#
#  Out of Memory Error (arena.cpp:189), pid=13876, tid=13964
#
# JRE version: Java(TM) SE Runtime Environment (17.0+35) (build 17+35-LTS-2724)
# Java VM: Java HotSpot(TM) 64-Bit Server VM (17+35-LTS-2724, mixed mode, sharing, tiered, compressed oops, compressed class ptrs, g1 gc, windows-amd64)
# No core dump will be written. Minidumps are not enabled by default on client versions of Windows
#

---------------  S U M M A R Y ------------

Command Line: -XX:MaxMetaspaceSize=512m --add-opens=java.base/java.util=ALL-UNNAMED --add-opens=java.base/java.lang=ALL-UNNAMED --add-opens=java.base/java.lang.invoke=ALL-UNNAMED --add-opens=java.prefs/java.util.prefs=ALL-UNNAMED --add-exports=jdk.compiler/com.sun.tools.javac.api=ALL-UNNAMED --add-exports=jdk.compiler/com.sun.tools.javac.util=ALL-UNNAMED --add-opens=java.base/java.nio.charset=ALL-UNNAMED --add-opens=java.base/java.net=ALL-UNNAMED --add-opens=java.base/java.util.concurrent.atomic=ALL-UNNAMED -Xmx2048m -Dfile.encoding=windows-1252 -Duser.country=ID -Duser.language=en -Duser.variant -javaagent:C:\Users\Joshu\.gradle\wrapper\dists\gradle-8.10.2-all\7iv73wktx1xtkvlq19urqw1wm\gradle-8.10.2\lib\agents\gradle-instrumentation-agent-8.10.2.jar org.gradle.launcher.daemon.bootstrap.GradleDaemon 8.10.2

Host: AMD Athlon Silver 7120U with Radeon Graphics   , 2 cores, 5G,  Windows 10 , 64 bit Build 22621 (10.0.22621.4391)
Time: Tue May  6 23:03:04 2025 Malay Peninsula Standard Time elapsed time: 16.605142 seconds (0d 0h 0m 16s)

---------------  T H R E A D  ---------------

Current thread (0x000001d96b15a0c0):  JavaThread "C2 CompilerThread0" daemon [_thread_in_native, id=13964, stack(0x0000007dd5d00000,0x0000007dd5e00000)]


Current CompileTask:
C2:  16605 2360   !   4       java.lang.ClassLoader::loadClass (121 bytes)

Stack: [0x0000007dd5d00000,0x0000007dd5e00000]
Native frames: (J=compiled Java code, j=interpreted, Vv=VM code, C=native code)
V  [jvm.dll+0x66f8ea]
V  [jvm.dll+0x7ce224]
V  [jvm.dll+0x7cf9ce]
V  [jvm.dll+0x7d0033]
V  [jvm.dll+0x242bb5]
V  [jvm.dll+0xaa05b]
V  [jvm.dll+0xaa5ec]
V  [jvm.dll+0x2a954f]
V  [jvm.dll+0x5784b9]
V  [jvm.dll+0x21de2d]
V  [jvm.dll+0x21e20f]
V  [jvm.dll+0x217ada]
V  [jvm.dll+0x214fb5]
V  [jvm.dll+0x1a168d]
V  [jvm.dll+0x2248f8]
V  [jvm.dll+0x222a5c]
V  [jvm.dll+0x78422b]
V  [jvm.dll+0x77e7ea]
V  [jvm.dll+0x66e715]
C  [ucrtbase.dll+0x29333]
C  [KERNEL32.DLL+0x1259d]
C  [ntdll.dll+0x5af38]


---------------  P R O C E S S  ---------------

Threads class SMR info:
_java_thread_list=0x000001d96dd07ef0, length=25, elements={
0x000001d94bdd7bd0, 0x000001d96b13d9f0, 0x000001d96b13e770, 0x000001d96b154600,
0x000001d96b155280, 0x000001d96b158b60, 0x000001d96b159420, 0x000001d96b15a0c0,
0x000001d96b1c2930, 0x000001d96b1c2e40, 0x000001d94be99570, 0x000001d96bcf3a10,
0x000001d96cc13390, 0x000001d96d572640, 0x000001d96c83fa50, 0x000001d96bfeade0,
0x000001d96cabcc00, 0x000001d96d2d80f0, 0x000001d96d2dbab0, 0x000001d96d2da770,
0x000001d96d2d9900, 0x000001d96d2d85c0, 0x000001d96d2db5e0, 0x000001d96d2da2a0,
0x000001d96d2d8a90
}

Java Threads: ( => current thread )
  0x000001d94bdd7bd0 JavaThread "main" [_thread_blocked, id=15804, stack(0x0000007dd5000000,0x0000007dd5100000)]
  0x000001d96b13d9f0 JavaThread "Reference Handler" daemon [_thread_blocked, id=16292, stack(0x0000007dd5700000,0x0000007dd5800000)]
  0x000001d96b13e770 JavaThread "Finalizer" daemon [_thread_blocked, id=15308, stack(0x0000007dd5800000,0x0000007dd5900000)]
  0x000001d96b154600 JavaThread "Signal Dispatcher" daemon [_thread_blocked, id=15376, stack(0x0000007dd5900000,0x0000007dd5a00000)]
  0x000001d96b155280 JavaThread "Attach Listener" daemon [_thread_blocked, id=7748, stack(0x0000007dd5a00000,0x0000007dd5b00000)]
  0x000001d96b158b60 JavaThread "Service Thread" daemon [_thread_blocked, id=14780, stack(0x0000007dd5b00000,0x0000007dd5c00000)]
  0x000001d96b159420 JavaThread "Monitor Deflation Thread" daemon [_thread_blocked, id=15536, stack(0x0000007dd5c00000,0x0000007dd5d00000)]
=>0x000001d96b15a0c0 JavaThread "C2 CompilerThread0" daemon [_thread_in_native, id=13964, stack(0x0000007dd5d00000,0x0000007dd5e00000)]
  0x000001d96b1c2930 JavaThread "C1 CompilerThread0" daemon [_thread_blocked, id=328, stack(0x0000007dd5e00000,0x0000007dd5f00000)]
  0x000001d96b1c2e40 JavaThread "Sweeper thread" daemon [_thread_blocked, id=2564, stack(0x0000007dd5f00000,0x0000007dd6000000)]
  0x000001d94be99570 JavaThread "Common-Cleaner" daemon [_thread_blocked, id=6312, stack(0x0000007dd6000000,0x0000007dd6100000)]
  0x000001d96bcf3a10 JavaThread "Notification Thread" daemon [_thread_blocked, id=9572, stack(0x0000007dd6100000,0x0000007dd6200000)]
  0x000001d96cc13390 JavaThread "Daemon health stats" [_thread_blocked, id=16220, stack(0x0000007dd6400000,0x0000007dd6500000)]
  0x000001d96d572640 JavaThread "Incoming local TCP Connector on port 53041" [_thread_in_native, id=15760, stack(0x0000007dd6500000,0x0000007dd6600000)]
  0x000001d96c83fa50 JavaThread "Daemon periodic checks" [_thread_blocked, id=9992, stack(0x0000007dd6600000,0x0000007dd6700000)]
  0x000001d96bfeade0 JavaThread "Daemon" [_thread_blocked, id=16280, stack(0x0000007dd6800000,0x0000007dd6900000)]
  0x000001d96cabcc00 JavaThread "Handler for socket connection from /127.0.0.1:53041 to /127.0.0.1:53042" [_thread_in_native, id=16108, stack(0x0000007dd6900000,0x0000007dd6a00000)]
  0x000001d96d2d80f0 JavaThread "Cancel handler" [_thread_blocked, id=5732, stack(0x0000007dd6a00000,0x0000007dd6b00000)]
  0x000001d96d2dbab0 JavaThread "Daemon worker" [_thread_in_vm, id=3224, stack(0x0000007dd6b00000,0x0000007dd6c00000)]
  0x000001d96d2da770 JavaThread "Asynchronous log dispatcher for DefaultDaemonConnection: socket connection from /127.0.0.1:53041 to /127.0.0.1:53042" [_thread_blocked, id=10868, stack(0x0000007dd6c00000,0x0000007dd6d00000)]
  0x000001d96d2d9900 JavaThread "Stdin handler" [_thread_blocked, id=12468, stack(0x0000007dd6d00000,0x0000007dd6e00000)]
  0x000001d96d2d85c0 JavaThread "Daemon client event forwarder" [_thread_blocked, id=15924, stack(0x0000007dd6e00000,0x0000007dd6f00000)]
  0x000001d96d2db5e0 JavaThread "Cache worker for journal cache (C:\Users\Joshu\.gradle\caches\journal-1)" [_thread_blocked, id=13452, stack(0x0000007dd6f00000,0x0000007dd7000000)]
  0x000001d96d2da2a0 JavaThread "File lock request listener" [_thread_in_native, id=8936, stack(0x0000007dd7000000,0x0000007dd7100000)]
  0x000001d96d2d8a90 JavaThread "Cache worker for file hash cache (C:\Users\Joshu\.gradle\caches\8.10.2\fileHashes)" [_thread_blocked, id=8384, stack(0x0000007dd7100000,0x0000007dd7200000)]

Other Threads:
  0x000001d96b138b70 VMThread "VM Thread" [stack: 0x0000007dd5600000,0x0000007dd5700000] [id=14464]
  0x000001d94bdd8950 WatcherThread [stack: 0x0000007dd6200000,0x0000007dd6300000] [id=11632]
  0x000001d94be15060 GCTaskThread "GC Thread#0" [stack: 0x0000007dd5100000,0x0000007dd5200000] [id=12848]
  0x000001d96bcfbf00 GCTaskThread "GC Thread#1" [stack: 0x0000007dd6300000,0x0000007dd6400000] [id=9660]
  0x000001d94be25eb0 ConcurrentGCThread "G1 Main Marker" [stack: 0x0000007dd5200000,0x0000007dd5300000] [id=7088]
  0x000001d94be267d0 ConcurrentGCThread "G1 Conc#0" [stack: 0x0000007dd5300000,0x0000007dd5400000] [id=15484]
  0x000001d94be80fc0 ConcurrentGCThread "G1 Refine#0" [stack: 0x0000007dd5400000,0x0000007dd5500000] [id=4920]
  0x000001d96ca7a020 ConcurrentGCThread "G1 Refine#1" [stack: 0x0000007dd6700000,0x0000007dd6800000] [id=16204]
  0x000001d94be818f0 ConcurrentGCThread "G1 Service" [stack: 0x0000007dd5500000,0x0000007dd5600000] [id=15088]

Threads with active compile tasks:
C2 CompilerThread0    16637 2360   !   4       java.lang.ClassLoader::loadClass (121 bytes)

VM state: not at safepoint (normal execution)

VM Mutex/Monitor currently owned by a thread: None

Heap address: 0x0000000080000000, size: 2048 MB, Compressed Oops mode: 32-bit

CDS archive(s) mapped at: [0x0000000800000000-0x0000000800bc0000-0x0000000800bc0000), size 12320768, SharedBaseAddress: 0x0000000800000000, ArchiveRelocationMode: 0.
Compressed class space mapped at: 0x0000000800c00000-0x000000081a800000, reserved size: 432013312
Narrow klass base: 0x0000000800000000, Narrow klass shift: 0, Narrow klass range: 0x100000000

GC Precious Log:
 CPUs: 2 total, 2 available
 Memory: 5965M
 Large Page Support: Disabled
 NUMA Support: Disabled
 Compressed Oops: Enabled (32-bit)
 Heap Region Size: 1M
 Heap Min Capacity: 8M
 Heap Initial Capacity: 94M
 Heap Max Capacity: 2G
 Pre-touch: Disabled
 Parallel Workers: 2
 Concurrent Workers: 1
 Concurrent Refinement Workers: 2
 Periodic GC: Disabled

Heap:
 garbage-first heap   total 96256K, used 48266K [0x0000000080000000, 0x0000000100000000)
  region size 1024K, 37 young (37888K), 7 survivors (7168K)
 Metaspace       used 14526K, committed 14912K, reserved 438272K
  class space    used 1988K, committed 2176K, reserved 421888K

Heap Regions: E=young(eden), S=young(survivor), O=old, HS=humongous(starts), HC=humongous(continues), CS=collection set, F=free, OA=open archive, CA=closed archive, TAMS=top-at-mark-start (previous, next)
|   0|0x0000000080000000, 0x0000000080100000, 0x0000000080100000|100%| O|  |TAMS 0x0000000080000000, 0x0000000080000000| Untracked 
|   1|0x0000000080100000, 0x0000000080200000, 0x0000000080200000|100%|HS|  |TAMS 0x0000000080100000, 0x0000000080100000| Complete 
|   2|0x0000000080200000, 0x0000000080300000, 0x0000000080300000|100%|HC|  |TAMS 0x0000000080200000, 0x0000000080200000| Complete 
|   3|0x0000000080300000, 0x0000000080400000, 0x0000000080400000|100%|HC|  |TAMS 0x0000000080300000, 0x0000000080300000| Complete 
|   4|0x0000000080400000, 0x0000000080500000, 0x0000000080500000|100%|HC|  |TAMS 0x0000000080400000, 0x0000000080400000| Complete 
|   5|0x0000000080500000, 0x0000000080600000, 0x0000000080600000|100%| O|  |TAMS 0x0000000080500000, 0x0000000080500000| Untracked 
|   6|0x0000000080600000, 0x0000000080700000, 0x0000000080700000|100%| O|  |TAMS 0x0000000080600000, 0x0000000080600000| Untracked 
|   7|0x0000000080700000, 0x0000000080800000, 0x0000000080800000|100%| O|  |TAMS 0x0000000080700000, 0x0000000080700000| Untracked 
|   8|0x0000000080800000, 0x0000000080900000, 0x0000000080900000|100%|HS|  |TAMS 0x0000000080800000, 0x0000000080800000| Complete 
|   9|0x0000000080900000, 0x0000000080900000, 0x0000000080a00000|  0%| F|  |TAMS 0x0000000080900000, 0x0000000080900000| Untracked 
|  10|0x0000000080a00000, 0x0000000080b00000, 0x0000000080b00000|100%| O|  |TAMS 0x0000000080a00000, 0x0000000080a00000| Untracked 
|  11|0x0000000080b00000, 0x0000000080c00000, 0x0000000080c00000|100%| O|  |TAMS 0x0000000080b00000, 0x0000000080b00000| Untracked 
|  12|0x0000000080c00000, 0x0000000080d00000, 0x0000000080d00000|100%| O|  |TAMS 0x0000000080c00000, 0x0000000080c00000| Untracked 
|  13|0x0000000080d00000, 0x0000000080d22800, 0x0000000080e00000| 13%| O|  |TAMS 0x0000000080d00000, 0x0000000080d00000| Untracked 
|  14|0x0000000080e00000, 0x0000000080e00000, 0x0000000080f00000|  0%| F|  |TAMS 0x0000000080e00000, 0x0000000080e00000| Untracked 
|  15|0x0000000080f00000, 0x0000000080f00000, 0x0000000081000000|  0%| F|  |TAMS 0x0000000080f00000, 0x0000000080f00000| Untracked 
|  16|0x0000000081000000, 0x0000000081000000, 0x0000000081100000|  0%| F|  |TAMS 0x0000000081000000, 0x0000000081000000| Untracked 
|  17|0x0000000081100000, 0x0000000081100000, 0x0000000081200000|  0%| F|  |TAMS 0x0000000081100000, 0x0000000081100000| Untracked 
|  18|0x0000000081200000, 0x0000000081200000, 0x0000000081300000|  0%| F|  |TAMS 0x0000000081200000, 0x0000000081200000| Untracked 
|  19|0x0000000081300000, 0x0000000081300000, 0x0000000081400000|  0%| F|  |TAMS 0x0000000081300000, 0x0000000081300000| Untracked 
|  20|0x0000000081400000, 0x0000000081400000, 0x0000000081500000|  0%| F|  |TAMS 0x0000000081400000, 0x0000000081400000| Untracked 
|  21|0x0000000081500000, 0x0000000081500000, 0x0000000081600000|  0%| F|  |TAMS 0x0000000081500000, 0x0000000081500000| Untracked 
|  22|0x0000000081600000, 0x0000000081600000, 0x0000000081700000|  0%| F|  |TAMS 0x0000000081600000, 0x0000000081600000| Untracked 
|  23|0x0000000081700000, 0x0000000081700000, 0x0000000081800000|  0%| F|  |TAMS 0x0000000081700000, 0x0000000081700000| Untracked 
|  24|0x0000000081800000, 0x0000000081800000, 0x0000000081900000|  0%| F|  |TAMS 0x0000000081800000, 0x0000000081800000| Untracked 
|  25|0x0000000081900000, 0x0000000081900000, 0x0000000081a00000|  0%| F|  |TAMS 0x0000000081900000, 0x0000000081900000| Untracked 
|  26|0x0000000081a00000, 0x0000000081a00000, 0x0000000081b00000|  0%| F|  |TAMS 0x0000000081a00000, 0x0000000081a00000| Untracked 
|  27|0x0000000081b00000, 0x0000000081b00000, 0x0000000081c00000|  0%| F|  |TAMS 0x0000000081b00000, 0x0000000081b00000| Untracked 
|  28|0x0000000081c00000, 0x0000000081c00000, 0x0000000081d00000|  0%| F|  |TAMS 0x0000000081c00000, 0x0000000081c00000| Untracked 
|  29|0x0000000081d00000, 0x0000000081d00000, 0x0000000081e00000|  0%| F|  |TAMS 0x0000000081d00000, 0x0000000081d00000| Untracked 
|  30|0x0000000081e00000, 0x0000000081e00000, 0x0000000081f00000|  0%| F|  |TAMS 0x0000000081e00000, 0x0000000081e00000| Untracked 
|  31|0x0000000081f00000, 0x0000000082000000, 0x0000000082000000|100%| S|CS|TAMS 0x0000000081f00000, 0x0000000081f00000| Complete 
|  32|0x0000000082000000, 0x0000000082100000, 0x0000000082100000|100%| S|CS|TAMS 0x0000000082000000, 0x0000000082000000| Complete 
|  33|0x0000000082100000, 0x0000000082100000, 0x0000000082200000|  0%| F|  |TAMS 0x0000000082100000, 0x0000000082100000| Untracked 
|  34|0x0000000082200000, 0x0000000082200000, 0x0000000082300000|  0%| F|  |TAMS 0x0000000082200000, 0x0000000082200000| Untracked 
|  35|0x0000000082300000, 0x0000000082300000, 0x0000000082400000|  0%| F|  |TAMS 0x0000000082300000, 0x0000000082300000| Untracked 
|  36|0x0000000082400000, 0x0000000082400000, 0x0000000082500000|  0%| F|  |TAMS 0x0000000082400000, 0x0000000082400000| Untracked 
|  37|0x0000000082500000, 0x0000000082500000, 0x0000000082600000|  0%| F|  |TAMS 0x0000000082500000, 0x0000000082500000| Untracked 
|  38|0x0000000082600000, 0x0000000082700000, 0x0000000082700000|100%| S|CS|TAMS 0x0000000082600000, 0x0000000082600000| Complete 
|  39|0x0000000082700000, 0x0000000082800000, 0x0000000082800000|100%| S|CS|TAMS 0x0000000082700000, 0x0000000082700000| Complete 
|  40|0x0000000082800000, 0x0000000082900000, 0x0000000082900000|100%| S|CS|TAMS 0x0000000082800000, 0x0000000082800000| Complete 
|  41|0x0000000082900000, 0x0000000082a00000, 0x0000000082a00000|100%| S|CS|TAMS 0x0000000082900000, 0x0000000082900000| Complete 
|  42|0x0000000082a00000, 0x0000000082b00000, 0x0000000082b00000|100%| S|CS|TAMS 0x0000000082a00000, 0x0000000082a00000| Complete 
|  43|0x0000000082b00000, 0x0000000082b00000, 0x0000000082c00000|  0%| F|  |TAMS 0x0000000082b00000, 0x0000000082b00000| Untracked 
|  44|0x0000000082c00000, 0x0000000082c00000, 0x0000000082d00000|  0%| F|  |TAMS 0x0000000082c00000, 0x0000000082c00000| Untracked 
|  45|0x0000000082d00000, 0x0000000082d00000, 0x0000000082e00000|  0%| F|  |TAMS 0x0000000082d00000, 0x0000000082d00000| Untracked 
|  46|0x0000000082e00000, 0x0000000082e00000, 0x0000000082f00000|  0%| F|  |TAMS 0x0000000082e00000, 0x0000000082e00000| Untracked 
|  47|0x0000000082f00000, 0x0000000082f00000, 0x0000000083000000|  0%| F|  |TAMS 0x0000000082f00000, 0x0000000082f00000| Untracked 
|  48|0x0000000083000000, 0x0000000083000000, 0x0000000083100000|  0%| F|  |TAMS 0x0000000083000000, 0x0000000083000000| Untracked 
|  49|0x0000000083100000, 0x0000000083100000, 0x0000000083200000|  0%| F|  |TAMS 0x0000000083100000, 0x0000000083100000| Untracked 
|  50|0x0000000083200000, 0x0000000083200000, 0x0000000083300000|  0%| F|  |TAMS 0x0000000083200000, 0x0000000083200000| Untracked 
|  51|0x0000000083300000, 0x0000000083300000, 0x0000000083400000|  0%| F|  |TAMS 0x0000000083300000, 0x0000000083300000| Untracked 
|  52|0x0000000083400000, 0x0000000083400000, 0x0000000083500000|  0%| F|  |TAMS 0x0000000083400000, 0x0000000083400000| Untracked 
|  53|0x0000000083500000, 0x0000000083500000, 0x0000000083600000|  0%| F|  |TAMS 0x0000000083500000, 0x0000000083500000| Untracked 
|  54|0x0000000083600000, 0x0000000083600000, 0x0000000083700000|  0%| F|  |TAMS 0x0000000083600000, 0x0000000083600000| Untracked 
|  55|0x0000000083700000, 0x0000000083700000, 0x0000000083800000|  0%| F|  |TAMS 0x0000000083700000, 0x0000000083700000| Untracked 
|  56|0x0000000083800000, 0x0000000083800000, 0x0000000083900000|  0%| F|  |TAMS 0x0000000083800000, 0x0000000083800000| Untracked 
|  57|0x0000000083900000, 0x0000000083900000, 0x0000000083a00000|  0%| F|  |TAMS 0x0000000083900000, 0x0000000083900000| Untracked 
|  58|0x0000000083a00000, 0x0000000083a00000, 0x0000000083b00000|  0%| F|  |TAMS 0x0000000083a00000, 0x0000000083a00000| Untracked 
|  59|0x0000000083b00000, 0x0000000083b00000, 0x0000000083c00000|  0%| F|  |TAMS 0x0000000083b00000, 0x0000000083b00000| Untracked 
|  60|0x0000000083c00000, 0x0000000083c00000, 0x0000000083d00000|  0%| F|  |TAMS 0x0000000083c00000, 0x0000000083c00000| Untracked 
|  61|0x0000000083d00000, 0x0000000083d00000, 0x0000000083e00000|  0%| F|  |TAMS 0x0000000083d00000, 0x0000000083d00000| Untracked 
|  62|0x0000000083e00000, 0x0000000083e00000, 0x0000000083f00000|  0%| F|  |TAMS 0x0000000083e00000, 0x0000000083e00000| Untracked 
|  63|0x0000000083f00000, 0x0000000083f00000, 0x0000000084000000|  0%| F|  |TAMS 0x0000000083f00000, 0x0000000083f00000| Untracked 
|  64|0x0000000084000000, 0x0000000084054290, 0x0000000084100000| 32%| E|  |TAMS 0x0000000084000000, 0x0000000084000000| Complete 
|  65|0x0000000084100000, 0x0000000084200000, 0x0000000084200000|100%| E|CS|TAMS 0x0000000084100000, 0x0000000084100000| Complete 
|  66|0x0000000084200000, 0x0000000084300000, 0x0000000084300000|100%| E|CS|TAMS 0x0000000084200000, 0x0000000084200000| Complete 
|  67|0x0000000084300000, 0x0000000084400000, 0x0000000084400000|100%| E|CS|TAMS 0x0000000084300000, 0x0000000084300000| Complete 
|  68|0x0000000084400000, 0x0000000084500000, 0x0000000084500000|100%| E|CS|TAMS 0x0000000084400000, 0x0000000084400000| Complete 
|  69|0x0000000084500000, 0x0000000084600000, 0x0000000084600000|100%| E|  |TAMS 0x0000000084500000, 0x0000000084500000| Complete 
|  70|0x0000000084600000, 0x0000000084700000, 0x0000000084700000|100%| E|CS|TAMS 0x0000000084600000, 0x0000000084600000| Complete 
|  71|0x0000000084700000, 0x0000000084800000, 0x0000000084800000|100%| E|CS|TAMS 0x0000000084700000, 0x0000000084700000| Complete 
|  72|0x0000000084800000, 0x0000000084900000, 0x0000000084900000|100%| E|CS|TAMS 0x0000000084800000, 0x0000000084800000| Complete 
|  73|0x0000000084900000, 0x0000000084a00000, 0x0000000084a00000|100%| E|CS|TAMS 0x0000000084900000, 0x0000000084900000| Complete 
|  74|0x0000000084a00000, 0x0000000084b00000, 0x0000000084b00000|100%| E|CS|TAMS 0x0000000084a00000, 0x0000000084a00000| Complete 
|  75|0x0000000084b00000, 0x0000000084c00000, 0x0000000084c00000|100%| E|CS|TAMS 0x0000000084b00000, 0x0000000084b00000| Complete 
|  76|0x0000000084c00000, 0x0000000084d00000, 0x0000000084d00000|100%| E|CS|TAMS 0x0000000084c00000, 0x0000000084c00000| Complete 
|  77|0x0000000084d00000, 0x0000000084e00000, 0x0000000084e00000|100%| E|CS|TAMS 0x0000000084d00000, 0x0000000084d00000| Complete 
|  78|0x0000000084e00000, 0x0000000084f00000, 0x0000000084f00000|100%| E|CS|TAMS 0x0000000084e00000, 0x0000000084e00000| Complete 
|  79|0x0000000084f00000, 0x0000000085000000, 0x0000000085000000|100%| E|CS|TAMS 0x0000000084f00000, 0x0000000084f00000| Complete 
|  80|0x0000000085000000, 0x0000000085100000, 0x0000000085100000|100%| E|CS|TAMS 0x0000000085000000, 0x0000000085000000| Complete 
|  81|0x0000000085100000, 0x0000000085200000, 0x0000000085200000|100%| E|CS|TAMS 0x0000000085100000, 0x0000000085100000| Complete 
|  82|0x0000000085200000, 0x0000000085300000, 0x0000000085300000|100%| E|CS|TAMS 0x0000000085200000, 0x0000000085200000| Complete 
|  83|0x0000000085300000, 0x0000000085400000, 0x0000000085400000|100%| E|CS|TAMS 0x0000000085300000, 0x0000000085300000| Complete 
|  84|0x0000000085400000, 0x0000000085500000, 0x0000000085500000|100%| E|CS|TAMS 0x0000000085400000, 0x0000000085400000| Complete 
|  85|0x0000000085500000, 0x0000000085600000, 0x0000000085600000|100%| E|CS|TAMS 0x0000000085500000, 0x0000000085500000| Complete 
|  86|0x0000000085600000, 0x0000000085700000, 0x0000000085700000|100%| E|CS|TAMS 0x0000000085600000, 0x0000000085600000| Complete 
|  87|0x0000000085700000, 0x0000000085800000, 0x0000000085800000|100%| E|CS|TAMS 0x0000000085700000, 0x0000000085700000| Complete 
|  88|0x0000000085800000, 0x0000000085900000, 0x0000000085900000|100%| E|CS|TAMS 0x0000000085800000, 0x0000000085800000| Complete 
|  89|0x0000000085900000, 0x0000000085a00000, 0x0000000085a00000|100%| E|CS|TAMS 0x0000000085900000, 0x0000000085900000| Complete 
|  90|0x0000000085a00000, 0x0000000085b00000, 0x0000000085b00000|100%| E|CS|TAMS 0x0000000085a00000, 0x0000000085a00000| Complete 
|  91|0x0000000085b00000, 0x0000000085c00000, 0x0000000085c00000|100%| E|CS|TAMS 0x0000000085b00000, 0x0000000085b00000| Complete 
|  92|0x0000000085c00000, 0x0000000085d00000, 0x0000000085d00000|100%| E|CS|TAMS 0x0000000085c00000, 0x0000000085c00000| Complete 
|  93|0x0000000085d00000, 0x0000000085e00000, 0x0000000085e00000|100%| E|CS|TAMS 0x0000000085d00000, 0x0000000085d00000| Complete 

Card table byte_map: [0x000001d9645a0000,0x000001d9649a0000] _byte_map_base: 0x000001d9641a0000

Marking Bits (Prev, Next): (CMBitMap*) 0x000001d94be15580, (CMBitMap*) 0x000001d94be155c0
 Prev Bits: [0x000001d964da0000, 0x000001d966da0000)
 Next Bits: [0x000001d966da0000, 0x000001d968da0000)

Polling page: 0x000001d94bc80000

Metaspace:

Usage:
  Non-class:     12.25 MB used.
      Class:      1.94 MB used.
       Both:     14.19 MB used.

Virtual space:
  Non-class space:       16.00 MB reserved,      12.44 MB ( 78%) committed,  2 nodes.
      Class space:      412.00 MB reserved,       2.12 MB ( <1%) committed,  1 nodes.
             Both:      428.00 MB reserved,      14.56 MB (  3%) committed. 

Chunk freelists:
   Non-Class:  3.30 MB
       Class:  1.92 MB
        Both:  5.22 MB

MaxMetaspaceSize: 512.00 MB
CompressedClassSpaceSize: 412.00 MB
Initial GC threshold: 21.00 MB
Current GC threshold: 21.00 MB
CDS: on
MetaspaceReclaimPolicy: balanced
 - commit_granule_bytes: 65536.
 - commit_granule_words: 8192.
 - virtual_space_node_default_size: 1048576.
 - enlarge_chunks_in_place: 1.
 - new_chunks_are_fully_committed: 0.
 - uncommit_free_chunks: 1.
 - use_allocation_guard: 0.
 - handle_deallocations: 1.


Internal statistics:

num_allocs_failed_limit: 0.
num_arena_births: 178.
num_arena_deaths: 0.
num_vsnodes_births: 3.
num_vsnodes_deaths: 0.
num_space_committed: 233.
num_space_uncommitted: 0.
num_chunks_returned_to_freelist: 0.
num_chunks_taken_from_freelist: 633.
num_chunk_merges: 0.
num_chunk_splits: 423.
num_chunks_enlarged: 322.
num_purges: 0.
num_inconsistent_stats: 0.

CodeHeap 'non-profiled nmethods': size=120064Kb used=1217Kb max_used=1217Kb free=118846Kb
 bounds [0x000001d95c850000, 0x000001d95cac0000, 0x000001d963d90000]
CodeHeap 'profiled nmethods': size=120000Kb used=4829Kb max_used=4829Kb free=115170Kb
 bounds [0x000001d955320000, 0x000001d9557e0000, 0x000001d95c850000]
CodeHeap 'non-nmethods': size=5696Kb used=1214Kb max_used=1251Kb free=4481Kb
 bounds [0x000001d954d90000, 0x000001d955000000, 0x000001d955320000]
 total_blobs=2875 nmethods=2356 adapters=432
 compilation: enabled
              stopped_count=0, restarted_count=0
 full_count=0

Compilation events (20 events):
Event: 16.446 Thread 0x000001d96b1c2930 nmethod 2351 0x000001d9557d0110 code [0x000001d9557d02a0, 0x000001d9557d0418]
Event: 16.451 Thread 0x000001d96b1c2930 2352       3       jdk.internal.org.objectweb.asm.FieldWriter::visitEnd (1 bytes)
Event: 16.452 Thread 0x000001d96b1c2930 nmethod 2352 0x000001d9557d0510 code [0x000001d9557d06a0, 0x000001d9557d07b8]
Event: 16.456 Thread 0x000001d96b1c2930 2353       3       jdk.internal.reflect.ReflectionFactory::copyConstructor (11 bytes)
Event: 16.457 Thread 0x000001d96b1c2930 nmethod 2353 0x000001d9557d0890 code [0x000001d9557d0a40, 0x000001d9557d0c28]
Event: 16.457 Thread 0x000001d96b1c2930 2354       3       java.lang.reflect.ReflectAccess::copyConstructor (5 bytes)
Event: 16.457 Thread 0x000001d96b1c2930 nmethod 2354 0x000001d9557d0d90 code [0x000001d9557d0f40, 0x000001d9557d1088]
Event: 16.461 Thread 0x000001d96b1c2930 2355       3       jdk.internal.org.objectweb.asm.FieldVisitor::<init> (88 bytes)
Event: 16.462 Thread 0x000001d96b1c2930 nmethod 2355 0x000001d9557d1190 code [0x000001d9557d13e0, 0x000001d9557d1cc8]
Event: 16.462 Thread 0x000001d96b1c2930 2356       3       org.gradle.internal.service.DefaultServiceRegistry::assertValidServiceType (51 bytes)
Event: 16.462 Thread 0x000001d96b1c2930 nmethod 2356 0x000001d9557d1f90 code [0x000001d9557d21a0, 0x000001d9557d2718]
Event: 16.462 Thread 0x000001d96b1c2930 2357       3       org.gradle.internal.service.DefaultServiceRegistry::find (151 bytes)
Event: 16.463 Thread 0x000001d96b1c2930 nmethod 2357 0x000001d9557d2910 code [0x000001d9557d2ce0, 0x000001d9557d49d8]
Event: 16.463 Thread 0x000001d96b1c2930 2358       3       org.gradle.internal.service.DefaultServiceRegistry::isSatisfiedBy (44 bytes)
Event: 16.464 Thread 0x000001d96b1c2930 nmethod 2358 0x000001d9557d5210 code [0x000001d9557d5420, 0x000001d9557d5ba8]
Event: 16.464 Thread 0x000001d96b1c2930 2359       3       java.lang.invoke.VarHandleReferences$FieldInstanceReadWrite::compareAndSet (48 bytes)
Event: 16.464 Thread 0x000001d96b1c2930 nmethod 2359 0x000001d9557d5d10 code [0x000001d9557d5f80, 0x000001d9557d6a08]
Event: 16.470 Thread 0x000001d96b15a0c0 2360   !   4       java.lang.ClassLoader::loadClass (121 bytes)
Event: 16.500 Thread 0x000001d96b1c2930 2361       3       java.lang.Class::privateGetDeclaredConstructors (79 bytes)
Event: 16.501 Thread 0x000001d96b1c2930 nmethod 2361 0x000001d9557d6e10 code [0x000001d9557d7000, 0x000001d9557d7548]

GC Heap History (10 events):
Event: 1.234 GC heap before
{Heap before GC invocations=0 (full 0):
 garbage-first heap   total 96256K, used 5120K [0x0000000080000000, 0x0000000100000000)
  region size 1024K, 6 young (6144K), 0 survivors (0K)
 Metaspace       used 700K, committed 832K, reserved 430080K
  class space    used 61K, committed 128K, reserved 421888K
}
Event: 1.295 GC heap after
{Heap after GC invocations=1 (full 0):
 garbage-first heap   total 96256K, used 936K [0x0000000080000000, 0x0000000100000000)
  region size 1024K, 1 young (1024K), 1 survivors (1024K)
 Metaspace       used 700K, committed 832K, reserved 430080K
  class space    used 61K, committed 128K, reserved 421888K
}
Event: 1.715 GC heap before
{Heap before GC invocations=1 (full 0):
 garbage-first heap   total 96256K, used 7080K [0x0000000080000000, 0x0000000100000000)
  region size 1024K, 7 young (7168K), 1 survivors (1024K)
 Metaspace       used 752K, committed 832K, reserved 430080K
  class space    used 61K, committed 128K, reserved 421888K
}
Event: 1.717 GC heap after
{Heap after GC invocations=2 (full 0):
 garbage-first heap   total 96256K, used 1205K [0x0000000080000000, 0x0000000100000000)
  region size 1024K, 1 young (1024K), 1 survivors (1024K)
 Metaspace       used 752K, committed 832K, reserved 430080K
  class space    used 61K, committed 128K, reserved 421888K
}
Event: 3.375 GC heap before
{Heap before GC invocations=2 (full 0):
 garbage-first heap   total 96256K, used 18613K [0x0000000080000000, 0x0000000100000000)
  region size 1024K, 15 young (15360K), 1 survivors (1024K)
 Metaspace       used 1100K, committed 1216K, reserved 430080K
  class space    used 72K, committed 128K, reserved 421888K
}
Event: 3.378 GC heap after
{Heap after GC invocations=3 (full 0):
 garbage-first heap   total 96256K, used 9597K [0x0000000080000000, 0x0000000100000000)
  region size 1024K, 2 young (2048K), 2 survivors (2048K)
 Metaspace       used 1100K, committed 1216K, reserved 430080K
  class space    used 72K, committed 128K, reserved 421888K
}
Event: 7.919 GC heap before
{Heap before GC invocations=3 (full 0):
 garbage-first heap   total 96256K, used 64893K [0x0000000080000000, 0x0000000100000000)
  region size 1024K, 56 young (57344K), 2 survivors (2048K)
 Metaspace       used 4431K, committed 4608K, reserved 430080K
  class space    used 542K, committed 640K, reserved 421888K
}
Event: 7.925 GC heap after
{Heap after GC invocations=4 (full 0):
 garbage-first heap   total 96256K, used 12427K [0x0000000080000000, 0x0000000100000000)
  region size 1024K, 5 young (5120K), 5 survivors (5120K)
 Metaspace       used 4431K, committed 4608K, reserved 430080K
  class space    used 542K, committed 640K, reserved 421888K
}
Event: 14.163 GC heap before
{Heap before GC invocations=4 (full 0):
 garbage-first heap   total 96256K, used 65675K [0x0000000080000000, 0x0000000100000000)
  region size 1024K, 56 young (57344K), 5 survivors (5120K)
 Metaspace       used 9503K, committed 9728K, reserved 438272K
  class space    used 1245K, committed 1408K, reserved 421888K
}
Event: 14.179 GC heap after
{Heap after GC invocations=5 (full 0):
 garbage-first heap   total 96256K, used 19594K [0x0000000080000000, 0x0000000100000000)
  region size 1024K, 7 young (7168K), 7 survivors (7168K)
 Metaspace       used 9503K, committed 9728K, reserved 438272K
  class space    used 1245K, committed 1408K, reserved 421888K
}

Deoptimization events (20 events):
Event: 14.546 Thread 0x000001d96d2dbab0 Uncommon trap: trap_request=0xffffff45 fr.pc=0x000001d95c90ec84 relative=0x0000000000001544
Event: 14.546 Thread 0x000001d96d2dbab0 Uncommon trap: reason=unstable_if action=reinterpret pc=0x000001d95c90ec84 method=java.util.concurrent.ConcurrentHashMap.putVal(Ljava/lang/Object;Ljava/lang/Object;Z)Ljava/lang/Object; @ 256 c2
Event: 14.546 Thread 0x000001d96d2dbab0 DEOPT PACKING pc=0x000001d95c90ec84 sp=0x0000007dd6bfed60
Event: 14.546 Thread 0x000001d96d2dbab0 DEOPT UNPACKING pc=0x000001d954de23a3 sp=0x0000007dd6bfece8 mode 2
Event: 15.135 Thread 0x000001d96d2dbab0 Uncommon trap: trap_request=0xffffff45 fr.pc=0x000001d95c905128 relative=0x0000000000000568
Event: 15.135 Thread 0x000001d96d2dbab0 Uncommon trap: reason=unstable_if action=reinterpret pc=0x000001d95c905128 method=java.util.HashMap.getNode(Ljava/lang/Object;)Ljava/util/HashMap$Node; @ 66 c2
Event: 15.135 Thread 0x000001d96d2dbab0 DEOPT PACKING pc=0x000001d95c905128 sp=0x0000007dd6bfc1f0
Event: 15.135 Thread 0x000001d96d2dbab0 DEOPT UNPACKING pc=0x000001d954de23a3 sp=0x0000007dd6bfc110 mode 2
Event: 15.135 Thread 0x000001d96d2dbab0 Uncommon trap: trap_request=0xffffff45 fr.pc=0x000001d95c8a5dac relative=0x00000000000004ec
Event: 15.135 Thread 0x000001d96d2dbab0 Uncommon trap: reason=unstable_if action=reinterpret pc=0x000001d95c8a5dac method=java.util.HashMap.getNode(Ljava/lang/Object;)Ljava/util/HashMap$Node; @ 66 c2
Event: 15.135 Thread 0x000001d96d2dbab0 DEOPT PACKING pc=0x000001d95c8a5dac sp=0x0000007dd6bfc180
Event: 15.135 Thread 0x000001d96d2dbab0 DEOPT UNPACKING pc=0x000001d954de23a3 sp=0x0000007dd6bfc110 mode 2
Event: 15.173 Thread 0x000001d96d2dbab0 Uncommon trap: trap_request=0xffffff45 fr.pc=0x000001d95c8fc9e8 relative=0x0000000000000248
Event: 15.173 Thread 0x000001d96d2dbab0 Uncommon trap: reason=unstable_if action=reinterpret pc=0x000001d95c8fc9e8 method=java.util.concurrent.ConcurrentHashMap.get(Ljava/lang/Object;)Ljava/lang/Object; @ 76 c2
Event: 15.173 Thread 0x000001d96d2dbab0 DEOPT PACKING pc=0x000001d95c8fc9e8 sp=0x0000007dd6bfb660
Event: 15.173 Thread 0x000001d96d2dbab0 DEOPT UNPACKING pc=0x000001d954de23a3 sp=0x0000007dd6bfb5c8 mode 2
Event: 16.390 Thread 0x000001d96d2dbab0 Uncommon trap: trap_request=0xffffff45 fr.pc=0x000001d95c86d064 relative=0x00000000000001c4
Event: 16.390 Thread 0x000001d96d2dbab0 Uncommon trap: reason=unstable_if action=reinterpret pc=0x000001d95c86d064 method=java.util.regex.Matcher.reset()Ljava/util/regex/Matcher; @ 47 c2
Event: 16.390 Thread 0x000001d96d2dbab0 DEOPT PACKING pc=0x000001d95c86d064 sp=0x0000007dd6bfa750
Event: 16.390 Thread 0x000001d96d2dbab0 DEOPT UNPACKING pc=0x000001d954de23a3 sp=0x0000007dd6bfa6e0 mode 2

Classes unloaded (0 events):
No events

Classes redefined (0 events):
No events

Internal exceptions (20 events):
Event: 12.025 Thread 0x000001d94bdd7bd0 Exception <a 'java/lang/NoSuchMethodError'{0x00000000836423f0}: 'java.lang.Object java.lang.invoke.DirectMethodHandle$Holder.invokeStaticInit(java.lang.Object)'> (0x00000000836423f0) 
thrown [t:\workspace\open\src\hotspot\share\interpreter\linkResolver.cpp, line 766]
Event: 12.156 Thread 0x000001d94bdd7bd0 Exception <a 'java/lang/NoSuchMethodError'{0x00000000836cbc08}: 'java.lang.Object java.lang.invoke.DirectMethodHandle$Holder.invokeInterface(java.lang.Object, java.lang.Object)'> (0x00000000836cbc08) 
thrown [t:\workspace\open\src\hotspot\share\interpreter\linkResolver.cpp, line 766]
Event: 12.619 Thread 0x000001d94bdd7bd0 Exception <a 'java/lang/NoSuchMethodError'{0x000000008308cb58}: 'java.lang.Object java.lang.invoke.DirectMethodHandle$Holder.invokeStaticInit(java.lang.Object, int, int, int, int)'> (0x000000008308cb58) 
thrown [t:\workspace\open\src\hotspot\share\interpreter\linkResolver.cpp, line 766]
Event: 12.950 Thread 0x000001d94bdd7bd0 Exception <a 'java/lang/NoSuchMethodError'{0x0000000082f12420}: 'java.lang.Object java.lang.invoke.DirectMethodHandle$Holder.invokeStaticInit(java.lang.Object, java.lang.Object, int, int, int, int)'> (0x0000000082f12420) 
thrown [t:\workspace\open\src\hotspot\share\interpreter\linkResolver.cpp, line 766]
Event: 13.734 Thread 0x000001d94bdd7bd0 Exception <a 'java/lang/NoSuchMethodError'{0x0000000082ea4a08}: 'void java.lang.invoke.DirectMethodHandle$Holder.invokeStatic(java.lang.Object, java.lang.Object, java.lang.Object)'> (0x0000000082ea4a08) 
thrown [t:\workspace\open\src\hotspot\share\interpreter\linkResolver.cpp, line 766]
Event: 13.854 Thread 0x000001d94bdd7bd0 Exception <a 'java/io/IOException'{0x0000000082db9f30}> (0x0000000082db9f30) 
thrown [t:\workspace\open\src\hotspot\share\prims\jni.cpp, line 516]
Event: 13.860 Thread 0x000001d94bdd7bd0 Implicit null exception at 0x000001d95c8d1ff2 to 0x000001d95c8d25c0
Event: 13.998 Thread 0x000001d94bdd7bd0 Exception <a 'java/lang/NoSuchMethodError'{0x0000000082c19588}: 'java.lang.Object java.lang.invoke.DirectMethodHandle$Holder.newInvokeSpecial(java.lang.Object, java.lang.Object, java.lang.Object, java.lang.Object, java.lang.Object)'> (0x0000000082c19588) 
thrown [t:\workspace\open\src\hotspot\share\interpreter\linkResolver.cpp, line 766]
Event: 14.521 Thread 0x000001d96bfeade0 Exception <a 'java/lang/NoSuchMethodError'{0x0000000085a78d88}: 'void java.lang.invoke.DirectMethodHandle$Holder.invokeSpecial(java.lang.Object, java.lang.Object, java.lang.Object)'> (0x0000000085a78d88) 
thrown [t:\workspace\open\src\hotspot\share\interpreter\linkResolver.cpp, line 766]
Event: 14.758 Thread 0x000001d96d2dbab0 Exception <a 'java/lang/NoSuchMethodError'{0x0000000085764df0}: 'long java.lang.invoke.DirectMethodHandle$Holder.invokeInterface(java.lang.Object, java.lang.Object)'> (0x0000000085764df0) 
thrown [t:\workspace\open\src\hotspot\share\interpreter\linkResolver.cpp, line 766]
Event: 15.067 Thread 0x000001d96d2dbab0 Exception <a 'java/lang/NoSuchMethodError'{0x00000000853dcfc8}: 'void java.lang.invoke.DirectMethodHandle$Holder.invokeStatic(java.lang.Object, java.lang.Object)'> (0x00000000853dcfc8) 
thrown [t:\workspace\open\src\hotspot\share\interpreter\linkResolver.cpp, line 766]
Event: 15.182 Thread 0x000001d96d2dbab0 Exception <a 'java/lang/NoSuchMethodError'{0x00000000851f8ac0}: 'int java.lang.invoke.DirectMethodHandle$Holder.invokeVirtual(java.lang.Object, java.lang.Object, java.lang.Object)'> (0x00000000851f8ac0) 
thrown [t:\workspace\open\src\hotspot\share\interpreter\linkResolver.cpp, line 766]
Event: 15.307 Thread 0x000001d96d2dbab0 Exception <a 'java/lang/NoSuchMethodError'{0x0000000084e87998}: 'java.lang.Object java.lang.invoke.DirectMethodHandle$Holder.newInvokeSpecial(java.lang.Object, java.lang.Object, java.lang.Object, java.lang.Object, java.lang.Object, java.lang.Object)'> (0x0000000084e87998) 
thrown [t:\workspace\open\src\hotspot\share\interpreter\linkResolver.cpp, line 766]
Event: 15.317 Thread 0x000001d96d2dbab0 Exception <a 'java/lang/NoSuchMethodError'{0x0000000084ea4850}: 'void java.lang.invoke.DirectMethodHandle$Holder.invokeSpecial(java.lang.Object, java.lang.Object, java.lang.Object, java.lang.Object, java.lang.Object)'> (0x0000000084ea4850) 
thrown [t:\workspace\open\src\hotspot\share\interpreter\linkResolver.cpp, line 766]
Event: 15.320 Thread 0x000001d96d2dbab0 Exception <a 'java/lang/NoSuchMethodError'{0x0000000084eb84a0}: 'void java.lang.invoke.DirectMethodHandle$Holder.invokeStaticInit(java.lang.Object, java.lang.Object)'> (0x0000000084eb84a0) 
thrown [t:\workspace\open\src\hotspot\share\interpreter\linkResolver.cpp, line 766]
Event: 15.449 Thread 0x000001d96d2dbab0 Exception <a 'java/lang/NoSuchMethodError'{0x0000000084b90dd8}: 'void java.lang.invoke.DelegatingMethodHandle$Holder.reinvoke_L(java.lang.Object, java.lang.Object, java.lang.Object, java.lang.Object, java.lang.Object, java.lang.Object, java.lang.Object, java.lang.Object, java.lang.Object, java.lang.Object)'> (0x0000000084b90dd8) 
thrown [t:\workspace\open\src\hotspot\share\interpreter\linkResolver.cpp, line 766]
Event: 15.451 Thread 0x000001d96d2dbab0 Exception <a 'java/lang/NoSuchMethodError'{0x0000000084b99248}: 'java.lang.Object java.lang.invoke.DirectMethodHandle$Holder.invokeSpecial(java.lang.Object, java.lang.Object, java.lang.Object, java.lang.Object, java.lang.Object, java.lang.Object, java.lang.Object, java.lang.Object, java.lang.Object, java.lang.Object)'> (0x0000000084b99248) 
thrown [t:\workspace\open\src\hotspot\share\interpreter\linkResolver.cpp, line 766]
Event: 15.452 Thread 0x000001d96d2dbab0 Exception <a 'java/lang/NoSuchMethodError'{0x0000000084b9db18}: 'java.lang.Object java.lang.invoke.Invokers$Holder.invoker(java.lang.Object, java.lang.Object, java.lang.Object, java.lang.Object, java.lang.Object, java.lang.Object, java.lang.Object, java.lang.Object, java.lang.Object, java.lang.Object)'> (0x0000000084b9db18) 
thrown [t:\workspace\open\src\hotspot\share\interpreter\linkResolver.cpp, line 766]
Event: 15.452 Thread 0x000001d96d2dbab0 Exception <a 'java/lang/NoSuchMethodError'{0x0000000084ba3720}: 'java.lang.Object java.lang.invoke.DirectMethodHandle$Holder.invokeSpecial(java.lang.Object, java.lang.Object, java.lang.Object, java.lang.Object, java.lang.Object, java.lang.Object, java.lang.Object, java.lang.Object, java.lang.Object, java.lang.Object, java.lang.Object)'> (0x0000000084ba3720) 
thrown [t:\workspace\open\src\hotspot\share\interpreter\linkResolver.cpp, line 766]
Event: 16.357 Thread 0x000001d96d2dbab0 Exception <a 'java/lang/NoSuchMethodError'{0x00000000844e7f20}: 'java.lang.Object java.lang.invoke.DirectMethodHandle$Holder.newInvokeSpecial(java.lang.Object, java.lang.Object, int)'> (0x00000000844e7f20) 
thrown [t:\workspace\open\src\hotspot\share\interpreter\linkResolver.cpp, line 766]

VM Operations (20 events):
Event: 12.146 Executing VM operation: Cleanup
Event: 12.147 Executing VM operation: Cleanup done
Event: 12.257 Executing VM operation: HandshakeAllThreads
Event: 12.263 Executing VM operation: HandshakeAllThreads done
Event: 12.541 Executing VM operation: HandshakeAllThreads
Event: 12.541 Executing VM operation: HandshakeAllThreads done
Event: 12.915 Executing VM operation: HandshakeAllThreads
Event: 12.915 Executing VM operation: HandshakeAllThreads done
Event: 13.731 Executing VM operation: HandshakeAllThreads
Event: 13.731 Executing VM operation: HandshakeAllThreads done
Event: 13.731 Executing VM operation: Cleanup
Event: 13.731 Executing VM operation: Cleanup done
Event: 14.145 Executing VM operation: HandshakeAllThreads
Event: 14.145 Executing VM operation: HandshakeAllThreads done
Event: 14.163 Executing VM operation: G1CollectForAllocation
Event: 14.179 Executing VM operation: G1CollectForAllocation done
Event: 15.181 Executing VM operation: Cleanup
Event: 15.181 Executing VM operation: Cleanup done
Event: 16.183 Executing VM operation: Cleanup
Event: 16.183 Executing VM operation: Cleanup done

Events (20 events):
Event: 16.354 loading class java/util/concurrent/ArrayBlockingQueue done
Event: 16.354 loading class java/util/concurrent/locks/ReentrantLock$FairSync
Event: 16.354 loading class java/util/concurrent/locks/ReentrantLock$FairSync done
Event: 16.355 Thread 0x000001d96d2db5e0 Thread added: 0x000001d96d2db5e0
Event: 16.361 loading class sun/misc/Unsafe
Event: 16.362 loading class sun/misc/Unsafe done
Event: 16.376 Thread 0x000001d96d2da2a0 Thread added: 0x000001d96d2da2a0
Event: 16.400 loading class java/net/DatagramPacket
Event: 16.451 loading class java/net/DatagramPacket done
Event: 16.455 loading class sun/nio/ch/DatagramSocketAdaptor$DatagramPackets
Event: 16.455 loading class sun/nio/ch/DatagramSocketAdaptor$DatagramPackets done
Event: 16.466 Thread 0x000001d96d2d8a90 Thread added: 0x000001d96d2d8a90
Event: 16.500 loading class sun/security/provider/MD5
Event: 16.500 loading class sun/security/provider/MD5 done
Event: 16.501 loading class sun/security/provider/SHA5$SHA512
Event: 16.506 loading class sun/security/provider/SHA5
Event: 16.507 loading class sun/security/provider/SHA5 done
Event: 16.507 loading class sun/security/provider/SHA5$SHA512 done
Event: 16.509 loading class sun/security/provider/ByteArrayAccess$LE
Event: 16.510 loading class sun/security/provider/ByteArrayAccess$LE done


Dynamic libraries:
0x00007ff779e30000 - 0x00007ff779e40000 	C:\Program Files\Java\jdk-17\bin\java.exe
0x00007ffcafcf0000 - 0x00007ffcaff07000 	C:\WINDOWS\SYSTEM32\ntdll.dll
0x00007ffcaedc0000 - 0x00007ffcaee84000 	C:\WINDOWS\System32\KERNEL32.DLL
0x00007ffcad4e0000 - 0x00007ffcad899000 	C:\WINDOWS\System32\KERNELBASE.dll
0x00007ffcad250000 - 0x00007ffcad361000 	C:\WINDOWS\System32\ucrtbase.dll
0x00007ffc83b00000 - 0x00007ffc83b1a000 	C:\Program Files\Java\jdk-17\bin\VCRUNTIME140.dll
0x00007ffc83b20000 - 0x00007ffc83b38000 	C:\Program Files\Java\jdk-17\bin\jli.dll
0x00007ffcada40000 - 0x00007ffcadaf2000 	C:\WINDOWS\System32\ADVAPI32.dll
0x00007ffcaf230000 - 0x00007ffcaf2d7000 	C:\WINDOWS\System32\msvcrt.dll
0x00007ffcaefd0000 - 0x00007ffcaf077000 	C:\WINDOWS\System32\sechost.dll
0x00007ffcad9e0000 - 0x00007ffcada08000 	C:\WINDOWS\System32\bcrypt.dll
0x00007ffcadd10000 - 0x00007ffcade24000 	C:\WINDOWS\System32\RPCRT4.dll
0x00007ffcaf080000 - 0x00007ffcaf22e000 	C:\WINDOWS\System32\USER32.dll
0x00007ffcad090000 - 0x00007ffcad0b6000 	C:\WINDOWS\System32\win32u.dll
0x00007ffcada10000 - 0x00007ffcada39000 	C:\WINDOWS\System32\GDI32.dll
0x00007ffcad0c0000 - 0x00007ffcad1db000 	C:\WINDOWS\System32\gdi32full.dll
0x00007ffcacff0000 - 0x00007ffcad08a000 	C:\WINDOWS\System32\msvcp_win.dll
0x00007ffc93610000 - 0x00007ffc938a2000 	C:\WINDOWS\WinSxS\amd64_microsoft.windows.common-controls_6595b64144ccf1df_6.0.22621.4391_none_2715d37f73803e96\COMCTL32.dll
0x00007ffca32f0000 - 0x00007ffca32fa000 	C:\WINDOWS\SYSTEM32\VERSION.dll
0x00007ffcade30000 - 0x00007ffcade61000 	C:\WINDOWS\System32\IMM32.DLL
0x00007ffc98d20000 - 0x00007ffc98d2c000 	C:\Program Files\Java\jdk-17\bin\vcruntime140_1.dll
0x00007ffc83a70000 - 0x00007ffc83afd000 	C:\Program Files\Java\jdk-17\bin\msvcp140.dll
0x00007ffbd9040000 - 0x00007ffbd9bfe000 	C:\Program Files\Java\jdk-17\bin\server\jvm.dll
0x00007ffcaf360000 - 0x00007ffcaf368000 	C:\WINDOWS\System32\PSAPI.DLL
0x00007ffc95580000 - 0x00007ffc95589000 	C:\WINDOWS\SYSTEM32\WSOCK32.dll
0x00007ffcafc30000 - 0x00007ffcafca1000 	C:\WINDOWS\System32\WS2_32.dll
0x00007ffca3bf0000 - 0x00007ffca3c24000 	C:\WINDOWS\SYSTEM32\WINMM.dll
0x00007ffcac010000 - 0x00007ffcac028000 	C:\WINDOWS\SYSTEM32\kernel.appcore.dll
0x00007ffc98cb0000 - 0x00007ffc98cba000 	C:\Program Files\Java\jdk-17\bin\jimage.dll
0x00007ffcaa9b0000 - 0x00007ffcaabe2000 	C:\WINDOWS\SYSTEM32\DBGHELP.DLL
0x00007ffcae930000 - 0x00007ffcaecbf000 	C:\WINDOWS\System32\combase.dll
0x00007ffcaece0000 - 0x00007ffcaedb7000 	C:\WINDOWS\System32\OLEAUT32.dll
0x00007ffc8e3d0000 - 0x00007ffc8e402000 	C:\WINDOWS\SYSTEM32\dbgcore.DLL
0x00007ffcad8a0000 - 0x00007ffcad91b000 	C:\WINDOWS\System32\bcryptPrimitives.dll
0x00007ffc83c40000 - 0x00007ffc83c4e000 	C:\Program Files\Java\jdk-17\bin\instrument.dll
0x00007ffc83a40000 - 0x00007ffc83a65000 	C:\Program Files\Java\jdk-17\bin\java.dll
0x00007ffc38cc0000 - 0x00007ffc38d96000 	C:\Program Files\Java\jdk-17\bin\svml.dll
0x00007ffcae0b0000 - 0x00007ffcae926000 	C:\WINDOWS\System32\SHELL32.dll
0x00007ffcaaee0000 - 0x00007ffcab7e3000 	C:\WINDOWS\SYSTEM32\windows.storage.dll
0x00007ffcaada0000 - 0x00007ffcaaedf000 	C:\WINDOWS\SYSTEM32\wintypes.dll
0x00007ffcaf4d0000 - 0x00007ffcaf5c9000 	C:\WINDOWS\System32\SHCORE.dll
0x00007ffcaf730000 - 0x00007ffcaf78e000 	C:\WINDOWS\System32\shlwapi.dll
0x00007ffcacf20000 - 0x00007ffcacf4b000 	C:\WINDOWS\SYSTEM32\profapi.dll
0x00007ffc79be0000 - 0x00007ffc79bf8000 	C:\Program Files\Java\jdk-17\bin\zip.dll
0x00007ffc83a20000 - 0x00007ffc83a39000 	C:\Program Files\Java\jdk-17\bin\net.dll
0x00007ffca5760000 - 0x00007ffca5896000 	C:\WINDOWS\SYSTEM32\WINHTTP.dll
0x00007ffcac4b0000 - 0x00007ffcac519000 	C:\WINDOWS\system32\mswsock.dll
0x00007ffc7d160000 - 0x00007ffc7d175000 	C:\Program Files\Java\jdk-17\bin\nio.dll
0x00007ffc968f0000 - 0x00007ffc96900000 	C:\Program Files\Java\jdk-17\bin\verify.dll
0x00007ffc57200000 - 0x00007ffc57227000 	C:\Users\Joshu\.gradle\native\c067742578af261105cb4f569cf0c3c89f3d7b1fecec35dd04571415982c5e48\windows-amd64\native-platform.dll
0x00007ffbd8ef0000 - 0x00007ffbd9034000 	C:\Users\Joshu\.gradle\native\100fb08df4bc3b14c8652ba06237920a3bd2aa13389f12d3474272988ae205f9\windows-amd64\native-platform-file-events.dll
0x00007ffc87320000 - 0x00007ffc87329000 	C:\Program Files\Java\jdk-17\bin\management.dll
0x00007ffc855a0000 - 0x00007ffc855ab000 	C:\Program Files\Java\jdk-17\bin\management_ext.dll
0x00007ffcac710000 - 0x00007ffcac72b000 	C:\WINDOWS\SYSTEM32\CRYPTSP.dll
0x00007ffcabf70000 - 0x00007ffcabfa5000 	C:\WINDOWS\system32\rsaenh.dll
0x00007ffcac5a0000 - 0x00007ffcac5c8000 	C:\WINDOWS\SYSTEM32\USERENV.dll
0x00007ffcac700000 - 0x00007ffcac70c000 	C:\WINDOWS\SYSTEM32\CRYPTBASE.dll
0x00007ffcabaa0000 - 0x00007ffcabacd000 	C:\WINDOWS\SYSTEM32\IPHLPAPI.DLL
0x00007ffcadd00000 - 0x00007ffcadd09000 	C:\WINDOWS\System32\NSI.dll
0x00007ffca39d0000 - 0x00007ffca39e9000 	C:\WINDOWS\SYSTEM32\dhcpcsvc6.DLL
0x00007ffca39b0000 - 0x00007ffca39cf000 	C:\WINDOWS\SYSTEM32\dhcpcsvc.DLL
0x00007ffcabad0000 - 0x00007ffcabbd2000 	C:\WINDOWS\SYSTEM32\DNSAPI.dll
0x00007ffc83a10000 - 0x00007ffc83a1e000 	C:\Program Files\Java\jdk-17\bin\sunmscapi.dll
0x00007ffcad370000 - 0x00007ffcad4d6000 	C:\WINDOWS\System32\CRYPT32.dll
0x00007ffcac9b0000 - 0x00007ffcac9dd000 	C:\WINDOWS\SYSTEM32\ncrypt.dll
0x00007ffcac970000 - 0x00007ffcac9a7000 	C:\WINDOWS\SYSTEM32\NTASN1.dll
0x00007ffc683b0000 - 0x00007ffc683b8000 	C:\WINDOWS\system32\wshunix.dll

dbghelp: loaded successfully - version: 4.0.5 - missing functions: none
symbol engine: initialized successfully - sym options: 0x614 - pdb path: .;C:\Program Files\Java\jdk-17\bin;C:\WINDOWS\SYSTEM32;C:\WINDOWS\WinSxS\amd64_microsoft.windows.common-controls_6595b64144ccf1df_6.0.22621.4391_none_2715d37f73803e96;C:\Program Files\Java\jdk-17\bin\server;C:\Users\Joshu\.gradle\native\c067742578af261105cb4f569cf0c3c89f3d7b1fecec35dd04571415982c5e48\windows-amd64;C:\Users\Joshu\.gradle\native\100fb08df4bc3b14c8652ba06237920a3bd2aa13389f12d3474272988ae205f9\windows-amd64

VM Arguments:
jvm_args: -XX:MaxMetaspaceSize=512m --add-opens=java.base/java.util=ALL-UNNAMED --add-opens=java.base/java.lang=ALL-UNNAMED --add-opens=java.base/java.lang.invoke=ALL-UNNAMED --add-opens=java.prefs/java.util.prefs=ALL-UNNAMED --add-exports=jdk.compiler/com.sun.tools.javac.api=ALL-UNNAMED --add-exports=jdk.compiler/com.sun.tools.javac.util=ALL-UNNAMED --add-opens=java.base/java.nio.charset=ALL-UNNAMED --add-opens=java.base/java.net=ALL-UNNAMED --add-opens=java.base/java.util.concurrent.atomic=ALL-UNNAMED -Xmx2048m -Dfile.encoding=windows-1252 -Duser.country=ID -Duser.language=en -Duser.variant -javaagent:C:\Users\Joshu\.gradle\wrapper\dists\gradle-8.10.2-all\7iv73wktx1xtkvlq19urqw1wm\gradle-8.10.2\lib\agents\gradle-instrumentation-agent-8.10.2.jar 
java_command: org.gradle.launcher.daemon.bootstrap.GradleDaemon 8.10.2
java_class_path (initial): C:\Users\Joshu\.gradle\wrapper\dists\gradle-8.10.2-all\7iv73wktx1xtkvlq19urqw1wm\gradle-8.10.2\lib\gradle-daemon-main-8.10.2.jar
Launcher Type: SUN_STANDARD

[Global flags]
     intx CICompilerCount                          = 2                                         {product} {ergonomic}
   size_t CompressedClassSpaceSize                 = 432013312                                 {product} {ergonomic}
     uint ConcGCThreads                            = 1                                         {product} {ergonomic}
     uint G1ConcRefinementThreads                  = 2                                         {product} {ergonomic}
   size_t G1HeapRegionSize                         = 1048576                                   {product} {ergonomic}
    uintx GCDrainStackTargetSize                   = 64                                        {product} {ergonomic}
   size_t InitialHeapSize                          = 98566144                                  {product} {ergonomic}
   size_t MarkStackSize                            = 4194304                                   {product} {ergonomic}
   size_t MaxHeapSize                              = 2147483648                                {product} {command line}
   size_t MaxMetaspaceSize                         = 536870912                                 {product} {command line}
   size_t MaxNewSize                               = 1287651328                                {product} {ergonomic}
   size_t MinHeapDeltaBytes                        = 1048576                                   {product} {ergonomic}
   size_t MinHeapSize                              = 8388608                                   {product} {ergonomic}
    uintx NonNMethodCodeHeapSize                   = 5826188                                {pd product} {ergonomic}
    uintx NonProfiledCodeHeapSize                  = 122916026                              {pd product} {ergonomic}
    uintx ProfiledCodeHeapSize                     = 122916026                              {pd product} {ergonomic}
    uintx ReservedCodeCacheSize                    = 251658240                              {pd product} {ergonomic}
     bool SegmentedCodeCache                       = true                                      {product} {ergonomic}
   size_t SoftMaxHeapSize                          = 2147483648                             {manageable} {ergonomic}
     bool UseCompressedClassPointers               = true                           {product lp64_product} {ergonomic}
     bool UseCompressedOops                        = true                           {product lp64_product} {ergonomic}
     bool UseG1GC                                  = true                                      {product} {ergonomic}
     bool UseLargePagesIndividualAllocation        = false                                  {pd product} {ergonomic}

Logging:
Log output configuration:
 #0: stdout all=warning uptime,level,tags
 #1: stderr all=off uptime,level,tags

Environment Variables:
JAVA_HOME=C:\Program Files\Java\jdk-17
CLASSPATH=D:\TabungJo\android\\gradle\wrapper\gradle-wrapper.jar
PATH=D:\TabungJo\node_modules\.bin;D:\node_modules\.bin;C:\Program Files\nodejs\node_modules\npm\node_modules\@npmcli\run-script\lib\node-gyp-bin;C:\Program Files\Common Files\Oracle\Java\javapath;C:\WINDOWS\system32;C:\WINDOWS;C:\WINDOWS\System32\Wbem;C:\WINDOWS\System32\WindowsPowerShell\v1.0\;C:\WINDOWS\System32\OpenSSH\;C:\Program Files\nodejs\;C:\Program Files\Java\jdk-17\bin;C:\Program Files (x86)\Microsoft SQL Server\160\Tools\Binn\;C:\Program Files\Microsoft SQL Server\160\Tools\Binn\;C:\Program Files\Microsoft SQL Server\Client SDK\ODBC\170\Tools\Binn\;C:\Program Files\Microsoft SQL Server\160\DTS\Binn\;D:\Git\cmd;D:\Mobile_App_Dev_LocalHost\Android\Sdk\tools;D:\Mobile_App_Dev_LocalHost\Android\Sdk\platform-tools;C:\Users\Joshu\AppData\Local\Microsoft\WindowsApps;C:\Users\Joshu\AppData\Roaming\npm;C:\Users\Joshu\AppData\Local\Android\Sdk\platform-tools;D:\Microsoft VS Code\bin;D:\Mobile_App_Dev_LocalHost\Android\Sdk\emulator;D:\Mobile_App_Dev_LocalHost\Android\Sdk\platform_tools;D:\Mobile_App_Dev_LocalHost\Android\Sdk\tools;D:\Mobile_App_Dev_LocalHost\Android\Sdk\tools\bin;C:\Program Files\Java\jdk-17\bin;D:\Mobile_App_Dev_LocalHost\Android\Sdk\cmdline-tools\latest\bin;
USERNAME=Joshu
OS=Windows_NT
PROCESSOR_IDENTIFIER=AMD64 Family 23 Model 160 Stepping 0, AuthenticAMD



---------------  S Y S T E M  ---------------

OS:
 Windows 10 , 64 bit Build 22621 (10.0.22621.4391)
OS uptime: 0 days 2:10 hours
Hyper-V role detected

CPU: total 2 (initial active 2) (2 cores per cpu, 1 threads per core) family 23 model 160 stepping 0 microcode 0x0, cx8, cmov, fxsr, mmx, 3dnowpref, sse, sse2, sse3, ssse3, sse4a, sse4.1, sse4.2, popcnt, lzcnt, tsc, tscinvbit, avx, avx2, aes, clmul, bmi1, bmi2, adx, sha, fma, vzeroupper, clflush, clflushopt, hv

Memory: 4k page, system-wide physical 5965M (101M free)
TotalPageFile size 14783M (AvailPageFile size 3M)
current process WorkingSet (physical memory assigned to process): 166M, peak: 166M
current process commit charge ("private bytes"): 220M, peak: 222M

vm_info: Java HotSpot(TM) 64-Bit Server VM (17+35-LTS-2724) for windows-amd64 JRE (17+35-LTS-2724), built on Aug  5 2021 23:28:28 by "mach5one" with MS VC++ 16.8 (VS2019)

END.
