#
# There is insufficient memory for the Java Runtime Environment to continue.
# Native memory allocation (mmap) failed to map 65536 bytes for Failed to commit metaspace.
# Possible reasons:
#   The system is out of physical RAM or swap space
#   The process is running with CompressedOops enabled, and the Java Heap may be blocking the growth of the native heap
# Possible solutions:
#   Reduce memory load on the system
#   Increase physical memory or swap space
#   Check if swap backing store is full
#   Decrease Java heap size (-Xmx/-Xms)
#   Decrease number of Java threads
#   Decrease Java thread stack sizes (-Xss)
#   Set larger code cache with -XX:ReservedCodeCacheSize=
#   JVM is running with Unscaled Compressed Oops mode in which the Java heap is
#     placed in the first 4GB address space. The Java Heap base address is the
#     maximum limit for the native heap growth. Please use -XX:HeapBaseMinAddress
#     to set the Java Heap base and to place the Java Heap above 4GB virtual address.
# This output file may be truncated or incomplete.
#
#  Out of Memory Error (virtualSpaceNode.cpp:110), pid=1668, tid=16300
#
# JRE version: Java(TM) SE Runtime Environment (17.0+35) (build 17+35-LTS-2724)
# Java VM: Java HotSpot(TM) 64-Bit Server VM (17+35-LTS-2724, mixed mode, sharing, tiered, compressed oops, compressed class ptrs, g1 gc, windows-amd64)
# No core dump will be written. Minidumps are not enabled by default on client versions of Windows
#

---------------  S U M M A R Y ------------

Command Line: -Xmx64m -Xms64m -Dorg.gradle.appname=gradlew org.gradle.wrapper.GradleWrapperMain app:installDebug -PreactNativeDevServerPort=8081

Host: AMD Athlon Silver 7120U with Radeon Graphics   , 2 cores, 5G,  Windows 10 , 64 bit Build 22621 (10.0.22621.4391)
Time: Fri Apr 25 01:50:31 2025 Malay Peninsula Standard Time elapsed time: 47.373507 seconds (0d 0h 0m 47s)

---------------  T H R E A D  ---------------

Current thread (0x000001bac43148b0):  JavaThread "main" [_thread_in_vm, id=16300, stack(0x000000b5ef000000,0x000000b5ef100000)]

Stack: [0x000000b5ef000000,0x000000b5ef100000]
Native frames: (J=compiled Java code, j=interpreted, Vv=VM code, C=native code)
V  [jvm.dll+0x66f8ea]
V  [jvm.dll+0x7ce224]
V  [jvm.dll+0x7cf9ce]
V  [jvm.dll+0x7d0033]
V  [jvm.dll+0x242bb5]
V  [jvm.dll+0x7ca1cb]
V  [jvm.dll+0x615a46]
V  [jvm.dll+0x1be28e]
V  [jvm.dll+0x618381]
V  [jvm.dll+0x6163e6]
V  [jvm.dll+0x238590]
V  [jvm.dll+0x1e885d]
V  [jvm.dll+0x1de2e1]
V  [jvm.dll+0x5375c0]
V  [jvm.dll+0x749598]
V  [jvm.dll+0x749684]
V  [jvm.dll+0x4088c5]
V  [jvm.dll+0x40e918]
C  [java.dll+0x17ec]

Java frames: (J=compiled Java code, j=interpreted, Vv=VM code)
J 851  java.lang.ClassLoader.defineClass1(Ljava/lang/ClassLoader;Ljava/lang/String;[BIILjava/security/ProtectionDomain;Ljava/lang/String;)Ljava/lang/Class; java.base@17 (0 bytes) @ 0x000001bad4e17ee3 [0x000001bad4e17e20+0x00000000000000c3]
J 968 c1 java.lang.ClassLoader.defineClass(Ljava/lang/String;[BIILjava/security/ProtectionDomain;)Ljava/lang/Class; java.base@17 (43 bytes) @ 0x000001bacda56cd4 [0x000001bacda56980+0x0000000000000354]
J 859 c1 java.security.SecureClassLoader.defineClass(Ljava/lang/String;[BIILjava/security/CodeSource;)Ljava/lang/Class; java.base@17 (16 bytes) @ 0x000001bacda1678c [0x000001bacda166c0+0x00000000000000cc]
J 921 c1 java.net.URLClassLoader.defineClass(Ljava/lang/String;Ljdk/internal/loader/Resource;)Ljava/lang/Class; java.base@17 (224 bytes) @ 0x000001bacda3e3c4 [0x000001bacda3c8c0+0x0000000000001b04]
J 850 c1 java.net.URLClassLoader$1.run()Ljava/lang/Class; java.base@17 (63 bytes) @ 0x000001bacda11204 [0x000001bacda105e0+0x0000000000000c24]
J 784 c1 java.net.URLClassLoader$1.run()Ljava/lang/Object; java.base@17 (5 bytes) @ 0x000001bacd9e7444 [0x000001bacd9e73c0+0x0000000000000084]
J 680 c1 java.security.AccessController.doPrivileged(Ljava/security/PrivilegedExceptionAction;Ljava/security/AccessControlContext;)Ljava/lang/Object; java.base@17 (26 bytes) @ 0x000001bacd9b947c [0x000001bacd9b92a0+0x00000000000001dc]
J 783 c1 java.net.URLClassLoader.findClass(Ljava/lang/String;)Ljava/lang/Class; java.base@17 (47 bytes) @ 0x000001bacd9e6b1c [0x000001bacd9e6980+0x000000000000019c]
J 760 c1 java.lang.ClassLoader.loadClass(Ljava/lang/String;Z)Ljava/lang/Class; java.base@17 (121 bytes) @ 0x000001bacd9de674 [0x000001bacd9de0c0+0x00000000000005b4]
J 743 c1 java.lang.ClassLoader.loadClass(Ljava/lang/String;)Ljava/lang/Class; java.base@17 (7 bytes) @ 0x000001bacd9d86cc [0x000001bacd9d85c0+0x000000000000010c]
v  ~StubRoutines::call_stub
J 851  java.lang.ClassLoader.defineClass1(Ljava/lang/ClassLoader;Ljava/lang/String;[BIILjava/security/ProtectionDomain;Ljava/lang/String;)Ljava/lang/Class; java.base@17 (0 bytes) @ 0x000001bad4e17ee3 [0x000001bad4e17e20+0x00000000000000c3]
J 968 c1 java.lang.ClassLoader.defineClass(Ljava/lang/String;[BIILjava/security/ProtectionDomain;)Ljava/lang/Class; java.base@17 (43 bytes) @ 0x000001bacda56cd4 [0x000001bacda56980+0x0000000000000354]
J 859 c1 java.security.SecureClassLoader.defineClass(Ljava/lang/String;[BIILjava/security/CodeSource;)Ljava/lang/Class; java.base@17 (16 bytes) @ 0x000001bacda1678c [0x000001bacda166c0+0x00000000000000cc]
J 921 c1 java.net.URLClassLoader.defineClass(Ljava/lang/String;Ljdk/internal/loader/Resource;)Ljava/lang/Class; java.base@17 (224 bytes) @ 0x000001bacda3e3c4 [0x000001bacda3c8c0+0x0000000000001b04]
J 850 c1 java.net.URLClassLoader$1.run()Ljava/lang/Class; java.base@17 (63 bytes) @ 0x000001bacda11204 [0x000001bacda105e0+0x0000000000000c24]
J 784 c1 java.net.URLClassLoader$1.run()Ljava/lang/Object; java.base@17 (5 bytes) @ 0x000001bacd9e7444 [0x000001bacd9e73c0+0x0000000000000084]
J 680 c1 java.security.AccessController.doPrivileged(Ljava/security/PrivilegedExceptionAction;Ljava/security/AccessControlContext;)Ljava/lang/Object; java.base@17 (26 bytes) @ 0x000001bacd9b947c [0x000001bacd9b92a0+0x00000000000001dc]
J 783 c1 java.net.URLClassLoader.findClass(Ljava/lang/String;)Ljava/lang/Class; java.base@17 (47 bytes) @ 0x000001bacd9e6b1c [0x000001bacd9e6980+0x000000000000019c]
J 760 c1 java.lang.ClassLoader.loadClass(Ljava/lang/String;Z)Ljava/lang/Class; java.base@17 (121 bytes) @ 0x000001bacd9de674 [0x000001bacd9de0c0+0x00000000000005b4]
J 743 c1 java.lang.ClassLoader.loadClass(Ljava/lang/String;)Ljava/lang/Class; java.base@17 (7 bytes) @ 0x000001bacd9d86cc [0x000001bacd9d85c0+0x000000000000010c]
v  ~StubRoutines::call_stub
j  org.gradle.launcher.daemon.diagnostics.DaemonLogFileUtils.tail(Ljava/io/File;I)Ljava/lang/String;+13
j  org.gradle.launcher.daemon.diagnostics.DaemonDiagnostics.tailDaemonLog()Ljava/lang/String;+6
j  org.gradle.launcher.daemon.diagnostics.DaemonDiagnostics.describe()Ljava/lang/String;+37
j  org.gradle.launcher.daemon.client.DaemonClient.handleDaemonDisappearance(Lorg/gradle/launcher/daemon/protocol/Build;Lorg/gradle/launcher/daemon/diagnostics/DaemonDiagnostics;)Lorg/gradle/launcher/daemon/protocol/Result;+15
j  org.gradle.launcher.daemon.client.DaemonClient.monitorBuild(Lorg/gradle/launcher/daemon/protocol/Build;Lorg/gradle/launcher/daemon/diagnostics/DaemonDiagnostics;Lorg/gradle/launcher/daemon/client/DaemonClientConnection;Lorg/gradle/initialization/BuildCancellationToken;Lorg/gradle/initialization/BuildEventConsumer;)Ljava/lang/Object;+105
j  org.gradle.launcher.daemon.client.DaemonClient.executeBuild(Lorg/gradle/launcher/daemon/protocol/Build;Lorg/gradle/launcher/daemon/client/DaemonClientConnection;Lorg/gradle/initialization/BuildCancellationToken;Lorg/gradle/initialization/BuildEventConsumer;)Lorg/gradle/launcher/exec/BuildActionResult;+128
j  org.gradle.launcher.daemon.client.DaemonClient.execute(Lorg/gradle/internal/invocation/BuildAction;Lorg/gradle/launcher/exec/BuildActionParameters;Lorg/gradle/internal/daemon/client/execution/ClientBuildRequestContext;)Lorg/gradle/launcher/exec/BuildActionResult;+256
j  org.gradle.launcher.daemon.client.DaemonClient.execute(Lorg/gradle/internal/invocation/BuildAction;Ljava/lang/Object;Ljava/lang/Object;)Lorg/gradle/launcher/exec/BuildActionResult;+10
j  org.gradle.launcher.cli.RunBuildAction.run()V+67
j  org.gradle.internal.Actions$RunnableActionAdapter.execute(Ljava/lang/Object;)V+4
j  org.gradle.launcher.cli.DefaultCommandLineActionFactory$ParseAndBuildAction.execute(Lorg/gradle/launcher/bootstrap/ExecutionListener;)V+125
j  org.gradle.launcher.cli.DefaultCommandLineActionFactory$ParseAndBuildAction.execute(Ljava/lang/Object;)V+5
j  org.gradle.launcher.cli.DebugLoggerWarningAction.execute(Lorg/gradle/launcher/bootstrap/ExecutionListener;)V+9
j  org.gradle.launcher.cli.DebugLoggerWarningAction.execute(Ljava/lang/Object;)V+5
j  org.gradle.launcher.cli.WelcomeMessageAction.execute(Lorg/gradle/launcher/bootstrap/ExecutionListener;)V+218
j  org.gradle.launcher.cli.WelcomeMessageAction.execute(Ljava/lang/Object;)V+5
j  org.gradle.launcher.cli.NativeServicesInitializingAction.execute(Lorg/gradle/launcher/bootstrap/ExecutionListener;)V+38
j  org.gradle.launcher.cli.NativeServicesInitializingAction.execute(Ljava/lang/Object;)V+5
j  org.gradle.launcher.cli.ExceptionReportingAction.execute(Lorg/gradle/launcher/bootstrap/ExecutionListener;)V+5
j  org.gradle.launcher.cli.ExceptionReportingAction.execute(Ljava/lang/Object;)V+5
j  org.gradle.launcher.cli.DefaultCommandLineActionFactory$WithLogging.execute(Lorg/gradle/launcher/bootstrap/ExecutionListener;)V+309
j  org.gradle.launcher.Main.doAction([Ljava/lang/String;Lorg/gradle/launcher/bootstrap/ExecutionListener;)V+14
j  org.gradle.launcher.bootstrap.EntryPoint.run([Ljava/lang/String;)V+12
v  ~StubRoutines::call_stub
j  jdk.internal.reflect.NativeMethodAccessorImpl.invoke0(Ljava/lang/reflect/Method;Ljava/lang/Object;[Ljava/lang/Object;)Ljava/lang/Object;+0 java.base@17
j  jdk.internal.reflect.NativeMethodAccessorImpl.invoke(Ljava/lang/Object;[Ljava/lang/Object;)Ljava/lang/Object;+133 java.base@17
j  jdk.internal.reflect.DelegatingMethodAccessorImpl.invoke(Ljava/lang/Object;[Ljava/lang/Object;)Ljava/lang/Object;+6 java.base@17
j  java.lang.reflect.Method.invoke(Ljava/lang/Object;[Ljava/lang/Object;)Ljava/lang/Object;+59 java.base@17
j  org.gradle.launcher.bootstrap.ProcessBootstrap.runNoExit(Ljava/lang/String;Ljava/lang/String;Ljava/lang/String;[Ljava/lang/String;)V+205
j  org.gradle.launcher.bootstrap.ProcessBootstrap.run(Ljava/lang/String;Ljava/lang/String;Ljava/lang/String;[Ljava/lang/String;)V+4
j  org.gradle.launcher.GradleMain.main([Ljava/lang/String;)V+68
v  ~StubRoutines::call_stub
j  jdk.internal.reflect.NativeMethodAccessorImpl.invoke0(Ljava/lang/reflect/Method;Ljava/lang/Object;[Ljava/lang/Object;)Ljava/lang/Object;+0 java.base@17
j  jdk.internal.reflect.NativeMethodAccessorImpl.invoke(Ljava/lang/Object;[Ljava/lang/Object;)Ljava/lang/Object;+133 java.base@17
j  jdk.internal.reflect.DelegatingMethodAccessorImpl.invoke(Ljava/lang/Object;[Ljava/lang/Object;)Ljava/lang/Object;+6 java.base@17
j  java.lang.reflect.Method.invoke(Ljava/lang/Object;[Ljava/lang/Object;)Ljava/lang/Object;+59 java.base@17
j  org.gradle.wrapper.GradleWrapperMain.main([Ljava/lang/String;)V+1826
v  ~StubRoutines::call_stub

---------------  P R O C E S S  ---------------

Threads class SMR info:
_java_thread_list=0x000001bae08925b0, length=13, elements={
0x000001bac43148b0, 0x000001badec636e0, 0x000001badec64460, 0x000001badec743f0,
0x000001badec761c0, 0x000001badec76b70, 0x000001badec78530, 0x000001badec792c0,
0x000001badece8bb0, 0x000001badecedd70, 0x000001badf822b90, 0x000001badf829320,
0x000001bae02c5ba0
}

Java Threads: ( => current thread )
=>0x000001bac43148b0 JavaThread "main" [_thread_in_vm, id=16300, stack(0x000000b5ef000000,0x000000b5ef100000)]
  0x000001badec636e0 JavaThread "Reference Handler" daemon [_thread_blocked, id=6884, stack(0x000000b5ef700000,0x000000b5ef800000)]
  0x000001badec64460 JavaThread "Finalizer" daemon [_thread_blocked, id=5900, stack(0x000000b5ef800000,0x000000b5ef900000)]
  0x000001badec743f0 JavaThread "Signal Dispatcher" daemon [_thread_blocked, id=9936, stack(0x000000b5ef900000,0x000000b5efa00000)]
  0x000001badec761c0 JavaThread "Attach Listener" daemon [_thread_blocked, id=15952, stack(0x000000b5efa00000,0x000000b5efb00000)]
  0x000001badec76b70 JavaThread "Service Thread" daemon [_thread_blocked, id=15008, stack(0x000000b5efb00000,0x000000b5efc00000)]
  0x000001badec78530 JavaThread "Monitor Deflation Thread" daemon [_thread_blocked, id=4604, stack(0x000000b5efc00000,0x000000b5efd00000)]
  0x000001badec792c0 JavaThread "C2 CompilerThread0" daemon [_thread_blocked, id=7124, stack(0x000000b5efd00000,0x000000b5efe00000)]
  0x000001badece8bb0 JavaThread "C1 CompilerThread0" daemon [_thread_blocked, id=15688, stack(0x000000b5efe00000,0x000000b5eff00000)]
  0x000001badecedd70 JavaThread "Sweeper thread" daemon [_thread_blocked, id=9884, stack(0x000000b5eff00000,0x000000b5f0000000)]
  0x000001badf822b90 JavaThread "Notification Thread" daemon [_thread_blocked, id=14364, stack(0x000000b5f0000000,0x000000b5f0100000)]
  0x000001badf829320 JavaThread "Common-Cleaner" daemon [_thread_blocked, id=5284, stack(0x000000b5f0200000,0x000000b5f0300000)]
  0x000001bae02c5ba0 JavaThread "pool-1-thread-1" [_thread_blocked, id=15612, stack(0x000000b5f0400000,0x000000b5f0500000)]

Other Threads:
  0x000001bac43d72a0 VMThread "VM Thread" [stack: 0x000000b5ef600000,0x000000b5ef700000] [id=8664]
  0x000001badf829090 WatcherThread [stack: 0x000000b5f0100000,0x000000b5f0200000] [id=5092]
  0x000001bac4332000 GCTaskThread "GC Thread#0" [stack: 0x000000b5ef100000,0x000000b5ef200000] [id=12468]
  0x000001badfa8b5d0 GCTaskThread "GC Thread#1" [stack: 0x000000b5f0300000,0x000000b5f0400000] [id=11172]
  0x000001bac4333740 ConcurrentGCThread "G1 Main Marker" [stack: 0x000000b5ef200000,0x000000b5ef300000] [id=7372]
  0x000001bac4334150 ConcurrentGCThread "G1 Conc#0" [stack: 0x000000b5ef300000,0x000000b5ef400000] [id=7252]
  0x000001bac4378910 ConcurrentGCThread "G1 Refine#0" [stack: 0x000000b5ef400000,0x000000b5ef500000] [id=9416]
  0x000001bac4379330 ConcurrentGCThread "G1 Service" [stack: 0x000000b5ef500000,0x000000b5ef600000] [id=5332]

Threads with active compile tasks:

VM state: not at safepoint (normal execution)

VM Mutex/Monitor currently owned by a thread:  ([mutex/lock_event])
[0x000001bac4304040] Metaspace_lock - owner thread: 0x000001bac43148b0

Heap address: 0x00000000fc000000, size: 64 MB, Compressed Oops mode: 32-bit

CDS archive(s) mapped at: [0x0000000800000000-0x0000000800bc0000-0x0000000800bc0000), size 12320768, SharedBaseAddress: 0x0000000800000000, ArchiveRelocationMode: 0.
Compressed class space mapped at: 0x0000000800c00000-0x0000000840c00000, reserved size: 1073741824
Narrow klass base: 0x0000000800000000, Narrow klass shift: 0, Narrow klass range: 0x100000000

GC Precious Log:
 CPUs: 2 total, 2 available
 Memory: 5965M
 Large Page Support: Disabled
 NUMA Support: Disabled
 Compressed Oops: Enabled (32-bit)
 Heap Region Size: 1M
 Heap Min Capacity: 64M
 Heap Initial Capacity: 64M
 Heap Max Capacity: 64M
 Pre-touch: Disabled
 Parallel Workers: 2
 Concurrent Workers: 1
 Concurrent Refinement Workers: 2
 Periodic GC: Disabled

Heap:
 garbage-first heap   total 65536K, used 20924K [0x00000000fc000000, 0x0000000100000000)
  region size 1024K, 13 young (13312K), 5 survivors (5120K)
 Metaspace       used 10676K, committed 10816K, reserved 1064960K
  class space    used 1384K, committed 1472K, reserved 1048576K

Heap Regions: E=young(eden), S=young(survivor), O=old, HS=humongous(starts), HC=humongous(continues), CS=collection set, F=free, OA=open archive, CA=closed archive, TAMS=top-at-mark-start (previous, next)
|   0|0x00000000fc000000, 0x00000000fc0ffff8, 0x00000000fc100000| 99%| O|  |TAMS 0x00000000fc000000, 0x00000000fc000000| Untracked 
|   1|0x00000000fc100000, 0x00000000fc200000, 0x00000000fc200000|100%| O|  |TAMS 0x00000000fc100000, 0x00000000fc100000| Untracked 
|   2|0x00000000fc200000, 0x00000000fc300000, 0x00000000fc300000|100%|HS|  |TAMS 0x00000000fc200000, 0x00000000fc200000| Complete 
|   3|0x00000000fc300000, 0x00000000fc400000, 0x00000000fc400000|100%|HC|  |TAMS 0x00000000fc300000, 0x00000000fc300000| Complete 
|   4|0x00000000fc400000, 0x00000000fc500000, 0x00000000fc500000|100%|HC|  |TAMS 0x00000000fc400000, 0x00000000fc400000| Complete 
|   5|0x00000000fc500000, 0x00000000fc600000, 0x00000000fc600000|100%|HC|  |TAMS 0x00000000fc500000, 0x00000000fc500000| Complete 
|   6|0x00000000fc600000, 0x00000000fc700000, 0x00000000fc700000|100%| O|  |TAMS 0x00000000fc600000, 0x00000000fc600000| Untracked 
|   7|0x00000000fc700000, 0x00000000fc800000, 0x00000000fc800000|100%| O|  |TAMS 0x00000000fc700000, 0x00000000fc700000| Untracked 
|   8|0x00000000fc800000, 0x00000000fc86f200, 0x00000000fc900000| 43%| O|  |TAMS 0x00000000fc800000, 0x00000000fc800000| Untracked 
|   9|0x00000000fc900000, 0x00000000fc900000, 0x00000000fca00000|  0%| F|  |TAMS 0x00000000fc900000, 0x00000000fc900000| Untracked 
|  10|0x00000000fca00000, 0x00000000fca00000, 0x00000000fcb00000|  0%| F|  |TAMS 0x00000000fca00000, 0x00000000fca00000| Untracked 
|  11|0x00000000fcb00000, 0x00000000fcb00000, 0x00000000fcc00000|  0%| F|  |TAMS 0x00000000fcb00000, 0x00000000fcb00000| Untracked 
|  12|0x00000000fcc00000, 0x00000000fcc00000, 0x00000000fcd00000|  0%| F|  |TAMS 0x00000000fcc00000, 0x00000000fcc00000| Untracked 
|  13|0x00000000fcd00000, 0x00000000fcd00000, 0x00000000fce00000|  0%| F|  |TAMS 0x00000000fcd00000, 0x00000000fcd00000| Untracked 
|  14|0x00000000fce00000, 0x00000000fce00000, 0x00000000fcf00000|  0%| F|  |TAMS 0x00000000fce00000, 0x00000000fce00000| Untracked 
|  15|0x00000000fcf00000, 0x00000000fcf00000, 0x00000000fd000000|  0%| F|  |TAMS 0x00000000fcf00000, 0x00000000fcf00000| Untracked 
|  16|0x00000000fd000000, 0x00000000fd000000, 0x00000000fd100000|  0%| F|  |TAMS 0x00000000fd000000, 0x00000000fd000000| Untracked 
|  17|0x00000000fd100000, 0x00000000fd100000, 0x00000000fd200000|  0%| F|  |TAMS 0x00000000fd100000, 0x00000000fd100000| Untracked 
|  18|0x00000000fd200000, 0x00000000fd200000, 0x00000000fd300000|  0%| F|  |TAMS 0x00000000fd200000, 0x00000000fd200000| Untracked 
|  19|0x00000000fd300000, 0x00000000fd300000, 0x00000000fd400000|  0%| F|  |TAMS 0x00000000fd300000, 0x00000000fd300000| Untracked 
|  20|0x00000000fd400000, 0x00000000fd400000, 0x00000000fd500000|  0%| F|  |TAMS 0x00000000fd400000, 0x00000000fd400000| Untracked 
|  21|0x00000000fd500000, 0x00000000fd600000, 0x00000000fd600000|100%| S|CS|TAMS 0x00000000fd500000, 0x00000000fd500000| Complete 
|  22|0x00000000fd600000, 0x00000000fd700000, 0x00000000fd700000|100%| S|CS|TAMS 0x00000000fd600000, 0x00000000fd600000| Complete 
|  23|0x00000000fd700000, 0x00000000fd800000, 0x00000000fd800000|100%| S|CS|TAMS 0x00000000fd700000, 0x00000000fd700000| Complete 
|  24|0x00000000fd800000, 0x00000000fd900000, 0x00000000fd900000|100%| S|CS|TAMS 0x00000000fd800000, 0x00000000fd800000| Complete 
|  25|0x00000000fd900000, 0x00000000fda00000, 0x00000000fda00000|100%| S|CS|TAMS 0x00000000fd900000, 0x00000000fd900000| Complete 
|  26|0x00000000fda00000, 0x00000000fda00000, 0x00000000fdb00000|  0%| F|  |TAMS 0x00000000fda00000, 0x00000000fda00000| Untracked 
|  27|0x00000000fdb00000, 0x00000000fdb00000, 0x00000000fdc00000|  0%| F|  |TAMS 0x00000000fdb00000, 0x00000000fdb00000| Untracked 
|  28|0x00000000fdc00000, 0x00000000fdc00000, 0x00000000fdd00000|  0%| F|  |TAMS 0x00000000fdc00000, 0x00000000fdc00000| Untracked 
|  29|0x00000000fdd00000, 0x00000000fdd00000, 0x00000000fde00000|  0%| F|  |TAMS 0x00000000fdd00000, 0x00000000fdd00000| Untracked 
|  30|0x00000000fde00000, 0x00000000fde00000, 0x00000000fdf00000|  0%| F|  |TAMS 0x00000000fde00000, 0x00000000fde00000| Untracked 
|  31|0x00000000fdf00000, 0x00000000fdf00000, 0x00000000fe000000|  0%| F|  |TAMS 0x00000000fdf00000, 0x00000000fdf00000| Untracked 
|  32|0x00000000fe000000, 0x00000000fe000000, 0x00000000fe100000|  0%| F|  |TAMS 0x00000000fe000000, 0x00000000fe000000| Untracked 
|  33|0x00000000fe100000, 0x00000000fe100000, 0x00000000fe200000|  0%| F|  |TAMS 0x00000000fe100000, 0x00000000fe100000| Untracked 
|  34|0x00000000fe200000, 0x00000000fe200000, 0x00000000fe300000|  0%| F|  |TAMS 0x00000000fe200000, 0x00000000fe200000| Untracked 
|  35|0x00000000fe300000, 0x00000000fe300000, 0x00000000fe400000|  0%| F|  |TAMS 0x00000000fe300000, 0x00000000fe300000| Untracked 
|  36|0x00000000fe400000, 0x00000000fe400000, 0x00000000fe500000|  0%| F|  |TAMS 0x00000000fe400000, 0x00000000fe400000| Untracked 
|  37|0x00000000fe500000, 0x00000000fe500000, 0x00000000fe600000|  0%| F|  |TAMS 0x00000000fe500000, 0x00000000fe500000| Untracked 
|  38|0x00000000fe600000, 0x00000000fe600000, 0x00000000fe700000|  0%| F|  |TAMS 0x00000000fe600000, 0x00000000fe600000| Untracked 
|  39|0x00000000fe700000, 0x00000000fe700000, 0x00000000fe800000|  0%| F|  |TAMS 0x00000000fe700000, 0x00000000fe700000| Untracked 
|  40|0x00000000fe800000, 0x00000000fe800000, 0x00000000fe900000|  0%| F|  |TAMS 0x00000000fe800000, 0x00000000fe800000| Untracked 
|  41|0x00000000fe900000, 0x00000000fe900000, 0x00000000fea00000|  0%| F|  |TAMS 0x00000000fe900000, 0x00000000fe900000| Untracked 
|  42|0x00000000fea00000, 0x00000000fea00000, 0x00000000feb00000|  0%| F|  |TAMS 0x00000000fea00000, 0x00000000fea00000| Untracked 
|  43|0x00000000feb00000, 0x00000000feb00000, 0x00000000fec00000|  0%| F|  |TAMS 0x00000000feb00000, 0x00000000feb00000| Untracked 
|  44|0x00000000fec00000, 0x00000000fec00000, 0x00000000fed00000|  0%| F|  |TAMS 0x00000000fec00000, 0x00000000fec00000| Untracked 
|  45|0x00000000fed00000, 0x00000000fed00000, 0x00000000fee00000|  0%| F|  |TAMS 0x00000000fed00000, 0x00000000fed00000| Untracked 
|  46|0x00000000fee00000, 0x00000000fee00000, 0x00000000fef00000|  0%| F|  |TAMS 0x00000000fee00000, 0x00000000fee00000| Untracked 
|  47|0x00000000fef00000, 0x00000000fef00000, 0x00000000ff000000|  0%| F|  |TAMS 0x00000000fef00000, 0x00000000fef00000| Untracked 
|  48|0x00000000ff000000, 0x00000000ff000000, 0x00000000ff100000|  0%| F|  |TAMS 0x00000000ff000000, 0x00000000ff000000| Untracked 
|  49|0x00000000ff100000, 0x00000000ff100000, 0x00000000ff200000|  0%| F|  |TAMS 0x00000000ff100000, 0x00000000ff100000| Untracked 
|  50|0x00000000ff200000, 0x00000000ff200000, 0x00000000ff300000|  0%| F|  |TAMS 0x00000000ff200000, 0x00000000ff200000| Untracked 
|  51|0x00000000ff300000, 0x00000000ff300000, 0x00000000ff400000|  0%| F|  |TAMS 0x00000000ff300000, 0x00000000ff300000| Untracked 
|  52|0x00000000ff400000, 0x00000000ff400000, 0x00000000ff500000|  0%| F|  |TAMS 0x00000000ff400000, 0x00000000ff400000| Untracked 
|  53|0x00000000ff500000, 0x00000000ff500000, 0x00000000ff600000|  0%| F|  |TAMS 0x00000000ff500000, 0x00000000ff500000| Untracked 
|  54|0x00000000ff600000, 0x00000000ff600000, 0x00000000ff700000|  0%| F|  |TAMS 0x00000000ff600000, 0x00000000ff600000| Untracked 
|  55|0x00000000ff700000, 0x00000000ff700000, 0x00000000ff800000|  0%| F|  |TAMS 0x00000000ff700000, 0x00000000ff700000| Untracked 
|  56|0x00000000ff800000, 0x00000000ff8fe8e0, 0x00000000ff900000| 99%| E|  |TAMS 0x00000000ff800000, 0x00000000ff800000| Complete 
|  57|0x00000000ff900000, 0x00000000ffa00000, 0x00000000ffa00000|100%| E|CS|TAMS 0x00000000ff900000, 0x00000000ff900000| Complete 
|  58|0x00000000ffa00000, 0x00000000ffb00000, 0x00000000ffb00000|100%| E|CS|TAMS 0x00000000ffa00000, 0x00000000ffa00000| Complete 
|  59|0x00000000ffb00000, 0x00000000ffc00000, 0x00000000ffc00000|100%| E|CS|TAMS 0x00000000ffb00000, 0x00000000ffb00000| Complete 
|  60|0x00000000ffc00000, 0x00000000ffd00000, 0x00000000ffd00000|100%| E|CS|TAMS 0x00000000ffc00000, 0x00000000ffc00000| Complete 
|  61|0x00000000ffd00000, 0x00000000ffe00000, 0x00000000ffe00000|100%| E|CS|TAMS 0x00000000ffd00000, 0x00000000ffd00000| Complete 
|  62|0x00000000ffe00000, 0x00000000fff00000, 0x00000000fff00000|100%| E|CS|TAMS 0x00000000ffe00000, 0x00000000ffe00000| Complete 
|  63|0x00000000fff00000, 0x0000000100000000, 0x0000000100000000|100%| E|CS|TAMS 0x00000000fff00000, 0x00000000fff00000| Complete 

Card table byte_map: [0x000001badc710000,0x000001badc730000] _byte_map_base: 0x000001badbf30000

Marking Bits (Prev, Next): (CMBitMap*) 0x000001bac4332610, (CMBitMap*) 0x000001bac4332650
 Prev Bits: [0x000001badc750000, 0x000001badc850000)
 Next Bits: [0x000001badc850000, 0x000001badc950000)

Polling page: 0x000001bac43e0000

Metaspace:

Usage:
  Non-class:      9.07 MB used.
      Class:      1.35 MB used.
       Both:     10.43 MB used.

Virtual space:
  Non-class space:       16.00 MB reserved,       9.12 MB ( 57%) committed,  2 nodes.
      Class space:        1.00 GB reserved,       1.44 MB ( <1%) committed,  1 nodes.
             Both:        1.02 GB reserved,      10.56 MB (  1%) committed. 

Chunk freelists:
   Non-Class:  2.05 MB
       Class:  2.53 MB
        Both:  4.58 MB

MaxMetaspaceSize: unlimited
CompressedClassSpaceSize: 1.00 GB
Initial GC threshold: 21.00 MB
Current GC threshold: 21.00 MB
CDS: on
MetaspaceReclaimPolicy: balanced
 - commit_granule_bytes: 65536.
 - commit_granule_words: 8192.
 - virtual_space_node_default_size: 1048576.
 - enlarge_chunks_in_place: 1.
 - new_chunks_are_fully_committed: 0.
 - uncommit_free_chunks: 1.
 - use_allocation_guard: 0.
 - handle_deallocations: 1.


Internal statistics:

num_allocs_failed_limit: 0.
num_arena_births: 86.
num_arena_deaths: 0.
num_vsnodes_births: 3.
num_vsnodes_deaths: 0.
num_space_committed: 169.
num_space_uncommitted: 0.
num_chunks_returned_to_freelist: 0.
num_chunks_taken_from_freelist: 375.
num_chunk_merges: 0.
num_chunk_splits: 253.
num_chunks_enlarged: 208.
num_purges: 0.
num_inconsistent_stats: 0.

CodeHeap 'non-profiled nmethods': size=120064Kb used=797Kb max_used=797Kb free=119266Kb
 bounds [0x000001bad4db0000, 0x000001bad5020000, 0x000001badc2f0000]
CodeHeap 'profiled nmethods': size=120000Kb used=3591Kb max_used=3591Kb free=116408Kb
 bounds [0x000001bacd880000, 0x000001bacdc10000, 0x000001bad4db0000]
CodeHeap 'non-nmethods': size=5696Kb used=1185Kb max_used=1198Kb free=4511Kb
 bounds [0x000001bacd2f0000, 0x000001bacd560000, 0x000001bacd880000]
 total_blobs=2318 nmethods=1830 adapters=401
 compilation: enabled
              stopped_count=0, restarted_count=0
 full_count=0

Compilation events (20 events):
Event: 43.134 Thread 0x000001badece8bb0 1824       3       java.lang.Long::stringSize (55 bytes)
Event: 43.134 Thread 0x000001badece8bb0 nmethod 1824 0x000001bacdbfd590 code [0x000001bacdbfd740, 0x000001bacdbfd9d8]
Event: 43.134 Thread 0x000001badece8bb0 1825       3       java.lang.Long::getChars (208 bytes)
Event: 43.135 Thread 0x000001badece8bb0 nmethod 1825 0x000001bacdbfda90 code [0x000001bacdbfdc80, 0x000001bacdbfe298]
Event: 43.554 Thread 0x000001badece8bb0 1826       3       java.lang.StringBuilder::append (8 bytes)
Event: 43.554 Thread 0x000001badece8bb0 nmethod 1826 0x000001bacdbfe610 code [0x000001bacdbfe7a0, 0x000001bacdbfe8e8]
Event: 43.554 Thread 0x000001badece8bb0 1827       3       java.lang.AbstractStringBuilder::append (60 bytes)
Event: 43.554 Thread 0x000001badece8bb0 nmethod 1827 0x000001bacdbfe990 code [0x000001bacdbfeb60, 0x000001bacdbfee98]
Event: 44.743 Thread 0x000001badece8bb0 1828       3       java.nio.ByteBuffer::position (6 bytes)
Event: 44.743 Thread 0x000001badece8bb0 nmethod 1828 0x000001bacdbff010 code [0x000001bacdbff1c0, 0x000001bacdbff388]
Event: 45.267 Thread 0x000001badece8bb0 1829       3       org.gradle.internal.logging.format.TersePrettyDurationFormatter::format (5 bytes)
Event: 45.267 Thread 0x000001badece8bb0 nmethod 1829 0x000001bacdbff410 code [0x000001bacdbff5a0, 0x000001bacdbff6e8]
Event: 45.267 Thread 0x000001badece8bb0 1830       3       org.gradle.internal.time.TimeFormatting::formatDurationTerse (123 bytes)
Event: 45.268 Thread 0x000001badece8bb0 nmethod 1830 0x000001bacdbff790 code [0x000001bacdbffa80, 0x000001bacdc00808]
Event: 45.369 Thread 0x000001badece8bb0 1831       3       java.util.ArrayList::equals (62 bytes)
Event: 45.369 Thread 0x000001badece8bb0 nmethod 1831 0x000001bacdc00d10 code [0x000001bacdc00f20, 0x000001bacdc01668]
Event: 47.356 Thread 0x000001badece8bb0 1832       1       java.lang.invoke.MethodHandleNatives::isPullModeBSM (2 bytes)
Event: 47.356 Thread 0x000001badece8bb0 nmethod 1832 0x000001bad4e77410 code [0x000001bad4e775a0, 0x000001bad4e77658]
Event: 47.356 Thread 0x000001badece8bb0 1833       3       java.lang.invoke.ConstantCallSite::getTarget (20 bytes)
Event: 47.357 Thread 0x000001badece8bb0 nmethod 1833 0x000001bacdc01810 code [0x000001bacdc019c0, 0x000001bacdc01be8]

GC Heap History (8 events):
Event: 0.774 GC heap before
{Heap before GC invocations=0 (full 0):
 garbage-first heap   total 65536K, used 6144K [0x00000000fc000000, 0x0000000100000000)
  region size 1024K, 6 young (6144K), 0 survivors (0K)
 Metaspace       used 1605K, committed 1664K, reserved 1056768K
  class space    used 152K, committed 192K, reserved 1048576K
}
Event: 0.781 GC heap after
{Heap after GC invocations=1 (full 0):
 garbage-first heap   total 65536K, used 1181K [0x00000000fc000000, 0x0000000100000000)
  region size 1024K, 1 young (1024K), 1 survivors (1024K)
 Metaspace       used 1605K, committed 1664K, reserved 1056768K
  class space    used 152K, committed 192K, reserved 1048576K
}
Event: 0.937 GC heap before
{Heap before GC invocations=1 (full 0):
 garbage-first heap   total 65536K, used 6301K [0x00000000fc000000, 0x0000000100000000)
  region size 1024K, 7 young (7168K), 1 survivors (1024K)
 Metaspace       used 1643K, committed 1792K, reserved 1056768K
  class space    used 152K, committed 192K, reserved 1048576K
}
Event: 0.939 GC heap after
{Heap after GC invocations=2 (full 0):
 garbage-first heap   total 65536K, used 1568K [0x00000000fc000000, 0x0000000100000000)
  region size 1024K, 1 young (1024K), 1 survivors (1024K)
 Metaspace       used 1643K, committed 1792K, reserved 1056768K
  class space    used 152K, committed 192K, reserved 1048576K
}
Event: 1.518 GC heap before
{Heap before GC invocations=2 (full 0):
 garbage-first heap   total 65536K, used 12832K [0x00000000fc000000, 0x0000000100000000)
  region size 1024K, 13 young (13312K), 1 survivors (1024K)
 Metaspace       used 1833K, committed 1920K, reserved 1056768K
  class space    used 156K, committed 192K, reserved 1048576K
}
Event: 1.520 GC heap after
{Heap after GC invocations=3 (full 0):
 garbage-first heap   total 65536K, used 4031K [0x00000000fc000000, 0x0000000100000000)
  region size 1024K, 2 young (2048K), 2 survivors (2048K)
 Metaspace       used 1833K, committed 1920K, reserved 1056768K
  class space    used 156K, committed 192K, reserved 1048576K
}
Event: 4.336 GC heap before
{Heap before GC invocations=3 (full 0):
 garbage-first heap   total 65536K, used 43967K [0x00000000fc000000, 0x0000000100000000)
  region size 1024K, 38 young (38912K), 2 survivors (2048K)
 Metaspace       used 9034K, committed 9152K, reserved 1064960K
  class space    used 1193K, committed 1280K, reserved 1048576K
}
Event: 4.345 GC heap after
{Heap after GC invocations=4 (full 0):
 garbage-first heap   total 65536K, used 13756K [0x00000000fc000000, 0x0000000100000000)
  region size 1024K, 5 young (5120K), 5 survivors (5120K)
 Metaspace       used 9034K, committed 9152K, reserved 1064960K
  class space    used 1193K, committed 1280K, reserved 1048576K
}

Deoptimization events (20 events):
Event: 4.538 Thread 0x000001bae0605760 Uncommon trap: trap_request=0xffffff45 fr.pc=0x000001bad4dff7dc relative=0x000000000000005c
Event: 4.538 Thread 0x000001bae0605760 Uncommon trap: reason=unstable_if action=reinterpret pc=0x000001bad4dff7dc method=java.lang.AbstractStringBuilder.isLatin1()Z @ 10 c2
Event: 4.538 Thread 0x000001bae0605760 DEOPT PACKING pc=0x000001bad4dff7dc sp=0x000000b5f06feab0
Event: 4.538 Thread 0x000001bae0605760 DEOPT UNPACKING pc=0x000001bacd3423a3 sp=0x000000b5f06fea40 mode 2
Event: 4.538 Thread 0x000001bae0605760 Uncommon trap: trap_request=0xffffff45 fr.pc=0x000001bad4dec388 relative=0x00000000000003e8
Event: 4.538 Thread 0x000001bae0605760 Uncommon trap: reason=unstable_if action=reinterpret pc=0x000001bad4dec388 method=java.lang.AbstractStringBuilder.isLatin1()Z @ 10 c2
Event: 4.538 Thread 0x000001bae0605760 DEOPT PACKING pc=0x000001bad4dec388 sp=0x000000b5f06feac0
Event: 4.538 Thread 0x000001bae0605760 DEOPT UNPACKING pc=0x000001bacd3423a3 sp=0x000000b5f06fea40 mode 2
Event: 4.538 Thread 0x000001bae0605760 Uncommon trap: trap_request=0xffffff45 fr.pc=0x000001bad4e28d6c relative=0x00000000000003cc
Event: 4.538 Thread 0x000001bae0605760 Uncommon trap: reason=unstable_if action=reinterpret pc=0x000001bad4e28d6c method=java.lang.AbstractStringBuilder.isLatin1()Z @ 10 c2
Event: 4.538 Thread 0x000001bae0605760 DEOPT PACKING pc=0x000001bad4e28d6c sp=0x000000b5f06feba0
Event: 4.538 Thread 0x000001bae0605760 DEOPT UNPACKING pc=0x000001bacd3423a3 sp=0x000000b5f06feb20 mode 2
Event: 4.586 Thread 0x000001bae0605760 Uncommon trap: trap_request=0xffffff45 fr.pc=0x000001bad4e19dc8 relative=0x0000000000000048
Event: 4.586 Thread 0x000001bae0605760 Uncommon trap: reason=unstable_if action=reinterpret pc=0x000001bad4e19dc8 method=java.lang.CharacterData.of(I)Ljava/lang/CharacterData; @ 4 c2
Event: 4.586 Thread 0x000001bae0605760 DEOPT PACKING pc=0x000001bad4e19dc8 sp=0x000000b5f06fe4e0
Event: 4.586 Thread 0x000001bae0605760 DEOPT UNPACKING pc=0x000001bacd3423a3 sp=0x000000b5f06fe478 mode 2
Event: 16.889 Thread 0x000001bae0605760 Uncommon trap: trap_request=0xffffff45 fr.pc=0x000001bad4dbd880 relative=0x0000000000000080
Event: 16.889 Thread 0x000001bae0605760 Uncommon trap: reason=unstable_if action=reinterpret pc=0x000001bad4dbd880 method=java.lang.String.codePointAt(I)I @ 4 c2
Event: 16.889 Thread 0x000001bae0605760 DEOPT PACKING pc=0x000001bad4dbd880 sp=0x000000b5f06fed40
Event: 16.889 Thread 0x000001bae0605760 DEOPT UNPACKING pc=0x000001bacd3423a3 sp=0x000000b5f06fecd8 mode 2

Classes unloaded (0 events):
No events

Classes redefined (0 events):
No events

Internal exceptions (20 events):
Event: 2.554 Thread 0x000001bac43148b0 Exception <a 'java/lang/NoSuchMethodError'{0x00000000ff4e3840}: 'java.lang.Object java.lang.invoke.Invokers$Holder.invokeExact_MT(java.lang.Object, java.lang.Object, java.lang.Object, java.lang.Object)'> (0x00000000ff4e3840) 
thrown [t:\workspace\open\src\hotspot\share\interpreter\linkResolver.cpp, line 766]
Event: 2.584 Thread 0x000001bac43148b0 Exception <a 'java/lang/NoSuchMethodError'{0x00000000ff31edb0}: 'java.lang.Object java.lang.invoke.DirectMethodHandle$Holder.invokeVirtual(java.lang.Object, java.lang.Object, java.lang.Object)'> (0x00000000ff31edb0) 
thrown [t:\workspace\open\src\hotspot\share\interpreter\linkResolver.cpp, line 766]
Event: 2.799 Thread 0x000001bac43148b0 Exception <a 'java/lang/NoSuchMethodError'{0x00000000fed84870}: 'java.lang.Object java.lang.invoke.DirectMethodHandle$Holder.newInvokeSpecial(java.lang.Object, java.lang.Object, java.lang.Object, java.lang.Object, java.lang.Object)'> (0x00000000fed84870) 
thrown [t:\workspace\open\src\hotspot\share\interpreter\linkResolver.cpp, line 766]
Event: 2.933 Thread 0x000001bac43148b0 Exception <a 'java/lang/NoSuchMethodError'{0x00000000fea8a198}: 'void java.lang.invoke.DirectMethodHandle$Holder.invokeSpecial(java.lang.Object, java.lang.Object, java.lang.Object)'> (0x00000000fea8a198) 
thrown [t:\workspace\open\src\hotspot\share\interpreter\linkResolver.cpp, line 766]
Event: 2.950 Thread 0x000001bac43148b0 Implicit null exception at 0x000001bad4e1360f to 0x000001bad4e13b50
Event: 2.950 Thread 0x000001bac43148b0 Implicit null exception at 0x000001bad4e00c0f to 0x000001bad4e0115c
Event: 2.996 Thread 0x000001bac43148b0 Exception <a 'java/lang/NoSuchMethodError'{0x00000000fe800178}: 'java.lang.Object java.lang.invoke.DirectMethodHandle$Holder.invokeStaticInit(java.lang.Object)'> (0x00000000fe800178) 
thrown [t:\workspace\open\src\hotspot\share\interpreter\linkResolver.cpp, line 766]
Event: 3.344 Thread 0x000001bac43148b0 Exception <a 'java/lang/NoSuchMethodError'{0x00000000fe8b2db8}: 'int java.lang.invoke.DirectMethodHandle$Holder.invokeVirtual(java.lang.Object, java.lang.Object, java.lang.Object)'> (0x00000000fe8b2db8) 
thrown [t:\workspace\open\src\hotspot\share\interpreter\linkResolver.cpp, line 766]
Event: 3.448 Thread 0x000001bac43148b0 Exception <a 'java/lang/NoSuchMethodError'{0x00000000fe506918}: 'java.lang.Object java.lang.invoke.DirectMethodHandle$Holder.invokeSpecialIFC(java.lang.Object, java.lang.Object, java.lang.Object, java.lang.Object)'> (0x00000000fe506918) 
thrown [t:\workspace\open\src\hotspot\share\interpreter\linkResolver.cpp, line 766]
Event: 3.566 Thread 0x000001bac43148b0 Exception <a 'java/lang/NoSuchMethodError'{0x00000000fe3ce170}: 'java.lang.Object java.lang.invoke.DirectMethodHandle$Holder.invokeStaticInit(java.lang.Object, int, int, int, int)'> (0x00000000fe3ce170) 
thrown [t:\workspace\open\src\hotspot\share\interpreter\linkResolver.cpp, line 766]
Event: 3.748 Thread 0x000001bac43148b0 Exception <a 'java/lang/NoSuchMethodError'{0x00000000fe25a980}: 'java.lang.Object java.lang.invoke.DirectMethodHandle$Holder.invokeStaticInit(java.lang.Object, java.lang.Object, int, int, int, int)'> (0x00000000fe25a980) 
thrown [t:\workspace\open\src\hotspot\share\interpreter\linkResolver.cpp, line 766]
Event: 3.974 Thread 0x000001bac43148b0 Exception <a 'java/lang/NoSuchMethodError'{0x00000000fe28e570}: 'void java.lang.invoke.DirectMethodHandle$Holder.invokeStatic(java.lang.Object, java.lang.Object, java.lang.Object)'> (0x00000000fe28e570) 
thrown [t:\workspace\open\src\hotspot\share\interpreter\linkResolver.cpp, line 766]
Event: 4.023 Thread 0x000001bac43148b0 Implicit null exception at 0x000001bad4df4d72 to 0x000001bad4df5340
Event: 4.036 Thread 0x000001bac43148b0 Exception <a 'java/net/ConnectException'{0x00000000fe1b40b0}: Connection refused: no further information> (0x00000000fe1b40b0) 
thrown [t:\workspace\open\src\hotspot\share\prims\jni.cpp, line 535]
Event: 4.548 Thread 0x000001bae0605760 Exception <a 'java/lang/NoSuchMethodError'{0x00000000ffb12498}: 'void java.lang.invoke.DirectMethodHandle$Holder.invokeStatic(java.lang.Object, long)'> (0x00000000ffb12498) 
thrown [t:\workspace\open\src\hotspot\share\interpreter\linkResolver.cpp, line 766]
Event: 4.548 Thread 0x000001bae0605760 Exception <a 'java/lang/NoSuchMethodError'{0x00000000ffb17e60}: 'java.lang.Object java.lang.invoke.DirectMethodHandle$Holder.newInvokeSpecial(java.lang.Object, long)'> (0x00000000ffb17e60) 
thrown [t:\workspace\open\src\hotspot\share\interpreter\linkResolver.cpp, line 766]
Event: 4.564 Thread 0x000001bae0605760 Exception <a 'java/lang/NoSuchMethodError'{0x00000000ffb22a48}: 'java.lang.Object java.lang.invoke.DirectMethodHandle$Holder.invokeStaticInit(java.lang.Object, java.lang.Object, long, java.lang.Object)'> (0x00000000ffb22a48) 
thrown [t:\workspace\open\src\hotspot\share\interpreter\linkResolver.cpp, line 766]
Event: 4.566 Thread 0x000001bae0605760 Exception <a 'java/lang/NoSuchMethodError'{0x00000000ffb290e0}: 'java.lang.Object java.lang.invoke.DirectMethodHandle$Holder.newInvokeSpecial(java.lang.Object, java.lang.Object, long)'> (0x00000000ffb290e0) 
thrown [t:\workspace\open\src\hotspot\share\interpreter\linkResolver.cpp, line 766]
Event: 4.567 Thread 0x000001bae0605760 Exception <a 'java/lang/NoSuchMethodError'{0x00000000ffb2d3d0}: 'java.lang.Object java.lang.invoke.Invokers$Holder.linkToTargetMethod(java.lang.Object, long, java.lang.Object)'> (0x00000000ffb2d3d0) 
thrown [t:\workspace\open\src\hotspot\share\interpreter\linkResolver.cpp, line 766]
Event: 47.350 Thread 0x000001bac43148b0 Exception <a 'sun/net/ConnectionResetException'{0x00000000ff821368}: Connection reset> (0x00000000ff821368) 
thrown [t:\workspace\open\src\hotspot\share\prims\jni.cpp, line 535]

VM Operations (20 events):
Event: 20.266 Executing VM operation: Cleanup
Event: 20.281 Executing VM operation: Cleanup done
Event: 23.312 Executing VM operation: Cleanup
Event: 23.312 Executing VM operation: Cleanup done
Event: 26.351 Executing VM operation: Cleanup
Event: 26.351 Executing VM operation: Cleanup done
Event: 28.372 Executing VM operation: Cleanup
Event: 28.372 Executing VM operation: Cleanup done
Event: 29.384 Executing VM operation: Cleanup
Event: 29.384 Executing VM operation: Cleanup done
Event: 30.391 Executing VM operation: Cleanup
Event: 30.391 Executing VM operation: Cleanup done
Event: 37.463 Executing VM operation: Cleanup
Event: 37.463 Executing VM operation: Cleanup done
Event: 38.472 Executing VM operation: Cleanup
Event: 38.472 Executing VM operation: Cleanup done
Event: 40.487 Executing VM operation: Cleanup
Event: 40.487 Executing VM operation: Cleanup done
Event: 41.502 Executing VM operation: Cleanup
Event: 41.502 Executing VM operation: Cleanup done

Events (20 events):
Event: 17.239 loading class java/util/concurrent/Executors$FinalizableDelegatedExecutorService
Event: 17.239 loading class java/util/concurrent/Executors$FinalizableDelegatedExecutorService done
Event: 47.349 loading class sun/net/ConnectionResetException
Event: 47.350 loading class sun/net/ConnectionResetException done
Event: 47.354 loading class java/nio/file/FileChannelLinesSpliterator
Event: 47.354 loading class java/nio/file/FileChannelLinesSpliterator done
Event: 47.355 loading class sun/nio/fs/WindowsSecurityDescriptor
Event: 47.355 loading class sun/nio/fs/WindowsSecurityDescriptor done
Event: 47.355 loading class sun/nio/fs/WindowsChannelFactory
Event: 47.355 loading class sun/nio/fs/WindowsChannelFactory done
Event: 47.355 loading class sun/nio/fs/WindowsChannelFactory$1
Event: 47.355 loading class sun/nio/fs/WindowsChannelFactory$1 done
Event: 47.355 loading class sun/nio/fs/WindowsChannelFactory$Flags
Event: 47.355 loading class sun/nio/fs/WindowsChannelFactory$Flags done
Event: 47.355 loading class sun/nio/fs/WindowsChannelFactory$2
Event: 47.355 loading class sun/nio/fs/WindowsChannelFactory$2 done
Event: 47.356 loading class sun/nio/ch/FileChannelImpl$Closer
Event: 47.356 loading class sun/nio/ch/FileChannelImpl$Closer done
Event: 47.357 loading class java/util/stream/Streams$1
Event: 47.358 loading class java/util/stream/Streams$1 done


Dynamic libraries:
0x00007ff6cd990000 - 0x00007ff6cd9a0000 	C:\Program Files\Java\jdk-17\bin\java.exe
0x00007ffbe6fb0000 - 0x00007ffbe71c7000 	C:\WINDOWS\SYSTEM32\ntdll.dll
0x00007ffbe5a20000 - 0x00007ffbe5ae4000 	C:\WINDOWS\System32\KERNEL32.DLL
0x00007ffbe4350000 - 0x00007ffbe4709000 	C:\WINDOWS\System32\KERNELBASE.dll
0x00007ffbe47b0000 - 0x00007ffbe48c1000 	C:\WINDOWS\System32\ucrtbase.dll
0x00007ffbcf670000 - 0x00007ffbcf688000 	C:\Program Files\Java\jdk-17\bin\jli.dll
0x00007ffbe6770000 - 0x00007ffbe6822000 	C:\WINDOWS\System32\ADVAPI32.dll
0x00007ffbe6ec0000 - 0x00007ffbe6f67000 	C:\WINDOWS\System32\msvcrt.dll
0x00007ffbe6180000 - 0x00007ffbe6227000 	C:\WINDOWS\System32\sechost.dll
0x00007ffbe4780000 - 0x00007ffbe47a8000 	C:\WINDOWS\System32\bcrypt.dll
0x00007ffbe4ce0000 - 0x00007ffbe4df4000 	C:\WINDOWS\System32\RPCRT4.dll
0x00007ffbe4f20000 - 0x00007ffbe50ce000 	C:\WINDOWS\System32\USER32.dll
0x00007ffbe48d0000 - 0x00007ffbe48f6000 	C:\WINDOWS\System32\win32u.dll
0x00007ffbe6830000 - 0x00007ffbe6859000 	C:\WINDOWS\System32\GDI32.dll
0x00007ffbe4af0000 - 0x00007ffbe4c0b000 	C:\WINDOWS\System32\gdi32full.dll
0x00007ffbe42b0000 - 0x00007ffbe434a000 	C:\WINDOWS\System32\msvcp_win.dll
0x00007ffbcf650000 - 0x00007ffbcf66a000 	C:\Program Files\Java\jdk-17\bin\VCRUNTIME140.dll
0x00007ffbcb530000 - 0x00007ffbcb7c2000 	C:\WINDOWS\WinSxS\amd64_microsoft.windows.common-controls_6595b64144ccf1df_6.0.22621.4391_none_2715d37f73803e96\COMCTL32.dll
0x00007ffbdd2d0000 - 0x00007ffbdd2da000 	C:\WINDOWS\SYSTEM32\VERSION.dll
0x00007ffbe4ee0000 - 0x00007ffbe4f11000 	C:\WINDOWS\System32\IMM32.DLL
0x00007ffbdc0d0000 - 0x00007ffbdc0dc000 	C:\Program Files\Java\jdk-17\bin\vcruntime140_1.dll
0x00007ffbbffc0000 - 0x00007ffbc004d000 	C:\Program Files\Java\jdk-17\bin\msvcp140.dll
0x00007ffb3ce10000 - 0x00007ffb3d9ce000 	C:\Program Files\Java\jdk-17\bin\server\jvm.dll
0x00007ffbe4cd0000 - 0x00007ffbe4cd8000 	C:\WINDOWS\System32\PSAPI.DLL
0x00007ffbdb160000 - 0x00007ffbdb194000 	C:\WINDOWS\SYSTEM32\WINMM.dll
0x00007ffbcd600000 - 0x00007ffbcd609000 	C:\WINDOWS\SYSTEM32\WSOCK32.dll
0x00007ffbe6100000 - 0x00007ffbe6171000 	C:\WINDOWS\System32\WS2_32.dll
0x00007ffbe32d0000 - 0x00007ffbe32e8000 	C:\WINDOWS\SYSTEM32\kernel.appcore.dll
0x00007ffbd5060000 - 0x00007ffbd506a000 	C:\Program Files\Java\jdk-17\bin\jimage.dll
0x00007ffbe1de0000 - 0x00007ffbe2012000 	C:\WINDOWS\SYSTEM32\DBGHELP.DLL
0x00007ffbe68e0000 - 0x00007ffbe6c6f000 	C:\WINDOWS\System32\combase.dll
0x00007ffbe4e00000 - 0x00007ffbe4ed7000 	C:\WINDOWS\System32\OLEAUT32.dll
0x00007ffbc6270000 - 0x00007ffbc62a2000 	C:\WINDOWS\SYSTEM32\dbgcore.DLL
0x00007ffbe4900000 - 0x00007ffbe497b000 	C:\WINDOWS\System32\bcryptPrimitives.dll
0x00007ffbcdfc0000 - 0x00007ffbcdfe5000 	C:\Program Files\Java\jdk-17\bin\java.dll
0x00007ffbbfee0000 - 0x00007ffbbffb6000 	C:\Program Files\Java\jdk-17\bin\svml.dll
0x00007ffbe5180000 - 0x00007ffbe59f6000 	C:\WINDOWS\System32\SHELL32.dll
0x00007ffbe21a0000 - 0x00007ffbe2aa3000 	C:\WINDOWS\SYSTEM32\windows.storage.dll
0x00007ffbe2060000 - 0x00007ffbe219f000 	C:\WINDOWS\SYSTEM32\wintypes.dll
0x00007ffbe5f70000 - 0x00007ffbe6069000 	C:\WINDOWS\System32\SHCORE.dll
0x00007ffbe6230000 - 0x00007ffbe628e000 	C:\WINDOWS\System32\shlwapi.dll
0x00007ffbe41e0000 - 0x00007ffbe420b000 	C:\WINDOWS\SYSTEM32\profapi.dll
0x00007ffbce8d0000 - 0x00007ffbce8e9000 	C:\Program Files\Java\jdk-17\bin\net.dll
0x00007ffbdc5c0000 - 0x00007ffbdc6f6000 	C:\WINDOWS\SYSTEM32\WINHTTP.dll
0x00007ffbe3770000 - 0x00007ffbe37d9000 	C:\WINDOWS\system32\mswsock.dll
0x00007ffbc1270000 - 0x00007ffbc1285000 	C:\Program Files\Java\jdk-17\bin\nio.dll
0x00007ffbbfec0000 - 0x00007ffbbfed8000 	C:\Program Files\Java\jdk-17\bin\zip.dll
0x00007ffbcf610000 - 0x00007ffbcf620000 	C:\Program Files\Java\jdk-17\bin\verify.dll
0x00007ffbd0fe0000 - 0x00007ffbd1007000 	C:\Users\Joshu\.gradle\native\c067742578af261105cb4f569cf0c3c89f3d7b1fecec35dd04571415982c5e48\windows-amd64\native-platform.dll
0x00007ffbdb350000 - 0x00007ffbdb35a000 	C:\Users\Joshu\.gradle\native\jansi\1.18\windows64\jansi.dll
0x00007ffbcf640000 - 0x00007ffbcf649000 	C:\Program Files\Java\jdk-17\bin\management.dll
0x00007ffbceb90000 - 0x00007ffbceb9b000 	C:\Program Files\Java\jdk-17\bin\management_ext.dll
0x00007ffbe39d0000 - 0x00007ffbe39eb000 	C:\WINDOWS\SYSTEM32\CRYPTSP.dll
0x00007ffbe3230000 - 0x00007ffbe3265000 	C:\WINDOWS\system32\rsaenh.dll
0x00007ffbe3860000 - 0x00007ffbe3888000 	C:\WINDOWS\SYSTEM32\USERENV.dll
0x00007ffbe39c0000 - 0x00007ffbe39cc000 	C:\WINDOWS\SYSTEM32\CRYPTBASE.dll
0x00007ffbe2db0000 - 0x00007ffbe2ddd000 	C:\WINDOWS\SYSTEM32\IPHLPAPI.DLL
0x00007ffbe6440000 - 0x00007ffbe6449000 	C:\WINDOWS\System32\NSI.dll
0x00007ffbdb670000 - 0x00007ffbdb689000 	C:\WINDOWS\SYSTEM32\dhcpcsvc6.DLL
0x00007ffbdb650000 - 0x00007ffbdb66f000 	C:\WINDOWS\SYSTEM32\dhcpcsvc.DLL
0x00007ffbe2de0000 - 0x00007ffbe2ee2000 	C:\WINDOWS\SYSTEM32\DNSAPI.dll
0x00007ffbcdfb0000 - 0x00007ffbcdfbe000 	C:\Program Files\Java\jdk-17\bin\sunmscapi.dll
0x00007ffbe4980000 - 0x00007ffbe4ae6000 	C:\WINDOWS\System32\CRYPT32.dll
0x00007ffbe3c70000 - 0x00007ffbe3c9d000 	C:\WINDOWS\SYSTEM32\ncrypt.dll
0x00007ffbe3c30000 - 0x00007ffbe3c67000 	C:\WINDOWS\SYSTEM32\NTASN1.dll
0x00007ffbcdf80000 - 0x00007ffbcdf88000 	C:\WINDOWS\system32\wshunix.dll

dbghelp: loaded successfully - version: 4.0.5 - missing functions: none
symbol engine: initialized successfully - sym options: 0x614 - pdb path: .;C:\Program Files\Java\jdk-17\bin;C:\WINDOWS\SYSTEM32;C:\WINDOWS\WinSxS\amd64_microsoft.windows.common-controls_6595b64144ccf1df_6.0.22621.4391_none_2715d37f73803e96;C:\Program Files\Java\jdk-17\bin\server;C:\Users\Joshu\.gradle\native\c067742578af261105cb4f569cf0c3c89f3d7b1fecec35dd04571415982c5e48\windows-amd64;C:\Users\Joshu\.gradle\native\jansi\1.18\windows64

VM Arguments:
jvm_args: -Xmx64m -Xms64m -Dorg.gradle.appname=gradlew 
java_command: org.gradle.wrapper.GradleWrapperMain app:installDebug -PreactNativeDevServerPort=8081
java_class_path (initial): D:\TabungJo\android\\gradle\wrapper\gradle-wrapper.jar
Launcher Type: SUN_STANDARD

[Global flags]
     intx CICompilerCount                          = 2                                         {product} {ergonomic}
     uint ConcGCThreads                            = 1                                         {product} {ergonomic}
     uint G1ConcRefinementThreads                  = 2                                         {product} {ergonomic}
   size_t G1HeapRegionSize                         = 1048576                                   {product} {ergonomic}
    uintx GCDrainStackTargetSize                   = 64                                        {product} {ergonomic}
   size_t InitialHeapSize                          = 67108864                                  {product} {command line}
   size_t MarkStackSize                            = 4194304                                   {product} {ergonomic}
   size_t MaxHeapSize                              = 67108864                                  {product} {command line}
   size_t MaxNewSize                               = 39845888                                  {product} {ergonomic}
   size_t MinHeapDeltaBytes                        = 1048576                                   {product} {ergonomic}
   size_t MinHeapSize                              = 67108864                                  {product} {command line}
    uintx NonNMethodCodeHeapSize                   = 5826188                                {pd product} {ergonomic}
    uintx NonProfiledCodeHeapSize                  = 122916026                              {pd product} {ergonomic}
    uintx ProfiledCodeHeapSize                     = 122916026                              {pd product} {ergonomic}
    uintx ReservedCodeCacheSize                    = 251658240                              {pd product} {ergonomic}
     bool SegmentedCodeCache                       = true                                      {product} {ergonomic}
   size_t SoftMaxHeapSize                          = 67108864                               {manageable} {ergonomic}
     bool UseCompressedClassPointers               = true                           {product lp64_product} {ergonomic}
     bool UseCompressedOops                        = true                           {product lp64_product} {ergonomic}
     bool UseG1GC                                  = true                                      {product} {ergonomic}
     bool UseLargePagesIndividualAllocation        = false                                  {pd product} {ergonomic}

Logging:
Log output configuration:
 #0: stdout all=warning uptime,level,tags
 #1: stderr all=off uptime,level,tags

Environment Variables:
JAVA_HOME=C:\Program Files\Java\jdk-17
CLASSPATH=D:\TabungJo\android\\gradle\wrapper\gradle-wrapper.jar
PATH=D:\TabungJo\node_modules\.bin;D:\TabungJo\node_modules\.bin;D:\node_modules\.bin;C:\Program Files\nodejs\node_modules\npm\node_modules\@npmcli\run-script\lib\node-gyp-bin;C:\Program Files\Common Files\Oracle\Java\javapath;C:\WINDOWS\system32;C:\WINDOWS;C:\WINDOWS\System32\Wbem;C:\WINDOWS\System32\WindowsPowerShell\v1.0\;C:\WINDOWS\System32\OpenSSH\;C:\Program Files\nodejs\;C:\Program Files\Java\jdk-17\bin;C:\Program Files (x86)\Microsoft SQL Server\160\Tools\Binn\;C:\Program Files\Microsoft SQL Server\160\Tools\Binn\;C:\Program Files\Microsoft SQL Server\Client SDK\ODBC\170\Tools\Binn\;C:\Program Files\Microsoft SQL Server\160\DTS\Binn\;C:\Program Files (x86)\Microsoft SQL Server\160\DTS\Binn\;D:\Git\cmd;D:\Mobile_App_Dev_LocalHost\Android\Sdk\tools;D:\Mobile_App_Dev_LocalHost\Android\Sdk\platform-tools;C:\Users\Joshu\AppData\Local\Microsoft\WindowsApps;C:\Users\Joshu\AppData\Roaming\npm;C:\Users\Joshu\AppData\Local\Android\Sdk\platform-tools;D:\Microsoft VS Code\bin;D:\Mobile_App_Dev_LocalHost\Android\Sdk\emulator;D:\Mobile_App_Dev_LocalHost\Android\Sdk\platform_tools;D:\Mobile_App_Dev_LocalHost\Android\Sdk\tools;D:\Mobile_App_Dev_LocalHost\Android\Sdk\tools\bin;C:\Program Files\Java\jdk-17\bin;D:\Mobile_App_Dev_LocalHost\Android\Sdk\cmdline-tools\latest\bin;
USERNAME=Joshu
OS=Windows_NT
PROCESSOR_IDENTIFIER=AMD64 Family 23 Model 160 Stepping 0, AuthenticAMD



---------------  S Y S T E M  ---------------

OS:
 Windows 10 , 64 bit Build 22621 (10.0.22621.4391)
OS uptime: 0 days 1:48 hours
Hyper-V role detected

CPU: total 2 (initial active 2) (2 cores per cpu, 1 threads per core) family 23 model 160 stepping 0 microcode 0x0, cx8, cmov, fxsr, mmx, 3dnowpref, sse, sse2, sse3, ssse3, sse4a, sse4.1, sse4.2, popcnt, lzcnt, tsc, tscinvbit, avx, avx2, aes, clmul, bmi1, bmi2, adx, sha, fma, vzeroupper, clflush, clflushopt, hv

Memory: 4k page, system-wide physical 5965M (357M free)
TotalPageFile size 15820M (AvailPageFile size 228M)
current process WorkingSet (physical memory assigned to process): 109M, peak: 115M
current process commit charge ("private bytes"): 153M, peak: 160M

vm_info: Java HotSpot(TM) 64-Bit Server VM (17+35-LTS-2724) for windows-amd64 JRE (17+35-LTS-2724), built on Aug  5 2021 23:28:28 by "mach5one" with MS VC++ 16.8 (VS2019)

END.
