#
# There is insufficient memory for the Java Runtime Environment to continue.
# Native memory allocation (mmap) failed to map 8388608 bytes for G1 virtual space
# Possible reasons:
#   The system is out of physical RAM or swap space
#   The process is running with CompressedOops enabled, and the Java Heap may be blocking the growth of the native heap
# Possible solutions:
#   Reduce memory load on the system
#   Increase physical memory or swap space
#   Check if swap backing store is full
#   Decrease Java heap size (-Xmx/-Xms)
#   Decrease number of Java threads
#   Decrease Java thread stack sizes (-Xss)
#   Set larger code cache with -XX:ReservedCodeCacheSize=
#   JVM is running with Unscaled Compressed Oops mode in which the Java heap is
#     placed in the first 4GB address space. The Java Heap base address is the
#     maximum limit for the native heap growth. Please use -XX:HeapBaseMinAddress
#     to set the Java Heap base and to place the Java Heap above 4GB virtual address.
# This output file may be truncated or incomplete.
#
#  Out of Memory Error (os_windows.cpp:3469), pid=7152, tid=16944
#
# JRE version: Java(TM) SE Runtime Environment (17.0+35) (build 17+35-LTS-2724)
# Java VM: Java HotSpot(TM) 64-Bit Server VM (17+35-LTS-2724, mixed mode, sharing, tiered, compressed oops, compressed class ptrs, g1 gc, windows-amd64)
# No core dump will be written. Minidumps are not enabled by default on client versions of Windows
#

---------------  S U M M A R Y ------------

Command Line: -XX:MaxMetaspaceSize=512m --add-opens=java.base/java.util=ALL-UNNAMED --add-opens=java.base/java.lang=ALL-UNNAMED --add-opens=java.base/java.lang.invoke=ALL-UNNAMED --add-opens=java.prefs/java.util.prefs=ALL-UNNAMED --add-exports=jdk.compiler/com.sun.tools.javac.api=ALL-UNNAMED --add-exports=jdk.compiler/com.sun.tools.javac.util=ALL-UNNAMED --add-opens=java.base/java.nio.charset=ALL-UNNAMED --add-opens=java.base/java.net=ALL-UNNAMED --add-opens=java.base/java.util.concurrent.atomic=ALL-UNNAMED -Xmx2048m -Dfile.encoding=windows-1252 -Duser.country=ID -Duser.language=en -Duser.variant -javaagent:C:\Users\Joshu\.gradle\wrapper\dists\gradle-8.10.2-all\7iv73wktx1xtkvlq19urqw1wm\gradle-8.10.2\lib\agents\gradle-instrumentation-agent-8.10.2.jar org.gradle.launcher.daemon.bootstrap.GradleDaemon 8.10.2

Host: AMD Athlon Silver 7120U with Radeon Graphics   , 2 cores, 5G,  Windows 10 , 64 bit Build 22621 (10.0.22621.4391)
Time: Fri Apr 25 02:03:08 2025 Malay Peninsula Standard Time elapsed time: 33.779173 seconds (0d 0h 0m 33s)

---------------  T H R E A D  ---------------

Current thread (0x00000229dbc4c580):  VMThread "VM Thread" [stack: 0x000000a326400000,0x000000a326500000] [id=16944]

Stack: [0x000000a326400000,0x000000a326500000]
Native frames: (J=compiled Java code, j=interpreted, Vv=VM code, C=native code)
V  [jvm.dll+0x66f8ea]
V  [jvm.dll+0x7ce224]
V  [jvm.dll+0x7cf9ce]
V  [jvm.dll+0x7d0033]
V  [jvm.dll+0x242bb5]
V  [jvm.dll+0x66c909]
V  [jvm.dll+0x6613d2]
V  [jvm.dll+0x30082b]
V  [jvm.dll+0x307db6]
V  [jvm.dll+0x357a0e]
V  [jvm.dll+0x357c3f]
V  [jvm.dll+0x2d7ae8]
V  [jvm.dll+0x2dab66]
V  [jvm.dll+0x2e51a8]
V  [jvm.dll+0x318f30]
V  [jvm.dll+0x7d44cb]
V  [jvm.dll+0x7d5204]
V  [jvm.dll+0x7d571c]
V  [jvm.dll+0x7d5af4]
V  [jvm.dll+0x7d5bc0]
V  [jvm.dll+0x77e7ea]
V  [jvm.dll+0x66e715]
C  [ucrtbase.dll+0x29333]
C  [KERNEL32.DLL+0x1259d]
C  [ntdll.dll+0x5af38]

VM_Operation (0x000000a3260ff840): G1Concurrent, mode: safepoint, requested by thread 0x00000229be775d30


---------------  P R O C E S S  ---------------

Threads class SMR info:
_java_thread_list=0x00000229decb8650, length=43, elements={
0x00000229be727f10, 0x00000229dbc4e3b0, 0x00000229dbc4f220, 0x00000229dbc63290,
0x00000229dbc64510, 0x00000229dbc66ed0, 0x00000229dbc67880, 0x00000229dbc6ae30,
0x00000229dbc6dce0, 0x00000229dbcd45a0, 0x00000229dc84ce90, 0x00000229dc968530,
0x00000229de030010, 0x00000229dc9c1470, 0x00000229de060040, 0x00000229ddf8db70,
0x00000229ddf8e040, 0x00000229de210c80, 0x00000229dcb558c0, 0x00000229de0a0e40,
0x00000229de0a2180, 0x00000229de0a2ff0, 0x00000229de0a1cb0, 0x00000229de0a34c0,
0x00000229de0a2650, 0x00000229de0a3990, 0x00000229de0a1310, 0x00000229de0a3e60,
0x00000229de0a17e0, 0x00000229de0a04a0, 0x00000229e0041a30, 0x00000229e003ea10,
0x00000229e003e540, 0x00000229e003f3b0, 0x00000229e003eee0, 0x00000229e00406f0,
0x00000229debf8550, 0x00000229debf5ed0, 0x00000229debf8ef0, 0x00000229debfc8b0,
0x00000229debfa700, 0x00000229debfabd0, 0x00000229debf7bb0
}

Java Threads: ( => current thread )
  0x00000229be727f10 JavaThread "main" [_thread_blocked, id=16908, stack(0x000000a325d00000,0x000000a325e00000)]
  0x00000229dbc4e3b0 JavaThread "Reference Handler" daemon [_thread_blocked, id=7844, stack(0x000000a326500000,0x000000a326600000)]
  0x00000229dbc4f220 JavaThread "Finalizer" daemon [_thread_blocked, id=2724, stack(0x000000a326600000,0x000000a326700000)]
  0x00000229dbc63290 JavaThread "Signal Dispatcher" daemon [_thread_blocked, id=4348, stack(0x000000a326700000,0x000000a326800000)]
  0x00000229dbc64510 JavaThread "Attach Listener" daemon [_thread_blocked, id=5316, stack(0x000000a326800000,0x000000a326900000)]
  0x00000229dbc66ed0 JavaThread "Service Thread" daemon [_thread_blocked, id=9524, stack(0x000000a326900000,0x000000a326a00000)]
  0x00000229dbc67880 JavaThread "Monitor Deflation Thread" daemon [_thread_blocked, id=10116, stack(0x000000a326a00000,0x000000a326b00000)]
  0x00000229dbc6ae30 JavaThread "C2 CompilerThread0" daemon [_thread_blocked, id=11364, stack(0x000000a326b00000,0x000000a326c00000)]
  0x00000229dbc6dce0 JavaThread "C1 CompilerThread0" daemon [_thread_blocked, id=7072, stack(0x000000a326c00000,0x000000a326d00000)]
  0x00000229dbcd45a0 JavaThread "Sweeper thread" daemon [_thread_blocked, id=12920, stack(0x000000a326d00000,0x000000a326e00000)]
  0x00000229dc84ce90 JavaThread "Common-Cleaner" daemon [_thread_blocked, id=9224, stack(0x000000a326e00000,0x000000a326f00000)]
  0x00000229dc968530 JavaThread "Notification Thread" daemon [_thread_blocked, id=2700, stack(0x000000a326f00000,0x000000a327000000)]
  0x00000229de030010 JavaThread "Daemon health stats" [_thread_blocked, id=10316, stack(0x000000a327200000,0x000000a327300000)]
  0x00000229dc9c1470 JavaThread "Incoming local TCP Connector on port 52632" [_thread_in_native, id=7400, stack(0x000000a327300000,0x000000a327400000)]
  0x00000229de060040 JavaThread "Daemon periodic checks" [_thread_blocked, id=16876, stack(0x000000a327400000,0x000000a327500000)]
  0x00000229ddf8db70 JavaThread "Daemon" [_thread_blocked, id=16464, stack(0x000000a327500000,0x000000a327600000)]
  0x00000229ddf8e040 JavaThread "Handler for socket connection from /127.0.0.1:52632 to /127.0.0.1:52633" [_thread_in_native, id=15580, stack(0x000000a327600000,0x000000a327700000)]
  0x00000229de210c80 JavaThread "Cancel handler" [_thread_blocked, id=12308, stack(0x000000a327700000,0x000000a327800000)]
  0x00000229dcb558c0 JavaThread "Daemon worker" [_thread_blocked, id=15652, stack(0x000000a327800000,0x000000a327900000)]
  0x00000229de0a0e40 JavaThread "Asynchronous log dispatcher for DefaultDaemonConnection: socket connection from /127.0.0.1:52632 to /127.0.0.1:52633" [_thread_blocked, id=12612, stack(0x000000a327900000,0x000000a327a00000)]
  0x00000229de0a2180 JavaThread "Stdin handler" [_thread_blocked, id=16308, stack(0x000000a327a00000,0x000000a327b00000)]
  0x00000229de0a2ff0 JavaThread "Daemon client event forwarder" [_thread_blocked, id=14124, stack(0x000000a327b00000,0x000000a327c00000)]
  0x00000229de0a1cb0 JavaThread "Cache worker for journal cache (C:\Users\Joshu\.gradle\caches\journal-1)" [_thread_blocked, id=2756, stack(0x000000a327c00000,0x000000a327d00000)]
  0x00000229de0a34c0 JavaThread "File lock request listener" [_thread_in_native, id=14640, stack(0x000000a327d00000,0x000000a327e00000)]
  0x00000229de0a2650 JavaThread "Cache worker for file hash cache (C:\Users\Joshu\.gradle\caches\8.10.2\fileHashes)" [_thread_blocked, id=12320, stack(0x000000a327e00000,0x000000a327f00000)]
  0x00000229de0a3990 JavaThread "Cache worker for file hash cache (D:\TabungJo\android\.gradle\8.10.2\fileHashes)" [_thread_blocked, id=16804, stack(0x000000a327f00000,0x000000a328000000)]
  0x00000229de0a1310 JavaThread "Cache worker for Build Output Cleanup Cache (D:\TabungJo\android\.gradle\buildOutputCleanup)" [_thread_blocked, id=3560, stack(0x000000a328000000,0x000000a328100000)]
  0x00000229de0a3e60 JavaThread "File watcher server" daemon [_thread_blocked, id=9092, stack(0x000000a328100000,0x000000a328200000)]
  0x00000229de0a17e0 JavaThread "File watcher consumer" daemon [_thread_blocked, id=17064, stack(0x000000a328200000,0x000000a328300000)]
  0x00000229de0a04a0 JavaThread "Cache worker for checksums cache (D:\TabungJo\android\.gradle\8.10.2\checksums)" [_thread_blocked, id=16616, stack(0x000000a328300000,0x000000a328400000)]
  0x00000229e0041a30 JavaThread "Cache worker for file content cache (C:\Users\Joshu\.gradle\caches\8.10.2\fileContent)" [_thread_blocked, id=1184, stack(0x000000a328400000,0x000000a328500000)]
  0x00000229e003ea10 JavaThread "Cache worker for cache directory md-rule (C:\Users\Joshu\.gradle\caches\8.10.2\md-rule)" [_thread_blocked, id=17176, stack(0x000000a328500000,0x000000a328600000)]
  0x00000229e003e540 JavaThread "Cache worker for cache directory md-supplier (C:\Users\Joshu\.gradle\caches\8.10.2\md-supplier)" [_thread_blocked, id=16780, stack(0x000000a328600000,0x000000a328700000)]
  0x00000229e003f3b0 JavaThread "jar transforms" [_thread_blocked, id=11852, stack(0x000000a328800000,0x000000a328900000)]
  0x00000229e003eee0 JavaThread "Cache worker for Build Output Cleanup Cache (D:\TabungJo\node_modules\@react-native\gradle-plugin\.gradle\buildOutputCleanup)" [_thread_blocked, id=16656, stack(0x000000a328900000,0x000000a328a00000)]
  0x00000229e00406f0 JavaThread "Unconstrained build operations" [_thread_blocked, id=8884, stack(0x000000a328a00000,0x000000a328b00000)]
  0x00000229debf8550 JavaThread "Unconstrained build operations Thread 2" [_thread_blocked, id=8608, stack(0x000000a328b00000,0x000000a328c00000)]
  0x00000229debf5ed0 JavaThread "Unconstrained build operations Thread 3" [_thread_blocked, id=16564, stack(0x000000a328c00000,0x000000a328d00000)]
  0x00000229debf8ef0 JavaThread "Unconstrained build operations Thread 4" [_thread_blocked, id=4636, stack(0x000000a328d00000,0x000000a328e00000)]
  0x00000229debfc8b0 JavaThread "Unconstrained build operations Thread 5" [_thread_blocked, id=3048, stack(0x000000a328e00000,0x000000a328f00000)]
  0x00000229debfa700 JavaThread "Unconstrained build operations Thread 6" [_thread_blocked, id=6840, stack(0x000000a328f00000,0x000000a329000000)]
  0x00000229debfabd0 JavaThread "build event listener" [_thread_blocked, id=16476, stack(0x000000a329000000,0x000000a329100000)]
  0x00000229debf7bb0 JavaThread "Memory manager" [_thread_blocked, id=4316, stack(0x000000a329100000,0x000000a329200000)]

Other Threads:
=>0x00000229dbc4c580 VMThread "VM Thread" [stack: 0x000000a326400000,0x000000a326500000] [id=16944]
  0x00000229be728d80 WatcherThread [stack: 0x000000a327000000,0x000000a327100000] [id=17400]
  0x00000229be764df0 GCTaskThread "GC Thread#0" [stack: 0x000000a325f00000,0x000000a326000000] [id=14628]
  0x00000229dc9a1000 GCTaskThread "GC Thread#1" [stack: 0x000000a327100000,0x000000a327200000] [id=16176]
  0x00000229be775d30 ConcurrentGCThread "G1 Main Marker" [stack: 0x000000a326000000,0x000000a326100000] [id=12488]
  0x00000229be776740 ConcurrentGCThread "G1 Conc#0" [stack: 0x000000a326100000,0x000000a326200000] [id=16452]
  0x00000229be7d1760 ConcurrentGCThread "G1 Refine#0" [stack: 0x000000a326200000,0x000000a326300000] [id=17348]
  0x00000229e08b7a60 ConcurrentGCThread "G1 Refine#1" [stack: 0x000000a328700000,0x000000a328800000] [id=11492]
  0x00000229be7d2180 ConcurrentGCThread "G1 Service" [stack: 0x000000a326300000,0x000000a326400000] [id=7644]

Threads with active compile tasks:

VM state: at safepoint (normal execution)

VM Mutex/Monitor currently owned by a thread:  ([mutex/lock_event])
[0x00000229be722a00] Threads_lock - owner thread: 0x00000229dbc4c580
[0x00000229be723810] Heap_lock - owner thread: 0x00000229be775d30

Heap address: 0x0000000080000000, size: 2048 MB, Compressed Oops mode: 32-bit

CDS archive(s) mapped at: [0x0000000800000000-0x0000000800bc0000-0x0000000800bc0000), size 12320768, SharedBaseAddress: 0x0000000800000000, ArchiveRelocationMode: 0.
Compressed class space mapped at: 0x0000000800c00000-0x000000081a800000, reserved size: 432013312
Narrow klass base: 0x0000000800000000, Narrow klass shift: 0, Narrow klass range: 0x100000000

GC Precious Log:
 CPUs: 2 total, 2 available
 Memory: 5965M
 Large Page Support: Disabled
 NUMA Support: Disabled
 Compressed Oops: Enabled (32-bit)
 Heap Region Size: 1M
 Heap Min Capacity: 8M
 Heap Initial Capacity: 94M
 Heap Max Capacity: 2G
 Pre-touch: Disabled
 Parallel Workers: 2
 Concurrent Workers: 1
 Concurrent Refinement Workers: 2
 Periodic GC: Disabled

Heap:
 garbage-first heap   total 106496K, used 66106K [0x0000000080000000, 0x0000000100000000)
  region size 1024K, 7 young (7168K), 4 survivors (4096K)
 Metaspace       used 66921K, committed 67648K, reserved 487424K
  class space    used 9490K, committed 9856K, reserved 421888K

Heap Regions: E=young(eden), S=young(survivor), O=old, HS=humongous(starts), HC=humongous(continues), CS=collection set, F=free, OA=open archive, CA=closed archive, TAMS=top-at-mark-start (previous, next)
|   0|0x0000000080000000, 0x0000000080100000, 0x0000000080100000|100%| O|  |TAMS 0x0000000080100000, 0x0000000080000000| Updating 
|   1|0x0000000080100000, 0x0000000080200000, 0x0000000080200000|100%|HS|  |TAMS 0x0000000080200000, 0x0000000080100000| Complete 
|   2|0x0000000080200000, 0x0000000080300000, 0x0000000080300000|100%|HC|  |TAMS 0x0000000080300000, 0x0000000080200000| Complete 
|   3|0x0000000080300000, 0x0000000080400000, 0x0000000080400000|100%|HC|  |TAMS 0x0000000080400000, 0x0000000080300000| Complete 
|   4|0x0000000080400000, 0x0000000080500000, 0x0000000080500000|100%|HC|  |TAMS 0x0000000080500000, 0x0000000080400000| Complete 
|   5|0x0000000080500000, 0x0000000080600000, 0x0000000080600000|100%| O|  |TAMS 0x0000000080600000, 0x0000000080500000| Untracked 
|   6|0x0000000080600000, 0x0000000080700000, 0x0000000080700000|100%| O|  |TAMS 0x0000000080700000, 0x0000000080600000| Untracked 
|   7|0x0000000080700000, 0x0000000080800000, 0x0000000080800000|100%| O|  |TAMS 0x0000000080800000, 0x0000000080700000| Untracked 
|   8|0x0000000080800000, 0x0000000080900000, 0x0000000080900000|100%|HS|  |TAMS 0x0000000080900000, 0x0000000080800000| Complete 
|   9|0x0000000080900000, 0x0000000080a00000, 0x0000000080a00000|100%| O|  |TAMS 0x0000000080a00000, 0x0000000080900000| Untracked 
|  10|0x0000000080a00000, 0x0000000080b00000, 0x0000000080b00000|100%| O|  |TAMS 0x0000000080b00000, 0x0000000080a00000| Untracked 
|  11|0x0000000080b00000, 0x0000000080c00000, 0x0000000080c00000|100%| O|  |TAMS 0x0000000080c00000, 0x0000000080b00000| Untracked 
|  12|0x0000000080c00000, 0x0000000080d00000, 0x0000000080d00000|100%| O|  |TAMS 0x0000000080d00000, 0x0000000080c00000| Updating 
|  13|0x0000000080d00000, 0x0000000080e00000, 0x0000000080e00000|100%| O|  |TAMS 0x0000000080e00000, 0x0000000080d00000| Updating 
|  14|0x0000000080e00000, 0x0000000080f00000, 0x0000000080f00000|100%| O|  |TAMS 0x0000000080f00000, 0x0000000080e00000| Untracked 
|  15|0x0000000080f00000, 0x0000000081000000, 0x0000000081000000|100%| O|  |TAMS 0x0000000081000000, 0x0000000080f00000| Untracked 
|  16|0x0000000081000000, 0x0000000081100000, 0x0000000081100000|100%| O|  |TAMS 0x0000000081100000, 0x0000000081000000| Untracked 
|  17|0x0000000081100000, 0x0000000081200000, 0x0000000081200000|100%| O|  |TAMS 0x0000000081200000, 0x0000000081100000| Untracked 
|  18|0x0000000081200000, 0x0000000081300000, 0x0000000081300000|100%| O|  |TAMS 0x0000000081300000, 0x0000000081200000| Untracked 
|  19|0x0000000081300000, 0x0000000081400000, 0x0000000081400000|100%| O|  |TAMS 0x0000000081400000, 0x0000000081300000| Untracked 
|  20|0x0000000081400000, 0x0000000081500000, 0x0000000081500000|100%| O|  |TAMS 0x0000000081500000, 0x0000000081400000| Untracked 
|  21|0x0000000081500000, 0x0000000081600000, 0x0000000081600000|100%| O|  |TAMS 0x0000000081600000, 0x0000000081500000| Untracked 
|  22|0x0000000081600000, 0x0000000081700000, 0x0000000081700000|100%| O|  |TAMS 0x0000000081700000, 0x0000000081600000| Updating 
|  23|0x0000000081700000, 0x0000000081800000, 0x0000000081800000|100%| O|  |TAMS 0x0000000081800000, 0x0000000081700000| Untracked 
|  24|0x0000000081800000, 0x0000000081900000, 0x0000000081900000|100%| O|  |TAMS 0x0000000081900000, 0x0000000081800000| Untracked 
|  25|0x0000000081900000, 0x0000000081a00000, 0x0000000081a00000|100%| O|  |TAMS 0x0000000081a00000, 0x0000000081900000| Updating 
|  26|0x0000000081a00000, 0x0000000081b00000, 0x0000000081b00000|100%| O|  |TAMS 0x0000000081b00000, 0x0000000081a00000| Untracked 
|  27|0x0000000081b00000, 0x0000000081c00000, 0x0000000081c00000|100%| O|  |TAMS 0x0000000081c00000, 0x0000000081b00000| Updating 
|  28|0x0000000081c00000, 0x0000000081d00000, 0x0000000081d00000|100%| O|  |TAMS 0x0000000081d00000, 0x0000000081c00000| Untracked 
|  29|0x0000000081d00000, 0x0000000081e00000, 0x0000000081e00000|100%| O|  |TAMS 0x0000000081e00000, 0x0000000081d00000| Untracked 
|  30|0x0000000081e00000, 0x0000000081f00000, 0x0000000081f00000|100%| O|  |TAMS 0x0000000081f00000, 0x0000000081e00000| Untracked 
|  31|0x0000000081f00000, 0x0000000082000000, 0x0000000082000000|100%| O|  |TAMS 0x0000000082000000, 0x0000000081f00000| Untracked 
|  32|0x0000000082000000, 0x0000000082100000, 0x0000000082100000|100%| O|  |TAMS 0x0000000082100000, 0x0000000082000000| Untracked 
|  33|0x0000000082100000, 0x0000000082200000, 0x0000000082200000|100%| O|  |TAMS 0x0000000082200000, 0x0000000082100000| Untracked 
|  34|0x0000000082200000, 0x0000000082300000, 0x0000000082300000|100%| O|  |TAMS 0x0000000082300000, 0x0000000082200000| Untracked 
|  35|0x0000000082300000, 0x0000000082400000, 0x0000000082400000|100%| O|  |TAMS 0x0000000082400000, 0x0000000082300000| Untracked 
|  36|0x0000000082400000, 0x0000000082500000, 0x0000000082500000|100%| O|  |TAMS 0x0000000082500000, 0x0000000082400000| Untracked 
|  37|0x0000000082500000, 0x0000000082600000, 0x0000000082600000|100%| O|  |TAMS 0x0000000082600000, 0x0000000082500000| Updating 
|  38|0x0000000082600000, 0x0000000082700000, 0x0000000082700000|100%|HS|  |TAMS 0x0000000082700000, 0x0000000082600000| Complete 
|  39|0x0000000082700000, 0x0000000082800000, 0x0000000082800000|100%|HC|  |TAMS 0x0000000082800000, 0x0000000082700000| Complete 
|  40|0x0000000082800000, 0x0000000082900000, 0x0000000082900000|100%| O|  |TAMS 0x0000000082900000, 0x0000000082800000| Untracked 
|  41|0x0000000082900000, 0x0000000082a00000, 0x0000000082a00000|100%|HS|  |TAMS 0x0000000082a00000, 0x0000000082900000| Complete 
|  42|0x0000000082a00000, 0x0000000082b00000, 0x0000000082b00000|100%|HC|  |TAMS 0x0000000082b00000, 0x0000000082a00000| Complete 
|  43|0x0000000082b00000, 0x0000000082c00000, 0x0000000082c00000|100%|HC|  |TAMS 0x0000000082c00000, 0x0000000082b00000| Complete 
|  44|0x0000000082c00000, 0x0000000082d00000, 0x0000000082d00000|100%|HS|  |TAMS 0x0000000082d00000, 0x0000000082c00000| Complete 
|  45|0x0000000082d00000, 0x0000000082e00000, 0x0000000082e00000|100%|HC|  |TAMS 0x0000000082e00000, 0x0000000082d00000| Complete 
|  46|0x0000000082e00000, 0x0000000082f00000, 0x0000000082f00000|100%| O|  |TAMS 0x0000000082f00000, 0x0000000082e00000| Untracked 
|  47|0x0000000082f00000, 0x0000000083000000, 0x0000000083000000|100%| O|  |TAMS 0x0000000083000000, 0x0000000082f00000| Untracked 
|  48|0x0000000083000000, 0x0000000083100000, 0x0000000083100000|100%| O|  |TAMS 0x0000000083100000, 0x0000000083000000| Untracked 
|  49|0x0000000083100000, 0x0000000083200000, 0x0000000083200000|100%| O|  |TAMS 0x0000000083200000, 0x0000000083100000| Untracked 
|  50|0x0000000083200000, 0x0000000083300000, 0x0000000083300000|100%| O|  |TAMS 0x0000000083300000, 0x0000000083200000| Untracked 
|  51|0x0000000083300000, 0x0000000083400000, 0x0000000083400000|100%| O|  |TAMS 0x0000000083400000, 0x0000000083300000| Untracked 
|  52|0x0000000083400000, 0x0000000083500000, 0x0000000083500000|100%| O|  |TAMS 0x0000000083500000, 0x0000000083400000| Updating 
|  53|0x0000000083500000, 0x0000000083600000, 0x0000000083600000|100%| O|  |TAMS 0x0000000083600000, 0x0000000083500000| Untracked 
|  54|0x0000000083600000, 0x0000000083700000, 0x0000000083700000|100%|HS|  |TAMS 0x0000000083700000, 0x0000000083600000| Complete 
|  55|0x0000000083700000, 0x0000000083800000, 0x0000000083800000|100%|HC|  |TAMS 0x0000000083800000, 0x0000000083700000| Complete 
|  56|0x0000000083800000, 0x0000000083900000, 0x0000000083900000|100%|HC|  |TAMS 0x0000000083900000, 0x0000000083800000| Complete 
|  57|0x0000000083900000, 0x0000000083a00000, 0x0000000083a00000|100%| O|  |TAMS 0x0000000083a00000, 0x0000000083900000| Untracked 
|  58|0x0000000083a00000, 0x0000000083b00000, 0x0000000083b00000|100%| O|  |TAMS 0x0000000083a17600, 0x0000000083a00000| Untracked 
|  59|0x0000000083b00000, 0x0000000083b47000, 0x0000000083c00000| 27%| O|  |TAMS 0x0000000083b00000, 0x0000000083b00000| Updating 
|  60|0x0000000083c00000, 0x0000000083c00000, 0x0000000083d00000|  0%| F|  |TAMS 0x0000000083c00000, 0x0000000083c00000| Untracked 
|  61|0x0000000083d00000, 0x0000000083d00000, 0x0000000083e00000|  0%| F|  |TAMS 0x0000000083d00000, 0x0000000083d00000| Untracked 
|  62|0x0000000083e00000, 0x0000000083e00000, 0x0000000083f00000|  0%| F|  |TAMS 0x0000000083e00000, 0x0000000083e00000| Untracked 
|  63|0x0000000083f00000, 0x0000000083f00000, 0x0000000084000000|  0%| F|  |TAMS 0x0000000083f00000, 0x0000000083f00000| Untracked 
|  64|0x0000000084000000, 0x0000000084000000, 0x0000000084100000|  0%| F|  |TAMS 0x0000000084000000, 0x0000000084000000| Untracked 
|  65|0x0000000084100000, 0x0000000084100000, 0x0000000084200000|  0%| F|  |TAMS 0x0000000084100000, 0x0000000084100000| Untracked 
|  66|0x0000000084200000, 0x0000000084200000, 0x0000000084300000|  0%| F|  |TAMS 0x0000000084200000, 0x0000000084200000| Untracked 
|  67|0x0000000084300000, 0x0000000084300000, 0x0000000084400000|  0%| F|  |TAMS 0x0000000084300000, 0x0000000084300000| Untracked 
|  68|0x0000000084400000, 0x0000000084400000, 0x0000000084500000|  0%| F|  |TAMS 0x0000000084400000, 0x0000000084400000| Untracked 
|  69|0x0000000084500000, 0x0000000084500000, 0x0000000084600000|  0%| F|  |TAMS 0x0000000084500000, 0x0000000084500000| Untracked 
|  70|0x0000000084600000, 0x0000000084600000, 0x0000000084700000|  0%| F|  |TAMS 0x0000000084600000, 0x0000000084600000| Untracked 
|  71|0x0000000084700000, 0x0000000084747a48, 0x0000000084800000| 27%| S|CS|TAMS 0x0000000084700000, 0x0000000084700000| Complete 
|  72|0x0000000084800000, 0x0000000084900000, 0x0000000084900000|100%| S|CS|TAMS 0x0000000084800000, 0x0000000084800000| Complete 
|  73|0x0000000084900000, 0x0000000084a00000, 0x0000000084a00000|100%| S|CS|TAMS 0x0000000084900000, 0x0000000084900000| Complete 
|  74|0x0000000084a00000, 0x0000000084b00000, 0x0000000084b00000|100%| S|CS|TAMS 0x0000000084a00000, 0x0000000084a00000| Complete 
|  75|0x0000000084b00000, 0x0000000084b00000, 0x0000000084c00000|  0%| F|  |TAMS 0x0000000084b00000, 0x0000000084b00000| Untracked 
|  76|0x0000000084c00000, 0x0000000084c00000, 0x0000000084d00000|  0%| F|  |TAMS 0x0000000084c00000, 0x0000000084c00000| Untracked 
|  77|0x0000000084d00000, 0x0000000084d00000, 0x0000000084e00000|  0%| F|  |TAMS 0x0000000084d00000, 0x0000000084d00000| Untracked 
|  78|0x0000000084e00000, 0x0000000084e00000, 0x0000000084f00000|  0%| F|  |TAMS 0x0000000084e00000, 0x0000000084e00000| Untracked 
|  79|0x0000000084f00000, 0x0000000084f00000, 0x0000000085000000|  0%| F|  |TAMS 0x0000000084f00000, 0x0000000084f00000| Untracked 
|  80|0x0000000085000000, 0x0000000085000000, 0x0000000085100000|  0%| F|  |TAMS 0x0000000085000000, 0x0000000085000000| Untracked 
|  81|0x0000000085100000, 0x0000000085100000, 0x0000000085200000|  0%| F|  |TAMS 0x0000000085100000, 0x0000000085100000| Untracked 
|  82|0x0000000085200000, 0x0000000085200000, 0x0000000085300000|  0%| F|  |TAMS 0x0000000085200000, 0x0000000085200000| Untracked 
|  83|0x0000000085300000, 0x0000000085300000, 0x0000000085400000|  0%| F|  |TAMS 0x0000000085300000, 0x0000000085300000| Untracked 
|  84|0x0000000085400000, 0x0000000085400000, 0x0000000085500000|  0%| F|  |TAMS 0x0000000085400000, 0x0000000085400000| Untracked 
|  85|0x0000000085500000, 0x0000000085500000, 0x0000000085600000|  0%| F|  |TAMS 0x0000000085500000, 0x0000000085500000| Untracked 
|  86|0x0000000085600000, 0x0000000085600000, 0x0000000085700000|  0%| F|  |TAMS 0x0000000085600000, 0x0000000085600000| Untracked 
|  87|0x0000000085700000, 0x0000000085700000, 0x0000000085800000|  0%| F|  |TAMS 0x0000000085700000, 0x0000000085700000| Untracked 
|  88|0x0000000085800000, 0x0000000085800000, 0x0000000085900000|  0%| F|  |TAMS 0x0000000085800000, 0x0000000085800000| Untracked 
|  89|0x0000000085900000, 0x0000000085900000, 0x0000000085a00000|  0%| F|  |TAMS 0x0000000085900000, 0x0000000085900000| Untracked 
|  90|0x0000000085a00000, 0x0000000085a00000, 0x0000000085b00000|  0%| F|  |TAMS 0x0000000085a00000, 0x0000000085a00000| Untracked 
|  91|0x0000000085b00000, 0x0000000085b00000, 0x0000000085c00000|  0%| F|  |TAMS 0x0000000085b00000, 0x0000000085b00000| Untracked 
|  92|0x0000000085c00000, 0x0000000085c00000, 0x0000000085d00000|  0%| F|  |TAMS 0x0000000085c00000, 0x0000000085c00000| Untracked 
|  93|0x0000000085d00000, 0x0000000085d00000, 0x0000000085e00000|  0%| F|  |TAMS 0x0000000085d00000, 0x0000000085d00000| Untracked 
|  94|0x0000000085e00000, 0x0000000085e00000, 0x0000000085f00000|  0%| F|  |TAMS 0x0000000085e00000, 0x0000000085e00000| Untracked 
|  95|0x0000000085f00000, 0x0000000085f00000, 0x0000000086000000|  0%| F|  |TAMS 0x0000000085f00000, 0x0000000085f00000| Untracked 
|  96|0x0000000086000000, 0x0000000086000000, 0x0000000086100000|  0%| F|  |TAMS 0x0000000086000000, 0x0000000086000000| Untracked 
|  97|0x0000000086100000, 0x0000000086100000, 0x0000000086200000|  0%| F|  |TAMS 0x0000000086100000, 0x0000000086100000| Untracked 
|  98|0x0000000086200000, 0x0000000086200000, 0x0000000086300000|  0%| F|  |TAMS 0x0000000086200000, 0x0000000086200000| Untracked 
|  99|0x0000000086300000, 0x0000000086300000, 0x0000000086400000|  0%| F|  |TAMS 0x0000000086300000, 0x0000000086300000| Untracked 
| 100|0x0000000086400000, 0x0000000086400000, 0x0000000086500000|  0%| F|  |TAMS 0x0000000086400000, 0x0000000086400000| Untracked 
| 101|0x0000000086500000, 0x00000000865e53f8, 0x0000000086600000| 89%| E|  |TAMS 0x0000000086500000, 0x0000000086500000| Complete 
| 102|0x0000000086600000, 0x0000000086700000, 0x0000000086700000|100%| E|CS|TAMS 0x0000000086600000, 0x0000000086600000| Complete 
| 103|0x0000000086700000, 0x0000000086800000, 0x0000000086800000|100%| E|CS|TAMS 0x0000000086700000, 0x0000000086700000| Complete 

Card table byte_map: [0x00000229d5320000,0x00000229d5720000] _byte_map_base: 0x00000229d4f20000

Marking Bits (Prev, Next): (CMBitMap*) 0x00000229be765400, (CMBitMap*) 0x00000229be765440
 Prev Bits: [0x00000229d5b20000, 0x00000229d7b20000)
 Next Bits: [0x00000229d7b20000, 0x00000229d9b20000)

Polling page: 0x00000229bdef0000

Metaspace:

Usage:
  Non-class:     56.08 MB used.
      Class:      9.27 MB used.
       Both:     65.35 MB used.

Virtual space:
  Non-class space:       64.00 MB reserved,      56.44 MB ( 88%) committed,  8 nodes.
      Class space:      412.00 MB reserved,       9.62 MB (  2%) committed,  1 nodes.
             Both:      476.00 MB reserved,      66.06 MB ( 14%) committed. 

Chunk freelists:
   Non-Class:  2.92 MB
       Class:  2.41 MB
        Both:  5.33 MB

MaxMetaspaceSize: 512.00 MB
CompressedClassSpaceSize: 412.00 MB
Initial GC threshold: 21.00 MB
Current GC threshold: 105.12 MB
CDS: on
MetaspaceReclaimPolicy: balanced
 - commit_granule_bytes: 65536.
 - commit_granule_words: 8192.
 - virtual_space_node_default_size: 1048576.
 - enlarge_chunks_in_place: 1.
 - new_chunks_are_fully_committed: 0.
 - uncommit_free_chunks: 1.
 - use_allocation_guard: 0.
 - handle_deallocations: 1.


Internal statistics:

num_allocs_failed_limit: 6.
num_arena_births: 944.
num_arena_deaths: 0.
num_vsnodes_births: 9.
num_vsnodes_deaths: 0.
num_space_committed: 1057.
num_space_uncommitted: 0.
num_chunks_returned_to_freelist: 6.
num_chunks_taken_from_freelist: 3855.
num_chunk_merges: 6.
num_chunk_splits: 2474.
num_chunks_enlarged: 1544.
num_purges: 0.
num_inconsistent_stats: 0.

CodeHeap 'non-profiled nmethods': size=120064Kb used=4324Kb max_used=4324Kb free=115740Kb
 bounds [0x00000229cd9e0000, 0x00000229cde20000, 0x00000229d4f20000]
CodeHeap 'profiled nmethods': size=120000Kb used=15031Kb max_used=15031Kb free=104968Kb
 bounds [0x00000229c64b0000, 0x00000229c7360000, 0x00000229cd9e0000]
CodeHeap 'non-nmethods': size=5696Kb used=2368Kb max_used=2414Kb free=3327Kb
 bounds [0x00000229c5f20000, 0x00000229c6190000, 0x00000229c64b0000]
 total_blobs=8507 nmethods=7609 adapters=810
 compilation: enabled
              stopped_count=0, restarted_count=0
 full_count=0

Compilation events (20 events):
Event: 33.731 Thread 0x00000229dbc6dce0 8376       3       com.sun.beans.introspect.PropertyInfo::isPrefix (25 bytes)
Event: 33.731 Thread 0x00000229dbc6dce0 nmethod 8376 0x00000229c7354b10 code [0x00000229c7354ce0, 0x00000229c7355108]
Event: 33.731 Thread 0x00000229dbc6dce0 8377       3       java.beans.PropertyDescriptor::setClass0 (25 bytes)
Event: 33.732 Thread 0x00000229dbc6dce0 nmethod 8377 0x00000229c7355310 code [0x00000229c7355540, 0x00000229c7356038]
Event: 33.734 Thread 0x00000229dbc6dce0 8378       3       java.beans.FeatureDescriptor::setTransient (30 bytes)
Event: 33.734 Thread 0x00000229dbc6dce0 nmethod 8378 0x00000229c7356310 code [0x00000229c7356560, 0x00000229c7356e38]
Event: 33.734 Thread 0x00000229dbc6dce0 8379       3       java.beans.FeatureDescriptor::getReturnType (21 bytes)
Event: 33.735 Thread 0x00000229dbc6dce0 nmethod 8379 0x00000229c7357110 code [0x00000229c7357440, 0x00000229c73589c8]
Event: 33.735 Thread 0x00000229dbc6dce0 8380       3       java.beans.PropertyDescriptor::setPropertyType (9 bytes)
Event: 33.736 Thread 0x00000229dbc6dce0 nmethod 8380 0x00000229c7359110 code [0x00000229c73592e0, 0x00000229c7359688]
Event: 33.739 Thread 0x00000229dbc6dce0 8381       3       org.codehaus.groovy.runtime.metaclass.MetaMethodIndex::copyNonPrivateMethods (149 bytes)
Event: 33.740 Thread 0x00000229dbc6dce0 nmethod 8381 0x00000229c7359810 code [0x00000229c7359a80, 0x00000229c735a778]
Event: 33.740 Thread 0x00000229dbc6dce0 8382       3       groovy.lang.MetaClassImpl$1MOPIter::processFastArray (133 bytes)
Event: 33.741 Thread 0x00000229dbc6dce0 nmethod 8382 0x00000229c735ab90 code [0x00000229c735adc0, 0x00000229c735b858]
Event: 33.748 Thread 0x00000229dbc6dce0 8383       3       sun.nio.fs.WindowsPath::compareTo (118 bytes)
Event: 33.749 Thread 0x00000229dbc6dce0 nmethod 8383 0x00000229c735bc10 code [0x00000229c735bf40, 0x00000229c735d448]
Event: 33.750 Thread 0x00000229dbc6ae30 8384       4       java.lang.Class::privateGetDeclaredMethods (64 bytes)
Event: 33.763 Thread 0x00000229dbc6ae30 nmethod 8384 0x00000229cde17210 code [0x00000229cde17420, 0x00000229cde180a0]
Event: 33.766 Thread 0x00000229dbc6ae30 8385       4       java.util.stream.SpinedBuffer::accept (94 bytes)
Event: 33.769 Thread 0x00000229dbc6ae30 nmethod 8385 0x00000229cde18810 code [0x00000229cde189c0, 0x00000229cde18db8]

GC Heap History (20 events):
Event: 25.581 GC heap before
{Heap before GC invocations=20 (full 0):
 garbage-first heap   total 89088K, used 55370K [0x0000000080000000, 0x0000000100000000)
  region size 1024K, 4 young (4096K), 2 survivors (2048K)
 Metaspace       used 55932K, committed 56576K, reserved 471040K
  class space    used 7850K, committed 8192K, reserved 421888K
}
Event: 25.584 GC heap after
{Heap after GC invocations=21 (full 0):
 garbage-first heap   total 89088K, used 53657K [0x0000000080000000, 0x0000000100000000)
  region size 1024K, 1 young (1024K), 1 survivors (1024K)
 Metaspace       used 55932K, committed 56576K, reserved 471040K
  class space    used 7850K, committed 8192K, reserved 421888K
}
Event: 26.148 GC heap before
{Heap before GC invocations=21 (full 0):
 garbage-first heap   total 89088K, used 75161K [0x0000000080000000, 0x0000000100000000)
  region size 1024K, 22 young (22528K), 1 survivors (1024K)
 Metaspace       used 57450K, committed 58112K, reserved 479232K
  class space    used 8054K, committed 8384K, reserved 421888K
}
Event: 26.151 GC heap after
{Heap after GC invocations=22 (full 0):
 garbage-first heap   total 89088K, used 54381K [0x0000000080000000, 0x0000000100000000)
  region size 1024K, 2 young (2048K), 2 survivors (2048K)
 Metaspace       used 57450K, committed 58112K, reserved 479232K
  class space    used 8054K, committed 8384K, reserved 421888K
}
Event: 26.595 GC heap before
{Heap before GC invocations=23 (full 0):
 garbage-first heap   total 94208K, used 74861K [0x0000000080000000, 0x0000000100000000)
  region size 1024K, 22 young (22528K), 2 survivors (2048K)
 Metaspace       used 58829K, committed 59520K, reserved 479232K
  class space    used 8255K, committed 8576K, reserved 421888K
}
Event: 26.599 GC heap after
{Heap after GC invocations=24 (full 0):
 garbage-first heap   total 94208K, used 54817K [0x0000000080000000, 0x0000000100000000)
  region size 1024K, 2 young (2048K), 2 survivors (2048K)
 Metaspace       used 58829K, committed 59520K, reserved 479232K
  class space    used 8255K, committed 8576K, reserved 421888K
}
Event: 26.662 GC heap before
{Heap before GC invocations=24 (full 0):
 garbage-first heap   total 94208K, used 56865K [0x0000000080000000, 0x0000000100000000)
  region size 1024K, 4 young (4096K), 2 survivors (2048K)
 Metaspace       used 59002K, committed 59648K, reserved 479232K
  class space    used 8287K, committed 8576K, reserved 421888K
}
Event: 26.668 GC heap after
{Heap after GC invocations=25 (full 0):
 garbage-first heap   total 94208K, used 54443K [0x0000000080000000, 0x0000000100000000)
  region size 1024K, 1 young (1024K), 1 survivors (1024K)
 Metaspace       used 59002K, committed 59648K, reserved 479232K
  class space    used 8287K, committed 8576K, reserved 421888K
}
Event: 27.716 GC heap before
{Heap before GC invocations=25 (full 0):
 garbage-first heap   total 94208K, used 77995K [0x0000000080000000, 0x0000000100000000)
  region size 1024K, 25 young (25600K), 1 survivors (1024K)
 Metaspace       used 61110K, committed 61760K, reserved 479232K
  class space    used 8648K, committed 8960K, reserved 421888K
}
Event: 27.719 GC heap after
{Heap after GC invocations=26 (full 0):
 garbage-first heap   total 94208K, used 55190K [0x0000000080000000, 0x0000000100000000)
  region size 1024K, 2 young (2048K), 2 survivors (2048K)
 Metaspace       used 61110K, committed 61760K, reserved 479232K
  class space    used 8648K, committed 8960K, reserved 421888K
}
Event: 27.842 GC heap before
{Heap before GC invocations=27 (full 0):
 garbage-first heap   total 97280K, used 57238K [0x0000000080000000, 0x0000000100000000)
  region size 1024K, 5 young (5120K), 2 survivors (2048K)
 Metaspace       used 61273K, committed 61952K, reserved 479232K
  class space    used 8680K, committed 9024K, reserved 421888K
}
Event: 27.849 GC heap after
{Heap after GC invocations=28 (full 0):
 garbage-first heap   total 97280K, used 55406K [0x0000000080000000, 0x0000000100000000)
  region size 1024K, 2 young (2048K), 2 survivors (2048K)
 Metaspace       used 61273K, committed 61952K, reserved 479232K
  class space    used 8680K, committed 9024K, reserved 421888K
}
Event: 29.045 GC heap before
{Heap before GC invocations=29 (full 0):
 garbage-first heap   total 101376K, used 85102K [0x0000000080000000, 0x0000000100000000)
  region size 1024K, 28 young (28672K), 2 survivors (2048K)
 Metaspace       used 62582K, committed 63168K, reserved 479232K
  class space    used 8875K, committed 9152K, reserved 421888K
}
Event: 29.050 GC heap after
{Heap after GC invocations=30 (full 0):
 garbage-first heap   total 101376K, used 59587K [0x0000000080000000, 0x0000000100000000)
  region size 1024K, 3 young (3072K), 3 survivors (3072K)
 Metaspace       used 62582K, committed 63168K, reserved 479232K
  class space    used 8875K, committed 9152K, reserved 421888K
}
Event: 30.492 GC heap before
{Heap before GC invocations=30 (full 0):
 garbage-first heap   total 101376K, used 84163K [0x0000000080000000, 0x0000000100000000)
  region size 1024K, 28 young (28672K), 3 survivors (3072K)
 Metaspace       used 63813K, committed 64512K, reserved 479232K
  class space    used 9063K, committed 9408K, reserved 421888K
}
Event: 30.500 GC heap after
{Heap after GC invocations=31 (full 0):
 garbage-first heap   total 101376K, used 60840K [0x0000000080000000, 0x0000000100000000)
  region size 1024K, 3 young (3072K), 3 survivors (3072K)
 Metaspace       used 63813K, committed 64512K, reserved 479232K
  class space    used 9063K, committed 9408K, reserved 421888K
}
Event: 32.335 GC heap before
{Heap before GC invocations=32 (full 0):
 garbage-first heap   total 106496K, used 85416K [0x0000000080000000, 0x0000000100000000)
  region size 1024K, 28 young (28672K), 3 survivors (3072K)
 Metaspace       used 64916K, committed 65664K, reserved 479232K
  class space    used 9180K, committed 9536K, reserved 421888K
}
Event: 32.345 GC heap after
{Heap after GC invocations=33 (full 0):
 garbage-first heap   total 106496K, used 62977K [0x0000000080000000, 0x0000000100000000)
  region size 1024K, 4 young (4096K), 4 survivors (4096K)
 Metaspace       used 64916K, committed 65664K, reserved 479232K
  class space    used 9180K, committed 9536K, reserved 421888K
}
Event: 33.690 GC heap before
{Heap before GC invocations=33 (full 0):
 garbage-first heap   total 106496K, used 87553K [0x0000000080000000, 0x0000000100000000)
  region size 1024K, 29 young (29696K), 4 survivors (4096K)
 Metaspace       used 66888K, committed 67648K, reserved 487424K
  class space    used 9485K, committed 9856K, reserved 421888K
}
Event: 33.700 GC heap after
{Heap after GC invocations=34 (full 0):
 garbage-first heap   total 106496K, used 64058K [0x0000000080000000, 0x0000000100000000)
  region size 1024K, 4 young (4096K), 4 survivors (4096K)
 Metaspace       used 66888K, committed 67648K, reserved 487424K
  class space    used 9485K, committed 9856K, reserved 421888K
}

Deoptimization events (20 events):
Event: 32.704 Thread 0x00000229dcb558c0 Uncommon trap: trap_request=0xffffffd6 fr.pc=0x00000229cddebde8 relative=0x0000000000000a48
Event: 32.704 Thread 0x00000229dcb558c0 Uncommon trap: reason=array_check action=maybe_recompile pc=0x00000229cddebde8 method=com.google.common.collect.RegularImmutableMap.fromEntryArrayCheckingBucketOverflow(I[Ljava/util/Map$Entry;Z)Lcom/google/common/collect/ImmutableMap; @ 220 c2
Event: 32.704 Thread 0x00000229dcb558c0 DEOPT PACKING pc=0x00000229cddebde8 sp=0x000000a3278f8dd0
Event: 32.704 Thread 0x00000229dcb558c0 DEOPT UNPACKING pc=0x00000229c5f723a3 sp=0x000000a3278f8d78 mode 2
Event: 32.704 Thread 0x00000229dcb558c0 Uncommon trap: trap_request=0xffffffd6 fr.pc=0x00000229cddebde8 relative=0x0000000000000a48
Event: 32.704 Thread 0x00000229dcb558c0 Uncommon trap: reason=array_check action=maybe_recompile pc=0x00000229cddebde8 method=com.google.common.collect.RegularImmutableMap.fromEntryArrayCheckingBucketOverflow(I[Ljava/util/Map$Entry;Z)Lcom/google/common/collect/ImmutableMap; @ 220 c2
Event: 32.704 Thread 0x00000229dcb558c0 DEOPT PACKING pc=0x00000229cddebde8 sp=0x000000a3278f8ec0
Event: 32.704 Thread 0x00000229dcb558c0 DEOPT UNPACKING pc=0x00000229c5f723a3 sp=0x000000a3278f8e68 mode 2
Event: 32.720 Thread 0x00000229dcb558c0 Uncommon trap: trap_request=0xffffffdc fr.pc=0x00000229cdded5c4 relative=0x00000000000002a4
Event: 32.720 Thread 0x00000229dcb558c0 Uncommon trap: reason=class_check action=make_not_entrant pc=0x00000229cdded5c4 method=java.util.ArrayList.toArray([Ljava/lang/Object;)[Ljava/lang/Object; @ 21 c2
Event: 32.720 Thread 0x00000229dcb558c0 DEOPT PACKING pc=0x00000229cdded5c4 sp=0x000000a3278f79f0
Event: 32.720 Thread 0x00000229dcb558c0 DEOPT UNPACKING pc=0x00000229c5f723a3 sp=0x000000a3278f79c0 mode 2
Event: 33.204 Thread 0x00000229dcb558c0 Uncommon trap: trap_request=0xffffffde fr.pc=0x00000229cddceb28 relative=0x00000000000007c8
Event: 33.204 Thread 0x00000229dcb558c0 Uncommon trap: reason=class_check action=maybe_recompile pc=0x00000229cddceb28 method=com.google.common.cache.LocalCache$Segment.getLiveValue(Lcom/google/common/cache/ReferenceEntry;J)Ljava/lang/Object; @ 21 c2
Event: 33.204 Thread 0x00000229dcb558c0 DEOPT PACKING pc=0x00000229cddceb28 sp=0x000000a3278f99a0
Event: 33.204 Thread 0x00000229dcb558c0 DEOPT UNPACKING pc=0x00000229c5f723a3 sp=0x000000a3278f98d8 mode 2
Event: 33.246 Thread 0x00000229dcb558c0 Uncommon trap: trap_request=0xffffff45 fr.pc=0x00000229cda95030 relative=0x00000000000006d0
Event: 33.246 Thread 0x00000229dcb558c0 Uncommon trap: reason=unstable_if action=reinterpret pc=0x00000229cda95030 method=java.util.HashMap.putVal(ILjava/lang/Object;Ljava/lang/Object;ZZ)Ljava/lang/Object; @ 236 c2
Event: 33.246 Thread 0x00000229dcb558c0 DEOPT PACKING pc=0x00000229cda95030 sp=0x000000a3278f6940
Event: 33.246 Thread 0x00000229dcb558c0 DEOPT UNPACKING pc=0x00000229c5f723a3 sp=0x000000a3278f68c8 mode 2

Classes unloaded (0 events):
No events

Classes redefined (0 events):
No events

Internal exceptions (20 events):
Event: 28.581 Thread 0x00000229dcb558c0 Exception <a 'java/lang/ClassNotFoundException'{0x0000000084b77fe0}: org/jetbrains/kotlin/gradle/targets/js/npm/DefaultNpmDependencyExtensionCustomizer> (0x0000000084b77fe0) 
thrown [t:\workspace\open\src\hotspot\share\classfile\systemDictionary.cpp, line 256]
Event: 28.591 Thread 0x00000229dcb558c0 Exception <a 'java/lang/ClassNotFoundException'{0x0000000084a2a1a8}: org/jetbrains/kotlin/gradle/targets/js/npm/NpmDependencyExtensionKt$defaultNpmDependencyDelegate$1BeanInfo> (0x0000000084a2a1a8) 
thrown [t:\workspace\open\src\hotspot\share\classfile\systemDictionary.cpp, line 256]
Event: 28.592 Thread 0x00000229dcb558c0 Exception <a 'java/lang/ClassNotFoundException'{0x0000000084a3e9e8}: org/jetbrains/kotlin/gradle/targets/js/npm/NpmDependencyExtensionDelegateBeanInfo> (0x0000000084a3e9e8) 
thrown [t:\workspace\open\src\hotspot\share\classfile\systemDictionary.cpp, line 256]
Event: 28.595 Thread 0x00000229dcb558c0 Exception <a 'java/lang/ClassNotFoundException'{0x0000000084a53228}: org/jetbrains/kotlin/gradle/targets/js/npm/NpmDependencyExtensionDelegateCustomizer> (0x0000000084a53228) 
thrown [t:\workspace\open\src\hotspot\share\classfile\systemDictionary.cpp, line 256]
Event: 28.597 Thread 0x00000229dcb558c0 Exception <a 'java/lang/ClassNotFoundException'{0x0000000084a8ef88}: org/jetbrains/kotlin/gradle/targets/js/npm/NpmDependencyExtensionKt$defaultNpmDependencyDelegate$1Customizer> (0x0000000084a8ef88) 
thrown [t:\workspace\open\src\hotspot\share\classfile\systemDictionary.cpp, line 256]
Event: 28.601 Thread 0x00000229dcb558c0 Exception <a 'java/lang/ClassNotFoundException'{0x0000000084ae1200}: org/jetbrains/kotlin/gradle/targets/js/npm/DefaultDevNpmDependencyExtensionBeanInfo> (0x0000000084ae1200) 
thrown [t:\workspace\open\src\hotspot\share\classfile\systemDictionary.cpp, line 256]
Event: 28.601 Thread 0x00000229dcb558c0 Exception <a 'java/lang/ClassNotFoundException'{0x0000000084af5a58}: org/jetbrains/kotlin/gradle/targets/js/npm/DefaultDevNpmDependencyExtensionCustomizer> (0x0000000084af5a58) 
thrown [t:\workspace\open\src\hotspot\share\classfile\systemDictionary.cpp, line 256]
Event: 28.608 Thread 0x00000229dcb558c0 Exception <a 'java/lang/ClassNotFoundException'{0x00000000849504d0}: org/jetbrains/kotlin/gradle/targets/js/npm/DefaultPeerNpmDependencyExtensionBeanInfo> (0x00000000849504d0) 
thrown [t:\workspace\open\src\hotspot\share\classfile\systemDictionary.cpp, line 256]
Event: 28.608 Thread 0x00000229dcb558c0 Exception <a 'java/lang/ClassNotFoundException'{0x0000000084964d30}: org/jetbrains/kotlin/gradle/targets/js/npm/DefaultPeerNpmDependencyExtensionCustomizer> (0x0000000084964d30) 
thrown [t:\workspace\open\src\hotspot\share\classfile\systemDictionary.cpp, line 256]
Event: 28.752 Thread 0x00000229dcb558c0 Exception <a 'java/lang/ClassNotFoundException'{0x00000000849cc5b0}: org/jetbrains/kotlin/gradle/targets/js/npm/DefaultPeerNpmDependencyExtension$delegate$1BeanInfo> (0x00000000849cc5b0) 
thrown [t:\workspace\open\src\hotspot\share\classfile\systemDictionary.cpp, line 256]
Event: 28.801 Thread 0x00000229dcb558c0 Exception <a 'java/lang/ClassNotFoundException'{0x00000000849e0fe0}: org/jetbrains/kotlin/gradle/targets/js/npm/DefaultPeerNpmDependencyExtension$delegate$1Customizer> (0x00000000849e0fe0) 
thrown [t:\workspace\open\src\hotspot\share\classfile\systemDictionary.cpp, line 256]
Event: 32.278 Thread 0x00000229dcb558c0 Exception <a 'java/lang/NoSuchMethodError'{0x000000008503cec8}: 'void java.lang.invoke.DirectMethodHandle$Holder.invokeStatic(java.lang.Object, java.lang.Object, java.lang.Object, java.lang.Object, java.lang.Object, java.lang.Object, java.lang.Object, java.lang.Object)'> (0x000000008503cec8) 
thrown [t:\workspace\open\src\hotspot\share\interpreter\linkResolver.cpp, line 766]
Event: 33.729 Thread 0x00000229dcb558c0 Exception <a 'java/lang/ClassNotFoundException'{0x00000000867f0f78}: org/gradle/api/plugins/internal/NaggingJavaPluginConventionBeanInfo> (0x00000000867f0f78) 
thrown [t:\workspace\open\src\hotspot\share\classfile\systemDictionary.cpp, line 256]
Event: 33.730 Thread 0x00000229dcb558c0 Exception <a 'java/lang/ClassNotFoundException'{0x0000000086601eb0}: org/gradle/api/plugins/JavaPluginConventionBeanInfo> (0x0000000086601eb0) 
thrown [t:\workspace\open\src\hotspot\share\classfile\systemDictionary.cpp, line 256]
Event: 33.730 Thread 0x00000229dcb558c0 Exception <a 'java/lang/ClassNotFoundException'{0x00000000866115e8}: org/gradle/api/plugins/JavaPluginConventionCustomizer> (0x00000000866115e8) 
thrown [t:\workspace\open\src\hotspot\share\classfile\systemDictionary.cpp, line 256]
Event: 33.733 Thread 0x00000229dcb558c0 Exception <a 'java/lang/ClassNotFoundException'{0x0000000086635048}: org/gradle/api/plugins/internal/NaggingJavaPluginConventionCustomizer> (0x0000000086635048) 
thrown [t:\workspace\open\src\hotspot\share\classfile\systemDictionary.cpp, line 256]
Event: 33.742 Thread 0x00000229dcb558c0 Exception <a 'java/lang/ClassNotFoundException'{0x000000008669a8f8}: org/gradle/api/internal/plugins/NaggingBasePluginConventionBeanInfo> (0x000000008669a8f8) 
thrown [t:\workspace\open\src\hotspot\share\classfile\systemDictionary.cpp, line 256]
Event: 33.742 Thread 0x00000229dcb558c0 Exception <a 'java/lang/ClassNotFoundException'{0x00000000866ab300}: org/gradle/api/plugins/BasePluginConventionBeanInfo> (0x00000000866ab300) 
thrown [t:\workspace\open\src\hotspot\share\classfile\systemDictionary.cpp, line 256]
Event: 33.744 Thread 0x00000229dcb558c0 Exception <a 'java/lang/ClassNotFoundException'{0x00000000866baa38}: org/gradle/api/plugins/BasePluginConventionCustomizer> (0x00000000866baa38) 
thrown [t:\workspace\open\src\hotspot\share\classfile\systemDictionary.cpp, line 256]
Event: 33.745 Thread 0x00000229dcb558c0 Exception <a 'java/lang/ClassNotFoundException'{0x00000000866d47f8}: org/gradle/api/internal/plugins/NaggingBasePluginConventionCustomizer> (0x00000000866d47f8) 
thrown [t:\workspace\open\src\hotspot\share\classfile\systemDictionary.cpp, line 256]

VM Operations (20 events):
Event: 31.661 Executing VM operation: ICBufferFull done
Event: 31.671 Executing VM operation: ICBufferFull
Event: 31.671 Executing VM operation: ICBufferFull done
Event: 31.855 Executing VM operation: ICBufferFull
Event: 31.855 Executing VM operation: ICBufferFull done
Event: 31.984 Executing VM operation: ICBufferFull
Event: 31.984 Executing VM operation: ICBufferFull done
Event: 32.142 Executing VM operation: ICBufferFull
Event: 32.142 Executing VM operation: ICBufferFull done
Event: 32.335 Executing VM operation: G1CollectForAllocation
Event: 32.345 Executing VM operation: G1CollectForAllocation done
Event: 33.139 Executing VM operation: ICBufferFull
Event: 33.139 Executing VM operation: ICBufferFull done
Event: 33.252 Executing VM operation: ICBufferFull
Event: 33.252 Executing VM operation: ICBufferFull done
Event: 33.690 Executing VM operation: G1CollectForAllocation
Event: 33.702 Executing VM operation: G1CollectForAllocation done
Event: 33.746 Executing VM operation: ICBufferFull
Event: 33.747 Executing VM operation: ICBufferFull done
Event: 33.769 Executing VM operation: G1Concurrent

Events (20 events):
Event: 32.258 loading class java/lang/AbstractMethodError
Event: 32.259 loading class java/lang/AbstractMethodError done
Event: 33.407 loading class java/util/concurrent/ConcurrentSkipListMap$KeySet
Event: 33.408 loading class java/util/concurrent/ConcurrentSkipListMap$KeySet done
Event: 33.408 loading class java/util/concurrent/ConcurrentSkipListMap$KeyIterator
Event: 33.408 loading class java/util/concurrent/ConcurrentSkipListMap$KeyIterator done
Event: 33.408 loading class java/net/InetAddress$NameServiceAddresses
Event: 33.409 loading class java/net/InetAddress$Addresses
Event: 33.409 loading class java/net/InetAddress$Addresses done
Event: 33.409 loading class java/net/InetAddress$NameServiceAddresses done
Event: 33.430 loading class sun/net/InetAddressCachePolicy
Event: 33.435 loading class sun/net/InetAddressCachePolicy done
Event: 33.435 loading class sun/net/InetAddressCachePolicy$1
Event: 33.435 loading class sun/net/InetAddressCachePolicy$1 done
Event: 33.435 loading class sun/net/InetAddressCachePolicy$2
Event: 33.436 loading class sun/net/InetAddressCachePolicy$2 done
Event: 33.436 loading class java/net/InetAddress$CachedAddresses
Event: 33.436 loading class java/net/InetAddress$CachedAddresses done
Event: 33.436 loading class java/net/InetAddress$CachedLocalHost
Event: 33.436 loading class java/net/InetAddress$CachedLocalHost done


Dynamic libraries:
0x00007ff6cd990000 - 0x00007ff6cd9a0000 	C:\Program Files\Java\jdk-17\bin\java.exe
0x00007ffbe6fb0000 - 0x00007ffbe71c7000 	C:\WINDOWS\SYSTEM32\ntdll.dll
0x00007ffbe5a20000 - 0x00007ffbe5ae4000 	C:\WINDOWS\System32\KERNEL32.DLL
0x00007ffbe4350000 - 0x00007ffbe4709000 	C:\WINDOWS\System32\KERNELBASE.dll
0x00007ffbe47b0000 - 0x00007ffbe48c1000 	C:\WINDOWS\System32\ucrtbase.dll
0x00007ffbcf670000 - 0x00007ffbcf688000 	C:\Program Files\Java\jdk-17\bin\jli.dll
0x00007ffbe6770000 - 0x00007ffbe6822000 	C:\WINDOWS\System32\ADVAPI32.dll
0x00007ffbe6ec0000 - 0x00007ffbe6f67000 	C:\WINDOWS\System32\msvcrt.dll
0x00007ffbe6180000 - 0x00007ffbe6227000 	C:\WINDOWS\System32\sechost.dll
0x00007ffbe4780000 - 0x00007ffbe47a8000 	C:\WINDOWS\System32\bcrypt.dll
0x00007ffbe4ce0000 - 0x00007ffbe4df4000 	C:\WINDOWS\System32\RPCRT4.dll
0x00007ffbe4f20000 - 0x00007ffbe50ce000 	C:\WINDOWS\System32\USER32.dll
0x00007ffbe48d0000 - 0x00007ffbe48f6000 	C:\WINDOWS\System32\win32u.dll
0x00007ffbe6830000 - 0x00007ffbe6859000 	C:\WINDOWS\System32\GDI32.dll
0x00007ffbe4af0000 - 0x00007ffbe4c0b000 	C:\WINDOWS\System32\gdi32full.dll
0x00007ffbe42b0000 - 0x00007ffbe434a000 	C:\WINDOWS\System32\msvcp_win.dll
0x00007ffbcf650000 - 0x00007ffbcf66a000 	C:\Program Files\Java\jdk-17\bin\VCRUNTIME140.dll
0x00007ffbcb530000 - 0x00007ffbcb7c2000 	C:\WINDOWS\WinSxS\amd64_microsoft.windows.common-controls_6595b64144ccf1df_6.0.22621.4391_none_2715d37f73803e96\COMCTL32.dll
0x00007ffbdd2d0000 - 0x00007ffbdd2da000 	C:\WINDOWS\SYSTEM32\VERSION.dll
0x00007ffbe4ee0000 - 0x00007ffbe4f11000 	C:\WINDOWS\System32\IMM32.DLL
0x00007ffbdc0d0000 - 0x00007ffbdc0dc000 	C:\Program Files\Java\jdk-17\bin\vcruntime140_1.dll
0x00007ffbbffc0000 - 0x00007ffbc004d000 	C:\Program Files\Java\jdk-17\bin\msvcp140.dll
0x00007ffb3ce10000 - 0x00007ffb3d9ce000 	C:\Program Files\Java\jdk-17\bin\server\jvm.dll
0x00007ffbe4cd0000 - 0x00007ffbe4cd8000 	C:\WINDOWS\System32\PSAPI.DLL
0x00007ffbcd600000 - 0x00007ffbcd609000 	C:\WINDOWS\SYSTEM32\WSOCK32.dll
0x00007ffbe6100000 - 0x00007ffbe6171000 	C:\WINDOWS\System32\WS2_32.dll
0x00007ffbdb160000 - 0x00007ffbdb194000 	C:\WINDOWS\SYSTEM32\WINMM.dll
0x00007ffbe32d0000 - 0x00007ffbe32e8000 	C:\WINDOWS\SYSTEM32\kernel.appcore.dll
0x00007ffbd5060000 - 0x00007ffbd506a000 	C:\Program Files\Java\jdk-17\bin\jimage.dll
0x00007ffbe1de0000 - 0x00007ffbe2012000 	C:\WINDOWS\SYSTEM32\DBGHELP.DLL
0x00007ffbe68e0000 - 0x00007ffbe6c6f000 	C:\WINDOWS\System32\combase.dll
0x00007ffbe4e00000 - 0x00007ffbe4ed7000 	C:\WINDOWS\System32\OLEAUT32.dll
0x00007ffbc6270000 - 0x00007ffbc62a2000 	C:\WINDOWS\SYSTEM32\dbgcore.DLL
0x00007ffbe4900000 - 0x00007ffbe497b000 	C:\WINDOWS\System32\bcryptPrimitives.dll
0x00007ffbceb70000 - 0x00007ffbceb7e000 	C:\Program Files\Java\jdk-17\bin\instrument.dll
0x00007ffbcdfc0000 - 0x00007ffbcdfe5000 	C:\Program Files\Java\jdk-17\bin\java.dll
0x00007ffbbfee0000 - 0x00007ffbbffb6000 	C:\Program Files\Java\jdk-17\bin\svml.dll
0x00007ffbe5180000 - 0x00007ffbe59f6000 	C:\WINDOWS\System32\SHELL32.dll
0x00007ffbe21a0000 - 0x00007ffbe2aa3000 	C:\WINDOWS\SYSTEM32\windows.storage.dll
0x00007ffbe2060000 - 0x00007ffbe219f000 	C:\WINDOWS\SYSTEM32\wintypes.dll
0x00007ffbe5f70000 - 0x00007ffbe6069000 	C:\WINDOWS\System32\SHCORE.dll
0x00007ffbe6230000 - 0x00007ffbe628e000 	C:\WINDOWS\System32\shlwapi.dll
0x00007ffbe41e0000 - 0x00007ffbe420b000 	C:\WINDOWS\SYSTEM32\profapi.dll
0x00007ffbbfec0000 - 0x00007ffbbfed8000 	C:\Program Files\Java\jdk-17\bin\zip.dll
0x00007ffbce8d0000 - 0x00007ffbce8e9000 	C:\Program Files\Java\jdk-17\bin\net.dll
0x00007ffbdc5c0000 - 0x00007ffbdc6f6000 	C:\WINDOWS\SYSTEM32\WINHTTP.dll
0x00007ffbe3770000 - 0x00007ffbe37d9000 	C:\WINDOWS\system32\mswsock.dll
0x00007ffbc1270000 - 0x00007ffbc1285000 	C:\Program Files\Java\jdk-17\bin\nio.dll
0x00007ffbcf610000 - 0x00007ffbcf620000 	C:\Program Files\Java\jdk-17\bin\verify.dll
0x00007ffbd0fe0000 - 0x00007ffbd1007000 	C:\Users\Joshu\.gradle\native\c067742578af261105cb4f569cf0c3c89f3d7b1fecec35dd04571415982c5e48\windows-amd64\native-platform.dll
0x00007ffb991a0000 - 0x00007ffb992e4000 	C:\Users\Joshu\.gradle\native\100fb08df4bc3b14c8652ba06237920a3bd2aa13389f12d3474272988ae205f9\windows-amd64\native-platform-file-events.dll
0x00007ffbcf640000 - 0x00007ffbcf649000 	C:\Program Files\Java\jdk-17\bin\management.dll
0x00007ffbceb90000 - 0x00007ffbceb9b000 	C:\Program Files\Java\jdk-17\bin\management_ext.dll
0x00007ffbe39d0000 - 0x00007ffbe39eb000 	C:\WINDOWS\SYSTEM32\CRYPTSP.dll
0x00007ffbe3230000 - 0x00007ffbe3265000 	C:\WINDOWS\system32\rsaenh.dll
0x00007ffbe3860000 - 0x00007ffbe3888000 	C:\WINDOWS\SYSTEM32\USERENV.dll
0x00007ffbe39c0000 - 0x00007ffbe39cc000 	C:\WINDOWS\SYSTEM32\CRYPTBASE.dll
0x00007ffbe2db0000 - 0x00007ffbe2ddd000 	C:\WINDOWS\SYSTEM32\IPHLPAPI.DLL
0x00007ffbe6440000 - 0x00007ffbe6449000 	C:\WINDOWS\System32\NSI.dll
0x00007ffbdb670000 - 0x00007ffbdb689000 	C:\WINDOWS\SYSTEM32\dhcpcsvc6.DLL
0x00007ffbdb650000 - 0x00007ffbdb66f000 	C:\WINDOWS\SYSTEM32\dhcpcsvc.DLL
0x00007ffbe2de0000 - 0x00007ffbe2ee2000 	C:\WINDOWS\SYSTEM32\DNSAPI.dll
0x00007ffbcdfb0000 - 0x00007ffbcdfbe000 	C:\Program Files\Java\jdk-17\bin\sunmscapi.dll
0x00007ffbe4980000 - 0x00007ffbe4ae6000 	C:\WINDOWS\System32\CRYPT32.dll
0x00007ffbe3c70000 - 0x00007ffbe3c9d000 	C:\WINDOWS\SYSTEM32\ncrypt.dll
0x00007ffbe3c30000 - 0x00007ffbe3c67000 	C:\WINDOWS\SYSTEM32\NTASN1.dll
0x00007ffbcdf80000 - 0x00007ffbcdf88000 	C:\WINDOWS\system32\wshunix.dll
0x00007ffb96e80000 - 0x00007ffb96e97000 	C:\WINDOWS\system32\napinsp.dll
0x00007ffb96e60000 - 0x00007ffb96e7b000 	C:\WINDOWS\system32\pnrpnsp.dll
0x00007ffb96e40000 - 0x00007ffb96e51000 	C:\WINDOWS\System32\winrnr.dll
0x00007ffbd4c70000 - 0x00007ffbd4c85000 	C:\WINDOWS\system32\wshbth.dll
0x00007ffb96e10000 - 0x00007ffb96e37000 	C:\WINDOWS\system32\nlansp_c.dll
0x00000000682b0000 - 0x00000000682d6000 	C:\Program Files\Bonjour\mdnsNSP.dll
0x00007ffbd4b00000 - 0x00007ffbd4b0a000 	C:\Windows\System32\rasadhlp.dll
0x00007ffbd4b60000 - 0x00007ffbd4be3000 	C:\WINDOWS\System32\fwpuclnt.dll

dbghelp: loaded successfully - version: 4.0.5 - missing functions: none
symbol engine: initialized successfully - sym options: 0x614 - pdb path: .;C:\Program Files\Java\jdk-17\bin;C:\WINDOWS\SYSTEM32;C:\WINDOWS\WinSxS\amd64_microsoft.windows.common-controls_6595b64144ccf1df_6.0.22621.4391_none_2715d37f73803e96;C:\Program Files\Java\jdk-17\bin\server;C:\Users\Joshu\.gradle\native\c067742578af261105cb4f569cf0c3c89f3d7b1fecec35dd04571415982c5e48\windows-amd64;C:\Users\Joshu\.gradle\native\100fb08df4bc3b14c8652ba06237920a3bd2aa13389f12d3474272988ae205f9\windows-amd64;C:\Program Files\Bonjour

VM Arguments:
jvm_args: -XX:MaxMetaspaceSize=512m --add-opens=java.base/java.util=ALL-UNNAMED --add-opens=java.base/java.lang=ALL-UNNAMED --add-opens=java.base/java.lang.invoke=ALL-UNNAMED --add-opens=java.prefs/java.util.prefs=ALL-UNNAMED --add-exports=jdk.compiler/com.sun.tools.javac.api=ALL-UNNAMED --add-exports=jdk.compiler/com.sun.tools.javac.util=ALL-UNNAMED --add-opens=java.base/java.nio.charset=ALL-UNNAMED --add-opens=java.base/java.net=ALL-UNNAMED --add-opens=java.base/java.util.concurrent.atomic=ALL-UNNAMED -Xmx2048m -Dfile.encoding=windows-1252 -Duser.country=ID -Duser.language=en -Duser.variant -javaagent:C:\Users\Joshu\.gradle\wrapper\dists\gradle-8.10.2-all\7iv73wktx1xtkvlq19urqw1wm\gradle-8.10.2\lib\agents\gradle-instrumentation-agent-8.10.2.jar 
java_command: org.gradle.launcher.daemon.bootstrap.GradleDaemon 8.10.2
java_class_path (initial): C:\Users\Joshu\.gradle\wrapper\dists\gradle-8.10.2-all\7iv73wktx1xtkvlq19urqw1wm\gradle-8.10.2\lib\gradle-daemon-main-8.10.2.jar
Launcher Type: SUN_STANDARD

[Global flags]
     intx CICompilerCount                          = 2                                         {product} {ergonomic}
   size_t CompressedClassSpaceSize                 = 432013312                                 {product} {ergonomic}
     uint ConcGCThreads                            = 1                                         {product} {ergonomic}
     uint G1ConcRefinementThreads                  = 2                                         {product} {ergonomic}
   size_t G1HeapRegionSize                         = 1048576                                   {product} {ergonomic}
    uintx GCDrainStackTargetSize                   = 64                                        {product} {ergonomic}
   size_t InitialHeapSize                          = 98566144                                  {product} {ergonomic}
   size_t MarkStackSize                            = 4194304                                   {product} {ergonomic}
   size_t MaxHeapSize                              = 2147483648                                {product} {command line}
   size_t MaxMetaspaceSize                         = 536870912                                 {product} {command line}
   size_t MaxNewSize                               = 1287651328                                {product} {ergonomic}
   size_t MinHeapDeltaBytes                        = 1048576                                   {product} {ergonomic}
   size_t MinHeapSize                              = 8388608                                   {product} {ergonomic}
    uintx NonNMethodCodeHeapSize                   = 5826188                                {pd product} {ergonomic}
    uintx NonProfiledCodeHeapSize                  = 122916026                              {pd product} {ergonomic}
    uintx ProfiledCodeHeapSize                     = 122916026                              {pd product} {ergonomic}
    uintx ReservedCodeCacheSize                    = 251658240                              {pd product} {ergonomic}
     bool SegmentedCodeCache                       = true                                      {product} {ergonomic}
   size_t SoftMaxHeapSize                          = 2147483648                             {manageable} {ergonomic}
     bool UseCompressedClassPointers               = true                           {product lp64_product} {ergonomic}
     bool UseCompressedOops                        = true                           {product lp64_product} {ergonomic}
     bool UseG1GC                                  = true                                      {product} {ergonomic}
     bool UseLargePagesIndividualAllocation        = false                                  {pd product} {ergonomic}

Logging:
Log output configuration:
 #0: stdout all=warning uptime,level,tags
 #1: stderr all=off uptime,level,tags

Environment Variables:
JAVA_HOME=C:\Program Files\Java\jdk-17
CLASSPATH=D:\TabungJo\android\\gradle\wrapper\gradle-wrapper.jar
PATH=D:\TabungJo\node_modules\.bin;D:\TabungJo\node_modules\.bin;D:\node_modules\.bin;C:\Program Files\nodejs\node_modules\npm\node_modules\@npmcli\run-script\lib\node-gyp-bin;C:\Program Files\Common Files\Oracle\Java\javapath;C:\WINDOWS\system32;C:\WINDOWS;C:\WINDOWS\System32\Wbem;C:\WINDOWS\System32\WindowsPowerShell\v1.0\;C:\WINDOWS\System32\OpenSSH\;C:\Program Files\nodejs\;C:\Program Files\Java\jdk-17\bin;C:\Program Files (x86)\Microsoft SQL Server\160\Tools\Binn\;C:\Program Files\Microsoft SQL Server\160\Tools\Binn\;C:\Program Files\Microsoft SQL Server\Client SDK\ODBC\170\Tools\Binn\;C:\Program Files\Microsoft SQL Server\160\DTS\Binn\;C:\Program Files (x86)\Microsoft SQL Server\160\DTS\Binn\;D:\Git\cmd;D:\Mobile_App_Dev_LocalHost\Android\Sdk\tools;D:\Mobile_App_Dev_LocalHost\Android\Sdk\platform-tools;C:\Users\Joshu\AppData\Local\Microsoft\WindowsApps;C:\Users\Joshu\AppData\Roaming\npm;C:\Users\Joshu\AppData\Local\Android\Sdk\platform-tools;D:\Microsoft VS Code\bin;D:\Mobile_App_Dev_LocalHost\Android\Sdk\emulator;D:\Mobile_App_Dev_LocalHost\Android\Sdk\platform_tools;D:\Mobile_App_Dev_LocalHost\Android\Sdk\tools;D:\Mobile_App_Dev_LocalHost\Android\Sdk\tools\bin;C:\Program Files\Java\jdk-17\bin;D:\Mobile_App_Dev_LocalHost\Android\Sdk\cmdline-tools\latest\bin;
USERNAME=Joshu
OS=Windows_NT
PROCESSOR_IDENTIFIER=AMD64 Family 23 Model 160 Stepping 0, AuthenticAMD



---------------  S Y S T E M  ---------------

OS:
 Windows 10 , 64 bit Build 22621 (10.0.22621.4391)
OS uptime: 0 days 2:00 hours
Hyper-V role detected

CPU: total 2 (initial active 2) (2 cores per cpu, 1 threads per core) family 23 model 160 stepping 0 microcode 0x0, cx8, cmov, fxsr, mmx, 3dnowpref, sse, sse2, sse3, ssse3, sse4a, sse4.1, sse4.2, popcnt, lzcnt, tsc, tscinvbit, avx, avx2, aes, clmul, bmi1, bmi2, adx, sha, fma, vzeroupper, clflush, clflushopt, hv

Memory: 4k page, system-wide physical 5965M (479M free)
TotalPageFile size 15820M (AvailPageFile size 11M)
current process WorkingSet (physical memory assigned to process): 295M, peak: 298M
current process commit charge ("private bytes"): 324M, peak: 332M

vm_info: Java HotSpot(TM) 64-Bit Server VM (17+35-LTS-2724) for windows-amd64 JRE (17+35-LTS-2724), built on Aug  5 2021 23:28:28 by "mach5one" with MS VC++ 16.8 (VS2019)

END.
